<?xml version="1.0" encoding="UTF-8"?>
<testsuite xmlns:xsi="http://www.w3.org/2001/XMLSchema-instance" xsi:noNamespaceSchemaLocation="https://maven.apache.org/surefire/maven-surefire-plugin/xsd/surefire-test-report-3.0.xsd" version="3.0" name="TestSuite" time="265.852" tests="15" errors="0" skipped="0" failures="4">
  <properties>
    <property name="java.specification.version" value="14"/>
    <property name="webdriver.chrome.driver" value="../Generic/BrowsersDriver/mac/chromedriver"/>
    <property name="sun.jnu.encoding" value="UTF-8"/>
    <property name="java.class.path" value="/Users/ramdaneameur/IdeaProjects/general_Automation_Framework/Ebay/target/test-classes:/Users/ramdaneameur/IdeaProjects/general_Automation_Framework/Ebay/target/classes:/Users/ramdaneameur/IdeaProjects/general_Automation_Framework/Generic/target/classes:/Users/ramdaneameur/.m2/repository/org/seleniumhq/selenium/selenium-java/3.141.59/selenium-java-3.141.59.jar:/Users/ramdaneameur/.m2/repository/org/seleniumhq/selenium/selenium-api/3.141.59/selenium-api-3.141.59.jar:/Users/ramdaneameur/.m2/repository/org/seleniumhq/selenium/selenium-chrome-driver/3.141.59/selenium-chrome-driver-3.141.59.jar:/Users/ramdaneameur/.m2/repository/org/seleniumhq/selenium/selenium-edge-driver/3.141.59/selenium-edge-driver-3.141.59.jar:/Users/ramdaneameur/.m2/repository/org/seleniumhq/selenium/selenium-firefox-driver/3.141.59/selenium-firefox-driver-3.141.59.jar:/Users/ramdaneameur/.m2/repository/org/seleniumhq/selenium/selenium-ie-driver/3.141.59/selenium-ie-driver-3.141.59.jar:/Users/ramdaneameur/.m2/repository/org/seleniumhq/selenium/selenium-opera-driver/3.141.59/selenium-opera-driver-3.141.59.jar:/Users/ramdaneameur/.m2/repository/org/seleniumhq/selenium/selenium-remote-driver/3.141.59/selenium-remote-driver-3.141.59.jar:/Users/ramdaneameur/.m2/repository/org/seleniumhq/selenium/selenium-safari-driver/3.141.59/selenium-safari-driver-3.141.59.jar:/Users/ramdaneameur/.m2/repository/org/seleniumhq/selenium/selenium-support/3.141.59/selenium-support-3.141.59.jar:/Users/ramdaneameur/.m2/repository/net/bytebuddy/byte-buddy/1.8.15/byte-buddy-1.8.15.jar:/Users/ramdaneameur/.m2/repository/org/apache/commons/commons-exec/1.3/commons-exec-1.3.jar:/Users/ramdaneameur/.m2/repository/com/google/guava/guava/25.0-jre/guava-25.0-jre.jar:/Users/ramdaneameur/.m2/repository/com/google/code/findbugs/jsr305/1.3.9/jsr305-1.3.9.jar:/Users/ramdaneameur/.m2/repository/org/checkerframework/checker-compat-qual/2.0.0/checker-compat-qual-2.0.0.jar:/Users/ramdaneameur/.m2/repository/com/google/errorprone/error_prone_annotations/2.1.3/error_prone_annotations-2.1.3.jar:/Users/ramdaneameur/.m2/repository/com/google/j2objc/j2objc-annotations/1.1/j2objc-annotations-1.1.jar:/Users/ramdaneameur/.m2/repository/org/codehaus/mojo/animal-sniffer-annotations/1.14/animal-sniffer-annotations-1.14.jar:/Users/ramdaneameur/.m2/repository/com/squareup/okhttp3/okhttp/3.11.0/okhttp-3.11.0.jar:/Users/ramdaneameur/.m2/repository/com/squareup/okio/okio/1.14.0/okio-1.14.0.jar:/Users/ramdaneameur/.m2/repository/org/seleniumhq/selenium/selenium-server/3.141.59/selenium-server-3.141.59.jar:/Users/ramdaneameur/.m2/repository/com/beust/jcommander/1.72/jcommander-1.72.jar:/Users/ramdaneameur/.m2/repository/net/jcip/jcip-annotations/1.0/jcip-annotations-1.0.jar:/Users/ramdaneameur/.m2/repository/org/seleniumhq/selenium/jetty-repacked/9.4.12.v20180830/jetty-repacked-9.4.12.v20180830.jar:/Users/ramdaneameur/.m2/repository/javax/servlet/javax.servlet-api/3.1.0/javax.servlet-api-3.1.0.jar:/Users/ramdaneameur/.m2/repository/org/yaml/snakeyaml/1.19/snakeyaml-1.19.jar:/Users/ramdaneameur/.m2/repository/org/testng/testng/7.1.0/testng-7.1.0.jar:/Users/ramdaneameur/.m2/repository/com/google/inject/guice/4.1.0/guice-4.1.0-no_aop.jar:/Users/ramdaneameur/.m2/repository/javax/inject/javax.inject/1/javax.inject-1.jar:/Users/ramdaneameur/.m2/repository/aopalliance/aopalliance/1.0/aopalliance-1.0.jar:/Users/ramdaneameur/.m2/repository/io/github/bonigarcia/webdrivermanager/4.2.0/webdrivermanager-4.2.0.jar:/Users/ramdaneameur/.m2/repository/org/slf4j/slf4j-api/1.7.30/slf4j-api-1.7.30.jar:/Users/ramdaneameur/.m2/repository/com/google/code/gson/gson/2.8.6/gson-2.8.6.jar:/Users/ramdaneameur/.m2/repository/org/apache/httpcomponents/client5/httpclient5/5.0.1/httpclient5-5.0.1.jar:/Users/ramdaneameur/.m2/repository/org/apache/httpcomponents/core5/httpcore5/5.0.1/httpcore5-5.0.1.jar:/Users/ramdaneameur/.m2/repository/org/apache/httpcomponents/core5/httpcore5-h2/5.0.1/httpcore5-h2-5.0.1.jar:/Users/ramdaneameur/.m2/repository/org/rauschig/jarchivelib/1.0.0/jarchivelib-1.0.0.jar:/Users/ramdaneameur/.m2/repository/org/jsoup/jsoup/1.13.1/jsoup-1.13.1.jar:/Users/ramdaneameur/.m2/repository/org/mongodb/mongo-java-driver/3.12.7/mongo-java-driver-3.12.7.jar:/Users/ramdaneameur/.m2/repository/mysql/mysql-connector-java/8.0.21/mysql-connector-java-8.0.21.jar:/Users/ramdaneameur/.m2/repository/com/google/protobuf/protobuf-java/3.11.4/protobuf-java-3.11.4.jar:/Users/ramdaneameur/.m2/repository/org/apache/poi/poi/4.1.2/poi-4.1.2.jar:/Users/ramdaneameur/.m2/repository/commons-codec/commons-codec/1.13/commons-codec-1.13.jar:/Users/ramdaneameur/.m2/repository/org/apache/commons/commons-collections4/4.4/commons-collections4-4.4.jar:/Users/ramdaneameur/.m2/repository/org/apache/commons/commons-math3/3.6.1/commons-math3-3.6.1.jar:/Users/ramdaneameur/.m2/repository/com/zaxxer/SparseBitSet/1.2/SparseBitSet-1.2.jar:/Users/ramdaneameur/.m2/repository/org/apache/poi/poi-ooxml/4.1.2/poi-ooxml-4.1.2.jar:/Users/ramdaneameur/.m2/repository/org/apache/poi/poi-ooxml-schemas/4.1.2/poi-ooxml-schemas-4.1.2.jar:/Users/ramdaneameur/.m2/repository/org/apache/xmlbeans/xmlbeans/3.1.0/xmlbeans-3.1.0.jar:/Users/ramdaneameur/.m2/repository/org/apache/commons/commons-compress/1.19/commons-compress-1.19.jar:/Users/ramdaneameur/.m2/repository/com/github/virtuald/curvesapi/1.06/curvesapi-1.06.jar:/Users/ramdaneameur/.m2/repository/com/aventstack/extentreports/5.0.3/extentreports-5.0.3.jar:/Users/ramdaneameur/.m2/repository/io/reactivex/rxjava3/rxjava/3.0.4/rxjava-3.0.4.jar:/Users/ramdaneameur/.m2/repository/org/reactivestreams/reactive-streams/1.0.3/reactive-streams-1.0.3.jar:/Users/ramdaneameur/.m2/repository/org/freemarker/freemarker/2.3.30/freemarker-2.3.30.jar:/Users/ramdaneameur/.m2/repository/org/projectlombok/lombok/1.18.12/lombok-1.18.12.jar:/Users/ramdaneameur/.m2/repository/com/relevantcodes/extentreports/2.41.2/extentreports-2.41.2.jar:/Users/ramdaneameur/.m2/repository/org/xerial/sqlite-jdbc/3.8.11.1/sqlite-jdbc-3.8.11.1.jar:/Users/ramdaneameur/.m2/repository/org/mongodb/mongodb-driver/3.0.4/mongodb-driver-3.0.4.jar:/Users/ramdaneameur/.m2/repository/org/mongodb/bson/3.0.4/bson-3.0.4.jar:/Users/ramdaneameur/.m2/repository/org/mongodb/mongodb-driver-core/3.0.4/mongodb-driver-core-3.0.4.jar:/Users/ramdaneameur/.m2/repository/org/apache/commons/commons-lang3/3.11/commons-lang3-3.11.jar:/Users/ramdaneameur/.m2/repository/commons-io/commons-io/2.7/commons-io-2.7.jar:"/>
    <property name="java.vm.vendor" value="Oracle Corporation"/>
    <property name="sun.arch.data.model" value="64"/>
    <property name="java.vendor.url" value="https://openjdk.java.net/"/>
    <property name="user.timezone" value="America/New_York"/>
    <property name="os.name" value="Mac OS X"/>
    <property name="java.vm.specification.version" value="14"/>
    <property name="sun.java.launcher" value="SUN_STANDARD"/>
    <property name="user.country" value="US"/>
    <property name="sun.boot.library.path" value="/usr/local/Cellar/openjdk/14.0.1/libexec/openjdk.jdk/Contents/Home/lib"/>
    <property name="sun.java.command" value="/Users/ramdaneameur/IdeaProjects/general_Automation_Framework/Ebay/target/surefire/surefirebooter6801719993779024584.jar /Users/ramdaneameur/IdeaProjects/general_Automation_Framework/Ebay/target/surefire 2020-09-02T23-10-07_349-jvmRun1 surefire4575652736545243275tmp surefire_19873015754053168257tmp"/>
    <property name="http.nonProxyHosts" value="local|*.local|169.254/16|*.169.254/16"/>
    <property name="jdk.debug" value="release"/>
    <property name="surefire.test.class.path" value="/Users/ramdaneameur/IdeaProjects/general_Automation_Framework/Ebay/target/test-classes:/Users/ramdaneameur/IdeaProjects/general_Automation_Framework/Ebay/target/classes:/Users/ramdaneameur/IdeaProjects/general_Automation_Framework/Generic/target/classes:/Users/ramdaneameur/.m2/repository/org/seleniumhq/selenium/selenium-java/3.141.59/selenium-java-3.141.59.jar:/Users/ramdaneameur/.m2/repository/org/seleniumhq/selenium/selenium-api/3.141.59/selenium-api-3.141.59.jar:/Users/ramdaneameur/.m2/repository/org/seleniumhq/selenium/selenium-chrome-driver/3.141.59/selenium-chrome-driver-3.141.59.jar:/Users/ramdaneameur/.m2/repository/org/seleniumhq/selenium/selenium-edge-driver/3.141.59/selenium-edge-driver-3.141.59.jar:/Users/ramdaneameur/.m2/repository/org/seleniumhq/selenium/selenium-firefox-driver/3.141.59/selenium-firefox-driver-3.141.59.jar:/Users/ramdaneameur/.m2/repository/org/seleniumhq/selenium/selenium-ie-driver/3.141.59/selenium-ie-driver-3.141.59.jar:/Users/ramdaneameur/.m2/repository/org/seleniumhq/selenium/selenium-opera-driver/3.141.59/selenium-opera-driver-3.141.59.jar:/Users/ramdaneameur/.m2/repository/org/seleniumhq/selenium/selenium-remote-driver/3.141.59/selenium-remote-driver-3.141.59.jar:/Users/ramdaneameur/.m2/repository/org/seleniumhq/selenium/selenium-safari-driver/3.141.59/selenium-safari-driver-3.141.59.jar:/Users/ramdaneameur/.m2/repository/org/seleniumhq/selenium/selenium-support/3.141.59/selenium-support-3.141.59.jar:/Users/ramdaneameur/.m2/repository/net/bytebuddy/byte-buddy/1.8.15/byte-buddy-1.8.15.jar:/Users/ramdaneameur/.m2/repository/org/apache/commons/commons-exec/1.3/commons-exec-1.3.jar:/Users/ramdaneameur/.m2/repository/com/google/guava/guava/25.0-jre/guava-25.0-jre.jar:/Users/ramdaneameur/.m2/repository/com/google/code/findbugs/jsr305/1.3.9/jsr305-1.3.9.jar:/Users/ramdaneameur/.m2/repository/org/checkerframework/checker-compat-qual/2.0.0/checker-compat-qual-2.0.0.jar:/Users/ramdaneameur/.m2/repository/com/google/errorprone/error_prone_annotations/2.1.3/error_prone_annotations-2.1.3.jar:/Users/ramdaneameur/.m2/repository/com/google/j2objc/j2objc-annotations/1.1/j2objc-annotations-1.1.jar:/Users/ramdaneameur/.m2/repository/org/codehaus/mojo/animal-sniffer-annotations/1.14/animal-sniffer-annotations-1.14.jar:/Users/ramdaneameur/.m2/repository/com/squareup/okhttp3/okhttp/3.11.0/okhttp-3.11.0.jar:/Users/ramdaneameur/.m2/repository/com/squareup/okio/okio/1.14.0/okio-1.14.0.jar:/Users/ramdaneameur/.m2/repository/org/seleniumhq/selenium/selenium-server/3.141.59/selenium-server-3.141.59.jar:/Users/ramdaneameur/.m2/repository/com/beust/jcommander/1.72/jcommander-1.72.jar:/Users/ramdaneameur/.m2/repository/net/jcip/jcip-annotations/1.0/jcip-annotations-1.0.jar:/Users/ramdaneameur/.m2/repository/org/seleniumhq/selenium/jetty-repacked/9.4.12.v20180830/jetty-repacked-9.4.12.v20180830.jar:/Users/ramdaneameur/.m2/repository/javax/servlet/javax.servlet-api/3.1.0/javax.servlet-api-3.1.0.jar:/Users/ramdaneameur/.m2/repository/org/yaml/snakeyaml/1.19/snakeyaml-1.19.jar:/Users/ramdaneameur/.m2/repository/org/testng/testng/7.1.0/testng-7.1.0.jar:/Users/ramdaneameur/.m2/repository/com/google/inject/guice/4.1.0/guice-4.1.0-no_aop.jar:/Users/ramdaneameur/.m2/repository/javax/inject/javax.inject/1/javax.inject-1.jar:/Users/ramdaneameur/.m2/repository/aopalliance/aopalliance/1.0/aopalliance-1.0.jar:/Users/ramdaneameur/.m2/repository/io/github/bonigarcia/webdrivermanager/4.2.0/webdrivermanager-4.2.0.jar:/Users/ramdaneameur/.m2/repository/org/slf4j/slf4j-api/1.7.30/slf4j-api-1.7.30.jar:/Users/ramdaneameur/.m2/repository/com/google/code/gson/gson/2.8.6/gson-2.8.6.jar:/Users/ramdaneameur/.m2/repository/org/apache/httpcomponents/client5/httpclient5/5.0.1/httpclient5-5.0.1.jar:/Users/ramdaneameur/.m2/repository/org/apache/httpcomponents/core5/httpcore5/5.0.1/httpcore5-5.0.1.jar:/Users/ramdaneameur/.m2/repository/org/apache/httpcomponents/core5/httpcore5-h2/5.0.1/httpcore5-h2-5.0.1.jar:/Users/ramdaneameur/.m2/repository/org/rauschig/jarchivelib/1.0.0/jarchivelib-1.0.0.jar:/Users/ramdaneameur/.m2/repository/org/jsoup/jsoup/1.13.1/jsoup-1.13.1.jar:/Users/ramdaneameur/.m2/repository/org/mongodb/mongo-java-driver/3.12.7/mongo-java-driver-3.12.7.jar:/Users/ramdaneameur/.m2/repository/mysql/mysql-connector-java/8.0.21/mysql-connector-java-8.0.21.jar:/Users/ramdaneameur/.m2/repository/com/google/protobuf/protobuf-java/3.11.4/protobuf-java-3.11.4.jar:/Users/ramdaneameur/.m2/repository/org/apache/poi/poi/4.1.2/poi-4.1.2.jar:/Users/ramdaneameur/.m2/repository/commons-codec/commons-codec/1.13/commons-codec-1.13.jar:/Users/ramdaneameur/.m2/repository/org/apache/commons/commons-collections4/4.4/commons-collections4-4.4.jar:/Users/ramdaneameur/.m2/repository/org/apache/commons/commons-math3/3.6.1/commons-math3-3.6.1.jar:/Users/ramdaneameur/.m2/repository/com/zaxxer/SparseBitSet/1.2/SparseBitSet-1.2.jar:/Users/ramdaneameur/.m2/repository/org/apache/poi/poi-ooxml/4.1.2/poi-ooxml-4.1.2.jar:/Users/ramdaneameur/.m2/repository/org/apache/poi/poi-ooxml-schemas/4.1.2/poi-ooxml-schemas-4.1.2.jar:/Users/ramdaneameur/.m2/repository/org/apache/xmlbeans/xmlbeans/3.1.0/xmlbeans-3.1.0.jar:/Users/ramdaneameur/.m2/repository/org/apache/commons/commons-compress/1.19/commons-compress-1.19.jar:/Users/ramdaneameur/.m2/repository/com/github/virtuald/curvesapi/1.06/curvesapi-1.06.jar:/Users/ramdaneameur/.m2/repository/com/aventstack/extentreports/5.0.3/extentreports-5.0.3.jar:/Users/ramdaneameur/.m2/repository/io/reactivex/rxjava3/rxjava/3.0.4/rxjava-3.0.4.jar:/Users/ramdaneameur/.m2/repository/org/reactivestreams/reactive-streams/1.0.3/reactive-streams-1.0.3.jar:/Users/ramdaneameur/.m2/repository/org/freemarker/freemarker/2.3.30/freemarker-2.3.30.jar:/Users/ramdaneameur/.m2/repository/org/projectlombok/lombok/1.18.12/lombok-1.18.12.jar:/Users/ramdaneameur/.m2/repository/com/relevantcodes/extentreports/2.41.2/extentreports-2.41.2.jar:/Users/ramdaneameur/.m2/repository/org/xerial/sqlite-jdbc/3.8.11.1/sqlite-jdbc-3.8.11.1.jar:/Users/ramdaneameur/.m2/repository/org/mongodb/mongodb-driver/3.0.4/mongodb-driver-3.0.4.jar:/Users/ramdaneameur/.m2/repository/org/mongodb/bson/3.0.4/bson-3.0.4.jar:/Users/ramdaneameur/.m2/repository/org/mongodb/mongodb-driver-core/3.0.4/mongodb-driver-core-3.0.4.jar:/Users/ramdaneameur/.m2/repository/org/apache/commons/commons-lang3/3.11/commons-lang3-3.11.jar:/Users/ramdaneameur/.m2/repository/commons-io/commons-io/2.7/commons-io-2.7.jar:"/>
    <property name="sun.cpu.endian" value="little"/>
    <property name="user.home" value="/Users/ramdaneameur"/>
    <property name="user.language" value="en"/>
    <property name="java.specification.vendor" value="Oracle Corporation"/>
    <property name="java.version.date" value="2020-04-14"/>
    <property name="java.home" value="/usr/local/Cellar/openjdk/14.0.1/libexec/openjdk.jdk/Contents/Home"/>
    <property name="file.separator" value="/"/>
    <property name="basedir" value="/Users/ramdaneameur/IdeaProjects/general_Automation_Framework/Ebay"/>
    <property name="java.vm.compressedOopsMode" value="Zero based"/>
    <property name="line.separator" value="&#10;"/>
    <property name="java.specification.name" value="Java Platform API Specification"/>
    <property name="java.vm.specification.vendor" value="Oracle Corporation"/>
    <property name="surefire.real.class.path" value="/Users/ramdaneameur/IdeaProjects/general_Automation_Framework/Ebay/target/surefire/surefirebooter6801719993779024584.jar"/>
    <property name="sun.management.compiler" value="HotSpot 64-Bit Tiered Compilers"/>
    <property name="ftp.nonProxyHosts" value="local|*.local|169.254/16|*.169.254/16"/>
    <property name="java.runtime.version" value="14.0.1+14"/>
    <property name="user.name" value="ramdaneameur"/>
    <property name="path.separator" value=":"/>
    <property name="os.version" value="10.15.6"/>
    <property name="java.runtime.name" value="OpenJDK Runtime Environment"/>
    <property name="file.encoding" value="UTF-8"/>
    <property name="java.vm.name" value="OpenJDK 64-Bit Server VM"/>
    <property name="localRepository" value="/Users/ramdaneameur/.m2/repository"/>
    <property name="java.vendor.url.bug" value="https://bugreport.java.com/bugreport/"/>
    <property name="java.io.tmpdir" value="/var/folders/wz/dgqm41w90yg9415sz6t55kq80000gn/T/"/>
    <property name="java.version" value="14.0.1"/>
    <property name="user.dir" value="/Users/ramdaneameur/IdeaProjects/general_Automation_Framework/Ebay"/>
    <property name="os.arch" value="x86_64"/>
    <property name="java.vm.specification.name" value="Java Virtual Machine Specification"/>
    <property name="java.library.path" value="/Users/ramdaneameur/Library/Java/Extensions:/Library/Java/Extensions:/Network/Library/Java/Extensions:/System/Library/Java/Extensions:/usr/lib/java:."/>
    <property name="java.vm.info" value="mixed mode, sharing"/>
    <property name="java.vendor" value="N/A"/>
    <property name="java.vm.version" value="14.0.1+14"/>
    <property name="sun.io.unicode.encoding" value="UnicodeBig"/>
    <property name="socksNonProxyHosts" value="local|*.local|169.254/16|*.169.254/16"/>
    <property name="java.class.version" value="58.0"/>
  </properties>
  <testcase name="setLogoSignTest" classname="homeTest.HomeClassTest" time="2.754">
    <system-out><![CDATA[Extent Report Directory/Users/ramdaneameur/IdeaProjects/general_Automation_Framework/Ebay/target/surefire-reports/html
HomeClassTest: set Logo Sign Test
]]></system-out>
    <system-err><![CDATA[Starting ChromeDriver 85.0.4183.87 (cd6713ebf92fa1cacc0f1a598df280093af0c5d7-refs/branch-heads/4183@{#1689}) on port 11853
Only local connections are allowed.
Please see https://chromedriver.chromium.org/security-considerations for suggestions on keeping ChromeDriver safe.
ChromeDriver was started successfully.
Sep 02, 2020 11:10:10 PM org.openqa.selenium.remote.ProtocolHandshake createSession
INFO: Detected dialect: W3C
]]></system-err>
  </testcase>
  <testcase name="setLogoSignValidationTest" classname="homeTest.HomeClassTest" time="5.841">
    <system-out><![CDATA[HomeClassTest: set Logo Sign Validation Test
HomeClassTest: set Logo Sign Test
]]></system-out>
    <system-err><![CDATA[Starting ChromeDriver 85.0.4183.87 (cd6713ebf92fa1cacc0f1a598df280093af0c5d7-refs/branch-heads/4183@{#1689}) on port 14600
Only local connections are allowed.
Please see https://chromedriver.chromium.org/security-considerations for suggestions on keeping ChromeDriver safe.
ChromeDriver was started successfully.
Sep 02, 2020 11:10:16 PM org.openqa.selenium.remote.ProtocolHandshake createSession
INFO: Detected dialect: W3C
]]></system-err>
  </testcase>
  <testcase name="setBoatTest" classname="homeTest.MotorsClassTest" time="7.344">
    <system-out><![CDATA[MotorsClassTest: set Boat Test
]]></system-out>
    <system-err><![CDATA[Starting ChromeDriver 85.0.4183.87 (cd6713ebf92fa1cacc0f1a598df280093af0c5d7-refs/branch-heads/4183@{#1689}) on port 8368
Only local connections are allowed.
Please see https://chromedriver.chromium.org/security-considerations for suggestions on keeping ChromeDriver safe.
ChromeDriver was started successfully.
Sep 02, 2020 11:10:24 PM org.openqa.selenium.remote.ProtocolHandshake createSession
INFO: Detected dialect: W3C
]]></system-err>
  </testcase>
  <testcase name="setBoatVerificationTest" classname="homeTest.MotorsClassTest" time="7.344">
    <system-out><![CDATA[MotorsClassTest: set Boat Verification Test
MotorsClassTest: set Boat Test
]]></system-out>
    <system-err><![CDATA[Starting ChromeDriver 85.0.4183.87 (cd6713ebf92fa1cacc0f1a598df280093af0c5d7-refs/branch-heads/4183@{#1689}) on port 16450
Only local connections are allowed.
Please see https://chromedriver.chromium.org/security-considerations for suggestions on keeping ChromeDriver safe.
ChromeDriver was started successfully.
Sep 02, 2020 11:10:33 PM org.openqa.selenium.remote.ProtocolHandshake createSession
INFO: Detected dialect: W3C
]]></system-err>
  </testcase>
  <testcase name="setClassicTest" classname="homeTest.MotorsClassTest" time="6.922">
    <system-out><![CDATA[MotorsClassTest: set Classic Test
]]></system-out>
    <system-err><![CDATA[Starting ChromeDriver 85.0.4183.87 (cd6713ebf92fa1cacc0f1a598df280093af0c5d7-refs/branch-heads/4183@{#1689}) on port 44843
Only local connections are allowed.
Please see https://chromedriver.chromium.org/security-considerations for suggestions on keeping ChromeDriver safe.
ChromeDriver was started successfully.
Sep 02, 2020 11:10:43 PM org.openqa.selenium.remote.ProtocolHandshake createSession
INFO: Detected dialect: W3C
]]></system-err>
  </testcase>
  <testcase name="setClassicVerificationTest" classname="homeTest.MotorsClassTest" time="6.979">
    <system-out><![CDATA[MotorsClassTest: set Classic Verification Test
MotorsClassTest: set Classic Test
]]></system-out>
    <system-err><![CDATA[Starting ChromeDriver 85.0.4183.87 (cd6713ebf92fa1cacc0f1a598df280093af0c5d7-refs/branch-heads/4183@{#1689}) on port 16048
Only local connections are allowed.
Please see https://chromedriver.chromium.org/security-considerations for suggestions on keeping ChromeDriver safe.
ChromeDriver was started successfully.
Sep 02, 2020 11:10:52 PM org.openqa.selenium.remote.ProtocolHandshake createSession
INFO: Detected dialect: W3C
]]></system-err>
  </testcase>
  <testcase name="setMotorCycleVerificationTest" classname="homeTest.MotorsClassTest" time="7.376">
    <system-out><![CDATA[MotorsClassTest: set Motor Cycle Verification Test
MotorsClassTest: set Motor Cycles Test
]]></system-out>
    <system-err><![CDATA[Starting ChromeDriver 85.0.4183.87 (cd6713ebf92fa1cacc0f1a598df280093af0c5d7-refs/branch-heads/4183@{#1689}) on port 37977
Only local connections are allowed.
Please see https://chromedriver.chromium.org/security-considerations for suggestions on keeping ChromeDriver safe.
ChromeDriver was started successfully.
Sep 02, 2020 11:11:01 PM org.openqa.selenium.remote.ProtocolHandshake createSession
INFO: Detected dialect: W3C
]]></system-err>
  </testcase>
  <testcase name="setMotorCyclesTest" classname="homeTest.MotorsClassTest" time="7.829">
    <system-out><![CDATA[MotorsClassTest: set Motor Cycles Test
]]></system-out>
    <system-err><![CDATA[Starting ChromeDriver 85.0.4183.87 (cd6713ebf92fa1cacc0f1a598df280093af0c5d7-refs/branch-heads/4183@{#1689}) on port 43872
Only local connections are allowed.
Please see https://chromedriver.chromium.org/security-considerations for suggestions on keeping ChromeDriver safe.
ChromeDriver was started successfully.
Sep 02, 2020 11:11:11 PM org.openqa.selenium.remote.ProtocolHandshake createSession
INFO: Detected dialect: W3C
]]></system-err>
  </testcase>
  <testcase name="setDragAndDropsTest" classname="regressionTest.DragAndDropClassTest" time="10.053">
    <failure message="java.lang.reflect.InvocationTargetException&#10;Build info: version: &apos;3.141.59&apos;, revision: &apos;e82be7d358&apos;, time: &apos;2018-11-14T08:17:03&apos;&#10;System info: host: &apos;MacBook-Pro-2.home&apos;, ip: &apos;fd4b:8d38:69ba:1:d141:bba4:860f:aef5%en0&apos;, os.name: &apos;Mac OS X&apos;, os.arch: &apos;x86_64&apos;, os.version: &apos;10.15.6&apos;, java.version: &apos;14.0.1&apos;&#10;Driver info: driver.version: RemoteWebDriver" type="org.openqa.selenium.json.JsonException"><![CDATA[org.openqa.selenium.json.JsonException: 
java.lang.reflect.InvocationTargetException
Build info: version: '3.141.59', revision: 'e82be7d358', time: '2018-11-14T08:17:03'
System info: host: 'MacBook-Pro-2.home', ip: 'fd4b:8d38:69ba:1:d141:bba4:860f:aef5%en0', os.name: 'Mac OS X', os.arch: 'x86_64', os.version: '10.15.6', java.version: '14.0.1'
Driver info: driver.version: RemoteWebDriver
	at regressionTest.DragAndDropClassTest.setDragAndDropsTest(DragAndDropClassTest.java:21)
Caused by: java.lang.reflect.InvocationTargetException
	at regressionTest.DragAndDropClassTest.setDragAndDropsTest(DragAndDropClassTest.java:21)
Caused by: org.openqa.selenium.NoSuchElementException: 
no such element: Unable to locate element: {"method":"xpath","selector":"//a[contains(text(),'BANK')]"}
  (Session info: chrome=85.0.4183.83)
For documentation on this error, please visit: https://www.seleniumhq.org/exceptions/no_such_element.html
Build info: version: '3.141.59', revision: 'e82be7d358', time: '2018-11-14T08:17:03'
System info: host: 'MacBook-Pro-2.home', ip: 'fd4b:8d38:69ba:1:d141:bba4:860f:aef5%en0', os.name: 'Mac OS X', os.arch: 'x86_64', os.version: '10.15.6', java.version: '14.0.1'
Driver info: org.openqa.selenium.chrome.ChromeDriver
Capabilities {acceptInsecureCerts: false, browserName: chrome, browserVersion: 85.0.4183.83, chrome: {chromedriverVersion: 85.0.4183.87 (cd6713ebf92fa..., userDataDir: /var/folders/wz/dgqm41w90yg...}, goog:chromeOptions: {debuggerAddress: localhost:54642}, javascriptEnabled: true, networkConnectionEnabled: false, pageLoadStrategy: normal, platform: MAC, platformName: MAC, proxy: Proxy(), setWindowRect: true, strictFileInteractability: false, timeouts: {implicit: 0, pageLoad: 300000, script: 30000}, unhandledPromptBehavior: dismiss and notify, webauthn:virtualAuthenticators: true}
Session ID: a7d8fc1d9c835157576185b9e393f255
*** Element info: {Using=xpath, value=//a[contains(text(),'BANK')]}
	at regressionTest.DragAndDropClassTest.setDragAndDropsTest(DragAndDropClassTest.java:21)
]]></failure>
    <system-out><![CDATA[DragAndDropClassTest: set Drag And Drops Test
]]></system-out>
    <system-err><![CDATA[Starting ChromeDriver 85.0.4183.87 (cd6713ebf92fa1cacc0f1a598df280093af0c5d7-refs/branch-heads/4183@{#1689}) on port 31924
Only local connections are allowed.
Please see https://chromedriver.chromium.org/security-considerations for suggestions on keeping ChromeDriver safe.
ChromeDriver was started successfully.
Sep 02, 2020 11:11:21 PM org.openqa.selenium.remote.ProtocolHandshake createSession
INFO: Detected dialect: W3C
]]></system-err>
  </testcase>
  <testcase name="setDragAndDropsValidationTest" classname="regressionTest.DragAndDropClassTest" time="10.053">
    <failure message="java.lang.reflect.InvocationTargetException&#10;Build info: version: &apos;3.141.59&apos;, revision: &apos;e82be7d358&apos;, time: &apos;2018-11-14T08:17:03&apos;&#10;System info: host: &apos;MacBook-Pro-2.home&apos;, ip: &apos;fd4b:8d38:69ba:1:d141:bba4:860f:aef5%en0&apos;, os.name: &apos;Mac OS X&apos;, os.arch: &apos;x86_64&apos;, os.version: &apos;10.15.6&apos;, java.version: &apos;14.0.1&apos;&#10;Driver info: driver.version: RemoteWebDriver" type="org.openqa.selenium.json.JsonException"><![CDATA[org.openqa.selenium.json.JsonException: 
java.lang.reflect.InvocationTargetException
Build info: version: '3.141.59', revision: 'e82be7d358', time: '2018-11-14T08:17:03'
System info: host: 'MacBook-Pro-2.home', ip: 'fd4b:8d38:69ba:1:d141:bba4:860f:aef5%en0', os.name: 'Mac OS X', os.arch: 'x86_64', os.version: '10.15.6', java.version: '14.0.1'
Driver info: driver.version: RemoteWebDriver
	at regressionTest.DragAndDropClassTest.setDragAndDropsTest(DragAndDropClassTest.java:21)
	at regressionTest.DragAndDropClassTest.setDragAndDropsValidationTest(DragAndDropClassTest.java:27)
Caused by: java.lang.reflect.InvocationTargetException
	at regressionTest.DragAndDropClassTest.setDragAndDropsTest(DragAndDropClassTest.java:21)
	at regressionTest.DragAndDropClassTest.setDragAndDropsValidationTest(DragAndDropClassTest.java:27)
Caused by: org.openqa.selenium.NoSuchElementException: 
no such element: Unable to locate element: {"method":"xpath","selector":"//a[contains(text(),'BANK')]"}
  (Session info: chrome=85.0.4183.83)
For documentation on this error, please visit: https://www.seleniumhq.org/exceptions/no_such_element.html
Build info: version: '3.141.59', revision: 'e82be7d358', time: '2018-11-14T08:17:03'
System info: host: 'MacBook-Pro-2.home', ip: 'fd4b:8d38:69ba:1:d141:bba4:860f:aef5%en0', os.name: 'Mac OS X', os.arch: 'x86_64', os.version: '10.15.6', java.version: '14.0.1'
Driver info: org.openqa.selenium.chrome.ChromeDriver
Capabilities {acceptInsecureCerts: false, browserName: chrome, browserVersion: 85.0.4183.83, chrome: {chromedriverVersion: 85.0.4183.87 (cd6713ebf92fa..., userDataDir: /var/folders/wz/dgqm41w90yg...}, goog:chromeOptions: {debuggerAddress: localhost:54760}, javascriptEnabled: true, networkConnectionEnabled: false, pageLoadStrategy: normal, platform: MAC, platformName: MAC, proxy: Proxy(), setWindowRect: true, strictFileInteractability: false, timeouts: {implicit: 0, pageLoad: 300000, script: 30000}, unhandledPromptBehavior: dismiss and notify, webauthn:virtualAuthenticators: true}
Session ID: 2d7fdf236553097c42c72ad5e77f616b
*** Element info: {Using=xpath, value=//a[contains(text(),'BANK')]}
	at regressionTest.DragAndDropClassTest.setDragAndDropsTest(DragAndDropClassTest.java:21)
	at regressionTest.DragAndDropClassTest.setDragAndDropsValidationTest(DragAndDropClassTest.java:27)
]]></failure>
    <system-out><![CDATA[Screenshot captured
DragAndDropClassTest: set Drag And Drops Validation Test
DragAndDropClassTest: set Drag And Drops Test
]]></system-out>
    <system-err><![CDATA[Starting ChromeDriver 85.0.4183.87 (cd6713ebf92fa1cacc0f1a598df280093af0c5d7-refs/branch-heads/4183@{#1689}) on port 46883
Only local connections are allowed.
Please see https://chromedriver.chromium.org/security-considerations for suggestions on keeping ChromeDriver safe.
ChromeDriver was started successfully.
Sep 02, 2020 11:11:35 PM org.openqa.selenium.remote.ProtocolHandshake createSession
INFO: Detected dialect: W3C
]]></system-err>
  </testcase>
  <testcase name="ebayLinksActivlinksTest" classname="regressionTest.BrokenLinksTest" time="142.766">
    <failure message="no such window: window was already closed&#10;  (Session info: chrome=85.0.4183.83)&#10;Build info: version: &apos;3.141.59&apos;, revision: &apos;e82be7d358&apos;, time: &apos;2018-11-14T08:17:03&apos;&#10;System info: host: &apos;MacBook-Pro-2.home&apos;, ip: &apos;fd4b:8d38:69ba:1:d141:bba4:860f:aef5%en0&apos;, os.name: &apos;Mac OS X&apos;, os.arch: &apos;x86_64&apos;, os.version: &apos;10.15.6&apos;, java.version: &apos;14.0.1&apos;&#10;Driver info: org.openqa.selenium.chrome.ChromeDriver&#10;Capabilities {acceptInsecureCerts: false, browserName: chrome, browserVersion: 85.0.4183.83, chrome: {chromedriverVersion: 85.0.4183.87 (cd6713ebf92fa..., userDataDir: /var/folders/wz/dgqm41w90yg...}, goog:chromeOptions: {debuggerAddress: localhost:54892}, javascriptEnabled: true, networkConnectionEnabled: false, pageLoadStrategy: normal, platform: MAC, platformName: MAC, proxy: Proxy(), setWindowRect: true, strictFileInteractability: false, timeouts: {implicit: 0, pageLoad: 300000, script: 30000}, unhandledPromptBehavior: dismiss and notify, webauthn:virtualAuthenticators: true}&#10;Session ID: 3d5e65625682fe50bcab17b43d8ec130" type="org.openqa.selenium.NoSuchWindowException"><![CDATA[org.openqa.selenium.NoSuchWindowException: 
no such window: window was already closed
  (Session info: chrome=85.0.4183.83)
Build info: version: '3.141.59', revision: 'e82be7d358', time: '2018-11-14T08:17:03'
System info: host: 'MacBook-Pro-2.home', ip: 'fd4b:8d38:69ba:1:d141:bba4:860f:aef5%en0', os.name: 'Mac OS X', os.arch: 'x86_64', os.version: '10.15.6', java.version: '14.0.1'
Driver info: org.openqa.selenium.chrome.ChromeDriver
Capabilities {acceptInsecureCerts: false, browserName: chrome, browserVersion: 85.0.4183.83, chrome: {chromedriverVersion: 85.0.4183.87 (cd6713ebf92fa..., userDataDir: /var/folders/wz/dgqm41w90yg...}, goog:chromeOptions: {debuggerAddress: localhost:54892}, javascriptEnabled: true, networkConnectionEnabled: false, pageLoadStrategy: normal, platform: MAC, platformName: MAC, proxy: Proxy(), setWindowRect: true, strictFileInteractability: false, timeouts: {implicit: 0, pageLoad: 300000, script: 30000}, unhandledPromptBehavior: dismiss and notify, webauthn:virtualAuthenticators: true}
Session ID: 3d5e65625682fe50bcab17b43d8ec130
	at regressionTest.BrokenLinksTest.ebayLinksActivlinksTest(BrokenLinksTest.java:30)
]]></failure>
    <system-out><![CDATA[Screenshot captured
BrokenLinksTest: ebay Links Activlinks Test
Total links is 416
Total activelinks is 416
https://www.ebay.com/#mainContent OK 200
https://www.ebay.com/ OK 200
https://www.ebay.com/b/Collectibles-Art/bn_7000259855 OK 200
https://www.ebay.com/b/Collectibles/1/bn_1858810 OK 200
https://www.ebay.com/b/Coins-Paper-Money/11116/bn_1857806 OK 200
https://www.ebay.com/b/Antiques/20081/bn_1851017 OK 200
https://www.ebay.com/b/Sports-Memorabilia-Fan-Shop-Sports-Cards/64482/bn_1857919 OK 200
https://www.ebay.com/b/Electronics/bn_7000259124 OK 200
https://www.ebay.com/b/Computers-Tablets-Network-Hardware/58058/bn_1865247 OK 200
https://www.ebay.com/b/Cameras-Photo/625/bn_1865546 OK 200
https://www.ebay.com/b/TV-Video-Home-Audio-Electronics/32852/bn_1648392 OK 200
https://www.ebay.com/b/Cell-Phones-Smart-Watches-Accessories/15032/bn_1865441 OK 200
https://www.ebay.com/b/Entertainment-Memorabilia/45100/bn_1859756 OK 200
https://www.ebay.com/b/Video-Games-Consoles/1249/bn_1850232 OK 200
https://www.ebay.com/b/Music/bn_7000710860 OK 200
https://www.ebay.com/b/DVDs-Blu-ray-Discs/617/bn_223828 OK 200
https://www.ebay.com/b/Tickets-Experiences/1305/bn_1861080 OK 200
https://www.ebay.com/b/Fashion/bn_7000259856 OK 200
https://www.ebay.com/b/Womens-Clothing/15724/bn_661783 OK 200
https://www.ebay.com/b/Mens-Clothing/1059/bn_696958 OK 200
https://www.ebay.com/b/Watches-Parts-Accessories/14324/bn_2408535 OK 200
https://www.ebay.com/b/Shoes/bn_7000259122 OK 200
https://www.ebay.com/b/Home-Garden/11700/bn_1853126 OK 200
https://www.ebay.com/b/Yard-Garden-Outdoor-Living-Items/159912/bn_1853607 OK 200
https://www.ebay.com/b/Art-Craft-Supplies/14339/bn_1851051 OK 200
https://www.ebay.com/b/Home-Improvement/159907/bn_1851980 OK 200
https://www.ebay.com/b/Pet-Supplies/1281/bn_1853597 OK 200
https://www.ebay.com/b/Auto-Parts-and-Vehicles/6000/bn_1865334 OK 200
https://www.ebay.com/b/Auto-Parts-Accessories/6028/bn_569479 OK 200
https://www.ebay.com/b/Cars-Trucks/6001/bn_1865117 OK 200
https://www.ebay.com/b/Motorcycles/6024/bn_1865434 OK 200
https://www.ebay.com/b/Other-Vehicles-Trailers/6038/bn_1865426 OK 200
https://www.ebay.com/b/Sporting-Goods/888/bn_1865031 OK 200
https://www.ebay.com/b/Outdoor-Sports/159043/bn_1855398 OK 200
https://www.ebay.com/b/Team-Sports/159049/bn_1865097 OK 200
https://www.ebay.com/b/Fitness-Running-Yoga-Equipment/15273/bn_1855426 OK 200
https://www.ebay.com/b/Golf-Equipment/1513/bn_1849088 OK 200
https://www.ebay.com/b/Toys-Hobbies/220/bn_1865497 OK 200
https://www.ebay.com/b/Vintage-Antique-Toys/717/bn_1860860 OK 200
https://www.ebay.com/b/Kids-Toys-Hobbies/220/bn_80740459 OK 200
https://www.ebay.com/b/Action-Figures/246/bn_1648288 OK 200
https://www.ebay.com/b/Dolls-Teddy-Bears/237/bn_1865477 OK 200
https://www.ebay.com/n/all-categories OK 200
https://www.ebay.com/b/Gift-Cards-Coupons/172008/bn_1858592 OK 200
https://www.ebay.com/b/Health-Beauty/26395/bn_1865479 OK 200
https://www.ebay.com/b/Musical-Instruments-Gear/619/bn_1865601 OK 200
https://www.ebay.com/b/Business-Industrial/12576/bn_1853744 OK 200
https://www.ebay.com/n/all-brands OK 200
https://www.ebay.com/n/all-categories OK 200
https://www.ebay.com/sch/ebayadvsearch OK 200
https://signin.ebay.com/ws/eBayISAPI.dll?SignIn&ru=https%3A%2F%2Fwww.ebay.com%2F Not Allowed 405
https://reg.ebay.com/reg/PartialReg?ru=https%3A%2F%2Fwww.ebay.com%2F Method Not Allowed 405
https://www.ebay.com/deals OK 200
https://www.ebay.com/b/Brand-Outlet/bn_7115532402 OK 200
https://ocsnext.ebay.com/ocs/home OK 200
https://pages.ebay.com/25/ OK 200
https://www.ebay.com/sl/sell OK 200
https://www.ebay.com/mye/myebay/watchlist Not Allowed 405
https://www.ebay.com/#gh-wl-click OK 200
https://signin.ebay.com/ws/eBayISAPI.dll?SignIn&ru=ru Not Allowed 405
https://my.ebay.com/ws/eBayISAPI.dll?MyEbay&gbh=1 Not Allowed 405
https://www.ebay.com/#gh-eb-My OK 200
https://www.ebay.com/myb/Summary Not Allowed 405
https://www.ebay.com/myb/container?key=recentlyviewed Not Allowed 405
https://www.ebay.com/myb/BidsOffers Not Allowed 405
https://www.ebay.com/mye/myebay/watchlist Not Allowed 405
https://www.ebay.com/myb/PurchaseHistory Not Allowed 405
https://www.ebay.com/mye/buyagain OK 200
https://my.ebay.com/ws/eBayISAPI.dll?MyEbay&gbh=1&CurrentPage=MyeBayAllSelling&ssPageName=STRK:ME:LNLK:MESX Not Allowed 405
https://www.ebay.com/myb/SavedSearches Not Allowed 405
https://www.ebay.com/myb/SavedSellers Not Allowed 405
https://mesg.ebay.com/mesgweb/ViewMessages/0 Not Allowed 405
https://cart.ebay.com/ OK 200
https://www.ebay.com/#gh-minicart-hover OK 200
https://www.ebay.com/feed Not Allowed 405
https://www.ebay.com/b/Auto-Parts-and-Vehicles/6000/bn_1865334 OK 200
https://www.ebay.com/b/Auto-Parts-Accessories/6028/bn_569479 OK 200
https://www.ebay.com/b/Car-Truck-Parts/6030/bn_562630 OK 200
https://www.ebay.com/b/Motorcycle-Parts/10063/bn_557636 OK 200
https://www.ebay.com/b/Automotive-Tools-Supplies/34998/bn_1865501 OK 200
https://www.ebay.com/b/Motors-Apparel-Merchandise/6747/bn_583691 OK 200
https://www.ebay.com/deals/automotive OK 200
https://www.ebay.com/g/mygarage OK 200
https://www.ebay.com/b/Cars-and-Trucks/6001/bn_1865117 OK 200
https://www.ebay.com/b/Classics/bn_7005623268 OK 200
https://www.ebay.com/b/Motorcycles/6024/bn_1865434 OK 200
https://www.ebay.com/b/Powersport-Vehicles/66466/bn_1865239 OK 200
https://www.ebay.com/b/RVs-and-Campers/50054/bn_16581882 OK 200
https://www.ebay.com/b/Other-Vehicles-Trailers/6737/bn_16581863 OK 200
https://www.ebay.com/b/Boats/26429/bn_1865510 OK 200
https://www.ebay.com/b/Fashion/bn_7000259856 OK 200
https://www.ebay.com/b/Womens-Clothing/15724/bn_661783 OK 200
https://www.ebay.com/b/Womens-Shoes/3034/bn_740022 OK 200
https://www.ebay.com/b/Mens-Clothing/1059/bn_696958 OK 200
https://www.ebay.com/b/Mens-Shoes/93427/bn_61999 OK 200
https://www.ebay.com/b/Womens-Bags-Handbags/169291/bn_738272 OK 200
https://www.ebay.com/b/Kids-Clothing-Shoes-Accessories/171146/bn_1642843 OK 200
https://www.ebay.com/b/Mens-Collectible-Sneakers/bn_7000259435 OK 200
https://www.ebay.com/b/Watches-Parts-Accessories/260324/bn_2408535 OK 200
https://www.ebay.com/b/Luxury-Wristwatches/31387/bn_36841947 OK 200
https://www.ebay.com/b/Jewelry/bn_7000259126 OK 200
https://www.ebay.com/b/Beauty/bn_7000259123 OK 200
https://www.ebay.com/b/Health/bn_7000259659 OK 200
https://www.ebay.com/deals/fashion OK 200
https://www.ebay.com/b/Electronics/bn_7000259124 OK 200
https://www.ebay.com/b/Cameras-Photo/625/bn_1865546 OK 200
https://www.ebay.com/b/Cell-Phones-Smart-Watches-Accessories/15032/bn_1865441 OK 200
https://www.ebay.com/b/Computers-Tablets-Network-Hardware/58058/bn_1865247 OK 200
https://www.ebay.com/b/Portable-Audio-Headphones/15052/bn_1642614 OK 200
https://www.ebay.com/b/Surveillance-Smart-Home-Electronics/185067/bn_115028425 OK 200
https://www.ebay.com/b/TV-Video-Home-Audio-Electronics/32852/bn_1648392 OK 200
https://www.ebay.com/b/Video-Games-Consoles/1249/bn_1850232 OK 200
https://www.ebay.com/b/Certified-Refurbished/bn_7040708936 OK 200
https://www.ebay.com/b/Smart-Watches/178893/bn_152365 OK 200
https://www.ebay.com/b/Apple-iPhone/9355/bn_319682 OK 200
https://www.ebay.com/b/Laptops-Netbooks/175672/bn_1648276 OK 200
https://www.ebay.com/b/Computer-Components-Parts/175673/bn_1643095 OK 200
https://www.ebay.com/b/Smart-Speakers/184435/bn_78213083 OK 200
https://www.ebay.com/b/Vehicle-Electronics-GPS/3270/bn_887004 OK 200
https://www.ebay.com/b/Collectibles-Art/bn_7000259855 OK 200
https://www.ebay.com/b/Art/550/bn_1853728 OK 200
https://www.ebay.com/b/Antiques/20081/bn_1851017 OK 200
https://www.ebay.com/b/Coins-Paper-Money/11116/bn_1857806 OK 200
https://www.ebay.com/b/Collectibles/1/bn_1858810 OK 200
https://www.ebay.com/b/Collectible-Comics/63/bn_1865459 OK 200
https://www.ebay.com/b/Pottery-Glass/870/bn_1851615 OK 200
https://www.ebay.com/b/Sports-Memorabilia-Fan-Shop-Sports-Cards/64482/bn_1857919 OK 200
https://www.ebay.com/b/Sports-Trading-Cards-Accessories/212/bn_1859819 OK 200
https://www.ebay.com/b/Designer-Urban-Vinyl-Action-Figures/158672/bn_221282 OK 200
https://www.ebay.com/b/Collectible-Funko-Bobbleheads-1970-Now/149372/bn_3017826 OK 200
https://www.ebay.com/b/Entertainment-Memorabilia/45100/bn_1859756 OK 200
https://www.ebay.com/b/Militaria/13956/bn_1852614 OK 200
https://www.ebay.com/b/Stamps/260/bn_1865095 OK 200
https://www.ebay.com/b/eBay-Collective/bn_7116337831 OK 200
https://www.ebay.com/b/Bullion/39482/bn_1642568 OK 200
https://pages.ebay.com/rcp/consignmentcenter OK 200
https://www.ebay.com/b/Home-Garden/11700/bn_1853126 OK 200
https://www.ebay.com/b/Tools-Workshop-Equipment/631/bn_1851815 OK 200
https://www.ebay.com/b/Kitchen-Dining-Bar-Supplies/20625/bn_1865564 OK 200
https://www.ebay.com/b/Surveillance-Smart-Home-Electronics/185067/bn_115028425 OK 200
https://www.ebay.com/b/Yard-Garden-Outdoor-Living-Items/159912/bn_1853607 OK 200
https://www.ebay.com/b/Vacuum-Cleaners/20614/bn_2310596 OK 200
https://www.ebay.com/b/Outdoor-Power-Equipment/29518/bn_2309717 OK 200
https://www.ebay.com/b/Home-Improvement/159907/bn_1851980 OK 200
https://www.ebay.com/b/Major-Appliances-Parts-Accessories/20710/bn_1865562 OK 200
https://www.ebay.com/b/Certified-Refurbished/bn_7040708936 OK 200
https://www.ebay.com/b/Home-Garden-Furniture/3197/bn_1642075 OK 200
https://www.ebay.com/b/Bedding/20444/bn_1864382 OK 200
https://www.ebay.com/b/Home-Decor/10033/bn_1849733 OK 200
https://www.ebay.com/b/Household-Cleaning-Supplies/299/bn_1857080 OK 200
https://www.ebay.com/b/Food-Beverages/14308/bn_1642947 OK 200
https://www.ebay.com/b/Travel/3252/bn_1848525 OK 200
https://www.ebay.com/deals/home-garden OK 200
https://www.ebay.com/b/Sporting-Goods/888/bn_1865031 OK 200
https://www.ebay.com/b/Golf-Equipment/1513/bn_1849088 OK 200
https://www.ebay.com/b/Cycling-Equipment/7294/bn_1848937 OK 200
https://www.ebay.com/b/Fishing-Equipment-Supplies/1492/bn_1851047 OK 200
https://www.ebay.com/b/Hunting-Equipment/7301/bn_1865054 OK 200
https://www.ebay.com/b/Team-Sports/159049/bn_1865097 OK 200
https://www.ebay.com/b/Fitness-Running-Yoga-Equipment/15273/bn_1855426 OK 200
https://www.ebay.com/b/Outdoor-Sports/159043/bn_1855398 OK 200
https://www.ebay.com/b/Archery-Equipment/20835/bn_1971493 OK 200
https://www.ebay.com/b/Camping-Hiking-Equipment/16034/bn_1959887 OK 200
https://www.ebay.com/b/Fitness-Technology/44075/bn_1944181 OK 200
https://www.ebay.com/b/Water-Sports/159136/bn_1855031 OK 200
https://www.ebay.com/b/Equestrian-Equipment/3153/bn_1997329 OK 200
https://www.ebay.com/b/Electric-Scooters/47349/bn_1995803 OK 200
https://www.ebay.com/b/Winter-Sports/36259/bn_1853285 OK 200
https://www.ebay.com/b/Toys-Hobbies/220/bn_1865497 OK 200
https://www.ebay.com/b/Action-Figures/246/bn_1648288 OK 200
https://www.ebay.com/b/Building-Toys/183446/bn_1865257 OK 200
https://www.ebay.com/b/Games/233/bn_1849806 OK 200
https://www.ebay.com/b/Collectible-Card-Games-Accessories/2536/bn_1852210 OK 200
https://www.ebay.com/b/Outdoor-Toys-Structures/11743/bn_1849278 OK 200
https://www.ebay.com/b/Dolls-Teddy-Bears/237/bn_1865477 OK 200
https://www.ebay.com/b/Preschool-Toys-Pretend-Play/19169/bn_1864380 OK 200
https://www.ebay.com/b/Model-Railroads-Trains/180250/bn_1642683 OK 200
https://www.ebay.com/b/Diecast-Toy-Vehicles/222/bn_1850842 OK 200
https://www.ebay.com/b/RC-Model-Vehicles-Toys-Control-Line/2562/bn_1851704 OK 200
https://www.ebay.com/b/Educational-Toys/11731/bn_1850489 OK 200
https://www.ebay.com/b/Toy-Models-Kits/1188/bn_1852447 OK 200
https://www.ebay.com/b/Art-Craft-Supplies/14339/bn_1851051 OK 200
https://www.ebay.com/deals/other-deals/toys OK 200
https://www.ebay.com/b/Business-Industrial/12576/bn_1853744 OK 200
https://www.ebay.com/b/Heavy-Equipment/177641/bn_1511518 OK 200
https://www.ebay.com/b/Healthcare-Lab-Dental/11815/bn_1851782 OK 200
https://www.ebay.com/b/Dental/bn_7115058704 OK 200
https://www.ebay.com/b/Construction-Jobsite-Supplies/bn_7004249159 OK 200
https://www.ebay.com/b/CNC-Metalworking-Manufacturing/11804/bn_1861284 OK 200
https://www.ebay.com/b/Restaurant-Food-Service/11874/bn_1865467 OK 200
https://www.ebay.com/b/Test-Measurement-Inspection-Equipment/181939/bn_16566063 OK 200
https://www.ebay.com/b/Office-Equipment-Supplies/25298/bn_1856567 OK 200
https://www.ebay.com/b/Industrial-Automation-Control-Equipment/42892/bn_2309506 OK 200
https://www.ebay.com/b/Packing-Shipping/19273/bn_1865376 OK 200
https://www.ebay.com/b/Light-Industrial-Equipment-Tools/61573/bn_1521576 OK 200
https://www.ebay.com/b/Electrical-Equipment-Supplies/92074/bn_1852224 OK 200
https://www.ebay.com/b/Heavy-Equipment-Attachments/177647/bn_1309146 OK 200
https://www.ebay.com/b/Heavy-Equipment-Parts-Accessories/41489/bn_7208228 OK 200
https://www.ebay.com/b/Music/bn_7000710860 OK 200
https://www.ebay.com/b/Guitars-Basses/3858/bn_1865236 OK 200
https://www.ebay.com/b/Percussion-Instruments/180012/bn_1853035 OK 200
https://www.ebay.com/b/Pianos-Keyboards-Organs/180010/bn_1865100 OK 200
https://www.ebay.com/b/Brass-Instruments/16212/bn_1852469 OK 200
https://www.ebay.com/b/Wind-Woodwind-Instruments/10181/bn_1860352 OK 200
https://www.ebay.com/b/String-Instruments/180016/bn_1865268 OK 200
https://www.ebay.com/b/Musical-Instruments-Gear/619/bn_1865601 OK 200
https://www.ebay.com/b/Vinyl-Music-Records/176985/bn_1860303 OK 200
https://www.ebay.com/b/Music-CDs/176984/bn_221164 OK 200
https://www.ebay.com/b/DJ-Equipment/48458/bn_16562590 OK 200
https://www.ebay.com/b/Pro-Audio-Equipment/180014/bn_1865231 OK 200
https://www.ebay.com/b/Stage-Lighting-Effects/12922/bn_1855494 OK 200
https://www.ebay.com/b/Tickets-Experiences/1305/bn_1861080 OK 200
https://www.ebay.com/b/Vintage-Musical-Instruments/181162/bn_7203753 OK 200
https://www.ebay.com/b/Authorized-Resellers-of-Musical-Instruments-and-Gear/bn_7003792621 OK 200
https://www.ebay.com/deals OK 200
https://www.ebay.com/deals OK 200
https://www.ebay.com/deals/tech OK 200
https://www.ebay.com/deals/fashion OK 200
https://www.ebay.com/deals/home-garden OK 200
https://www.ebay.com/deals/sporting-goods OK 200
https://www.ebay.com/deals/automotive OK 200
https://www.ebay.com/b/Gift-Cards-Coupons/172008/bn_1858592 OK 200
https://www.ebay.com/deals/other-deals/collectibles OK 200
https://www.ebay.com/deals/other-deals/toys OK 200
https://www.ebay.com/deals/other-deals/luggage-travel OK 200
https://www.ebay.com/deals/other-deals/music-gear OK 200
https://www.ebay.com/deals/home-garden/pet-supplies OK 200
https://www.ebay.com/deals/other-deals/sports-fan-shop OK 200
https://www.ebay.com/deals/other-deals/coins OK 200
https://www.ebay.com/b/Auto-Parts-and-Vehicles/6000/bn_1865334 OK 200
https://www.ebay.com/b/Fashion/bn_7000259856 OK 200
https://www.ebay.com/b/Electronics/bn_7000259124 OK 200
https://www.ebay.com/b/Collectibles-Art/bn_7000259855 OK 200
https://www.ebay.com/b/Home-Garden/11700/bn_1853126 OK 200
https://www.ebay.com/b/Sporting-Goods/888/bn_1865031 OK 200
https://www.ebay.com/b/Toys-Hobbies/220/bn_1865497 OK 200
https://www.ebay.com/b/Business-Industrial/12576/bn_1853744 OK 200
https://www.ebay.com/b/Music/bn_7000710860 OK 200
https://www.ebay.com/deals OK 200
https://svcs.ebay.com/delstats/clk/rtm?url=https%3A%2F%2Fwww.ebay.com%2Fb%2FeBay-Coupons%2Fbn_7109765183&p=100000&mc=Z3VpZD01MWYyZWY1NTE3NDBhYzNkYjE3NWRjN2NmZmZlODMzOHx1bD1lbi1VU3x0PTB8Ync9TEFSR0V8dGR0PWlpZDo0OTgwNzUxNjIzOTUxMDA5OTU3LGNsa2lkOjQ5ODA3NTE2MjM5NTEwMDk5NTZ8cGxtdD0oY2lkOjQyMDA3IGdiaDogaWlkOjQ5ODA3NTE2MjM5NTEwMDk5NTcgbWlkOjY0MjYwIHBpZDoxMDAwMDAgc2lkOi0xIHRpZDpjNDNiZWFiNy02OTVkLTQzY2YtODIzMy1mYjU1ZTk0NGRkMzggdHR5cGU6SE9NRV9QQUdFX0JBTk5FUl9NU0UgdmlkOmx0d3o4MGxvams4Z2M5MDZudzV5ZHZuNTB2Y3I1Z2NyeWdrc2tpaGY5YWVienNodGw2cmc1d2ducngycndqeDkpfHVjPTF8bT02NDI2MHxicz0w&_trkparms=pageci%3A35be97da-ed93-11ea-b5c7-74dbd1802f65%7Cparentrq%3A51f2f3001740aaa30a5a8859ffffef32%7Ciid%3A0 OK 200
https://svcs.ebay.com/delstats/clk/rtm?url=https%3A%2F%2Fwww.ebay.com%2Fb%2FeBay-Coupons%2Fbn_7109765183&p=100000&mc=Z3VpZD01MWYyZWY1NTE3NDBhYzNkYjE3NWRjN2NmZmZlODMzOHx1bD1lbi1VU3x0PTB8Ync9TEFSR0V8dGR0PWlpZDo0OTgwNzUxNjIzOTUxMDA5OTU3LGNsa2lkOjQ5ODA3NTE2MjM5NTEwMDk5NTZ8cGxtdD0oY2lkOjQyMDA3IGdiaDogaWlkOjQ5ODA3NTE2MjM5NTEwMDk5NTcgbWlkOjY0MjYwIHBpZDoxMDAwMDAgc2lkOi0xIHRpZDpjNDNiZWFiNy02OTVkLTQzY2YtODIzMy1mYjU1ZTk0NGRkMzggdHR5cGU6SE9NRV9QQUdFX0JBTk5FUl9NU0UgdmlkOmx0d3o4MGxvams4Z2M5MDZudzV5ZHZuNTB2Y3I1Z2NyeWdrc2tpaGY5YWVienNodGw2cmc1d2ducngycndqeDkpfHVjPTF8bT02NDI2MHxicz0w&_trkparms=pageci%3A35be97da-ed93-11ea-b5c7-74dbd1802f65%7Cparentrq%3A51f2f3001740aaa30a5a8859ffffef32%7Ciid%3A0 OK 200
https://svcs.ebay.com/delstats/clk/rtm?url=https%3A%2F%2Fpages.ebay.com%2Fpromo%2F2020%2F0831%2Fwoibduwoidw.html&p=100000&mc=Z3VpZD01MWYyZWY1NTE3NDBhYzNkYjE3NWRjN2NmZmZlODMzOHx1bD1lbi1VU3x0PTB8Ync9TEFSR0V8dGR0PWlpZDo0OTgwNzUxNjIzOTUxMDA5OTU3LGNsa2lkOjQ5ODA3NTE2MjM5NTEwMDk5NTZ8cGxtdD0oY2lkOjQyMDA3IGdiaDogaWlkOjQ5ODA3NTE2MjM5NTEwMDk5NTcgbWlkOjY0MjYwIHBpZDoxMDAwMDAgc2lkOi0xIHRpZDpjNDNiZWFiNy02OTVkLTQzY2YtODIzMy1mYjU1ZTk0NGRkMzggdHR5cGU6SE9NRV9QQUdFX0JBTk5FUl9NU0UgdmlkOmx0d3o4MGxvams4Z2M5MDZudzV5ZHZuNTB2Y3I1Z2NyeWdrc2tpaGY5YWVienNodGw2cmc1d2ducngycndqeDkpfHVjPTF8bT02NDI2MHxicz0w&_trkparms=pageci%3A35be97da-ed93-11ea-b5c7-74dbd1802f65%7Cparentrq%3A51f2f3001740aaa30a5a8859ffffef32%7Ciid%3A0 OK 200
https://svcs.ebay.com/delstats/clk/rtm?url=https%3A%2F%2Fwww.ebay.com%2Fb%2FeBay-Coupons%2Fbn_7109765183&p=100000&mc=Z3VpZD01MWYyZWY1NTE3NDBhYzNkYjE3NWRjN2NmZmZlODMzOHx1bD1lbi1VU3x0PTB8Ync9TEFSR0V8dGR0PWlpZDo0OTgwNzUxNjIzOTUxMDA5OTU3LGNsa2lkOjQ5ODA3NTE2MjM5NTEwMDk5NTZ8cGxtdD0oY2lkOjQyMDA3IGdiaDogaWlkOjQ5ODA3NTE2MjM5NTEwMDk5NTcgbWlkOjY0MjYwIHBpZDoxMDAwMDAgc2lkOi0xIHRpZDpjNDNiZWFiNy02OTVkLTQzY2YtODIzMy1mYjU1ZTk0NGRkMzggdHR5cGU6SE9NRV9QQUdFX0JBTk5FUl9NU0UgdmlkOmx0d3o4MGxvams4Z2M5MDZudzV5ZHZuNTB2Y3I1Z2NyeWdrc2tpaGY5YWVienNodGw2cmc1d2ducngycndqeDkpfHVjPTF8bT02NDI2MHxicz0w&_trkparms=pageci%3A35be97da-ed93-11ea-b5c7-74dbd1802f65%7Cparentrq%3A51f2f3001740aaa30a5a8859ffffef32%7Ciid%3A0 OK 200
https://svcs.ebay.com/delstats/clk/rtm?url=https%3A%2F%2Fwww.ebay.com%2Fe%2Fsales-events%2F25acertifiedrefurbished&p=100001&mc=Z3VpZD01MWYyZWY1NTE3NDBhYzNkYjE3NWRjN2NmZmZlODMzOHx1bD1lbi1VU3x0PTB8Ync9TEFSR0V8dGR0PWlpZDo0OTgwNzUxNjIzOTUxMDA5OTU1LGNsa2lkOjQ5ODA3NTE2MjM5NTEwMDk5NTR8cGxtdD0oY2lkOjQyMTQzIGdiaDogaWlkOjQ5ODA3NTE2MjM5NTEwMDk5NTUgbWlkOjY0NDczIHBpZDoxMDAwMDEgc2lkOi0xIHRpZDpiYzJkNDY2Zi0wMmZkLTQ4OGQtYmI0Ny1lM2VlNzJlZTllNzYgdHR5cGU6SE9NRV9QQUdFX0JBTk5FUl9WRUxPQ0lUWSB2aWQ6M2M5NGQzZmVhZTU4Njg2MzdkMDYzMDhmYTEzMjY5MGExNmE3NjFlZDJjODMwZmU3ZDc5YzRmOTg4NDVlZWY4Nil8dWM9MXxtPTY0NDczfGJzPTA%3D&_trkparms=pageci%3A35be97da-ed93-11ea-b5c7-74dbd1802f65%7Cparentrq%3A51f2f3001740aaa30a5a8859ffffef32%7Ciid%3A0 OK 200
https://www.ebay.com/deals?_trkparms=pageci%3A35be97da-ed93-11ea-b5c7-74dbd1802f65%7Cparentrq%3A51f2f3001740aaa30a5a8859ffffef32%7Ciid%3A0 OK 200
https://www.ebay.com/deals?_trkparms=pageci%3A35be97da-ed93-11ea-b5c7-74dbd1802f65%7Cparentrq%3A51f2f3001740aaa30a5a8859ffffef32%7Ciid%3A0 OK 200
https://www.ebay.com/deals/tech?did=6053739999&_trkparms=pageci%3A35be97da-ed93-11ea-b5c7-74dbd1802f65%7Cparentrq%3A51f2f3001740aaa30a5a8859ffffef32%7Ciid%3A0 OK 200
https://www.ebay.com/deals/home-garden?did=6053739997&_trkparms=pageci%3A35be97da-ed93-11ea-b5c7-74dbd1802f65%7Cparentrq%3A51f2f3001740aaa30a5a8859ffffef32%7Ciid%3A0 OK 200
https://www.ebay.com/deals/other-deals?did=6053955002&_trkparms=pageci%3A35be97da-ed93-11ea-b5c7-74dbd1802f65%7Cparentrq%3A51f2f3001740aaa30a5a8859ffffef32%7Ciid%3A0 OK 200
https://svcs.ebay.com/delstats/clk/rtm?url=https%3A%2F%2Fpages.ebay.com%2Fpaypal-credit%2Fezp.html&p=100003&mc=Z3VpZD01MWYyZWY1NTE3NDBhYzNkYjE3NWRjN2NmZmZlODMzOHx1bD1lbi1VU3x0PTB8Ync9TEFSR0V8dGR0PWlpZDo0OTgwNzUxNjIzOTUxMDA5OTUxLGNsa2lkOjQ5ODA3NTE2MjM5NTEwMDk5NTB8cGxtdD0oY2lkOjQyMDU5IGdiaDogaWlkOjQ5ODA3NTE2MjM5NTEwMDk5NTEgbWlkOjY0MzMwIHBpZDoxMDAwMDMgc2lkOi0xIHRpZDo5ZDVmNmY1OS03MDA1LTQ1Y2UtYjU1MC04MWMzZWY4ZTEwMWYgdHR5cGU6SE9NRV9QQUdFX0JBTk5FUl9NU0UgdmlkOnFvcGhjdmZjZXpmamMzN2ExcHY5cnNqdmgwbXQ2cHh2c3R3MzRkbHZtZDZzdzlzaWVlbnZncDZkZ2NqZ24wb2gpfHVjPTF8bT02NDMzMHxicz0w&_trkparms=pageci%3A35be97da-ed93-11ea-b5c7-74dbd1802f65%7Cparentrq%3A51f2f3001740aaa30a5a8859ffffef32%7Ciid%3A0 OK 200
https://svcs.ebay.com/delstats/clk/rtm?url=https%3A%2F%2Fpages.ebay.com%2Fpaypal-credit%2Fezp.html&p=100003&mc=Z3VpZD01MWYyZWY1NTE3NDBhYzNkYjE3NWRjN2NmZmZlODMzOHx1bD1lbi1VU3x0PTB8Ync9TEFSR0V8dGR0PWlpZDo0OTgwNzUxNjIzOTUxMDA5OTUxLGNsa2lkOjQ5ODA3NTE2MjM5NTEwMDk5NTB8cGxtdD0oY2lkOjQyMDU5IGdiaDogaWlkOjQ5ODA3NTE2MjM5NTEwMDk5NTEgbWlkOjY0MzMwIHBpZDoxMDAwMDMgc2lkOi0xIHRpZDo5ZDVmNmY1OS03MDA1LTQ1Y2UtYjU1MC04MWMzZWY4ZTEwMWYgdHR5cGU6SE9NRV9QQUdFX0JBTk5FUl9NU0UgdmlkOnFvcGhjdmZjZXpmamMzN2ExcHY5cnNqdmgwbXQ2cHh2c3R3MzRkbHZtZDZzdzlzaWVlbnZncDZkZ2NqZ24wb2gpfHVjPTF8bT02NDMzMHxicz0w&_trkparms=pageci%3A35be97da-ed93-11ea-b5c7-74dbd1802f65%7Cparentrq%3A51f2f3001740aaa30a5a8859ffffef32%7Ciid%3A0 OK 200
https://svcs.ebay.com/delstats/clk/rtm?url=https%3A%2F%2Fpages.ebay.com%2Fpaypal-credit%2Fezp.html&p=100003&mc=Z3VpZD01MWYyZWY1NTE3NDBhYzNkYjE3NWRjN2NmZmZlODMzOHx1bD1lbi1VU3x0PTB8Ync9TEFSR0V8dGR0PWlpZDo0OTgwNzUxNjIzOTUxMDA5OTUxLGNsa2lkOjQ5ODA3NTE2MjM5NTEwMDk5NTB8cGxtdD0oY2lkOjQyMDU5IGdiaDogaWlkOjQ5ODA3NTE2MjM5NTEwMDk5NTEgbWlkOjY0MzMwIHBpZDoxMDAwMDMgc2lkOi0xIHRpZDo5ZDVmNmY1OS03MDA1LTQ1Y2UtYjU1MC04MWMzZWY4ZTEwMWYgdHR5cGU6SE9NRV9QQUdFX0JBTk5FUl9NU0UgdmlkOnFvcGhjdmZjZXpmamMzN2ExcHY5cnNqdmgwbXQ2cHh2c3R3MzRkbHZtZDZzdzlzaWVlbnZncDZkZ2NqZ24wb2gpfHVjPTF8bT02NDMzMHxicz0w&_trkparms=pageci%3A35be97da-ed93-11ea-b5c7-74dbd1802f65%7Cparentrq%3A51f2f3001740aaa30a5a8859ffffef32%7Ciid%3A0 OK 200
https://svcs.ebay.com/delstats/clk/rtm?url=https%3A%2F%2Fpages.ebay.com%2Fpaypal-credit%2Fezp.html&p=100003&mc=Z3VpZD01MWYyZWY1NTE3NDBhYzNkYjE3NWRjN2NmZmZlODMzOHx1bD1lbi1VU3x0PTB8Ync9TEFSR0V8dGR0PWlpZDo0OTgwNzUxNjIzOTUxMDA5OTUxLGNsa2lkOjQ5ODA3NTE2MjM5NTEwMDk5NTB8cGxtdD0oY2lkOjQyMDU5IGdiaDogaWlkOjQ5ODA3NTE2MjM5NTEwMDk5NTEgbWlkOjY0MzMwIHBpZDoxMDAwMDMgc2lkOi0xIHRpZDo5ZDVmNmY1OS03MDA1LTQ1Y2UtYjU1MC04MWMzZWY4ZTEwMWYgdHR5cGU6SE9NRV9QQUdFX0JBTk5FUl9NU0UgdmlkOnFvcGhjdmZjZXpmamMzN2ExcHY5cnNqdmgwbXQ2cHh2c3R3MzRkbHZtZDZzdzlzaWVlbnZncDZkZ2NqZ24wb2gpfHVjPTF8bT02NDMzMHxicz0w&_trkparms=pageci%3A35be97da-ed93-11ea-b5c7-74dbd1802f65%7Cparentrq%3A51f2f3001740aaa30a5a8859ffffef32%7Ciid%3A0 OK 200
https://svcs.ebay.com/delstats/clk/rtm?url=https%3A%2F%2Fpages.ebay.com%2Fcovid19&p=100004&mc=Z3VpZD01MWYyZWY1NTE3NDBhYzNkYjE3NWRjN2NmZmZlODMzOHx1bD1lbi1VU3x0PTB8Ync9TEFSR0V8dGR0PWlpZDo0OTgwNzUxNjIwMDU3NzgxNzY5LGNsa2lkOjQ5ODA3NTE2MjAwNTc3ODE3Njh8cGxtdD0oY2lkOjQwNDI3IGdiaDogaWlkOjQ5ODA3NTE2MjAwNTc3ODE3NjkgbWlkOjYxNjcxIHBpZDoxMDAwMDQgc2lkOi0xIHRpZDoyYzA4ZWIyMy0xY2EzLTRkZGUtYjYyYi0yNWE4NWIwOGExN2IgdHR5cGU6SE9NRV9QQUdFX0JBTk5FUl9NU0UgdmlkOnpiczdnMjJkY25jMGpzeXRza3N4dDZ0ZGhpd3hqejdqMjZnbTVneXZlMjFhZnJzenFkM3E4YmtkbGVoamRzMWkpfHVjPTF8bT02MTY3MXxicz0w&_trkparms=pageci%3A35be97da-ed93-11ea-b5c7-74dbd1802f65%7Cparentrq%3A51f2f3001740aaa30a5a8859ffffef32%7Ciid%3A1 OK 200
https://svcs.ebay.com/delstats/clk/rtm?url=https%3A%2F%2Fpages.ebay.com%2Fcovid19&p=100004&mc=Z3VpZD01MWYyZWY1NTE3NDBhYzNkYjE3NWRjN2NmZmZlODMzOHx1bD1lbi1VU3x0PTB8Ync9TEFSR0V8dGR0PWlpZDo0OTgwNzUxNjIwMDU3NzgxNzY5LGNsa2lkOjQ5ODA3NTE2MjAwNTc3ODE3Njh8cGxtdD0oY2lkOjQwNDI3IGdiaDogaWlkOjQ5ODA3NTE2MjAwNTc3ODE3NjkgbWlkOjYxNjcxIHBpZDoxMDAwMDQgc2lkOi0xIHRpZDoyYzA4ZWIyMy0xY2EzLTRkZGUtYjYyYi0yNWE4NWIwOGExN2IgdHR5cGU6SE9NRV9QQUdFX0JBTk5FUl9NU0UgdmlkOnpiczdnMjJkY25jMGpzeXRza3N4dDZ0ZGhpd3hqejdqMjZnbTVneXZlMjFhZnJzenFkM3E4YmtkbGVoamRzMWkpfHVjPTF8bT02MTY3MXxicz0w&_trkparms=pageci%3A35be97da-ed93-11ea-b5c7-74dbd1802f65%7Cparentrq%3A51f2f3001740aaa30a5a8859ffffef32%7Ciid%3A1 OK 200
https://www.ebay.com/e/home-garden/milwaukee-brand-outlet-123019?_trkparms=pageci%3A35be97da-ed93-11ea-b5c7-74dbd1802f65%7Cparentrq%3A51f2f3001740aaa30a5a8859ffffef32%7Ciid%3A1 OK 200
https://www.ebay.com/e/home-garden/milwaukee-brand-outlet-123019?_trkparms=pageci%3A35be97da-ed93-11ea-b5c7-74dbd1802f65%7Cparentrq%3A51f2f3001740aaa30a5a8859ffffef32%7Ciid%3A1 OK 200
]]></system-out>
    <system-err><![CDATA[Starting ChromeDriver 85.0.4183.87 (cd6713ebf92fa1cacc0f1a598df280093af0c5d7-refs/branch-heads/4183@{#1689}) on port 16364
Only local connections are allowed.
Please see https://chromedriver.chromium.org/security-considerations for suggestions on keeping ChromeDriver safe.
ChromeDriver was started successfully.
Sep 02, 2020 11:11:49 PM org.openqa.selenium.remote.ProtocolHandshake createSession
INFO: Detected dialect: W3C
]]></system-err>
  </testcase>
  <testcase name="afterEachTestMethod[[TestResult name=ebayLinksActivlinksTest status=FAILURE method=BrokenLinksTest.ebayLinksActivlinksTest()[pri:40, instance:regressionTest.BrokenLinksTest@55ca8de8] output=BrokenLinksTest: ebay Links Activlinks Test]](0)" classname="regressionTest.BrokenLinksTest" time="142.766">
    <failure message="no such window: window was already closed&#10;  (Session info: chrome=85.0.4183.83)&#10;Build info: version: &apos;3.141.59&apos;, revision: &apos;e82be7d358&apos;, time: &apos;2018-11-14T08:17:03&apos;&#10;System info: host: &apos;MacBook-Pro-2.home&apos;, ip: &apos;fd4b:8d38:69ba:1:d141:bba4:860f:aef5%en0&apos;, os.name: &apos;Mac OS X&apos;, os.arch: &apos;x86_64&apos;, os.version: &apos;10.15.6&apos;, java.version: &apos;14.0.1&apos;&#10;Driver info: org.openqa.selenium.chrome.ChromeDriver&#10;Capabilities {acceptInsecureCerts: false, browserName: chrome, browserVersion: 85.0.4183.83, chrome: {chromedriverVersion: 85.0.4183.87 (cd6713ebf92fa..., userDataDir: /var/folders/wz/dgqm41w90yg...}, goog:chromeOptions: {debuggerAddress: localhost:54892}, javascriptEnabled: true, networkConnectionEnabled: false, pageLoadStrategy: normal, platform: MAC, platformName: MAC, proxy: Proxy(), setWindowRect: true, strictFileInteractability: false, timeouts: {implicit: 0, pageLoad: 300000, script: 30000}, unhandledPromptBehavior: dismiss and notify, webauthn:virtualAuthenticators: true}&#10;Session ID: 3d5e65625682fe50bcab17b43d8ec130" type="org.openqa.selenium.NoSuchWindowException"><![CDATA[org.openqa.selenium.NoSuchWindowException: 
no such window: window was already closed
  (Session info: chrome=85.0.4183.83)
Build info: version: '3.141.59', revision: 'e82be7d358', time: '2018-11-14T08:17:03'
System info: host: 'MacBook-Pro-2.home', ip: 'fd4b:8d38:69ba:1:d141:bba4:860f:aef5%en0', os.name: 'Mac OS X', os.arch: 'x86_64', os.version: '10.15.6', java.version: '14.0.1'
Driver info: org.openqa.selenium.chrome.ChromeDriver
Capabilities {acceptInsecureCerts: false, browserName: chrome, browserVersion: 85.0.4183.83, chrome: {chromedriverVersion: 85.0.4183.87 (cd6713ebf92fa..., userDataDir: /var/folders/wz/dgqm41w90yg...}, goog:chromeOptions: {debuggerAddress: localhost:54892}, javascriptEnabled: true, networkConnectionEnabled: false, pageLoadStrategy: normal, platform: MAC, platformName: MAC, proxy: Proxy(), setWindowRect: true, strictFileInteractability: false, timeouts: {implicit: 0, pageLoad: 300000, script: 30000}, unhandledPromptBehavior: dismiss and notify, webauthn:virtualAuthenticators: true}
Session ID: 3d5e65625682fe50bcab17b43d8ec130
]]></failure>
  </testcase>
  <testcase name="newWindowTest" classname="regressionTest.NewWindowClassTest" time="5.985">
    <system-out><![CDATA[NewWindowClassTest: new Window Test
NewWindowClassTest: new Window Test
]]></system-out>
    <system-err><![CDATA[Starting ChromeDriver 85.0.4183.87 (cd6713ebf92fa1cacc0f1a598df280093af0c5d7-refs/branch-heads/4183@{#1689}) on port 15570
Only local connections are allowed.
Please see https://chromedriver.chromium.org/security-considerations for suggestions on keeping ChromeDriver safe.
ChromeDriver was started successfully.
Sep 02, 2020 11:14:15 PM org.openqa.selenium.remote.ProtocolHandshake createSession
INFO: Detected dialect: W3C
]]></system-err>
  </testcase>
  <testcase name="newWindowVerificationTest" classname="regressionTest.NewWindowClassTest" time="6.199">
    <system-out><![CDATA[NewWindowClassTest: new Window Verification Test
NewWindowClassTest: new Window Verification Test
NewWindowClassTest: new Window Test
NewWindowClassTest: new Window Test
]]></system-out>
    <system-err><![CDATA[Starting ChromeDriver 85.0.4183.87 (cd6713ebf92fa1cacc0f1a598df280093af0c5d7-refs/branch-heads/4183@{#1689}) on port 32542
Only local connections are allowed.
Please see https://chromedriver.chromium.org/security-considerations for suggestions on keeping ChromeDriver safe.
ChromeDriver was started successfully.
Sep 02, 2020 11:14:23 PM org.openqa.selenium.remote.ProtocolHandshake createSession
INFO: Detected dialect: W3C
]]></system-err>
  </testcase>
  <testcase name="setIFrameTest" classname="regressionTest.IFrameClassTest" time="1.688">
    <system-out><![CDATA[IFrameClassTest: set I Frame Test
no of iFrames on this webPage are 2
[[ChromeDriver: chrome on MAC (5eef9ae2815d281db5c11693c4164b55)] -> tag name: iFrame]
[[ChromeDriver: chrome on MAC (5eef9ae2815d281db5c11693c4164b55)] -> tag name: iFrame]
Frame Source<html lang="en" class="font-marketsans"><head><style>
    .font-marketsans body {
        font-family: "Market Sans", Arial, sans-serif;
    }
</style><script>
    (function() {
        var useCustomFont = ('fontDisplay' in document.documentElement.style) ||
                        (localStorage && localStorage.getItem('ebay-font'));
        if (useCustomFont) {
            document.documentElement.classList.add('font-marketsans');
        }
    })();
</script><link rel="preload" as="image" href="https://ir.ebaystatic.com/pictures/aw/pics/s_1x2.gif"><meta charset="utf-8"><link rel="icon" href="https://pages.ebay.com/favicon.ico"><meta name="viewport" content="width=device-width, initial-scale=1, user-scalable=yes, minimum-scale=1"><meta http-equiv="X-UA-Compatible" content="IE=edge"><link rel="dns-prefetch" href="//ir.ebaystatic.com"><link rel="dns-prefetch" href="//secureir.ebaystatic.com"><link rel="dns-prefetch" href="//i.ebayimg.com"><link rel="dns-prefetch" href="//rover.ebay.com"><script nonce="">$ssgST=new Date().getTime();</script><link href="https://srv.main.ebayrtm.com" rel="preconnect"><noscript><style>
                .js-only {
                    display: none !important;
                }
            </style></noscript><link rel="stylesheet" type="text/css" href="https://ir.ebaystatic.com/rs/v/s5epjua5ga0hpivlfj1b5h4rtum.css?proc=DU:N"><link rel="stylesheet" href="https://ir.ebaystatic.com/rs/c/inception-YXZCVe-0.css">
<link rel="stylesheet" href="https://ir.ebaystatic.com/rs/c/highlnfe-fQ_NbI8D.css"><script>
            window.highline = {"isWebpSupported":true,"isLowBandwidth":false,"lazyLoadAll":true,"lazyLoadOnlyFirstCarouselPage":true,"isPerformanceSpeedReportingEnabled":false,"enable3xSizing":true,"enableRetinaSizing":false,"safeSizeLargeImages":true,"isUfesCachedPage":false};
        </script><script>
        function initLogger() {
            if ($logger) {
                // set interval for iOS with Safari until safari bug resolved
                // https://bugs.webkit.org/show_bug.cgi?id=188329
                var ua = window.navigator.userAgent,
                    isiOS = !!ua.match(/iPad/i) || !!ua.match(/iPhone/i),
                    isWebkit = !!ua.match(/WebKit/i),
                    isiOSSafari = isiOS && isWebkit && !ua.match(/CriOS/i),
                    flushInterval = isiOSSafari ? 2000 : 0;
                var loggerConfig = {
                    url: "/api/log?pageid=2481888&pagename=highline_homepage_large",
                    flushInterval: flushInterval, // in ms, time between flushing queued logs. If 0, flushes when page is hidden or beforeunload
                    samplingRate: 10, // rate to be used for clien-side sampling, 10 === 10%
                    sendMetrics: true,
                    isInSampling: undefined, // will send if true and not check for client-side sampling
                    isSendCritical: false, // will send if critical error even if not in sampling
                    logLevels: ['error'],
                    maxAttempts: 10
                };
                $logger.init(loggerConfig);
                $logger.registerPlugin('custom', function(payload) {
                    payload.ebay = {
                        pageName: "highline_homepage_large",
                        highlineVersion: "91.1.2",
                        rlogid: "t6klaook%60b0%3D%3C%3Dqkiojbnkmcc4%3B(v%7Fq0p*w%60ut3542-17451f56a59-0x805",
                        pageid: "2481888",
                        isCacheCreateCall: window.highline.isUfesCachedPage
                    };
                });
            }
        }
    </script><script src="https://ir.ebaystatic.com/rs/c/makeebayfasterscript-src-scripts-logger-cbdc5549.js" onload="initLogger()"></script><script nonce="">!function(){var f,a;if("undefined"!=typeof window){if((f=window).$_mod)return;f.global=f}var v={},h=[],e=!1,o=[],u={},s={},l={},g={},p={},c={},d={};function x(n,r){var t=new Error('Cannot find module "'+n+'"'+(r?' from "'+r+'"':""));return t.code="MODULE_NOT_FOUND",t}function b(n){this.id=this.filename=n,this.loaded=!1,this.exports=void 0}b.cache=u;var r=b.prototype;function w(n){for(var r=0,t=n.length,i=0;i<t;i++){var e=n[i];"."===e||(".."===e?r--:(n[r]=e,r++))}return 1===r?"/":(2<r&&0===n[r-1].length&&r--,n.length=r,n.join("/"))}function O(n,r){var t=r.split("/");return w(("/"==n?[""]:n.split("/")).concat(t))}function m(n,r){"/"===n.charAt(n.length-1)&&(n=n.slice(0,-1));var t=l[n];if(t)return t;var i,e=function(n){var r=(n=n.substring(1)).indexOf("/");"@"===n.charAt(1)&&(r=n.indexOf("/",r+1));var t=-1===r?n.length:r;return[n.substring(0,t),n.substring(t)]}(r)[0],o=n.indexOf("/"),a=o<0?(i=n,""):("@"===n.charAt(0)&&(o=n.indexOf("/",o+1)),i=n.substring(0,o),n.substring(o)),u=s[e+"/"+i];if(u){var f="/"+i+"$"+u;return a&&(f+=a),f}}function _(n,r){var t,i;if("."===n.charAt(0))t=O(r,n);else if("/"===n.charAt(0))t=w(n.split("/"));else{for(var e=h.length,o=0;o<e;o++){var a=_(h[o]+n,r);if(a)return a}t=m(n,r)}if(t){void 0!==(i=g[t])&&(t=O(t,i=i||"index"));var u=p[t];u&&(t=u);var f,s,l,c,d=v[t];if(void 0===d){if(null===(f=-1===(c=(s=t).lastIndexOf("."))||-1!==(l=s.lastIndexOf("/"))&&c<l?null:s.substring(0,c))||void 0===(d=v[f]))return;t=f}return[t,d]}}function A(n,r){if(!n)throw x("");var t=_(n,r);if(!t)throw x(n,r);var i=t[0];if(void 0!==(o=u[i]))return o;if(d.hasOwnProperty(i))return d[i];var e=t[1],o=new b(i);return(u[i]=o).load(e),o}function t(n,r){return A(n,r).exports}function y(n,r){if((!r||!1!==r.wait)&&!e)return o.push([n,r]);t(n,"/")}function n(){var n;for(e=!0;n=o.length;){var r=o;o=[];for(var t=0;t<n;t++){var i=r[t];y(i[0],i[1])}if(!e)break}}r.load=function(n){var r,t,i,e,o=this.id;n&&n.constructor===Function?(r=o.lastIndexOf("/"),t=o.substring(0,r),i=c[t]||(c[t]={}),(e=function(n){return(i[n]||(i[n]=A(n,t))).exports}).resolve=function(n){if(!n)throw x("");var r=_(n,t);if(!r)throw x(n,t);return r[0]},e.cache=u,e.runtime=a,this.exports={},n.call(this,e,this.exports,this,o,t)):this.exports=n,this.loaded=!0};function i(){--I||n()}var I=0;r.__runtime=a={def:function(n,r,t){var i=t&&t.globals;if(v[n]=r,i)for(var e=f||global,o=0;o<i.length;o++){var a=i[o],u=d[n]=A(n);e[a]=u.exports}},installed:function(n,r,t){s[n+"/"+r]=t},run:y,main:function(n,r){g[n]=r},remap:function(n,r){p[n]=r},builtin:function(n,r){l[n]=r},require:t,resolve:_,join:O,ready:n,searchPath:function(n){h.push(n)},loaderMetadata:function(n){r.__loaderMetadata=n},pending:function(){return e=!1,I++,{done:i}}},f?f.$_mod=a:module.exports=a}();
$_mod.searchPath("/highlnfe$91.1.2/");
$_mod.main("/highlnfe$91.1.2/src/components/utils/lazy-load-images","");
$_mod.def("/highlnfe$91.1.2/src/components/utils/dom-util/is-on-screen",function(i,n,t,e,o){"use strict";t.exports=function(i,n,t){var e=t||0,o=window.innerHeight,d=void 0,d=window.highline.lazyLoadOnlyFirstCarouselPage?window.innerWidth:n||2*window.innerWidth,r=i.getBoundingClientRect(),h=r.top<=o+e&&0<=r.top+r.height,l=r.left<d&&0<r.left+r.width;return h&&l}});
$_mod.installed("highlnfe$91.1.2","@ebay/nodash","1.1.1");
$_mod.main("/@ebay/nodash$1.1.1/throttle","");
$_mod.def("/@ebay/nodash$1.1.1/throttle/index",function(t,n,o,e,i){"use strict";o.exports=function(n){var o,e=1<arguments.length&&void 0!==arguments[1]?arguments[1]:250;return function(){var t=Date.now();(!o||o+e<t)&&(o=t,n.apply(void 0,arguments))}}});
$_mod.installed("highlnfe$91.1.2","zoom-js","1.1.0");
$_mod.main("/zoom-js$1.1.0","dist/index");
$_mod.def("/zoom-js$1.1.0/dist/index",function(t,e,n,i,r){"use strict";var s=/(?:\d*\.)?\d+/g,o=[64,96,140,200,225,300,400,500,640,960,1200,1600],c="undefined"!=typeof window,a={containsThumbs:function(t){return-1<t.indexOf("thumbs")},isZoomUrl:function(t){var e=this.containsThumbs(t)?8:7;return!(t.length!==e||!t[t.length-1].match("s-l"))||(console.debug("This image url is not valid Zoom format: ".concat(t.join("/"))),!1)},getParts:function(t,e){return t.split(e)},replaceType:function(t,e,n){var i,r=t,o=n?7:6,a=e.type||!e.cachedPage&&e.webp&&"webp";return a&&((i=this.getParts(r[o],"."))[1]=a,r[o]=i.join(".")),r},getNearestSize:function(t){for(var e=0;e<o.length-1;e++)if(t<=o[e])return o[e];return o[e]},getConnection:function(){return"undefined"!=typeof navigator&&navigator.connection&&navigator.connection.effectiveType},isLowBandwidth:function(t){var e=this.getConnection();return e?["slow-2g","2g","3g"].filter(function(t){return t===e}).length:!t.cachedPage&&t.lowBandwidth},replaceSize:function(t,e,n){var i=t,r=n?7:6,o=e.size?e.size:i[r].match(s)[0];c&&window.innerWidth<o&&e.safeSizeImages&&(o=this.getNearestSize(window.innerWidth));var a=c&&window.devicePixelRatio||1;return!e.disableHDSizing&&1<a&&!e.lowBandwidth&&(e.disable3xSizing?o*=2:o*=a),i[r]=i[r].replace(s,this.getNearestSize(o)),i},transformUrl:function(t){var e=this.getParts(t.src,"/"),n=this.containsThumbs(e);return this.isZoomUrl(e)?(e=this.replaceSize(e,t,n),(e=this.replaceType(e,t,n)).join("/")):t.src}};n.exports=function(){var r=0<arguments.length&&void 0!==arguments[0]?arguments[0]:{};return r.lowBandwidth=a.isLowBandwidth(r),function(e,n,i){try{var t=Object.create(r);return t.src=e,n&&(t.size=n),i&&(t.type=i),a.transformUrl(t)}catch(t){return console.debug("There was an error trying to transform this zoom url: ".concat(e,", size: ").concat(n,", type: ").concat(i,", ").concat(t.stack)),e}}},n.exports.helpers=a});
$_mod.def("/highlnfe$91.1.2/src/components/utils/lazy-load-images/index",function(e,n,t,a,i){"use strict";function d(e){return parseInt(e.getAttribute(h))}function r(e){"loading"!==document.readyState?e():document.addEventListener("DOMContentLoaded",e)}var o=100,l=e("/highlnfe$91.1.2/src/components/utils/dom-util/is-on-screen"),s=e("/@ebay/nodash$1.1.1/throttle/index"),c=e("/zoom-js$1.1.0/dist/index"),u="data-src",m="load",g="scroll",p="resize",w="error",f="lazyLoad",h="data-load-time",v="hl-carousel-pagination",y="hl-carousel-scroll",E="hl-carousel-auto-update",T="addEventListener",L="removeEventListener",S="removeAttribute",I="getElementsByClassName",b=void 0,A=window.performance&&window.performance.timing,z=void 0,H=Array.prototype.slice,q={hasSpeedMetricsReported:!1,queue:[],startTime:"undefined"==typeof $ssgST?Date.now():$ssgST,init:function(){q.zoomClient=c({webp:window.highline.isWebpSupported,lowBandwidth:window.highline.isLowBandwidth,cachedPage:window.highline.isUfesCachedPage,disableHDSizing:!window.highline.enableRetinaSizing}),window.lazyLoad=window.lazyLoad||{};var e=window.lazyLoad;b=window.highline.isPerformanceSpeedReportingEnabled&&window.performance&&window.performance.mark&&window.performance.getEntriesByName&&window.performance.timing,e.addToQueue=function(e,n){if(e[S]("onload"),e.hasAttribute("data-load-immediately"))return n?q.loadImageDiv({target:e.parentElement}):q.loadImage({target:e});var t;n?((t=e.parentElement)[T](f,q.loadImageDiv),q.queue.unshift(t),q.loadImageIfVisible(t)):(e[T](f,q.loadImage),q.queue.unshift(e),q.loadImageIfVisible(e))},r(function(){z=$rmod.require("/$/raptor-pubsub")}),window.highline.lazyLoadAll?window[T](m,q.loadAll):(q.resizeHandler=s(q.handler,o),q.paginationHandler=s(q.carouselHandler,o),q.scrollHandler=s(q.handler,o),q.autoUpdateHandler=s(q.handler,o),window[T](g,q.scrollHandler),window[T](p,q.resizeHandler),r(function(){z.on(v,q.paginationHandler),z.on(y,q.paginationHandler),z.on(E,q.autoUpdateHandler)})),window[T](m,q.reportATFTime)},tearDown:function(){window.highline.lazyLoadAll?window[L](m,q.loadAll):(window[L](g,q.scrollHandler),window[L](p,q.resizeHandler),z.removeListener(v,q.paginationHandler),z.removeListener(y,q.paginationHandler),z.removeListener(E,q.autoUpdateHandler)),window[L](m,q.reportATFTime)},reportATFTime:function(){var e,n,t,a,i,r={};b?(e=window.performance.getEntriesByName("eBaySpeed_ATF"))&&e.length&&(n=e[0],t=(window.performance.timeOrigin||A.navigationStart)+n.startTime,r.jsljgr2=t-q.startTime,r.i_29i=t-A.responseStart):(i=(a=H.call(document[I]("hl-atf-module-js"),0,2).reduce(function(e,n){return e.concat(H.call(n.querySelectorAll("["+h+"]")))},[]).sort(function(e,n){return d(n)-d(e)})[0])?d(a):Date.now(),r.jsljgr2=i-q.startTime,A&&(r.i_29i=i-A.responseStart)),q.hasSpeedMetricsReported=!0;var o=new Event("site-speed-ebay.metricsData");o.detail=r,document.dispatchEvent(o)},setLoadTime:function(n){var e,t=Date.now();return b?(e=H.call(document[I]("hl-atf-module-js"),0,2))&&e.length&&e.some(function(e){return e.contains(n)})&&(window.performance.clearMarks("eBaySpeed_ATF"),window.performance.mark("eBaySpeed_ATF"),t=(window.performance.timeOrigin||A.navigationStart)+window.performance.getEntriesByName("eBaySpeed_ATF")[0].startTime):n.setAttribute(h,t),t},getLoadTime:d,getSrc:function(e){var n=e.dataset;return q.zoomClient(n.src,parseInt(n.size,10))},loadImage:function(e){function t(){a&&(q.setLoadTime(a),a[L](f,q.loadImage),a.style.opacity=0,q.reportError(a))}var a=e.target,n=q.getSrc(a);a[T](m,function e(n){a&&(q.setLoadTime(a),a[L](m,e),a[L](w,t),a[S](u),a.style.opacity=1)}),a[T](w,t),a.src=n},loadImageDiv:function(e){var t,a,i=e.target,r=q.getSrc(i);r?(t=i.children[1],a=function(){i&&t&&(q.setLoadTime(t),i.removeChild(t),t=null,i[L](f,q.loadImage),i.style.backgroundImage="none",i[S](u),i.children[0].style.opacity=1,q.reportError(i))},t[T](m,function e(n){i&&t&&(q.setLoadTime(t),t.src=r,t[L](m,e),t[L](w,a),i.style.backgroundImage="url('"+r+"')",i[S](u),i.children[0].style.opacity=0)}),t[T](w,a),t.src=r):console.error("Can't find source of image",i)},reportError:function(e){e&&!q.hasSpeedMetricsReported&&console.error('{"type":"critical","desc":"ATF image failed to load","src":"'+e.src+'"}')},loadImageIfVisible:function(e,n,t){var a,i=e.parentElement.classList.contains("hl-image-js")?e.parentElement:e;l(i,t,200)&&((a=document.createEvent("Event")).initEvent(f,!1,!1),e.dispatchEvent(a),q.queue.splice(n||0,1))},loadAll:function(){for(var e=q.queue.length-1;0<=e;e--){var n=document.createEvent("Event");n.initEvent("lazyLoad",!1,!1),q.queue[e].dispatchEvent(n),q.queue.splice(e||0,1)}},iterateOverQueue:function(e){if(0!==q.queue.length)for(var n=q.queue.length-1;0<=n;n--)q.loadImageIfVisible(q.queue[n],n,e)},handler:function(){q.iterateOverQueue()},carouselHandler:function(e){var n,t;e&&(t=2*(n=e.getBoundingClientRect()).width+n.left,q.iterateOverQueue(t))}};t.exports=q});
$_mod.def("/highlnfe$91.1.2/src/pages/index/client-init",function(i,n,e,s,t){"use strict";i("/highlnfe$91.1.2/src/components/utils/lazy-load-images/index").init()});
$_mod.run("/highlnfe$91.1.2/src/pages/index/client-init",{wait:!1});</script><link rel="alternate" href="https://www.ebay.at" hreflang="de-at"><link rel="alternate" href="https://bo.ebay.com" hreflang="es-BO"><link rel="alternate" href="https://sv.ebay.com" hreflang="es-SV"><meta name="description" content="Buy &amp; sell electronics, cars, clothes, collectibles &amp; more on eBay, the world's online marketplace. Top brands, low prices &amp; free shipping on many items."><link rel="alternate" href="https://mx.ebay.com" hreflang="es-MX"><meta name="twitter:card" content="summary"><link rel="alternate" href="https://br.ebay.com" hreflang="pt-BR"><link rel="alternate" href="https://www.ebay.nl" hreflang="nl-nl"><link rel="alternate" href="https://www.ebay.pl" hreflang="pl-pl"><link rel="alternate" href="https://cn.ebay.com" hreflang="zh-CN"><link rel="alternate" href="https://www.ebay.com.sg" hreflang="en-sg"><link rel="alternate" href="https://www.ebay.ca" hreflang="en-ca"><link rel="alternate" href="https://www.befr.ebay.be" hreflang="fr-be"><link rel="alternate" href="https://ec.ebay.com" hreflang="es-EC"><link rel="canonical" href="https://www.ebay.com"><link rel="alternate" href="https://pt.ebay.com" hreflang="pt-PT"><link rel="alternate" href="https://ru.ebay.com" hreflang="ru-RU"><link rel="alternate" href="https://www.ebay.com" hreflang="en-us"><link rel="preconnect" href="https://ir.ebaystatic.com"><link rel="alternate" href="https://www.ebay.ie" hreflang="en-ie"><link rel="alternate" href="https://www.ebay.es" hreflang="es-es"><link rel="alternate" href="https://hn.ebay.com" hreflang="es-HN"><link rel="alternate" href="https://www.ebay.ph" hreflang="en-ph"><link rel="alternate" href="https://www.ebay.fr" hreflang="fr-fr"><meta name="msvalidate.01" content="34E98E6F27109BE1A9DCF19658EEEE33"><meta name="twitter:image" content="https://ir.ebaystatic.com/cr/v/c1/ebay-logo-1-1200x630-margin.png"><meta name="yandex-verification" content="6e11485a66d91eff"><meta http-equiv="content-language" content="en-us"><link rel="alternate" href="https://www.benl.ebay.be" hreflang="nl-be"><meta property="og:url" content="https://www.ebay.com"><link rel="alternate" href="https://www.ebay.com.au" hreflang="en-au"><link rel="alternate" href="https://by.ebay.com" hreflang="ru-BY"><meta name="google-site-verification" content="8kHr3jd3Z43q1ovwo0KVgo_NZKIEMjthBxti8m8fYTg"><link rel="alternate" href="https://co.ebay.com" hreflang="es-CO"><meta property="fb:app_id" content="102628213125203"><link rel="alternate" href="https://www.ebay.com.my" hreflang="en-my"><link rel="alternate" href="https://gt.ebay.com" hreflang="es-GT"><link rel="alternate" href="https://www.cafr.ebay.ca" hreflang="fr-ca"><meta property="og:description" content="Buy &amp; sell electronics, cars, clothes, collectibles &amp; more on eBay, the world's online marketplace. Top brands, low prices &amp; free shipping on many items."><link rel="alternate" href="https://www.ebay.de" hreflang="de-de"><meta name="referrer" content="unsafe-url"><link rel="alternate" href="https://www.ebay.co.uk" hreflang="en-gb"><link rel="alternate" href="https://ve.ebay.com" hreflang="es-VE"><link rel="alternate" href="https://do.ebay.com" hreflang="es-DO"><meta name="y_key" content="acf32e2a69cbc2b0"><link rel="alternate" href="https://cl.ebay.com" hreflang="es-CL"><link rel="alternate" href="https://cr.ebay.com" hreflang="es-CR"><meta property="og:image" content="https://ir.ebaystatic.com/cr/v/c1/ebay-logo-1-1200x630-margin.png"><link rel="alternate" href="https://il.ebay.com" hreflang="en-IL"><meta property="og:type" content="website"><link rel="alternate" href="https://pa.ebay.com" hreflang="es-PA"><link rel="alternate" href="https://uy.ebay.com" hreflang="es-UY"><link rel="alternate" href="https://ar.ebay.com" hreflang="es-AR"><meta name="twitter:description" content="Buy &amp; sell electronics, cars, clothes, collectibles &amp; more on eBay, the world's online marketplace. Top brands, low prices &amp; free shipping on many items."><meta name="twitter:site" content="@eBay"><title>Electronics, Cars, Fashion, Collectibles &amp; More | eBay</title><link rel="alternate" href="https://www.ebay.it" hreflang="it-it"><meta property="og:site_name" content="eBay"><link rel="alternate" href="https://kz.ebay.com" hreflang="ru-KZ"><link rel="alternate" href="https://www.ebay.ch" hreflang="de-ch"><meta name="360-site-verification" content="5f0e3731bf6d3fc8b2f58b1a585a788f"><link href="https://i.ebayimg.com" rel="preconnect"><link rel="alternate" href="https://pr.ebay.com" hreflang="es-PR"><link rel="alternate" href="https://in.ebay.com" hreflang="en-in"><link rel="alternate" href="https://py.ebay.com" hreflang="es-PY"><link rel="alternate" href="https://www.ebay.com.hk" hreflang="zh-hk"><meta name="twitter:title" content="Electronics, Cars, Fashion, Collectibles &amp; More | eBay"><meta property="og:title" content="Electronics, Cars, Fashion, Collectibles &amp; More | eBay"><link rel="alternate" href="https://ni.ebay.com" hreflang="es-NI"><link rel="alternate" href="https://pe.ebay.com" hreflang="es-PE"><!-- NGMARS SIGNATURE --><script type="application/ld+json">
            {
                "@context": "http://schema.org",
                "@type": "WebSite",
                "url": "https://www.ebay.com",
                "potentialAction": {
                    "@type": "SearchAction",
                    "target": "https://www.ebay.com/sch/i.html?_nkw={srch_str}&ssPageName=GSTL",
                    "query-input": "required name=srch_str"
                }
            }
        </script><script type="text/javascript" async="true" src="//www.ebay.com/scl/js/ScandalLoader.js"></script><script async="" type="text/javascript" src="https://ir.ebaystatic.com/cr/v/c1/sc/ScandalJS-2.1.20.min.js"></script></head><body class="desktop gh-flex"><div id="gh-gb" class="gh-sch-prom" tabindex="-1"></div><svg hidden=""><symbol id="icon-arrow-right-bold" viewBox="1.2 2.1 22 21"><path d="M11.704 22.098a1.48 1.48 0 01-1.02-.386 1.38 1.38 0 01-.413-.996c0-.375.146-.721.415-.978.411-.397 5.078-4.857 6.494-6.21H2.706c-1.035 0-1.506-.726-1.506-1.4 0-.679.471-1.406 1.506-1.406h14.472c-1.42-1.353-6.02-5.736-6.497-6.213-.292-.291-.445-.635-.442-.996a1.37 1.37 0 01.447-.975c.501-.479 1.354-.681 2.037.003.561.56 9.765 9.334 9.856 9.423l.173.163-.172.162c-.093.09-9.407 8.985-9.86 9.422-.264.258-.639.387-1.016.387"></path></symbol><symbol viewBox="0 0 8 14" id="icon-carousel-next"><path d="M1.005 14a1 1 0 01-.71-1.71l5.296-5.288L.296 1.714A1.004 1.004 0 011.714.294L7.71 6.292a1 1 0 010 1.41L1.714 13.7a.999.999 0 01-.709.3z"></path></symbol><symbol viewBox="0 0 8 14" id="icon-carousel-prev"><path d="M7.004 14a.999.999 0 01-.71-.291L.29 7.683a1.007 1.007 0 010-1.416L6.293.241a.998.998 0 011.359.053c.37.371.392.965.052 1.364L2.412 6.97l5.292 5.313c.287.286.375.717.221 1.093a1 1 0 01-.921.624z"></path></symbol><symbol viewBox="0 0 24 24" id="icon-pause"><path fill-rule="evenodd" d="M12 0c6.627 0 12 5.373 12 12s-5.373 12-12 12S0 18.627 0 12 5.373 0 12 0zm0 2C6.477 2 2 6.477 2 12s4.477 10 10 10 10-4.477 10-10S17.523 2 12 2zM9 6a1 1 0 011 1v10a1 1 0 01-2 0V7a1 1 0 011-1zm6 0a1 1 0 011 1v10a1 1 0 01-2 0V7a1 1 0 011-1z"></path></symbol><symbol id="icon-chevron-down-bold" viewBox="1.35 5.7 21.6 12.58"><path d="M12.186 18.285c-.451-.009-.809-.167-1.075-.441l-9.337-9.6a1.527 1.527 0 01-.424-.999v-.108c.015-.386.166-.741.424-1.008.56-.573 1.529-.57 2.082 0l8.294 8.53 8.292-8.532c.558-.57 1.526-.57 2.08 0 .265.27.416.629.428 1.01v.087c-.012.391-.165.75-.427 1.02l-9.333 9.6a1.443 1.443 0 01-1.004.441"></path></symbol></svg><script>$MG={"displayWidth":-1,"userIdSignIn":null}</script><script>
            // so we can add no-js styles as well
            document.body.classList.remove("hl-no-js");
        </script><div class="hl-pushdown" style="background-color:#FFFFFF;"><div class="hl-pushdown__wrapper"><div id="scandal100713" title="advertisement" class="hl-pushdown__container"></div><div id="scandalExpanded" title="advertisement" class="hl-pushdown__container transparent"></div><button type="button" disabled="" style="background-color:#FFFFFF;color:inherit;" class="hl-pushdown__toggle" data-marko="{&quot;onclick&quot;:&quot;togglePushdown s1 false&quot;}">Open <svg width="14px" height="8px" viewBox="0 0 14 8" version="1.1" xmlns="https://www.w3.org/2000/svg" xmlns:xlink="http://www.w3.org/1999/xlink"><desc>Expand Svg</desc><defs></defs><g id="btn-expand" stroke="none" stroke-width="1" fill="none" fill-rule="evenodd"><g fill-rule="nonzero" fill="inherit"><g><polygon points="6.5355339 6.8994949 6.7071068 7.0710678 13.0710678 0.7071068 12.363961 0 6.5355339 5.8284271 0.7071068 0 0 0.7071068 6.363961 7.0710678"></polygon></g></g></g></svg></button></div><div class="hl-pushdown__overlay" data-marko="{&quot;onclick&quot;:&quot;togglePushdown s1 false&quot;}"></div></div><style nonce="">.gh-hide-if-nocss{display:none;}.gh-ar-hdn{color:#fff}</style> <div class="gh-acc-exp-div gh-hide-if-nocss"><a id="gh-hdn-stm" class="gh-acc-a" href="#mainContent">Skip to main content</a></div><!--[if lt IE 9]><div id="gh" role="banner" class="gh-IE8 gh-flex gh-pre-js gh-w gh-simpleH "><![endif]--><div class="gh_stickyheader--wrapper"><div class="gh_stickyheader "><header id="gh" role="banner" data-sticky-imp-tracking="true" data-treatment="226853" data-sp="46888" class="gh-ui-6-5 gh-w gh-sch-prom gh-simpleH"><table class="gh-tbl" role="presentation"><tbody><tr><td class="gh-td"><h1 id="gh-l-h1"><!--[if lt IE 9]><a href="https://www.ebay.com/" _sp="m570.l2586" id="gh-la"><img width=117 height=120 style='clip:rect(47px, 118px, 95px, 0px); position:absolute; top:-47px;left:0' alt="eBay Logo" src="https://ir.ebaystatic.com/rs/v/apstidvcvu5pxlbxkphrrdo5iqv.png" id="gh-logo"></a><![endif]--><a href="https://www.ebay.com/" _sp="m570.l2586" id="gh-la"><img width="250" height="200" style="clip:rect(47px, 118px, 95px, 0px); position:absolute; top:-47px;left:0" alt="eBay Logo" src="https://ir.ebaystatic.com/rs/v/fxxj3ttftm5ltcqnto1o4baovyl.png" id="gh-logo"></a></h1></td><td class="gh-td"><div id="gh-shop" class="gh-hide-if-nocss"><button id="gh-shop-a" aria-expanded="false" class="gh-control" aria-controls="gh-sbc-o">Shop by category<i id="gh-shop-ei" class="gh-sprRetina"></i></button><div id="gh-sbc-o" class="gh-o"><h2 class="gh-ar-hdn">Shop by category</h2><table id="gh-sbc" role="presentation"><tbody><tr><td><h3 class="gh-sbc-parent"><a title="" href="https://www.ebay.com/b/Collectibles-Art/bn_7000259855" _sp="m570.l3410">Collectibles &amp; art<i class="gh-sbc-h3i gh-sprRetina"></i></a></h3><ul><li><a class="scnd" href="https://www.ebay.com/b/Collectibles/1/bn_1858810" _sp="m570.l3638">Collectibles</a></li><li><a class="scnd" href="https://www.ebay.com/b/Coins-Paper-Money/11116/bn_1857806" _sp="m570.l3637">Coins &amp; paper money</a></li><li><a class="scnd" href="https://www.ebay.com/b/Antiques/20081/bn_1851017" _sp="m570.l3636">Antiques</a></li><li><a class="scnd" href="https://www.ebay.com/b/Sports-Memorabilia-Fan-Shop-Sports-Cards/64482/bn_1857919" _sp="m570.l3639">Sports memorabilia</a></li></ul><h3 class="gh-sbc-parent"><a title="Your shopping destination for the best selection and value in electronics and accessories" href="https://www.ebay.com/b/Electronics/bn_7000259124" _sp="m570.l3413">Electronics<i class="gh-sbc-h3i gh-sprRetina"></i></a></h3><ul><li><a class="scnd" href="https://www.ebay.com/b/Computers-Tablets-Network-Hardware/58058/bn_1865247" _sp="m570.l3653">Computers &amp; tablets</a></li><li><a class="scnd" href="https://www.ebay.com/b/Cameras-Photo/625/bn_1865546" _sp="m570.l3654">Cameras &amp; photo</a></li><li><a class="scnd" href="https://www.ebay.com/b/TV-Video-Home-Audio-Electronics/32852/bn_1648392" _sp="m570.l3655">TV, audio &amp; surveillance</a></li><li><a class="scnd" href="https://www.ebay.com/b/Cell-Phones-Smart-Watches-Accessories/15032/bn_1865441" _sp="m570.l3652">Cell phones &amp; accessories</a></li></ul><h3 class="gh-sbc-parent"><a title="" href="https://www.ebay.com/b/Entertainment-Memorabilia/45100/bn_1859756" _sp="m570.l3649">Entertainment memorabilia<i class="gh-sbc-h3i gh-sprRetina"></i></a></h3><ul><li><a class="scnd" href="https://www.ebay.com/b/Video-Games-Consoles/1249/bn_1850232" _sp="m570.l3275">Video games &amp; consoles</a></li><li><a class="scnd" href="https://www.ebay.com/b/Music/bn_7000710860" _sp="m570.l3771">Music</a></li><li><a class="scnd" href="https://www.ebay.com/b/DVDs-Blu-ray-Discs/617/bn_223828" _sp="m570.l4133">DVDs &amp; movies</a></li><li><a class="scnd" href="https://www.ebay.com/b/Tickets-Experiences/1305/bn_1861080" _sp="m570.l3274">Tickets &amp; experiences</a></li></ul></td><td><h3 class="gh-sbc-parent"><a title="Your new destination for Clothing, Shoes &amp; Accessories on eBay" href="https://www.ebay.com/b/Fashion/bn_7000259856" _sp="m570.l3409">Fashion<i class="gh-sbc-h3i gh-sprRetina"></i></a></h3><ul><li><a class="scnd" href="https://www.ebay.com/b/Womens-Clothing/15724/bn_661783" _sp="m570.l3632">Women</a></li><li><a class="scnd" href="https://www.ebay.com/b/Mens-Clothing/1059/bn_696958" _sp="m570.l3633">Men</a></li><li><a class="scnd" href="https://www.ebay.com/b/Watches-Parts-Accessories/14324/bn_2408535" _sp="m570.l3634">Watches</a></li><li><a class="scnd" href="https://www.ebay.com/b/Shoes/bn_7000259122" _sp="m570.l3635">Shoes</a></li></ul><h3 class="gh-sbc-parent"><a title="" href="https://www.ebay.com/b/Home-Garden/11700/bn_1853126" _sp="m570.l3412">Home &amp; garden<i class="gh-sbc-h3i gh-sprRetina"></i></a></h3><ul><li><a class="scnd" href="https://www.ebay.com/b/Yard-Garden-Outdoor-Living-Items/159912/bn_1853607" _sp="m570.l3646">Yard, garden &amp; outdoor</a></li><li><a class="scnd" href="https://www.ebay.com/b/Art-Craft-Supplies/14339/bn_1851051" _sp="m570.l3647">Crafts</a></li><li><a class="scnd" href="https://www.ebay.com/b/Home-Improvement/159907/bn_1851980" _sp="m570.l4131">Home improvement</a></li><li><a class="scnd" href="https://www.ebay.com/b/Pet-Supplies/1281/bn_1853597" _sp="m570.l3773">Pet supplies</a></li></ul><h3 class="gh-sbc-parent"><a title="Buy and sell cars, trucks, vehicle parts, and accessories" href="https://www.ebay.com/b/Auto-Parts-and-Vehicles/6000/bn_1865334" _sp="m570.l3411">Motors<i class="gh-sbc-h3i gh-sprRetina"></i></a></h3><ul><li><a class="scnd" href="https://www.ebay.com/b/Auto-Parts-Accessories/6028/bn_569479" _sp="m570.l3640">Parts &amp; accessories</a></li><li><a class="scnd" href="https://www.ebay.com/b/Cars-Trucks/6001/bn_1865117" _sp="m570.l3641">Cars &amp; trucks</a></li><li><a class="scnd" href="https://www.ebay.com/b/Motorcycles/6024/bn_1865434" _sp="m570.l3642">Motorcycles</a></li><li><a class="scnd" href="https://www.ebay.com/b/Other-Vehicles-Trailers/6038/bn_1865426" _sp="m570.l3643">Other vehicles</a></li></ul></td><td><h3 class="gh-sbc-parent"><a title="" href="https://www.ebay.com/b/Sporting-Goods/888/bn_1865031" _sp="m570.l3414">Sporting goods<i class="gh-sbc-h3i gh-sprRetina"></i></a></h3><ul><li><a class="scnd" href="https://www.ebay.com/b/Outdoor-Sports/159043/bn_1855398" _sp="m570.l3648">Outdoor sports</a></li><li><a class="scnd" href="https://www.ebay.com/b/Team-Sports/159049/bn_1865097" _sp="m570.l4135">Team sports</a></li><li><a class="scnd" href="https://www.ebay.com/b/Fitness-Running-Yoga-Equipment/15273/bn_1855426" _sp="m570.l3650">Exercise &amp; fitness</a></li><li><a class="scnd" href="https://www.ebay.com/b/Golf-Equipment/1513/bn_1849088" _sp="m570.l3651">Golf</a></li></ul><h3 class="gh-sbc-parent"><a title="" href="https://www.ebay.com/b/Toys-Hobbies/220/bn_1865497" _sp="m570.l3645">Toys &amp; hobbies<i class="gh-sbc-h3i gh-sprRetina"></i></a></h3><ul><li><a class="scnd" href="https://www.ebay.com/b/Vintage-Antique-Toys/717/bn_1860860" _sp="m570.l4184">Vintage &amp; antique toys</a></li><li><a class="scnd" href="https://www.ebay.com/b/Kids-Toys-Hobbies/220/bn_80740459" _sp="m570.l4185">Kids toys</a></li><li><a class="scnd" href="https://www.ebay.com/b/Action-Figures/246/bn_1648288" _sp="m570.l1615">Action figures</a></li><li><a class="scnd" href="https://www.ebay.com/b/Dolls-Teddy-Bears/237/bn_1865477" _sp="m570.l4186">Dolls &amp; bears</a></li></ul><h3 class="gh-sbc-parent"><a title="" href="https://www.ebay.com/n/all-categories" _sp="m570.l3416">Other categories<i class="gh-sbc-h3i gh-sprRetina"></i></a></h3><ul><li><a class="scnd" href="https://www.ebay.com/b/Gift-Cards-Coupons/172008/bn_1858592" _sp="m570.l3417">Gift Cards</a></li><li><a class="scnd" href="https://www.ebay.com/b/Health-Beauty/26395/bn_1865479" _sp="m570.l3420">Health &amp; beauty</a></li><li><a class="scnd" href="https://www.ebay.com/b/Musical-Instruments-Gear/619/bn_1865601" _sp="m570.l3772">Musical instruments &amp; gear</a></li><li><a class="scnd" href="https://www.ebay.com/b/Business-Industrial/12576/bn_1853744" _sp="m570.l3768">Business &amp; industrial</a></li></ul><h3 class="gh-sbc-parent"><a title="" href="https://www.ebay.com/n/all-brands" _sp="m570.l45017" id="gh-shop-by-brand">All Brands<i class="gh-sbc-h3i gh-sprRetina"></i></a></h3><h3 class="gh-sbc-parent"><a title="" href="https://www.ebay.com/n/all-categories" _sp="m570.l3601" id="gh-shop-see-all-center">All Categories<i class="gh-sbc-h3i gh-sprRetina"></i></a></h3></td></tr></tbody></table></div></div></td><td class="gh-td-s"><form id="gh-f" method="get" action="https://www.ebay.com/sch/i.html"><input type="hidden" value="R40" name="_from"><input type="hidden" name="_trksid" value="m570.l1313"><table class="gh-tbl2" role="presentation"><tbody><tr><td class="gh-td-s"><div id="gh-ac-box"><div id="gh-ac-box2"><label for="gh-ac" class="gh-ar-hdn">Enter your search keyword</label><input type="text" class="gh-tb ui-autocomplete-input" size="50" maxlength="300" aria-label="Search for anything" placeholder="Search for anything" id="gh-ac" name="_nkw" autocapitalize="off" autocorrect="off" spellcheck="false" autocomplete="off"><input style="display:none"><script> if(document.getElementById('gh-ac').value.length !== 0) { document.getElementById('gh-ac-box').classList.add('gh-ac-box-focus'); document.getElementById('gh').classList.add('gh-sch-focus'); } </script><svg aria-hidden="true" class="icon icon--search gh-search__icon" focusable="false" height="14" width="14"><use xlink:href="#icon-search"></use></svg> </div></div></td><td class="gh-td" id="gh-cat-td"><div id="gh-cat-box"><select aria-label="Select a category for search" class="gh-sb " size="1" id="gh-cat" name="_sacat"><option value="0">All Categories</option><option value="20081">Antiques</option><option value="550">Art</option><option value="2984">Baby</option><option value="267">Books</option><option value="12576">Business &amp; Industrial</option><option value="625">Cameras &amp; Photo</option><option value="15032">Cell Phones &amp; Accessories</option><option value="11450">Clothing, Shoes &amp; Accessories</option><option value="11116">Coins &amp; Paper Money</option><option value="1">Collectibles</option><option value="58058">Computers/Tablets &amp; Networking</option><option value="293">Consumer Electronics</option><option value="14339">Crafts</option><option value="237">Dolls &amp; Bears</option><option value="11232">DVDs &amp; Movies</option><option value="6000">eBay Motors</option><option value="45100">Entertainment Memorabilia</option><option value="172008">Gift Cards &amp; Coupons</option><option value="26395">Health &amp; Beauty</option><option value="11700">Home &amp; Garden</option><option value="281">Jewelry &amp; Watches</option><option value="11233">Music</option><option value="619">Musical Instruments &amp; Gear</option><option value="1281">Pet Supplies</option><option value="870">Pottery &amp; Glass</option><option value="10542">Real Estate</option><option value="316">Specialty Services</option><option value="888">Sporting Goods</option><option value="64482">Sports Mem, Cards &amp; Fan Shop</option><option value="260">Stamps</option><option value="1305">Tickets &amp; Experiences</option><option value="220">Toys &amp; Hobbies</option><option value="3252">Travel</option><option value="1249">Video Games &amp; Consoles</option><option value="99">Everything Else</option></select></div></td><td class="gh-td gh-sch-btn"><input type="submit" class="btn btn-prim gh-spr" id="gh-btn" value="Search"><svg aria-hidden="true" class="icon icon--search gh-search-btn__icon" focusable="false" height="22" width="22"><use xlink:href="#icon-search"></use></svg></td><td class="gh-td" id="gh-as-td"><a title="Advanced Search" href="https://www.ebay.com/sch/ebayadvsearch" aria-label="Advanced Search" _sp="m570.l2614" id="gh-as-a">Advanced</a></td></tr></tbody></table></form></td><td class="gh-td"></td><td class="sticky_placeholder"><ul></ul></td></tr></tbody></table><div id="gh-top" class="gh-hide-if-nocss" role="navigation" aria-label="Account"><ul id="gh-topl"><li class="gh-t " id="gh-eb-u"><span id="gh-ug" class="gh-ug-guest">Hi! <a href="https://signin.ebay.com/ws/eBayISAPI.dll?SignIn&amp;ru=https%3A%2F%2Fwww.ebay.com%2F" _sp="m570.l1524">Sign in</a>&nbsp;<span id="gh-ug-flex">or <a href="https://reg.ebay.com/reg/PartialReg?ru=https%3A%2F%2Fwww.ebay.com%2F" _sp="m570.l2621">register</a></span></span></li><li class="gh-t gh-divider-l" id="gh-p-1"><a href="https://www.ebay.com/deals" _sp="m570.l3188" data-sp="m570.l3188" class="gh-p"> Daily Deals</a></li><li class="gh-t gh-divider-l" id="gh-p-4"><a href="https://www.ebay.com/b/Brand-Outlet/bn_7115532402" _sp="m570.l47233" data-sp="m570.l47233" class="gh-p"> Brand Outlet</a></li><li class="gh-t gh-divider-l" id="gh-p-3"><a href="https://ocsnext.ebay.com/ocs/home" _sp="m570.l1545" data-sp="m570.l1545" class="gh-p"> Help &amp; Contact</a></li><li class="gh-t" id="gh-ti"><a href="https://pages.ebay.com/25/" _sp="m570.l2611" id="gh-doodleS"><img src="https://ir.ebaystatic.com/cr/v/c1/doodle.gif" id="gh-hsi" height="30" width="150" alt="Celebrating 25 years of eBay" title="Celebrating 25 years of eBay"></a></li></ul><ul id="gh-eb"><li id="gh-p-2" class="gh-eb-li gh-t-rt gh--link__divider"><a href="https://www.ebay.com/sl/sell" _sp="m570.l1528" data-sp="m570.l1528" class="gh-p"> Sell</a></li><li id="gh-wl-click" class="gh-eb-li gh-margin rt"><div class="gh-menu gh--link__divider"><a href="https://www.ebay.com/mye/myebay/watchlist" _sp="m570.l47137" title="Watchlist" class="gh-eb-li-a gh-rvi-menu">Watchlist<i class="gh-sprRetina gh-eb-arw gh-rvi-chevron" data-sp="m570.l47137"></i></a><a href="#gh-wl-click" role="button" aria-expanded="false" data-controltarget="gh-wl-click-o" class="gh-acc-exp-a gh-acc-a2 gh-control">Expand Watch List</a><div class="gh-sublayer gh-flyout__menu" id="gh-wl-click-flyout"><button id="gh-wl-click-close" class="gh_flyout__close" aria-label="Close dialog"><svg aria-hidden="true" focusable="false" height="17" width="17"><use xlink:href="#icon-close"></use></svg></button><div id="gh-wl-click-body"><div class="gh-loading"><span class="gh-spinner" aria-label="Loading" role="img"></span><span class="gh-state">Loading...</span></div><div class="gh-wl-click-gen-error"><span><a href="https://signin.ebay.com/ws/eBayISAPI.dll?SignIn&amp;ru=ru">Sign in</a> to see your user information</span></div></div> </div><div id="gh-wl-click-mask" class="gh-flyout__mask"></div></div></li><li id="gh-eb-My" class="gh-eb-li gh-dd rt" data-imp="10"><div class="gh-menu"><a href="https://my.ebay.com/ws/eBayISAPI.dll?MyEbay&amp;gbh=1" _sp="m570.l2919" title="My eBay" class="gh-eb-li-a gh-rvi-menu">My eBay<i class="gh-sprRetina gh-eb-arw gh-rvi-chevron" data-sp="m570.l2919"></i></a><a href="#gh-eb-My" role="button" aria-expanded="false" data-controltarget="gh-eb-My-o" class="gh-acc-exp-a gh-acc-a2 gh-control">Expand My eBay</a><div class="gh-submenu gh-eb-o" id="gh-eb-My-o" style=""><ul role="navigation"><li><a href="https://www.ebay.com/myb/Summary" _sp="m570.l1533" data-sp="m570.l1533" class="gh-eb-oa thrd"> Summary</a></li><li><a href="https://www.ebay.com/myb/container?key=recentlyviewed" _sp="m570.l9225" data-sp="m570.l9225" class="gh-eb-oa thrd"> Recently Viewed</a></li><li><a href="https://www.ebay.com/myb/BidsOffers" _sp="m570.l1535" data-sp="m570.l1535" class="gh-eb-oa thrd"> Bids/Offers</a></li><li><a href="https://www.ebay.com/mye/myebay/watchlist" _sp="m570.l1534" data-sp="m570.l1534" class="gh-eb-oa thrd"> Watchlist</a></li><li><a href="https://www.ebay.com/myb/PurchaseHistory" _sp="m570.l1536" data-sp="m570.l1536" class="gh-eb-oa thrd"> Purchase History</a></li><li id="gh_buyagain"><a href="https://www.ebay.com/mye/buyagain" _sp="m570.l47010" data-sp="m570.l47010" class="gh-eb-oa thrd"> Buy Again</a></li><li><a href="https://my.ebay.com/ws/eBayISAPI.dll?MyEbay&amp;gbh=1&amp;CurrentPage=MyeBayAllSelling&amp;ssPageName=STRK:ME:LNLK:MESX" _sp="m570.l1537" data-sp="m570.l1537" class="gh-eb-oa thrd"> Selling</a></li><li><a href="https://www.ebay.com/myb/SavedSearches" _sp="m570.l9503" data-sp="m570.l9503" class="gh-eb-oa thrd"> Saved Searches</a></li><li><a href="https://www.ebay.com/myb/SavedSellers" _sp="m570.l9505" data-sp="m570.l9505" class="gh-eb-oa thrd"> Saved Sellers</a></li><li><a href="https://mesg.ebay.com/mesgweb/ViewMessages/0" _sp="m570.l1539" data-sp="m570.l1539" class="gh-eb-oa thrd"> Messages</a></li><li id="gh-eb-sub-li-cpn"></li></ul></div></div></li><li id="gh-eb-Alerts" class="gh-eb-li gh-layer rt"><div class="gh-menu"><button class="gh-control ghn-b gh-eb-li-a" aria-expanded="false" aria-controls="gh-eb-Alerts-o"><i id="gh-Alerts-i" class="gh-sprRetina">Notification</i></button><div class="gh-sublayer"> <div id="gh-eb-Alerts-o" class="gh-eb-o" style="display: none;"></div></div></div></li><li id="gh-minicart-hover" class="gh-eb-li gh-margin rt"><div class="gh-menu"> <a href="https://cart.ebay.com" _sp="m570.l2633" data-sp="m570.l2633" class="gh-eb-li-a" title="Your shopping cart"><svg focusable="false" class="gh-cart-icon"><use xlink:href="#icon-cart-new"></use></svg></a><a href="#gh-minicart-hover" role="button" aria-expanded="false" data-controltarget="gh-minicart-hover-o" class="gh-acc-exp-a gh-acc-a2 gh-control">Expand Cart</a><div class="gh-sublayer gh-flyout__menu" id="gh-minicart-hover-flyout"><button id="gh-minicart-hover-close" class="gh_flyout__close" aria-label="Close dialog"><svg aria-hidden="true" focusable="false" height="17" width="17"><use xlink:href="#icon-close"></use></svg></button><div id="gh-minicart-hover-body"><div class="gh-loading"><span class="gh-spinner" aria-label="Loading" role="img"></span><span class="gh-state">Loading...</span></div><div class="gh-minicart-hover-gen-error"><span>Something went wrong. View cart for details.</span></div></div> </div><div id="gh-minicart-hover-mask" class="gh-flyout__mask"></div></div></li></ul></div> <div id="makeebayfaster_config" style="display:none;">{"modules":["unloadOptimization","bandwidthDetection"],"unloadOptimization":{"browsers":{"Firefox":true,"Chrome":true}},"bandwidthDetection":{"url":"https://ir.ebaystatic.com/cr/v/c1/thirtysevens.jpg","maxViews":4,"imgSize":37,"expiry":300000,"timeout":250}}</div> <div id="gh-ihelp" style="display:none;">{"delay":300}</div><link rel="manifest" href="https://www.ebay.com/manifest.json"><script type="text/javascript" class="chauffeur-script" data-server-endpoint="https://www.ebay.com/gh/push/subscription" data-api-key="AIzaSyDl-FiNnVLATQ1hFlciyLXEICTDV_nxDQM" data-sender-id="333850377833" data-sdk="https://ir.ebaystatic.com/cr/v/c1/firebase-sdk.js"> window.addEventListener('load', function() { if ('serviceWorker' in navigator) { navigator.serviceWorker.getRegistration('/p').then(function(existingReg) { if (existingReg) { existingReg.update(); } else { navigator.serviceWorker.register('https://www.ebay.com/sw.js', { scope: '/p' }).catch(function(ex) { /** TODO: tracking **/ }); } }); } }); </script><!--[if lt IE 9]></div><![endif]--></header></div></div> <div id="widgets-placeholder" class="widgets-placeholder"></div><svg hidden="" style="display: none"><svg id="icon-search" viewBox="0 0 20 20" width="100%" height="100%"><path d="M19.786 18.557l-5.093-5.093a8.1 8.1 0 0 0 1.873-5.21C16.507 3.747 12.82 0 8.254 0 3.688 0 0 3.746 0 8.254c0 4.508 3.688 8.312 8.254 8.312 2.049 0 3.863-.761 5.327-1.932l5.093 5.093a.714.714 0 0 0 .527.234c.176 0 .41-.059.527-.234.351-.351.351-.878.059-1.171l-.001.001zM1.581 8.254a6.67 6.67 0 0 1 6.673-6.673 6.67 6.67 0 0 1 6.673 6.673c0 3.688-2.985 6.732-6.673 6.732s-6.673-2.985-6.673-6.732z"></path></svg><symbol id="icon-close" viewBox="1.5 1.5 21 21"><path d="M22.182 3.856c.522-.554.306-1.394-.234-1.938-.54-.543-1.433-.523-1.826-.135C19.73 2.17 11.955 10 11.955 10S4.225 2.154 3.79 1.783c-.438-.371-1.277-.4-1.81.135-.533.537-.628 1.513-.25 1.938.377.424 8.166 8.218 8.166 8.218s-7.85 7.864-8.166 8.219c-.317.354-.34 1.335.25 1.805.59.47 1.24.455 1.81 0 .568-.456 8.166-7.951 8.166-7.951l8.167 7.86c.747.72 1.504.563 1.96.09.456-.471.609-1.268.1-1.804-.508-.537-8.167-8.219-8.167-8.219s7.645-7.665 8.167-8.218z"></path></symbol><svg id="gh-icon-cart" viewBox="0 0 40 32"><path d="M35.0390625,6.8515625 C36.4453195,6.8515625 37.4674447,7.20312148 38.1054688,7.90625 C38.7434928,8.60937852 39.0625,9.66405547 39.0625,11.0703125 L39.0625,18.9609375 C39.0625,20.2369855 38.7434928,21.226559 38.1054688,21.9296875 C37.4674447,22.632816 36.4322988,22.984375 35,22.984375 L31.484375,22.984375 C29.3749895,22.984375 27.0898561,22.9778646 24.6289063,22.9648438 C22.1679564,22.9518229 19.9349059,22.9453125 17.9296875,22.9453125 L14.921875,22.9453125 L6.8359375,4.8203125 L0.859375,4.8203125 L0.8203125,0.7578125 L8.90625,0.7578125 L12.9296875,6.8515625 L35.0390625,6.8515625 Z M34.0625,18.9609375 C34.322918,18.9609375 34.5507803,18.8632822 34.7460938,18.6679688 C34.9414072,18.4726553 35.0390625,18.2317723 35.0390625,17.9453125 C35.0390625,17.6588527 34.9414072,17.4179697 34.7460938,17.2226562 C34.5507803,17.0273428 34.322918,16.9296875 34.0625,16.9296875 L17.9296875,16.9296875 C17.6692695,16.9296875 17.4414072,17.0273428 17.2460938,17.2226562 C17.0507803,17.4179697 16.953125,17.6588527 16.953125,17.9453125 C16.953125,18.2317723 17.0507803,18.4726553 17.2460938,18.6679688 C17.4414072,18.8632822 17.6692695,18.9609375 17.9296875,18.9609375 L34.0625,18.9609375 Z M34.0625,12.90625 C34.322918,12.90625 34.5507803,12.8085947 34.7460938,12.6132812 C34.9414072,12.4179678 35.0390625,12.1770848 35.0390625,11.890625 C35.0390625,11.630207 34.9414072,11.3958344 34.7460938,11.1875 C34.5507803,10.9791656 34.322918,10.875 34.0625,10.875 L15.9375,10.875 C15.6510402,10.875 15.4101572,10.9791656 15.2148438,11.1875 C15.0195303,11.3958344 14.921875,11.630207 14.921875,11.890625 C14.921875,12.1770848 15.0195303,12.4179678 15.2148438,12.6132812 C15.4101572,12.8085947 15.6510402,12.90625 15.9375,12.90625 L34.0625,12.90625 Z M34.0234375,24.8984375 C34.8828168,24.8984375 35.6249969,25.1979137 36.25,25.796875 C36.8750031,26.3958363 37.1875,27.1249957 37.1875,27.984375 C37.1875,28.8437543 36.8750031,29.5729137 36.25,30.171875 C35.6249969,30.7708363 34.8828168,31.0703125 34.0234375,31.0703125 C33.1640582,31.0703125 32.4283885,30.7708363 31.8164062,30.171875 C31.204424,29.5729137 30.8984375,28.8437543 30.8984375,27.984375 C30.8984375,27.1249957 31.204424,26.3958363 31.8164062,25.796875 C32.4283885,25.1979137 33.1640582,24.8984375 34.0234375,24.8984375 Z M19.8828125,24.8984375 C20.7421918,24.8984375 21.4778615,25.1979137 22.0898438,25.796875 C22.701826,26.3958363 23.0078125,27.1249957 23.0078125,27.984375 C23.0078125,28.8437543 22.701826,29.5729137 22.0898438,30.171875 C21.4778615,30.7708363 20.7421918,31.0703125 19.8828125,31.0703125 C19.0234332,31.0703125 18.2877635,30.7708363 17.6757812,30.171875 C17.063799,29.5729137 16.7578125,28.8437543 16.7578125,27.984375 C16.7578125,27.1249957 17.063799,26.3958363 17.6757812,25.796875 C18.2877635,25.1979137 19.0234332,24.8984375 19.8828125,24.8984375 Z"></path></svg><symbol id="icon-check" viewBox="0 0 30 30"><circle cx="14.5" cy="14.5" r="14.5" fill="#82187c"></circle><path fill="#82187c" stroke="#ffffff" stroke-width="2" d="M5.548 15.01l5.773 6.286L21.522 9.824"></path></symbol><symbol viewBox="0 0 23 22" id="icon-cart-new"><path fill-rule="evenodd" d="M22 4a.999.999 0 01.97 1.242l-2 8A1 1 0 0120 14H7a1 1 0 01-.97-.758L3.22 2H1a1 1 0 110-2h3a1 1 0 01.97.758L5.78 4H22zm-1.277 2H6.28l1.5 6h11.442l1.5-6zm-4.539 12A2.995 2.995 0 0119 16a2.995 2.995 0 11-2.816 4h-5.368a3 3 0 110-2h5.368zM7 19a1 1 0 102 0 1 1 0 00-2 0zm12 1a1 1 0 110-2 1 1 0 010 2z"></path></symbol></svg> <div id="mainContent" class="main-content" role="main" tabindex="-1"><div class="hl-cat-nav" data-marko="{&quot;onmouseleave&quot;:&quot;onMouseLeave s0-0-34-2 false&quot;}"><ul class="hl-cat-nav__container" data-marko="{&quot;onmouseout&quot;:&quot;onTabMouseOut s0-0-34-2 false&quot;,&quot;onmouseover&quot;:&quot;onTabMouseOver s0-0-34-2 false&quot;,&quot;onfocusout&quot;:&quot;onTabMouseOut s0-0-34-2 false&quot;,&quot;onclick&quot;:&quot;onExpandClick s0-0-34-2 false&quot;}"><li class="hl-cat-nav__active"><span>Home</span></li><li class="saved"><a href="https://www.ebay.com/feed">Saved</a></li><li class="hl-cat-nav__js-tab" data-hover-track="p2481888.m1379.l6435" data-currenttabindex="0"><a href="https://www.ebay.com/b/Auto-Parts-and-Vehicles/6000/bn_1865334" _sp="p2481888.m1379.l3250">Motors</a><div class="hl-cat-nav__expander"><button aria-haspopup="true">Expand: Motors</button></div><div class="hl-cat-nav__flyout"><div class="hl-cat-nav__sub-cats"><div class="hl-cat-nav__sub-cat-col"><span>Parts &amp; Accessories</span><ul><li><a href="https://www.ebay.com/b/Auto-Parts-Accessories/6028/bn_569479" _sp="p2481888.m1379.l3251" class="hl-cat-nav__js-link">All Parts &amp; Accessories</a></li><li><a href="https://www.ebay.com/b/Car-Truck-Parts/6030/bn_562630" _sp="p2481888.m1379.l3252" class="hl-cat-nav__js-link">Car &amp; Truck Parts</a></li><li><a href="https://www.ebay.com/b/Motorcycle-Parts/10063/bn_557636" _sp="p2481888.m1379.l3253" class="hl-cat-nav__js-link">Motorcycle Parts</a></li><li><a href="https://www.ebay.com/b/Automotive-Tools-Supplies/34998/bn_1865501" _sp="p2481888.m1379.l3254" class="hl-cat-nav__js-link">Automotive Tools &amp; Supplies</a></li><li><a href="https://www.ebay.com/b/Motors-Apparel-Merchandise/6747/bn_583691" _sp="p2481888.m1379.l3255" class="hl-cat-nav__js-link">Apparel &amp; Merchandise</a></li><li><a href="https://www.ebay.com/deals/automotive" _sp="p2481888.m1379.l3256" class="hl-cat-nav__js-link">Motors Deals</a></li><li><a href="https://www.ebay.com/g/mygarage" _sp="p2481888.m1379.l3257" class="hl-cat-nav__js-link">My Garage</a></li></ul></div><div class="hl-cat-nav__sub-cat-col"><span>Vehicles</span><ul><li><a href="https://www.ebay.com/b/Cars-and-Trucks/6001/bn_1865117" _sp="p2481888.m1379.l3258" class="hl-cat-nav__js-link">Cars &amp; Trucks</a></li><li><a href="https://www.ebay.com/b/Classics/bn_7005623268" _sp="p2481888.m1379.l3259" class="hl-cat-nav__js-link">Classics</a></li><li><a href="https://www.ebay.com/b/Motorcycles/6024/bn_1865434" _sp="p2481888.m1379.l3260" class="hl-cat-nav__js-link">Motorcycles</a></li><li><a href="https://www.ebay.com/b/Powersport-Vehicles/66466/bn_1865239" _sp="p2481888.m1379.l3261" class="hl-cat-nav__js-link">Powersports</a></li><li><a href="https://www.ebay.com/b/RVs-and-Campers/50054/bn_16581882" _sp="p2481888.m1379.l3262" class="hl-cat-nav__js-link">RVs &amp; Campers</a></li><li><a href="https://www.ebay.com/b/Other-Vehicles-Trailers/6737/bn_16581863" _sp="p2481888.m1379.l3263" class="hl-cat-nav__js-link">Trailers &amp; Other Vehicles</a></li><li><a href="https://www.ebay.com/b/Boats/26429/bn_1865510" _sp="p2481888.m1379.l3264" class="hl-cat-nav__js-link">Boats</a></li></ul></div></div><div class="hl-cat-nav__rtm"></div></div></li><li class="hl-cat-nav__js-tab" data-hover-track="p2481888.m1380.l6435" data-currenttabindex="1"><a href="https://www.ebay.com/b/Fashion/bn_7000259856" _sp="p2481888.m1380.l3250">Fashion</a><div class="hl-cat-nav__expander"><button aria-haspopup="true">Expand: Fashion</button></div><div class="hl-cat-nav__flyout"><div class="hl-cat-nav__sub-cats"><div class="hl-cat-nav__sub-cat-col"><span>Top Categories</span><ul><li><a href="https://www.ebay.com/b/Womens-Clothing/15724/bn_661783" _sp="p2481888.m1380.l3251" class="hl-cat-nav__js-link">Women's Clothing</a></li><li><a href="https://www.ebay.com/b/Womens-Shoes/3034/bn_740022" _sp="p2481888.m1380.l3252" class="hl-cat-nav__js-link">Women's Shoes</a></li><li><a href="https://www.ebay.com/b/Mens-Clothing/1059/bn_696958" _sp="p2481888.m1380.l3253" class="hl-cat-nav__js-link">Men's Clothing</a></li><li><a href="https://www.ebay.com/b/Mens-Shoes/93427/bn_61999" _sp="p2481888.m1380.l3254" class="hl-cat-nav__js-link">Men's Shoes</a></li><li><a href="https://www.ebay.com/b/Womens-Bags-Handbags/169291/bn_738272" _sp="p2481888.m1380.l3255" class="hl-cat-nav__js-link">Handbags &amp; Accessories</a></li><li><a href="https://www.ebay.com/b/Kids-Clothing-Shoes-Accessories/171146/bn_1642843" _sp="p2481888.m1380.l3256" class="hl-cat-nav__js-link">Kids &amp; Baby</a></li><li><a href="https://www.ebay.com/b/Mens-Collectible-Sneakers/bn_7000259435" _sp="p2481888.m1380.l3257" class="hl-cat-nav__js-link">Sneakers</a></li></ul></div><div class="hl-cat-nav__sub-cat-col"><span>Additional Categories</span><ul><li><a href="https://www.ebay.com/b/Watches-Parts-Accessories/260324/bn_2408535" _sp="p2481888.m1380.l3258" class="hl-cat-nav__js-link">Watches</a></li><li><a href="https://www.ebay.com/b/Luxury-Wristwatches/31387/bn_36841947" _sp="p2481888.m1380.l3259" class="hl-cat-nav__js-link">Luxury Watches</a></li><li><a href="https://www.ebay.com/b/Jewelry/bn_7000259126" _sp="p2481888.m1380.l3260" class="hl-cat-nav__js-link">Jewelry</a></li><li><a href="https://www.ebay.com/b/Beauty/bn_7000259123" _sp="p2481888.m1380.l3261" class="hl-cat-nav__js-link">Beauty</a></li><li><a href="https://www.ebay.com/b/Health/bn_7000259659" _sp="p2481888.m1380.l3262" class="hl-cat-nav__js-link">Health</a></li><li><a href="https://www.ebay.com/deals/fashion" _sp="p2481888.m1380.l3263" class="hl-cat-nav__js-link">Fashion Deals</a></li></ul></div></div><div class="hl-cat-nav__rtm"></div></div></li><li class="hl-cat-nav__js-tab" data-hover-track="p2481888.m1381.l6435" data-currenttabindex="2"><a href="https://www.ebay.com/b/Electronics/bn_7000259124" _sp="p2481888.m1381.l3250">Electronics</a><div class="hl-cat-nav__expander"><button aria-haspopup="true">Expand: Electronics</button></div><div class="hl-cat-nav__flyout"><div class="hl-cat-nav__sub-cats"><div class="hl-cat-nav__sub-cat-col"><span>Top Categories</span><ul><li><a href="https://www.ebay.com/b/Cameras-Photo/625/bn_1865546" _sp="p2481888.m1381.l3251" class="hl-cat-nav__js-link">Cameras &amp; Photo</a></li><li><a href="https://www.ebay.com/b/Cell-Phones-Smart-Watches-Accessories/15032/bn_1865441" _sp="p2481888.m1381.l3252" class="hl-cat-nav__js-link">Cell Phones, Smart Watches &amp; Accessories</a></li><li><a href="https://www.ebay.com/b/Computers-Tablets-Network-Hardware/58058/bn_1865247" _sp="p2481888.m1381.l3253" class="hl-cat-nav__js-link">Computers, Tablets &amp; More</a></li><li><a href="https://www.ebay.com/b/Portable-Audio-Headphones/15052/bn_1642614" _sp="p2481888.m1381.l3254" class="hl-cat-nav__js-link">Headphones &amp; Portable Audio</a></li><li><a href="https://www.ebay.com/b/Surveillance-Smart-Home-Electronics/185067/bn_115028425" _sp="p2481888.m1381.l3255" class="hl-cat-nav__js-link">Smart Home &amp; Surveillance</a></li><li><a href="https://www.ebay.com/b/TV-Video-Home-Audio-Electronics/32852/bn_1648392" _sp="p2481888.m1381.l3256" class="hl-cat-nav__js-link">TV, Video &amp; Home Audio</a></li><li><a href="https://www.ebay.com/b/Video-Games-Consoles/1249/bn_1850232" _sp="p2481888.m1381.l3257" class="hl-cat-nav__js-link">Video &amp; PC Gaming</a></li></ul></div><div class="hl-cat-nav__sub-cat-col"><span>Additional Categories</span><ul><li><a href="https://www.ebay.com/b/Certified-Refurbished/bn_7040708936" _sp="p2481888.m1381.l3258" class="hl-cat-nav__js-link">Certified Refurbished</a></li><li><a href="https://www.ebay.com/b/Smart-Watches/178893/bn_152365" _sp="p2481888.m1381.l3259" class="hl-cat-nav__js-link">Smart Watches</a></li><li><a href="https://www.ebay.com/b/Apple-iPhone/9355/bn_319682" _sp="p2481888.m1381.l3260" class="hl-cat-nav__js-link">iPhones</a></li><li><a href="https://www.ebay.com/b/Laptops-Netbooks/175672/bn_1648276" _sp="p2481888.m1381.l3261" class="hl-cat-nav__js-link">Laptops</a></li><li><a href="https://www.ebay.com/b/Computer-Components-Parts/175673/bn_1643095" _sp="p2481888.m1381.l3262" class="hl-cat-nav__js-link">Computer Components &amp; Parts</a></li><li><a href="https://www.ebay.com/b/Smart-Speakers/184435/bn_78213083" _sp="p2481888.m1381.l3263" class="hl-cat-nav__js-link">Smart Speakers</a></li><li><a href="https://www.ebay.com/b/Vehicle-Electronics-GPS/3270/bn_887004" _sp="p2481888.m1381.l3264" class="hl-cat-nav__js-link">Car Audio, Video &amp; GPS</a></li></ul></div></div><div class="hl-cat-nav__rtm"></div></div></li><li class="hl-cat-nav__js-tab" data-hover-track="p2481888.m1382.l6435" data-currenttabindex="3"><a href="https://www.ebay.com/b/Collectibles-Art/bn_7000259855" _sp="p2481888.m1382.l3250">Collectibles &amp; Art</a><div class="hl-cat-nav__expander"><button aria-haspopup="true">Expand: Collectibles &amp; Art</button></div><div class="hl-cat-nav__flyout"><div class="hl-cat-nav__sub-cats"><div class="hl-cat-nav__sub-cat-col"><span>Top Categories</span><ul><li><a href="https://www.ebay.com/b/Art/550/bn_1853728" _sp="p2481888.m1382.l3251" class="hl-cat-nav__js-link">Art</a></li><li><a href="https://www.ebay.com/b/Antiques/20081/bn_1851017" _sp="p2481888.m1382.l3252" class="hl-cat-nav__js-link">Antiques</a></li><li><a href="https://www.ebay.com/b/Coins-Paper-Money/11116/bn_1857806" _sp="p2481888.m1382.l3253" class="hl-cat-nav__js-link">Coins &amp; Paper Money</a></li><li><a href="https://www.ebay.com/b/Collectibles/1/bn_1858810" _sp="p2481888.m1382.l3254" class="hl-cat-nav__js-link">Collectibles</a></li><li><a href="https://www.ebay.com/b/Collectible-Comics/63/bn_1865459" _sp="p2481888.m1382.l3255" class="hl-cat-nav__js-link">Comics</a></li><li><a href="https://www.ebay.com/b/Pottery-Glass/870/bn_1851615" _sp="p2481888.m1382.l3256" class="hl-cat-nav__js-link">Pottery &amp; Glass</a></li><li><a href="https://www.ebay.com/b/Sports-Memorabilia-Fan-Shop-Sports-Cards/64482/bn_1857919" _sp="p2481888.m1382.l3257" class="hl-cat-nav__js-link">Sports Memorabilia &amp; Apparel</a></li><li><a href="https://www.ebay.com/b/Sports-Trading-Cards-Accessories/212/bn_1859819" _sp="p2481888.m1382.l3258" class="hl-cat-nav__js-link">Sports Trading Cards</a></li></ul></div><div class="hl-cat-nav__sub-cat-col"><span>Additional Categories</span><ul><li><a href="https://www.ebay.com/b/Designer-Urban-Vinyl-Action-Figures/158672/bn_221282" _sp="p2481888.m1382.l3259" class="hl-cat-nav__js-link">Designer &amp; Urban Vinyl</a></li><li><a href="https://www.ebay.com/b/Collectible-Funko-Bobbleheads-1970-Now/149372/bn_3017826" _sp="p2481888.m1382.l3260" class="hl-cat-nav__js-link">Funko Collectibles</a></li><li><a href="https://www.ebay.com/b/Entertainment-Memorabilia/45100/bn_1859756" _sp="p2481888.m1382.l3261" class="hl-cat-nav__js-link">Entertainment Memorabilia</a></li><li><a href="https://www.ebay.com/b/Militaria/13956/bn_1852614" _sp="p2481888.m1382.l3262" class="hl-cat-nav__js-link">Militaria</a></li><li><a href="https://www.ebay.com/b/Stamps/260/bn_1865095" _sp="p2481888.m1382.l3263" class="hl-cat-nav__js-link">Stamps</a></li><li><a href="https://www.ebay.com/b/eBay-Collective/bn_7116337831" _sp="p2481888.m1382.l3264" class="hl-cat-nav__js-link">eBay Collective</a></li><li><a href="https://www.ebay.com/b/Bullion/39482/bn_1642568" _sp="p2481888.m1382.l3265" class="hl-cat-nav__js-link">Bullion Center</a></li><li><a href="https://pages.ebay.com/rcp/consignmentcenter" _sp="p2481888.m1382.l3266" class="hl-cat-nav__js-link">Consignment Center</a></li></ul></div></div><div class="hl-cat-nav__rtm"></div></div></li><li class="hl-cat-nav__js-tab" data-hover-track="p2481888.m1383.l6435" data-currenttabindex="4"><a href="https://www.ebay.com/b/Home-Garden/11700/bn_1853126" _sp="p2481888.m1383.l3250">Home &amp; Garden</a><div class="hl-cat-nav__expander"><button aria-haspopup="true">Expand: Home &amp; Garden</button></div><div class="hl-cat-nav__flyout"><div class="hl-cat-nav__sub-cats"><div class="hl-cat-nav__sub-cat-col"><span>Top Categories</span><ul><li><a href="https://www.ebay.com/b/Tools-Workshop-Equipment/631/bn_1851815" _sp="p2481888.m1383.l3251" class="hl-cat-nav__js-link">Tools</a></li><li><a href="https://www.ebay.com/b/Kitchen-Dining-Bar-Supplies/20625/bn_1865564" _sp="p2481888.m1383.l3252" class="hl-cat-nav__js-link">Kitchen, Dining &amp; Bar</a></li><li><a href="https://www.ebay.com/b/Surveillance-Smart-Home-Electronics/185067/bn_115028425" _sp="p2481888.m1383.l3253" class="hl-cat-nav__js-link">Smart Home</a></li><li><a href="https://www.ebay.com/b/Yard-Garden-Outdoor-Living-Items/159912/bn_1853607" _sp="p2481888.m1383.l3254" class="hl-cat-nav__js-link">Yard, Garden &amp; Outdoor</a></li><li><a href="https://www.ebay.com/b/Vacuum-Cleaners/20614/bn_2310596" _sp="p2481888.m1383.l3255" class="hl-cat-nav__js-link">Vacuums</a></li><li><a href="https://www.ebay.com/b/Outdoor-Power-Equipment/29518/bn_2309717" _sp="p2481888.m1383.l3256" class="hl-cat-nav__js-link">Outdoor Power Equipment</a></li><li><a href="https://www.ebay.com/b/Home-Improvement/159907/bn_1851980" _sp="p2481888.m1383.l3257" class="hl-cat-nav__js-link">Home Improvement</a></li><li><a href="https://www.ebay.com/b/Major-Appliances-Parts-Accessories/20710/bn_1865562" _sp="p2481888.m1383.l3266" class="hl-cat-nav__js-link">Major Appliances</a></li></ul></div><div class="hl-cat-nav__sub-cat-col"><span>Additional Categories</span><ul><li><a href="https://www.ebay.com/b/Certified-Refurbished/bn_7040708936" _sp="p2481888.m1383.l3258" class="hl-cat-nav__js-link">Certified Refurbished</a></li><li><a href="https://www.ebay.com/b/Home-Garden-Furniture/3197/bn_1642075" _sp="p2481888.m1383.l3259" class="hl-cat-nav__js-link">Furniture</a></li><li><a href="https://www.ebay.com/b/Bedding/20444/bn_1864382" _sp="p2481888.m1383.l3260" class="hl-cat-nav__js-link">Bedding</a></li><li><a href="https://www.ebay.com/b/Home-Decor/10033/bn_1849733" _sp="p2481888.m1383.l3261" class="hl-cat-nav__js-link">Home Décor</a></li><li><a href="https://www.ebay.com/b/Household-Cleaning-Supplies/299/bn_1857080" _sp="p2481888.m1383.l3262" class="hl-cat-nav__js-link">Household &amp; Cleaning Supplies</a></li><li><a href="https://www.ebay.com/b/Food-Beverages/14308/bn_1642947" _sp="p2481888.m1383.l3263" class="hl-cat-nav__js-link">Food &amp; Beverage</a></li><li><a href="https://www.ebay.com/b/Travel/3252/bn_1848525" _sp="p2481888.m1383.l3264" class="hl-cat-nav__js-link">Luggage &amp; Travel</a></li><li><a href="https://www.ebay.com/deals/home-garden" _sp="p2481888.m1383.l3265" class="hl-cat-nav__js-link">Home &amp; Garden Deals</a></li></ul></div></div><div class="hl-cat-nav__rtm"></div></div></li><li class="hl-cat-nav__js-tab" data-hover-track="p2481888.m1384.l6435" data-currenttabindex="5"><a href="https://www.ebay.com/b/Sporting-Goods/888/bn_1865031" _sp="p2481888.m1384.l3250">Sporting Goods</a><div class="hl-cat-nav__expander"><button aria-haspopup="true">Expand: Sporting Goods</button></div><div class="hl-cat-nav__flyout"><div class="hl-cat-nav__sub-cats"><div class="hl-cat-nav__sub-cat-col"><span>Top Categories</span><ul><li><a href="https://www.ebay.com/b/Golf-Equipment/1513/bn_1849088" _sp="p2481888.m1384.l3251" class="hl-cat-nav__js-link">Golf</a></li><li><a href="https://www.ebay.com/b/Cycling-Equipment/7294/bn_1848937" _sp="p2481888.m1384.l3252" class="hl-cat-nav__js-link">Cycling</a></li><li><a href="https://www.ebay.com/b/Fishing-Equipment-Supplies/1492/bn_1851047" _sp="p2481888.m1384.l3253" class="hl-cat-nav__js-link">Fishing</a></li><li><a href="https://www.ebay.com/b/Hunting-Equipment/7301/bn_1865054" _sp="p2481888.m1384.l3254" class="hl-cat-nav__js-link">Hunting</a></li><li><a href="https://www.ebay.com/b/Team-Sports/159049/bn_1865097" _sp="p2481888.m1384.l3255" class="hl-cat-nav__js-link">Team Sports</a></li><li><a href="https://www.ebay.com/b/Fitness-Running-Yoga-Equipment/15273/bn_1855426" _sp="p2481888.m1384.l3256" class="hl-cat-nav__js-link">Fitness &amp; Running</a></li><li><a href="https://www.ebay.com/b/Outdoor-Sports/159043/bn_1855398" _sp="p2481888.m1384.l3257" class="hl-cat-nav__js-link">Outdoor Sports</a></li></ul></div><div class="hl-cat-nav__sub-cat-col"><span>Additional Categories</span><ul><li><a href="https://www.ebay.com/b/Archery-Equipment/20835/bn_1971493" _sp="p2481888.m1384.l3258" class="hl-cat-nav__js-link">Archery</a></li><li><a href="https://www.ebay.com/b/Camping-Hiking-Equipment/16034/bn_1959887" _sp="p2481888.m1384.l3259" class="hl-cat-nav__js-link">Camping Equipment</a></li><li><a href="https://www.ebay.com/b/Fitness-Technology/44075/bn_1944181" _sp="p2481888.m1384.l3260" class="hl-cat-nav__js-link">Fitness Tech</a></li><li><a href="https://www.ebay.com/b/Water-Sports/159136/bn_1855031" _sp="p2481888.m1384.l3261" class="hl-cat-nav__js-link">Water Sports</a></li><li><a href="https://www.ebay.com/b/Equestrian-Equipment/3153/bn_1997329" _sp="p2481888.m1384.l3262" class="hl-cat-nav__js-link">Equestrian Equipment</a></li><li><a href="https://www.ebay.com/b/Electric-Scooters/47349/bn_1995803" _sp="p2481888.m1384.l3263" class="hl-cat-nav__js-link">Electric Scooters</a></li><li><a href="https://www.ebay.com/b/Winter-Sports/36259/bn_1853285" _sp="p2481888.m1384.l3264" class="hl-cat-nav__js-link">Winter Sports</a></li></ul></div></div><div class="hl-cat-nav__rtm"></div></div></li><li class="hl-cat-nav__js-tab" data-hover-track="p2481888.m1385.l6435" data-currenttabindex="6"><a href="https://www.ebay.com/b/Toys-Hobbies/220/bn_1865497" _sp="p2481888.m1385.l3250">Toys</a><div class="hl-cat-nav__expander"><button aria-haspopup="true">Expand: Toys</button></div><div class="hl-cat-nav__flyout"><div class="hl-cat-nav__sub-cats"><div class="hl-cat-nav__sub-cat-col"><span>Top Categories</span><ul><li><a href="https://www.ebay.com/b/Action-Figures/246/bn_1648288" _sp="p2481888.m1385.l3251" class="hl-cat-nav__js-link">Action Figures</a></li><li><a href="https://www.ebay.com/b/Building-Toys/183446/bn_1865257" _sp="p2481888.m1385.l3252" class="hl-cat-nav__js-link">Building Toys &amp; LEGOs</a></li><li><a href="https://www.ebay.com/b/Games/233/bn_1849806" _sp="p2481888.m1385.l3253" class="hl-cat-nav__js-link">Board &amp; Traditional Games</a></li><li><a href="https://www.ebay.com/b/Collectible-Card-Games-Accessories/2536/bn_1852210" _sp="p2481888.m1385.l3254" class="hl-cat-nav__js-link">Collectible Card Games</a></li><li><a href="https://www.ebay.com/b/Outdoor-Toys-Structures/11743/bn_1849278" _sp="p2481888.m1385.l3255" class="hl-cat-nav__js-link">Outdoor Toys</a></li><li><a href="https://www.ebay.com/b/Dolls-Teddy-Bears/237/bn_1865477" _sp="p2481888.m1385.l3256" class="hl-cat-nav__js-link">Dolls &amp; Bears</a></li><li><a href="https://www.ebay.com/b/Preschool-Toys-Pretend-Play/19169/bn_1864380" _sp="p2481888.m1385.l3257" class="hl-cat-nav__js-link">Preschool &amp; Pretend Play</a></li><li><a href="https://www.ebay.com/b/Model-Railroads-Trains/180250/bn_1642683" _sp="p2481888.m1385.l47187" class="hl-cat-nav__js-link">Model Railroads &amp; Trains</a></li></ul></div><div class="hl-cat-nav__sub-cat-col"><span>Additional Categories</span><ul><li><a href="https://www.ebay.com/b/Diecast-Toy-Vehicles/222/bn_1850842" _sp="p2481888.m1385.l3258" class="hl-cat-nav__js-link">Diecast &amp; Toy Vehicles</a></li><li><a href="https://www.ebay.com/b/RC-Model-Vehicles-Toys-Control-Line/2562/bn_1851704" _sp="p2481888.m1385.l3259" class="hl-cat-nav__js-link">Drones &amp; RC Vehicles</a></li><li><a href="https://www.ebay.com/b/Educational-Toys/11731/bn_1850489" _sp="p2481888.m1385.l3260" class="hl-cat-nav__js-link">STEM &amp; Educational Toys</a></li><li><a href="https://www.ebay.com/b/Toy-Models-Kits/1188/bn_1852447" _sp="p2481888.m1385.l3261" class="hl-cat-nav__js-link">Toy Models &amp; Kits</a></li><li><a href="https://www.ebay.com/b/Art-Craft-Supplies/14339/bn_1851051" _sp="p2481888.m1385.l3262" class="hl-cat-nav__js-link">Art Supplies &amp; Crafts</a></li><li><a href="https://www.ebay.com/deals/other-deals/toys" _sp="p2481888.m1385.l3263" class="hl-cat-nav__js-link">Toy Deals</a></li></ul></div></div><div class="hl-cat-nav__rtm"></div></div></li><li class="hl-cat-nav__js-tab" data-hover-track="p2481888.m1386.l6435" data-currenttabindex="7"><a href="https://www.ebay.com/b/Business-Industrial/12576/bn_1853744" _sp="p2481888.m1386.l3250">Business &amp; Industrial</a><div class="hl-cat-nav__expander"><button aria-haspopup="true">Expand: Business &amp; Industrial</button></div><div class="hl-cat-nav__flyout"><div class="hl-cat-nav__sub-cats"><div class="hl-cat-nav__sub-cat-col"><span>Top Categories</span><ul><li><a href="https://www.ebay.com/b/Heavy-Equipment/177641/bn_1511518" _sp="p2481888.m1386.l3251" class="hl-cat-nav__js-link">Heavy Equipment</a></li><li><a href="https://www.ebay.com/b/Healthcare-Lab-Dental/11815/bn_1851782" _sp="p2481888.m1386.l3252" class="hl-cat-nav__js-link">Healthcare</a></li><li><a href="https://www.ebay.com/b/Dental/bn_7115058704" _sp="p2481888.m1386.l3253" class="hl-cat-nav__js-link">Dental</a></li><li><a href="https://www.ebay.com/b/Construction-Jobsite-Supplies/bn_7004249159" _sp="p2481888.m1386.l3254" class="hl-cat-nav__js-link">Construction Jobsite Supplies</a></li><li><a href="https://www.ebay.com/b/CNC-Metalworking-Manufacturing/11804/bn_1861284" _sp="p2481888.m1386.l3255" class="hl-cat-nav__js-link">CNC, Metalworking &amp; Manufacturing</a></li><li><a href="https://www.ebay.com/b/Restaurant-Food-Service/11874/bn_1865467" _sp="p2481888.m1386.l3256" class="hl-cat-nav__js-link">Restaurant &amp; Food Service</a></li><li><a href="https://www.ebay.com/b/Test-Measurement-Inspection-Equipment/181939/bn_16566063" _sp="p2481888.m1386.l3257" class="hl-cat-nav__js-link">Test, Measurement &amp; Inspection Equipment</a></li></ul></div><div class="hl-cat-nav__sub-cat-col"><span>Additional Categories</span><ul><li><a href="https://www.ebay.com/b/Office-Equipment-Supplies/25298/bn_1856567" _sp="p2481888.m1386.l3258" class="hl-cat-nav__js-link">Office Equipment &amp; Supplies</a></li><li><a href="https://www.ebay.com/b/Industrial-Automation-Control-Equipment/42892/bn_2309506" _sp="p2481888.m1386.l3259" class="hl-cat-nav__js-link">Automation Control Equipment</a></li><li><a href="https://www.ebay.com/b/Packing-Shipping/19273/bn_1865376" _sp="p2481888.m1386.l3260" class="hl-cat-nav__js-link">Packing &amp; Shipping</a></li><li><a href="https://www.ebay.com/b/Light-Industrial-Equipment-Tools/61573/bn_1521576" _sp="p2481888.m1386.l3261" class="hl-cat-nav__js-link">Light Equipment &amp; Tools</a></li><li><a href="https://www.ebay.com/b/Electrical-Equipment-Supplies/92074/bn_1852224" _sp="p2481888.m1386.l3262" class="hl-cat-nav__js-link">Electrical Equipment &amp; Supplies</a></li><li><a href="https://www.ebay.com/b/Heavy-Equipment-Attachments/177647/bn_1309146" _sp="p2481888.m1386.l3263" class="hl-cat-nav__js-link">Heavy Equipment Attachments</a></li><li><a href="https://www.ebay.com/b/Heavy-Equipment-Parts-Accessories/41489/bn_7208228" _sp="p2481888.m1386.l47188" class="hl-cat-nav__js-link">Heavy Equipment Parts &amp; Accessories</a></li></ul></div></div><div class="hl-cat-nav__rtm"></div></div></li><li class="hl-cat-nav__js-tab" data-hover-track="p2481888.m1387.l6435" data-currenttabindex="8"><a href="https://www.ebay.com/b/Music/bn_7000710860" _sp="p2481888.m1387.l3250">Music</a><div class="hl-cat-nav__expander"><button aria-haspopup="true">Expand: Music</button></div><div class="hl-cat-nav__flyout"><div class="hl-cat-nav__sub-cats"><div class="hl-cat-nav__sub-cat-col"><span>Top Categories</span><ul><li><a href="https://www.ebay.com/b/Guitars-Basses/3858/bn_1865236" _sp="p2481888.m1387.l3251" class="hl-cat-nav__js-link">Guitars &amp; Basses</a></li><li><a href="https://www.ebay.com/b/Percussion-Instruments/180012/bn_1853035" _sp="p2481888.m1387.l3252" class="hl-cat-nav__js-link">Drums &amp; Percussion</a></li><li><a href="https://www.ebay.com/b/Pianos-Keyboards-Organs/180010/bn_1865100" _sp="p2481888.m1387.l3253" class="hl-cat-nav__js-link">Piano &amp; Keyboards</a></li><li><a href="https://www.ebay.com/b/Brass-Instruments/16212/bn_1852469" _sp="p2481888.m1387.l3254" class="hl-cat-nav__js-link">Brass Instruments</a></li><li><a href="https://www.ebay.com/b/Wind-Woodwind-Instruments/10181/bn_1860352" _sp="p2481888.m1387.l3255" class="hl-cat-nav__js-link">Wind Instruments</a></li><li><a href="https://www.ebay.com/b/String-Instruments/180016/bn_1865268" _sp="p2481888.m1387.l3256" class="hl-cat-nav__js-link">String Instruments</a></li><li><a href="https://www.ebay.com/b/Musical-Instruments-Gear/619/bn_1865601" _sp="p2481888.m1387.l3257" class="hl-cat-nav__js-link">All Instruments</a></li></ul></div><div class="hl-cat-nav__sub-cat-col"><span>Additional Categories</span><ul><li><a href="https://www.ebay.com/b/Vinyl-Music-Records/176985/bn_1860303" _sp="p2481888.m1387.l3258" class="hl-cat-nav__js-link">Vinyl Records</a></li><li><a href="https://www.ebay.com/b/Music-CDs/176984/bn_221164" _sp="p2481888.m1387.l3259" class="hl-cat-nav__js-link">Music CDs</a></li><li><a href="https://www.ebay.com/b/DJ-Equipment/48458/bn_16562590" _sp="p2481888.m1387.l3260" class="hl-cat-nav__js-link">DJ Equipment</a></li><li><a href="https://www.ebay.com/b/Pro-Audio-Equipment/180014/bn_1865231" _sp="p2481888.m1387.l3261" class="hl-cat-nav__js-link">Pro Audio Equipment</a></li><li><a href="https://www.ebay.com/b/Stage-Lighting-Effects/12922/bn_1855494" _sp="p2481888.m1387.l3262" class="hl-cat-nav__js-link">Stage Lighting &amp; Effects</a></li><li><a href="https://www.ebay.com/b/Tickets-Experiences/1305/bn_1861080" _sp="p2481888.m1387.l3263" class="hl-cat-nav__js-link">Tickets &amp; Experiences</a></li><li><a href="https://www.ebay.com/b/Vintage-Musical-Instruments/181162/bn_7203753" _sp="p2481888.m1387.l3264" class="hl-cat-nav__js-link">Vintage Instruments</a></li><li><a href="https://www.ebay.com/b/Authorized-Resellers-of-Musical-Instruments-and-Gear/bn_7003792621" _sp="p2481888.m1387.l3265" class="hl-cat-nav__js-link">Authorized Resellers</a></li></ul></div></div><div class="hl-cat-nav__rtm"></div></div></li><li class="hl-cat-nav__js-tab" data-hover-track="p2481888.m1388.l6435" data-currenttabindex="9"><a href="https://www.ebay.com/deals" _sp="p2481888.m1388.l3250">Deals</a><div class="hl-cat-nav__expander"><button aria-haspopup="true">Expand: Deals</button></div><div class="hl-cat-nav__flyout"><div class="hl-cat-nav__sub-cats"><div class="hl-cat-nav__sub-cat-col"><span>Top Categories</span><ul><li><a href="https://www.ebay.com/deals" _sp="p2481888.m1388.l3251" class="hl-cat-nav__js-link">Daily Deals</a></li><li><a href="https://www.ebay.com/deals/tech" _sp="p2481888.m1388.l3252" class="hl-cat-nav__js-link">Electronic Deals</a></li><li><a href="https://www.ebay.com/deals/fashion" _sp="p2481888.m1388.l3253" class="hl-cat-nav__js-link">Fashion Deals</a></li><li><a href="https://www.ebay.com/deals/home-garden" _sp="p2481888.m1388.l3254" class="hl-cat-nav__js-link">Home &amp; Garden Deals</a></li><li><a href="https://www.ebay.com/deals/sporting-goods" _sp="p2481888.m1388.l3255" class="hl-cat-nav__js-link">Sporting Goods Deals</a></li><li><a href="https://www.ebay.com/deals/automotive" _sp="p2481888.m1388.l3256" class="hl-cat-nav__js-link">Automotive Deals</a></li><li><a href="https://www.ebay.com/b/Gift-Cards-Coupons/172008/bn_1858592" _sp="p2481888.m1388.l3257" class="hl-cat-nav__js-link">Gift Cards</a></li></ul></div><div class="hl-cat-nav__sub-cat-col"><span>Additional Categories</span><ul><li><a href="https://www.ebay.com/deals/other-deals/collectibles" _sp="p2481888.m1388.l3258" class="hl-cat-nav__js-link">Collectibles &amp; Art Deals</a></li><li><a href="https://www.ebay.com/deals/other-deals/toys" _sp="p2481888.m1388.l3259" class="hl-cat-nav__js-link">Toy Deals</a></li><li><a href="https://www.ebay.com/deals/other-deals/luggage-travel" _sp="p2481888.m1388.l3260" class="hl-cat-nav__js-link">Travel Deals</a></li><li><a href="https://www.ebay.com/deals/other-deals/music-gear" _sp="p2481888.m1388.l3261" class="hl-cat-nav__js-link">Music &amp; Gear Deals</a></li><li><a href="https://www.ebay.com/deals/home-garden/pet-supplies" _sp="p2481888.m1388.l3262" class="hl-cat-nav__js-link">Pet Supply Deals</a></li><li><a href="https://www.ebay.com/deals/other-deals/sports-fan-shop" _sp="p2481888.m1388.l3263" class="hl-cat-nav__js-link">Sports Memorabilia Deals</a></li><li><a href="https://www.ebay.com/deals/other-deals/coins" _sp="p2481888.m1388.l3264" class="hl-cat-nav__js-link">Coin Deals</a></li></ul></div></div><div class="hl-cat-nav__rtm"></div></div></li><li class="hl-cat-nav__more hl-cat-nav__js-tab"><span>More <svg aria-hidden="true" class="svg-icon hl-cat-nav__more-arrow icon icon--chevron-down-bold" to-json="function e(){}" focusable="false" aria-labelledby="s0-0-34-2-27-text"><use xlink:href="#icon-chevron-down-bold"></use></svg></span><div class="hl-cat-nav__expander"><button aria-haspopup="true">Expand: More</button></div><div class="hl-cat-nav__flyout"><a href="https://www.ebay.com/b/Auto-Parts-and-Vehicles/6000/bn_1865334" _sp="p2481888.m1379.l3250" class="" data-marko="{&quot;noupdate&quot;:[&quot;class&quot;]}">Motors</a><a href="https://www.ebay.com/b/Fashion/bn_7000259856" _sp="p2481888.m1380.l3250" class="" data-marko="{&quot;noupdate&quot;:[&quot;class&quot;]}">Fashion</a><a href="https://www.ebay.com/b/Electronics/bn_7000259124" _sp="p2481888.m1381.l3250" class="" data-marko="{&quot;noupdate&quot;:[&quot;class&quot;]}">Electronics</a><a href="https://www.ebay.com/b/Collectibles-Art/bn_7000259855" _sp="p2481888.m1382.l3250" class="" data-marko="{&quot;noupdate&quot;:[&quot;class&quot;]}">Collectibles &amp; Art</a><a href="https://www.ebay.com/b/Home-Garden/11700/bn_1853126" _sp="p2481888.m1383.l3250" class="" data-marko="{&quot;noupdate&quot;:[&quot;class&quot;]}">Home &amp; Garden</a><a href="https://www.ebay.com/b/Sporting-Goods/888/bn_1865031" _sp="p2481888.m1384.l3250" class="" data-marko="{&quot;noupdate&quot;:[&quot;class&quot;]}">Sporting Goods</a><a href="https://www.ebay.com/b/Toys-Hobbies/220/bn_1865497" _sp="p2481888.m1385.l3250" class="" data-marko="{&quot;noupdate&quot;:[&quot;class&quot;]}">Toys</a><a href="https://www.ebay.com/b/Business-Industrial/12576/bn_1853744" _sp="p2481888.m1386.l3250" class="" data-marko="{&quot;noupdate&quot;:[&quot;class&quot;]}">Business &amp; Industrial</a><a href="https://www.ebay.com/b/Music/bn_7000710860" _sp="p2481888.m1387.l3250" class="" data-marko="{&quot;noupdate&quot;:[&quot;class&quot;]}">Music</a><a href="https://www.ebay.com/deals" _sp="p2481888.m1388.l3250" class="" data-marko="{&quot;noupdate&quot;:[&quot;class&quot;]}">Deals</a></div></li></ul><script type="text/javascript" src="https://srv.main.ebayrtm.com/rtm?RtmCmd&amp;a=json&amp;uf=0&amp;g=51f56a631740a4e867006e4affffecdc&amp;cg=0&amp;c=1H4sIAAAAAAAAAy1PTUvDQBC951cMeGnA7M7O5GON7EE8VKnBQyr1IJQ0XUlomixtJNRf78b2Mu%2FN15t5dxu7h9I6QAJCQh9yFedMsCzWEWaIsLiyHDEMHOvUYOAoYXPxGaMpht%2B26yqZCD9aVHXbj8O5eYTXfrQd%2BAK8l%2FAJCrcq2aYhPDnX2Y3drdpRJpwJTmGxelkXb%2FfQtQcLS1sfhhCem9NwtFJ7WRErzUIzlNV3dWpvW4FTNL8SszJqBroCG9tHH%2BVMY9%2Bv271h%2FfWDiL5NvhZ59IKGWCMm2Zx4BUKc%2FZBpxtGdcymnaRJ2V11EPRzlbDz732R%2FLtVCPaRCEQmKKfgD5868kkQBAAA%3D&amp;p=19392:19393:19394:19395:19396:19397:19398:19399:19400:19401:20858&amp;di=19392:19393:19394:19395:19396:19397:19398:19399:19400:19401:20858&amp;v=4&amp;enc=UTF-8&amp;cb=window.HL_CAT_NAV_RTM_CALLBACK"></script></div> <div class="hl-module-full hl-module-full-wide hl-banner-carousel hl-atf-module-js" id="rtm_list1"><div><div no-dots="" class="carousel hl-carousel carousel--slides carousel__autoplay"><div class="carousel__container" id="s0-0-34-3-0-2[0]-2-match-media-0-ebay-carousel-container" data-marko="{&quot;onfocusin&quot;:&quot;handleStartInteraction s0-0-34-3-0-2[0]-2-match-media-0-ebay-carousel false&quot;,&quot;ontouchstart&quot;:&quot;handleStartInteraction s0-0-34-3-0-2[0]-2-match-media-0-ebay-carousel false&quot;,&quot;onmouseover&quot;:&quot;handleStartInteraction s0-0-34-3-0-2[0]-2-match-media-0-ebay-carousel false&quot;,&quot;onfocusout&quot;:&quot;handleEndInteraction s0-0-34-3-0-2[0]-2-match-media-0-ebay-carousel false&quot;,&quot;onmouseout&quot;:&quot;handleEndInteraction s0-0-34-3-0-2[0]-2-match-media-0-ebay-carousel false&quot;,&quot;ontouchend&quot;:&quot;handleEndInteraction s0-0-34-3-0-2[0]-2-match-media-0-ebay-carousel false&quot;}"><span id="carousel-status-s0-0-34-3-0-2[0]-2-match-media-0-ebay-carousel" class="clipped" aria-live="off"><span>Carousel showing banner 1 of 3</span></span><button class="carousel__control carousel__control--prev" type="button" aria-describedby="carousel-status-s0-0-34-3-0-2[0]-2-match-media-0-ebay-carousel" aria-label="Go to previous banner" data-marko="{&quot;onclick&quot;:&quot;handleMove s0-0-34-3-0-2[0]-2-match-media-0-ebay-carousel false 0&quot;}"><svg aria-hidden="true" class="icon icon--carousel-prev" focusable="false" aria-labelledby="s0-0-34-3-0-2[0]-2-match-media-0-ebay-carousel-5-text" to-json="function e(){}"><use xlink:href="#icon-carousel-prev"></use></svg></button><div class="carousel__viewport"><ul class="carousel__list" id="s0-0-34-3-0-2[0]-2-match-media-0-ebay-carousel-list"><li class="carousel__snap-point hl-carousel__item" style="width:calc(100% - 0px);margin-right:0px;"><div class="hl-banner hl-color-block-banner" style="background-color:#1dcbca;"><div class="hl-color-block-banner__content"><div class="hl-banner__text hl-color-block-banner__text"><h2><a style="color:#121258;" href="https://svcs.ebay.com/delstats/clk/rtm?url=https%3A%2F%2Fpages.ebay.com%2Ftogether%2F&amp;p=100000&amp;mc=Z3VpZD01MWY1NmE2MzE3NDBhNGU4NjcwMDZlNGFmZmZmZWNkY3x1bD1lbi1VU3x0PTB8Ync9TEFSR0V8dGR0PWlpZDo0OTgwNzk1MDA4NTk4MzIzMzU1LGNsa2lkOjQ5ODA3OTUwMDg1OTgzMjMzNTR8cGxtdD0oY2lkOjQyMjM4IGdiaDogaWlkOjQ5ODA3OTUwMDg1OTgzMjMzNTUgbWlkOjY0NjAwIHBpZDoxMDAwMDAgc2lkOi0xIHRpZDo1MmMzMjM3MS0yNzhlLTRmOTctODhjMy1hOTI4Zjc1OTQ2NTAgdHR5cGU6SE9NRV9QQUdFX0JBTk5FUl9WRUxPQ0lUWSB2aWQ6NzNiOTM4N2JmNDU5ODQyZWFiNjJlMWRlMTNkYWRmMDZiMjhiNzViZDA2NmZlMDM3Y2IwZTExMjdiMDkxZjRjMSl8dWM9MXxtPTY0NjAwfGJzPTA%3D&amp;_trkparms=pageci%3A9613d99a-ed93-11ea-974e-5ef97f0ce4b3%7Cparentrq%3A51f56a5a1740a4e8670a88b5fffff9e0%7Ciid%3A0" _sp="p2481888.m4518.l8658.c1" data-click="{&quot;eventFamily&quot;:&quot;HOMEPAGE&quot;,&quot;eventAction&quot;:&quot;ACTN&quot;,&quot;actionKind&quot;:&quot;NAVSRC&quot;,&quot;operationId&quot;:&quot;2481888&quot;,&quot;flushImmediately&quot;:false,&quot;eventProperty&quot;:{&quot;moduledtl&quot;:&quot;mi:4518|iid:0|li:8658|luid:1|c:1&quot;,&quot;ammiid&quot;:&quot;4980795008598323355&quot;,&quot;amdata&quot;:&quot;guid=51f56a631740a4e867006e4affffecdc|ul=en-US|t=0|bw=LARGE|tdt=iid:4980795008598323355,clkid:4980795008598323354|plmt=(cid:42238 gbh: iid:4980795008598323355 mid:64600 pid:100000 sid:-1 tid:52c32371-278e-4f97-88c3-a928f7594650 ttype:HOME_PAGE_BANNER_VELOCITY vid:73b9387bf459842eab62e1de13dadf06b28b75bd066fe037cb0e1127b091f4c1)|uc=1|m=64600|bs=0&quot;,&quot;parentrq&quot;:&quot;51f56a5a1740a4e8670a88b5fffff9e0&quot;,&quot;pageci&quot;:&quot;9613d99a-ed93-11ea-974e-5ef97f0ce4b3&quot;,&quot;ampid&quot;:&quot;MADRONA&quot;}}" aria-label="Get your thing"><div style="color:#121258;" class="ebayui-ellipsis-3"><span style="color:#121258;">Your passion is their business</span></div></a></h2><div class="hl-banner__text-subheading"><div style="color:#121258;" class="ebayui-ellipsis-2"><span style="color:#121258;">Connect with small businesses and get exactly what you want.</span></div></div><div class="hl-cta hl-banner__cta ebayui-ellipsis" onfocusin="this.querySelector('.hl-cta__default-js').onmouseover()" onfocusout="this.querySelector('.hl-cta__default-js').onmouseout()"><a href="https://svcs.ebay.com/delstats/clk/rtm?url=https%3A%2F%2Fpages.ebay.com%2Ftogether%2F&amp;p=100000&amp;mc=Z3VpZD01MWY1NmE2MzE3NDBhNGU4NjcwMDZlNGFmZmZmZWNkY3x1bD1lbi1VU3x0PTB8Ync9TEFSR0V8dGR0PWlpZDo0OTgwNzk1MDA4NTk4MzIzMzU1LGNsa2lkOjQ5ODA3OTUwMDg1OTgzMjMzNTR8cGxtdD0oY2lkOjQyMjM4IGdiaDogaWlkOjQ5ODA3OTUwMDg1OTgzMjMzNTUgbWlkOjY0NjAwIHBpZDoxMDAwMDAgc2lkOi0xIHRpZDo1MmMzMjM3MS0yNzhlLTRmOTctODhjMy1hOTI4Zjc1OTQ2NTAgdHR5cGU6SE9NRV9QQUdFX0JBTk5FUl9WRUxPQ0lUWSB2aWQ6NzNiOTM4N2JmNDU5ODQyZWFiNjJlMWRlMTNkYWRmMDZiMjhiNzViZDA2NmZlMDM3Y2IwZTExMjdiMDkxZjRjMSl8dWM9MXxtPTY0NjAwfGJzPTA%3D&amp;_trkparms=pageci%3A9613d99a-ed93-11ea-974e-5ef97f0ce4b3%7Cparentrq%3A51f56a5a1740a4e8670a88b5fffff9e0%7Ciid%3A0" _sp="p2481888.m4518.l8658.c1" data-click="{&quot;eventFamily&quot;:&quot;HOMEPAGE&quot;,&quot;eventAction&quot;:&quot;ACTN&quot;,&quot;actionKind&quot;:&quot;NAVSRC&quot;,&quot;operationId&quot;:&quot;2481888&quot;,&quot;flushImmediately&quot;:false,&quot;eventProperty&quot;:{&quot;moduledtl&quot;:&quot;mi:4518|iid:0|li:8658|luid:1|c:1&quot;,&quot;ammiid&quot;:&quot;4980795008598323355&quot;,&quot;amdata&quot;:&quot;guid=51f56a631740a4e867006e4affffecdc|ul=en-US|t=0|bw=LARGE|tdt=iid:4980795008598323355,clkid:4980795008598323354|plmt=(cid:42238 gbh: iid:4980795008598323355 mid:64600 pid:100000 sid:-1 tid:52c32371-278e-4f97-88c3-a928f7594650 ttype:HOME_PAGE_BANNER_VELOCITY vid:73b9387bf459842eab62e1de13dadf06b28b75bd066fe037cb0e1127b091f4c1)|uc=1|m=64600|bs=0&quot;,&quot;parentrq&quot;:&quot;51f56a5a1740a4e8670a88b5fffff9e0&quot;,&quot;pageci&quot;:&quot;9613d99a-ed93-11ea-974e-5ef97f0ce4b3&quot;,&quot;ampid&quot;:&quot;MADRONA&quot;}}"><div class="hl-cta__text-only" style="color:#121258;">Get your thing <svg aria-hidden="true" class="hl-cta__arrow icon icon--arrow-right-bold" style="fill:currentColor;" focusable="false" aria-labelledby="s0-0-34-3-0-2[0]-2-match-media-0-ebay-carousel-11[0]-4[0]-6[0]-9-1-1-3-0-text" to-json="function e(){}"><use xlink:href="#icon-arrow-right-bold"></use></svg></div><div class="hl-cta__default hl-cta__default-js hl-banner__cta ebayui-ellipsis" style="color: #121258; border-color: #121258" onmouseover="this.style.color='#1dcbca'; this.style['border-color']='#121258'; this.style['box-shadow']='#121258 0 0px 0px 70px inset'; this.querySelectorAll('.hl-cta__arrow').item(0).style['stroke']='#1dcbca'" onmouseout="this.style.color='#121258'; this.style['border-color']='#121258'; this.style['box-shadow']='#121258 0 0px 0px 0px inset'; this.querySelectorAll('.hl-cta__arrow').item(0).style['stroke']='#121258'">Get your thing <svg aria-hidden="true" class="hl-cta__arrow icon icon--arrow-right-bold" style="fill:currentColor;" focusable="false" aria-labelledby="s0-0-34-3-0-2[0]-2-match-media-0-ebay-carousel-11[0]-4[0]-6[0]-9-1-1-5-0-text" to-json="function e(){}"><use xlink:href="#icon-arrow-right-bold"></use></svg></div><span class="clipped"> - Get your thing</span></a></div></div></div><a class="hl-color-block-banner__image-link focus-inset" href="https://svcs.ebay.com/delstats/clk/rtm?url=https%3A%2F%2Fpages.ebay.com%2Ftogether%2F&amp;p=100000&amp;mc=Z3VpZD01MWY1NmE2MzE3NDBhNGU4NjcwMDZlNGFmZmZmZWNkY3x1bD1lbi1VU3x0PTB8Ync9TEFSR0V8dGR0PWlpZDo0OTgwNzk1MDA4NTk4MzIzMzU1LGNsa2lkOjQ5ODA3OTUwMDg1OTgzMjMzNTR8cGxtdD0oY2lkOjQyMjM4IGdiaDogaWlkOjQ5ODA3OTUwMDg1OTgzMjMzNTUgbWlkOjY0NjAwIHBpZDoxMDAwMDAgc2lkOi0xIHRpZDo1MmMzMjM3MS0yNzhlLTRmOTctODhjMy1hOTI4Zjc1OTQ2NTAgdHR5cGU6SE9NRV9QQUdFX0JBTk5FUl9WRUxPQ0lUWSB2aWQ6NzNiOTM4N2JmNDU5ODQyZWFiNjJlMWRlMTNkYWRmMDZiMjhiNzViZDA2NmZlMDM3Y2IwZTExMjdiMDkxZjRjMSl8dWM9MXxtPTY0NjAwfGJzPTA%3D&amp;_trkparms=pageci%3A9613d99a-ed93-11ea-974e-5ef97f0ce4b3%7Cparentrq%3A51f56a5a1740a4e8670a88b5fffff9e0%7Ciid%3A0" _sp="p2481888.m4518.l8658.c1" data-click="{&quot;eventFamily&quot;:&quot;HOMEPAGE&quot;,&quot;eventAction&quot;:&quot;ACTN&quot;,&quot;actionKind&quot;:&quot;NAVSRC&quot;,&quot;operationId&quot;:&quot;2481888&quot;,&quot;flushImmediately&quot;:false,&quot;eventProperty&quot;:{&quot;moduledtl&quot;:&quot;mi:4518|iid:0|li:8658|luid:1|c:1&quot;,&quot;ammiid&quot;:&quot;4980795008598323355&quot;,&quot;amdata&quot;:&quot;guid=51f56a631740a4e867006e4affffecdc|ul=en-US|t=0|bw=LARGE|tdt=iid:4980795008598323355,clkid:4980795008598323354|plmt=(cid:42238 gbh: iid:4980795008598323355 mid:64600 pid:100000 sid:-1 tid:52c32371-278e-4f97-88c3-a928f7594650 ttype:HOME_PAGE_BANNER_VELOCITY vid:73b9387bf459842eab62e1de13dadf06b28b75bd066fe037cb0e1127b091f4c1)|uc=1|m=64600|bs=0&quot;,&quot;parentrq&quot;:&quot;51f56a5a1740a4e8670a88b5fffff9e0&quot;,&quot;pageci&quot;:&quot;9613d99a-ed93-11ea-974e-5ef97f0ce4b3&quot;,&quot;ampid&quot;:&quot;MADRONA&quot;}}"><div data-size="920" class="hl-image hl-image-js js-only hl-color-block-banner__image hl-image__fill" style="background-image: url(&quot;https://i.ebayimg.com/images/g/4xYAAOSwKvRfRvHS/s-l960.webp&quot;);"><div class="hl-image__background" style="background-color: rgb(29, 203, 202); opacity: 0;"></div><img onerror="typeof lazyLoad !== 'undefined' &amp;&amp; lazyLoad.addToQueue(this, true)" src="https://i.ebayimg.com/images/g/4xYAAOSwKvRfRvHS/s-l960.webp" alt="Get your thing - Your passion is their business" data-load-time="1599102872739"></div><noscript aria-hidden="true"><div class="hl-image hl-color-block-banner__image" style="background-image: url('https://i.ebayimg.com/images/g/4xYAAOSwKvRfRvHS/s-l960.webp')"><img src="https://i.ebayimg.com/images/g/4xYAAOSwKvRfRvHS/s-l960.webp" alt="Get your thing - Your passion is their business"></div></noscript></a></div></li><li class="carousel__snap-point hl-carousel__item" style="width:calc(100% - 0px);margin-right:0px;" aria-hidden="true"><div class="hl-banner hl-color-block-banner hl-multi-cta-banner" style="background-color:#1dcbca;"><div class="hl-color-block-banner__content"><div class="hl-banner__text hl-color-block-banner__text"><h2><a style="color:#003147;" href="https://www.ebay.com/b/Brand-Outlet/bn_7115532402?_trkparms=pageci%3A9613d99a-ed93-11ea-974e-5ef97f0ce4b3%7Cparentrq%3A51f56a5a1740a4e8670a88b5fffff9e0%7Ciid%3A0" _sp="p2481888.m4518.l5349.c1" data-click="{&quot;eventFamily&quot;:&quot;HOMEPAGE&quot;,&quot;eventAction&quot;:&quot;ACTN&quot;,&quot;actionKind&quot;:&quot;NAVSRC&quot;,&quot;operationId&quot;:&quot;2481888&quot;,&quot;flushImmediately&quot;:false,&quot;eventProperty&quot;:{&quot;moduledtl&quot;:&quot;mi:4518|iid:0|li:5349|luid:1|c:1&quot;,&quot;ammiid&quot;:&quot;4980795008598323353&quot;,&quot;amdata&quot;:&quot;guid=51f56a631740a4e867006e4affffecdc|ul=en-US|t=0|bw=LARGE|tdt=iid:4980795008598323353,clkid:4980795008598323352|plmt=(cid:41127 gbh: iid:4980795008598323353 mid:62804 pid:100002 sid:-1 tid:0aed7e61-8738-4bcd-88b7-f5fe3c0cd75c ttype:HOME_PAGE_BANNER_VELOCITY vid:4b757d6803e657d5c3542f9dfe8a26bcc2754e783b680b7038e3b8dd4bd0e307)|uc=1|m=62804|bs=0&quot;,&quot;parentrq&quot;:&quot;51f56a5a1740a4e8670a88b5fffff9e0&quot;,&quot;pageci&quot;:&quot;9613d99a-ed93-11ea-974e-5ef97f0ce4b3&quot;,&quot;ampid&quot;:&quot;MADRONA&quot;}}" aria-label="Start saving" tabindex="-1"><div style="color:#003147;" class="ebayui-ellipsis-3"><span style="color:#003147;">Shop it all at The Brand Outlet</span></div></a></h2><div class="hl-banner__text-subheading"><div style="color:#003147;" class="ebayui-ellipsis-2"><span style="color:#003147;">Great deals direct from the brands you love.</span></div></div><div class="hl-cta hl-banner__cta ebayui-ellipsis" onfocusin="this.querySelector('.hl-cta__default-js').onmouseover()" onfocusout="this.querySelector('.hl-cta__default-js').onmouseout()"><a href="https://www.ebay.com/b/Brand-Outlet/bn_7115532402?_trkparms=pageci%3A9613d99a-ed93-11ea-974e-5ef97f0ce4b3%7Cparentrq%3A51f56a5a1740a4e8670a88b5fffff9e0%7Ciid%3A0" _sp="p2481888.m4518.l5352.c1" data-click="{&quot;eventFamily&quot;:&quot;HOMEPAGE&quot;,&quot;eventAction&quot;:&quot;ACTN&quot;,&quot;actionKind&quot;:&quot;NAVSRC&quot;,&quot;operationId&quot;:&quot;2481888&quot;,&quot;flushImmediately&quot;:false,&quot;eventProperty&quot;:{&quot;moduledtl&quot;:&quot;mi:4518|iid:0|li:5352|luid:1|c:1&quot;,&quot;ammiid&quot;:&quot;4980795008598323353&quot;,&quot;amdata&quot;:&quot;guid=51f56a631740a4e867006e4affffecdc|ul=en-US|t=0|bw=LARGE|tdt=iid:4980795008598323353,clkid:4980795008598323352|plmt=(cid:41127 gbh: iid:4980795008598323353 mid:62804 pid:100002 sid:-1 tid:0aed7e61-8738-4bcd-88b7-f5fe3c0cd75c ttype:HOME_PAGE_BANNER_VELOCITY vid:4b757d6803e657d5c3542f9dfe8a26bcc2754e783b680b7038e3b8dd4bd0e307)|uc=1|m=62804|bs=0&quot;,&quot;parentrq&quot;:&quot;51f56a5a1740a4e8670a88b5fffff9e0&quot;,&quot;pageci&quot;:&quot;9613d99a-ed93-11ea-974e-5ef97f0ce4b3&quot;,&quot;ampid&quot;:&quot;MADRONA&quot;}}" tabindex="-1"><div class="hl-cta__text-only" style="color:#003147;">Start saving <svg aria-hidden="true" class="hl-cta__arrow icon icon--arrow-right-bold" style="fill:currentColor;" focusable="false" aria-labelledby="s0-0-34-3-0-2[0]-2-match-media-0-ebay-carousel-11[1]-4[1]-6[1]-0-9-1-1-3-0-text" to-json="function e(){}"><use xlink:href="#icon-arrow-right-bold"></use></svg></div><div class="hl-cta__default hl-cta__default-js hl-banner__cta ebayui-ellipsis" style="color: #003147; border-color: #003147" onmouseover="this.style.color='#1dcbca'; this.style['border-color']='#003147'; this.style['box-shadow']='#003147 0 0px 0px 70px inset'; this.querySelectorAll('.hl-cta__arrow').item(0).style['stroke']='#1dcbca'" onmouseout="this.style.color='#003147'; this.style['border-color']='#003147'; this.style['box-shadow']='#003147 0 0px 0px 0px inset'; this.querySelectorAll('.hl-cta__arrow').item(0).style['stroke']='#003147'">Start saving <svg aria-hidden="true" class="hl-cta__arrow icon icon--arrow-right-bold" style="fill:currentColor;" focusable="false" aria-labelledby="s0-0-34-3-0-2[0]-2-match-media-0-ebay-carousel-11[1]-4[1]-6[1]-0-9-1-1-5-0-text" to-json="function e(){}"><use xlink:href="#icon-arrow-right-bold"></use></svg></div><span class="clipped"> - Start saving</span></a></div></div></div><div class="hl-color-block-banner__image-link"><div class="hl-multi-cta-banner__main-container"><div class="hl-multi-cta-banner__main-image" style="background-color:#01718f;"><a class="hl-multi-cta-banner__image-link focus-inset" href="https://www.ebay.com/e/sporting-goods/brand-outlet-mizuno-8-3-20?_trkparms=pageci%3A9613d99a-ed93-11ea-974e-5ef97f0ce4b3%7Cparentrq%3A51f56a5a1740a4e8670a88b5fffff9e0%7Ciid%3A0" _sp="p2481888.m4518.l5350.c2" data-click="{&quot;eventFamily&quot;:&quot;HOMEPAGE&quot;,&quot;eventAction&quot;:&quot;ACTN&quot;,&quot;actionKind&quot;:&quot;NAVSRC&quot;,&quot;operationId&quot;:&quot;2481888&quot;,&quot;flushImmediately&quot;:false,&quot;eventProperty&quot;:{&quot;moduledtl&quot;:&quot;mi:4518|iid:0|li:5350|luid:1|c:2|title:Mizuno USA Up to 25% off&quot;,&quot;ammiid&quot;:&quot;4980795008598323353&quot;,&quot;amdata&quot;:&quot;guid=51f56a631740a4e867006e4affffecdc|ul=en-US|t=0|bw=LARGE|tdt=iid:4980795008598323353,clkid:4980795008598323352|plmt=(cid:41127 gbh: iid:4980795008598323353 mid:62804 pid:100002 sid:-1 tid:0aed7e61-8738-4bcd-88b7-f5fe3c0cd75c ttype:HOME_PAGE_BANNER_VELOCITY vid:4b757d6803e657d5c3542f9dfe8a26bcc2754e783b680b7038e3b8dd4bd0e307)|uc=1|m=62804|bs=0&quot;,&quot;parentrq&quot;:&quot;51f56a5a1740a4e8670a88b5fffff9e0&quot;,&quot;pageci&quot;:&quot;9613d99a-ed93-11ea-974e-5ef97f0ce4b3&quot;,&quot;ampid&quot;:&quot;MADRONA&quot;}}" tabindex="-1"><div class="hl-image hl-image-js js-only hl-multi-cta-banner__image"><img data-size="400" onerror="typeof lazyLoad !== 'undefined' &amp;&amp; lazyLoad.addToQueue(this, false)" src="https://i.ebayimg.com/images/g/1DsAAOSwu~5fHycp/s-l400.webp" crossorigin="anonymous" alt="Mizuno USA Up to 25% off" data-load-time="1599102872995" style="opacity: 1;"></div><noscript aria-hidden="true"><div class="hl-image hl-multi-cta-banner__image hl-image__no-fill"><img src="https://i.ebayimg.com/images/g/1DsAAOSwu~5fHycp/s-l400.webp" alt="Mizuno USA Up to 25% off"></div></noscript></a></div><div class="hl-multi-cta-banner__secondary-container"><div class="hl-multi-cta-banner__secondary-image" style="background-color:#0e4a6c;"><a class="hl-multi-cta-banner__image-link focus-inset" href="https://www.ebay.com/e/home-garden/hoover-brand-outlet-111219?_trkparms=pageci%3A9613d99a-ed93-11ea-974e-5ef97f0ce4b3%7Cparentrq%3A51f56a5a1740a4e8670a88b5fffff9e0%7Ciid%3A0" _sp="p2481888.m4518.l5350.c3" data-click="{&quot;eventFamily&quot;:&quot;HOMEPAGE&quot;,&quot;eventAction&quot;:&quot;ACTN&quot;,&quot;actionKind&quot;:&quot;NAVSRC&quot;,&quot;operationId&quot;:&quot;2481888&quot;,&quot;flushImmediately&quot;:false,&quot;eventProperty&quot;:{&quot;moduledtl&quot;:&quot;mi:4518|iid:0|li:5350|luid:1|c:3|title:Hoover Up to 25% off&quot;,&quot;ammiid&quot;:&quot;4980795008598323353&quot;,&quot;amdata&quot;:&quot;guid=51f56a631740a4e867006e4affffecdc|ul=en-US|t=0|bw=LARGE|tdt=iid:4980795008598323353,clkid:4980795008598323352|plmt=(cid:41127 gbh: iid:4980795008598323353 mid:62804 pid:100002 sid:-1 tid:0aed7e61-8738-4bcd-88b7-f5fe3c0cd75c ttype:HOME_PAGE_BANNER_VELOCITY vid:4b757d6803e657d5c3542f9dfe8a26bcc2754e783b680b7038e3b8dd4bd0e307)|uc=1|m=62804|bs=0&quot;,&quot;parentrq&quot;:&quot;51f56a5a1740a4e8670a88b5fffff9e0&quot;,&quot;pageci&quot;:&quot;9613d99a-ed93-11ea-974e-5ef97f0ce4b3&quot;,&quot;ampid&quot;:&quot;MADRONA&quot;}}" tabindex="-1"><div class="hl-image hl-image-js js-only hl-multi-cta-banner__image"><img data-size="400" onerror="typeof lazyLoad !== 'undefined' &amp;&amp; lazyLoad.addToQueue(this, false)" src="https://i.ebayimg.com/images/g/tbUAAOSwRd5fHycr/s-l400.webp" crossorigin="anonymous" alt="Hoover Up to 25% off" data-load-time="1599102872996" style="opacity: 1;"></div><noscript aria-hidden="true"><div class="hl-image hl-multi-cta-banner__image hl-image__no-fill"><img src="https://i.ebayimg.com/images/g/tbUAAOSwRd5fHycr/s-l400.webp" alt="Hoover Up to 25% off"></div></noscript></a></div><div class="hl-multi-cta-banner__secondary-image" style="background-color:#003147;"><a class="hl-multi-cta-banner__image-link focus-inset" href="https://www.ebay.com/e/_electronics/acer-certified-refurbished?_trkparms=pageci%3A9613d99a-ed93-11ea-974e-5ef97f0ce4b3%7Cparentrq%3A51f56a5a1740a4e8670a88b5fffff9e0%7Ciid%3A0" _sp="p2481888.m4518.l5350.c4" data-click="{&quot;eventFamily&quot;:&quot;HOMEPAGE&quot;,&quot;eventAction&quot;:&quot;ACTN&quot;,&quot;actionKind&quot;:&quot;NAVSRC&quot;,&quot;operationId&quot;:&quot;2481888&quot;,&quot;flushImmediately&quot;:false,&quot;eventProperty&quot;:{&quot;moduledtl&quot;:&quot;mi:4518|iid:0|li:5350|luid:1|c:4|title:Acer up to 50% off&quot;,&quot;ammiid&quot;:&quot;4980795008598323353&quot;,&quot;amdata&quot;:&quot;guid=51f56a631740a4e867006e4affffecdc|ul=en-US|t=0|bw=LARGE|tdt=iid:4980795008598323353,clkid:4980795008598323352|plmt=(cid:41127 gbh: iid:4980795008598323353 mid:62804 pid:100002 sid:-1 tid:0aed7e61-8738-4bcd-88b7-f5fe3c0cd75c ttype:HOME_PAGE_BANNER_VELOCITY vid:4b757d6803e657d5c3542f9dfe8a26bcc2754e783b680b7038e3b8dd4bd0e307)|uc=1|m=62804|bs=0&quot;,&quot;parentrq&quot;:&quot;51f56a5a1740a4e8670a88b5fffff9e0&quot;,&quot;pageci&quot;:&quot;9613d99a-ed93-11ea-974e-5ef97f0ce4b3&quot;,&quot;ampid&quot;:&quot;MADRONA&quot;}}" tabindex="-1"><div class="hl-image hl-image-js js-only hl-multi-cta-banner__image"><img data-size="400" onerror="typeof lazyLoad !== 'undefined' &amp;&amp; lazyLoad.addToQueue(this, false)" src="https://i.ebayimg.com/images/g/NAAAAOSwq3pfHycs/s-l400.webp" crossorigin="anonymous" alt="Acer up to 50% off" data-load-time="1599102873005" style="opacity: 1;"></div><noscript aria-hidden="true"><div class="hl-image hl-multi-cta-banner__image hl-image__no-fill"><img src="https://i.ebayimg.com/images/g/NAAAAOSwq3pfHycs/s-l400.webp" alt="Acer up to 50% off"></div></noscript></a></div></div></div></div></div></li><li class="carousel__snap-point hl-carousel__item" style="width:calc(100% - 0px);margin-right:false;" aria-hidden="true"><div class="hl-banner hl-color-block-banner" style="background-color:#ffffff;" data-rtm-pixel="https://svcs.ebay.com/delstats/imp/rtm?p=100003&amp;mc=Z3VpZD01MWY1NmE2MzE3NDBhNGU4NjcwMDZlNGFmZmZmZWNkY3x1bD1lbi1VU3x0PTB8Ync9TEFSR0V8dGR0PWlpZDo0OTgwNzk1MDA4NTk4MzIzMzUxLGNsa2lkOjQ5ODA3OTUwMDg1OTgzMjMzNTB8cGxtdD0oY2lkOjQyMDQwIGdiaDogaWlkOjQ5ODA3OTUwMDg1OTgzMjMzNTEgbWlkOjY0Mjk5IHBpZDoxMDAwMDMgc2lkOi0xIHRpZDo5NGQ4ZDI5MS0zOGNkLTRiNDItOGY5Ny0yOWY3NDIxMWFjZWEgdHR5cGU6SE9NRV9QQUdFX0JBTk5FUl9WRUxPQ0lUWSB2aWQ6MTMzY2Y0ZmI0YzdkYzg4NmQyZGFiZDM2NDdmOWJhNDljZGYyM2EyYjU2YTJiOWRlY2Q0MzMwOTMzMjlhYTU2ZCl8dWM9MXxtPTY0Mjk5fGJzPTA=" data-view="{&quot;eventFamily&quot;:&quot;HOMEPAGE&quot;,&quot;eventAction&quot;:&quot;VIEW&quot;,&quot;operationId&quot;:&quot;2481888&quot;,&quot;flushImmediately&quot;:false,&quot;eventProperty&quot;:{&quot;moduledtl&quot;:&quot;mi:4518|iid:0|c:1&quot;,&quot;ammiid&quot;:&quot;4980795008598323351&quot;,&quot;amdata&quot;:&quot;guid=51f56a631740a4e867006e4affffecdc|ul=en-US|t=0|bw=LARGE|tdt=iid:4980795008598323351,clkid:4980795008598323350|plmt=(cid:42040 gbh: iid:4980795008598323351 mid:64299 pid:100003 sid:-1 tid:94d8d291-38cd-4b42-8f97-29f74211acea ttype:HOME_PAGE_BANNER_VELOCITY vid:133cf4fb4c7dc886d2dabd3647f9ba49cdf23a2b56a2b9decd433093329aa56d)|uc=1|m=64299|bs=0&quot;,&quot;parentrq&quot;:&quot;51f56a5a1740a4e8670a88b5fffff9e0&quot;,&quot;pageci&quot;:&quot;9613d99a-ed93-11ea-974e-5ef97f0ce4b3&quot;,&quot;ampid&quot;:&quot;MADRONA&quot;}}"><div class="hl-color-block-banner__content has-fine-print"><div class="hl-banner__text hl-color-block-banner__text"><h2><a style="color:#121258;" href="https://svcs.ebay.com/delstats/clk/rtm?url=https%3A%2F%2Fwww.ebay.com%2Fe%2Fcharity%2Fartists-band-together&amp;p=100003&amp;mc=Z3VpZD01MWY1NmE2MzE3NDBhNGU4NjcwMDZlNGFmZmZmZWNkY3x1bD1lbi1VU3x0PTB8Ync9TEFSR0V8dGR0PWlpZDo0OTgwNzk1MDA4NTk4MzIzMzUxLGNsa2lkOjQ5ODA3OTUwMDg1OTgzMjMzNTB8cGxtdD0oY2lkOjQyMDQwIGdiaDogaWlkOjQ5ODA3OTUwMDg1OTgzMjMzNTEgbWlkOjY0Mjk5IHBpZDoxMDAwMDMgc2lkOi0xIHRpZDo5NGQ4ZDI5MS0zOGNkLTRiNDItOGY5Ny0yOWY3NDIxMWFjZWEgdHR5cGU6SE9NRV9QQUdFX0JBTk5FUl9WRUxPQ0lUWSB2aWQ6MTMzY2Y0ZmI0YzdkYzg4NmQyZGFiZDM2NDdmOWJhNDljZGYyM2EyYjU2YTJiOWRlY2Q0MzMwOTMzMjlhYTU2ZCl8dWM9MXxtPTY0Mjk5fGJzPTA%3D&amp;_trkparms=pageci%3A9613d99a-ed93-11ea-974e-5ef97f0ce4b3%7Cparentrq%3A51f56a5a1740a4e8670a88b5fffff9e0%7Ciid%3A0" _sp="p2481888.m4518.l8658.c1" data-click="{&quot;eventFamily&quot;:&quot;HOMEPAGE&quot;,&quot;eventAction&quot;:&quot;ACTN&quot;,&quot;actionKind&quot;:&quot;NAVSRC&quot;,&quot;operationId&quot;:&quot;2481888&quot;,&quot;flushImmediately&quot;:false,&quot;eventProperty&quot;:{&quot;moduledtl&quot;:&quot;mi:4518|iid:0|li:8658|luid:1|c:1&quot;,&quot;ammiid&quot;:&quot;4980795008598323351&quot;,&quot;amdata&quot;:&quot;guid=51f56a631740a4e867006e4affffecdc|ul=en-US|t=0|bw=LARGE|tdt=iid:4980795008598323351,clkid:4980795008598323350|plmt=(cid:42040 gbh: iid:4980795008598323351 mid:64299 pid:100003 sid:-1 tid:94d8d291-38cd-4b42-8f97-29f74211acea ttype:HOME_PAGE_BANNER_VELOCITY vid:133cf4fb4c7dc886d2dabd3647f9ba49cdf23a2b56a2b9decd433093329aa56d)|uc=1|m=64299|bs=0&quot;,&quot;parentrq&quot;:&quot;51f56a5a1740a4e8670a88b5fffff9e0&quot;,&quot;pageci&quot;:&quot;9613d99a-ed93-11ea-974e-5ef97f0ce4b3&quot;,&quot;ampid&quot;:&quot;MADRONA&quot;}}" aria-label="Buy yours" tabindex="-1"><div style="color:#121258;" class="ebayui-ellipsis-3"><span style="color:#121258;">Artists band together to get out the vote</span></div></a></h2><div class="hl-banner__text-subheading"><div style="color:#121258;" class="ebayui-ellipsis-2"><span style="color:#121258;">Exclusive bandanas by Shepard Fairey, Barbara Kruger, and more.</span></div></div><div class="hl-cta hl-banner__cta ebayui-ellipsis" onfocusin="this.querySelector('.hl-cta__default-js').onmouseover()" onfocusout="this.querySelector('.hl-cta__default-js').onmouseout()"><a href="https://svcs.ebay.com/delstats/clk/rtm?url=https%3A%2F%2Fwww.ebay.com%2Fe%2Fcharity%2Fartists-band-together&amp;p=100003&amp;mc=Z3VpZD01MWY1NmE2MzE3NDBhNGU4NjcwMDZlNGFmZmZmZWNkY3x1bD1lbi1VU3x0PTB8Ync9TEFSR0V8dGR0PWlpZDo0OTgwNzk1MDA4NTk4MzIzMzUxLGNsa2lkOjQ5ODA3OTUwMDg1OTgzMjMzNTB8cGxtdD0oY2lkOjQyMDQwIGdiaDogaWlkOjQ5ODA3OTUwMDg1OTgzMjMzNTEgbWlkOjY0Mjk5IHBpZDoxMDAwMDMgc2lkOi0xIHRpZDo5NGQ4ZDI5MS0zOGNkLTRiNDItOGY5Ny0yOWY3NDIxMWFjZWEgdHR5cGU6SE9NRV9QQUdFX0JBTk5FUl9WRUxPQ0lUWSB2aWQ6MTMzY2Y0ZmI0YzdkYzg4NmQyZGFiZDM2NDdmOWJhNDljZGYyM2EyYjU2YTJiOWRlY2Q0MzMwOTMzMjlhYTU2ZCl8dWM9MXxtPTY0Mjk5fGJzPTA%3D&amp;_trkparms=pageci%3A9613d99a-ed93-11ea-974e-5ef97f0ce4b3%7Cparentrq%3A51f56a5a1740a4e8670a88b5fffff9e0%7Ciid%3A0" _sp="p2481888.m4518.l8658.c1" data-click="{&quot;eventFamily&quot;:&quot;HOMEPAGE&quot;,&quot;eventAction&quot;:&quot;ACTN&quot;,&quot;actionKind&quot;:&quot;NAVSRC&quot;,&quot;operationId&quot;:&quot;2481888&quot;,&quot;flushImmediately&quot;:false,&quot;eventProperty&quot;:{&quot;moduledtl&quot;:&quot;mi:4518|iid:0|li:8658|luid:1|c:1&quot;,&quot;ammiid&quot;:&quot;4980795008598323351&quot;,&quot;amdata&quot;:&quot;guid=51f56a631740a4e867006e4affffecdc|ul=en-US|t=0|bw=LARGE|tdt=iid:4980795008598323351,clkid:4980795008598323350|plmt=(cid:42040 gbh: iid:4980795008598323351 mid:64299 pid:100003 sid:-1 tid:94d8d291-38cd-4b42-8f97-29f74211acea ttype:HOME_PAGE_BANNER_VELOCITY vid:133cf4fb4c7dc886d2dabd3647f9ba49cdf23a2b56a2b9decd433093329aa56d)|uc=1|m=64299|bs=0&quot;,&quot;parentrq&quot;:&quot;51f56a5a1740a4e8670a88b5fffff9e0&quot;,&quot;pageci&quot;:&quot;9613d99a-ed93-11ea-974e-5ef97f0ce4b3&quot;,&quot;ampid&quot;:&quot;MADRONA&quot;}}" tabindex="-1"><div class="hl-cta__text-only" style="color:#121258;">Buy yours <svg aria-hidden="true" class="hl-cta__arrow icon icon--arrow-right-bold" style="fill:currentColor;" focusable="false" aria-labelledby="s0-0-34-3-0-2[0]-2-match-media-0-ebay-carousel-11[2]-4[2]-6[2]-9-1-1-3-0-text" to-json="function e(){}"><use xlink:href="#icon-arrow-right-bold"></use></svg></div><div class="hl-cta__default hl-cta__default-js hl-banner__cta ebayui-ellipsis" style="color: #121258; border-color: #121258" onmouseover="this.style.color='#ffffff'; this.style['border-color']='#121258'; this.style['box-shadow']='#121258 0 0px 0px 70px inset'; this.querySelectorAll('.hl-cta__arrow').item(0).style['stroke']='#ffffff'" onmouseout="this.style.color='#121258'; this.style['border-color']='#121258'; this.style['box-shadow']='#121258 0 0px 0px 0px inset'; this.querySelectorAll('.hl-cta__arrow').item(0).style['stroke']='#121258'">Buy yours <svg aria-hidden="true" class="hl-cta__arrow icon icon--arrow-right-bold" style="fill:currentColor;" focusable="false" aria-labelledby="s0-0-34-3-0-2[0]-2-match-media-0-ebay-carousel-11[2]-4[2]-6[2]-9-1-1-5-0-text" to-json="function e(){}"><use xlink:href="#icon-arrow-right-bold"></use></svg></div><span class="clipped"> - Buy yours</span></a></div></div><div class="hl-fineprint hl-banner__fine-print"><span style="color:#121258;">Benefits Rise Education Fund, Mijente, and Woke Vote.</span> &nbsp;</div></div><a class="hl-color-block-banner__image-link focus-inset" href="https://svcs.ebay.com/delstats/clk/rtm?url=https%3A%2F%2Fwww.ebay.com%2Fe%2Fcharity%2Fartists-band-together&amp;p=100003&amp;mc=Z3VpZD01MWY1NmE2MzE3NDBhNGU4NjcwMDZlNGFmZmZmZWNkY3x1bD1lbi1VU3x0PTB8Ync9TEFSR0V8dGR0PWlpZDo0OTgwNzk1MDA4NTk4MzIzMzUxLGNsa2lkOjQ5ODA3OTUwMDg1OTgzMjMzNTB8cGxtdD0oY2lkOjQyMDQwIGdiaDogaWlkOjQ5ODA3OTUwMDg1OTgzMjMzNTEgbWlkOjY0Mjk5IHBpZDoxMDAwMDMgc2lkOi0xIHRpZDo5NGQ4ZDI5MS0zOGNkLTRiNDItOGY5Ny0yOWY3NDIxMWFjZWEgdHR5cGU6SE9NRV9QQUdFX0JBTk5FUl9WRUxPQ0lUWSB2aWQ6MTMzY2Y0ZmI0YzdkYzg4NmQyZGFiZDM2NDdmOWJhNDljZGYyM2EyYjU2YTJiOWRlY2Q0MzMwOTMzMjlhYTU2ZCl8dWM9MXxtPTY0Mjk5fGJzPTA%3D&amp;_trkparms=pageci%3A9613d99a-ed93-11ea-974e-5ef97f0ce4b3%7Cparentrq%3A51f56a5a1740a4e8670a88b5fffff9e0%7Ciid%3A0" _sp="p2481888.m4518.l8658.c1" data-click="{&quot;eventFamily&quot;:&quot;HOMEPAGE&quot;,&quot;eventAction&quot;:&quot;ACTN&quot;,&quot;actionKind&quot;:&quot;NAVSRC&quot;,&quot;operationId&quot;:&quot;2481888&quot;,&quot;flushImmediately&quot;:false,&quot;eventProperty&quot;:{&quot;moduledtl&quot;:&quot;mi:4518|iid:0|li:8658|luid:1|c:1&quot;,&quot;ammiid&quot;:&quot;4980795008598323351&quot;,&quot;amdata&quot;:&quot;guid=51f56a631740a4e867006e4affffecdc|ul=en-US|t=0|bw=LARGE|tdt=iid:4980795008598323351,clkid:4980795008598323350|plmt=(cid:42040 gbh: iid:4980795008598323351 mid:64299 pid:100003 sid:-1 tid:94d8d291-38cd-4b42-8f97-29f74211acea ttype:HOME_PAGE_BANNER_VELOCITY vid:133cf4fb4c7dc886d2dabd3647f9ba49cdf23a2b56a2b9decd433093329aa56d)|uc=1|m=64299|bs=0&quot;,&quot;parentrq&quot;:&quot;51f56a5a1740a4e8670a88b5fffff9e0&quot;,&quot;pageci&quot;:&quot;9613d99a-ed93-11ea-974e-5ef97f0ce4b3&quot;,&quot;ampid&quot;:&quot;MADRONA&quot;}}" tabindex="-1"><div data-size="920" class="hl-image hl-image-js js-only hl-color-block-banner__image hl-image__fill" style="background-image: url(&quot;https://i.ebayimg.com/images/g/P7AAAOSwEkZfMcy2/s-l960.webp&quot;);"><div class="hl-image__background" style="background-color: rgb(255, 255, 255); opacity: 0;"></div><img onerror="typeof lazyLoad !== 'undefined' &amp;&amp; lazyLoad.addToQueue(this, true)" src="https://i.ebayimg.com/images/g/P7AAAOSwEkZfMcy2/s-l960.webp" alt="Buy yours - Artists band together to get out the vote" data-load-time="1599102873019"></div><noscript aria-hidden="true"><div class="hl-image hl-color-block-banner__image" style="background-image: url('https://i.ebayimg.com/images/g/P7AAAOSwEkZfMcy2/s-l960.webp')"><img src="https://i.ebayimg.com/images/g/P7AAAOSwEkZfMcy2/s-l960.webp" alt="Buy yours - Artists band together to get out the vote"></div></noscript></a></div></li></ul></div><button class="carousel__control carousel__control--next" type="button" aria-describedby="carousel-status-s0-0-34-3-0-2[0]-2-match-media-0-ebay-carousel" aria-label="Go to next banner" id="s0-0-34-3-0-2[0]-2-match-media-0-ebay-carousel-next" data-marko="{&quot;onclick&quot;:&quot;handleMove s0-0-34-3-0-2[0]-2-match-media-0-ebay-carousel false 1&quot;}"><svg aria-hidden="true" class="icon icon--carousel-next" focusable="false" aria-labelledby="s0-0-34-3-0-2[0]-2-match-media-0-ebay-carousel-12-text" to-json="function e(){}"><use xlink:href="#icon-carousel-next"></use></svg></button><button class="carousel__playback" type="button" aria-label="Pause Banner Carousel" data-marko="{&quot;onclick&quot;:&quot;togglePlay s0-0-34-3-0-2[0]-2-match-media-0-ebay-carousel false&quot;}"><svg aria-hidden="true" class="icon icon--pause" focusable="false" aria-labelledby="s0-0-34-3-0-2[0]-2-match-media-0-ebay-carousel-15-text" to-json="function e(){}"><use xlink:href="#icon-pause"></use></svg></button></div></div></div></div><div class="hl-leaderboard-ad"><div class="hl-scandal-ad hl-leaderboard-ad__ad-container"><div id="scandal100712" title="advertisement"></div></div></div><div class="hl-module hl-loyalty off-card hl-atf-module-js" id="rtm_list2" style="background-color:#01718F;border-color:#01718F;"><div class="hl-loyalty__text"><div class="hl-loyalty__text-ctr"><div class="hl-loyalty__text-title"><a href="https://svcs.ebay.com/delstats/clk/rtm?url=https%3A%2F%2Fpages.ebay.com%2Fcovid19&amp;p=100004&amp;mc=Z3VpZD01MWY1NmE2MzE3NDBhNGU4NjcwMDZlNGFmZmZmZWNkY3x1bD1lbi1VU3x0PTB8Ync9TEFSR0V8dGR0PWlpZDo0OTgwNzk1MDA0MjMzNjk3ODQ1LGNsa2lkOjQ5ODA3OTUwMDQyMzM2OTc4NDR8cGxtdD0oY2lkOjQwNDI3IGdiaDogaWlkOjQ5ODA3OTUwMDQyMzM2OTc4NDUgbWlkOjYxNjcxIHBpZDoxMDAwMDQgc2lkOi0xIHRpZDoyYzA4ZWIyMy0xY2EzLTRkZGUtYjYyYi0yNWE4NWIwOGExN2IgdHR5cGU6SE9NRV9QQUdFX0JBTk5FUl9NU0UgdmlkOnpiczdnMjJkY25jMGpzeXRza3N4dDZ0ZGhpd3hqejdqMjZnbTVneXZlMjFhZnJzenFkM3E4YmtkbGVoamRzMWkpfHVjPTF8bT02MTY3MXxicz0w&amp;_trkparms=pageci%3A9613d99a-ed93-11ea-974e-5ef97f0ce4b3%7Cparentrq%3A51f56a5a1740a4e8670a88b5fffff9e0%7Ciid%3A1" _sp="p2481888.m4523.l8658.c1" data-click="{&quot;eventFamily&quot;:&quot;HOMEPAGE&quot;,&quot;eventAction&quot;:&quot;ACTN&quot;,&quot;actionKind&quot;:&quot;NAVSRC&quot;,&quot;operationId&quot;:&quot;2481888&quot;,&quot;flushImmediately&quot;:false,&quot;eventProperty&quot;:{&quot;moduledtl&quot;:&quot;mi:4523|iid:1|li:8658|luid:1|c:1&quot;,&quot;ammiid&quot;:&quot;4980795004233697845&quot;,&quot;amdata&quot;:&quot;guid=51f56a631740a4e867006e4affffecdc|ul=en-US|t=0|bw=LARGE|tdt=iid:4980795004233697845,clkid:4980795004233697844|plmt=(cid:40427 gbh: iid:4980795004233697845 mid:61671 pid:100004 sid:-1 tid:2c08eb23-1ca3-4dde-b62b-25a85b08a17b ttype:HOME_PAGE_BANNER_MSE vid:zbs7g22dcnc0jsytsksxt6tdhiwxjz7j26gm5gyve21afrszqd3q8bkdlehjds1i)|uc=1|m=61671|bs=0&quot;,&quot;parentrq&quot;:&quot;51f56a5a1740a4e8670a88b5fffff9e0&quot;,&quot;pageci&quot;:&quot;9613d99a-ed93-11ea-974e-5ef97f0ce4b3&quot;,&quot;ampid&quot;:&quot;MADRONA&quot;}}"><h2 class="ebayui-ellipsis-2" style="color:#ffffff;">A message to our community about COVID-19</h2></a></div><div class="hl-loyalty__text-subtitle ebayui-ellipsis-2" style="color:#ffffff;"><span style="color:#ffffff;">Learn what we’re doing to navigate this unprecedented situation.</span></div></div></div><div class="hl-loyalty__call-to-action-wrapper"><div class="hl-cta hl-loyalty__call-to-action" onfocusin="this.querySelector('.hl-cta__default-js').onmouseover()" onfocusout="this.querySelector('.hl-cta__default-js').onmouseout()"><a href="https://svcs.ebay.com/delstats/clk/rtm?url=https%3A%2F%2Fpages.ebay.com%2Fcovid19&amp;p=100004&amp;mc=Z3VpZD01MWY1NmE2MzE3NDBhNGU4NjcwMDZlNGFmZmZmZWNkY3x1bD1lbi1VU3x0PTB8Ync9TEFSR0V8dGR0PWlpZDo0OTgwNzk1MDA0MjMzNjk3ODQ1LGNsa2lkOjQ5ODA3OTUwMDQyMzM2OTc4NDR8cGxtdD0oY2lkOjQwNDI3IGdiaDogaWlkOjQ5ODA3OTUwMDQyMzM2OTc4NDUgbWlkOjYxNjcxIHBpZDoxMDAwMDQgc2lkOi0xIHRpZDoyYzA4ZWIyMy0xY2EzLTRkZGUtYjYyYi0yNWE4NWIwOGExN2IgdHR5cGU6SE9NRV9QQUdFX0JBTk5FUl9NU0UgdmlkOnpiczdnMjJkY25jMGpzeXRza3N4dDZ0ZGhpd3hqejdqMjZnbTVneXZlMjFhZnJzenFkM3E4YmtkbGVoamRzMWkpfHVjPTF8bT02MTY3MXxicz0w&amp;_trkparms=pageci%3A9613d99a-ed93-11ea-974e-5ef97f0ce4b3%7Cparentrq%3A51f56a5a1740a4e8670a88b5fffff9e0%7Ciid%3A1" _sp="p2481888.m4523.l8658.c1" data-click="{&quot;eventFamily&quot;:&quot;HOMEPAGE&quot;,&quot;eventAction&quot;:&quot;ACTN&quot;,&quot;actionKind&quot;:&quot;NAVSRC&quot;,&quot;operationId&quot;:&quot;2481888&quot;,&quot;flushImmediately&quot;:false,&quot;eventProperty&quot;:{&quot;moduledtl&quot;:&quot;mi:4523|iid:1|li:8658|luid:1|c:1&quot;,&quot;ammiid&quot;:&quot;4980795004233697845&quot;,&quot;amdata&quot;:&quot;guid=51f56a631740a4e867006e4affffecdc|ul=en-US|t=0|bw=LARGE|tdt=iid:4980795004233697845,clkid:4980795004233697844|plmt=(cid:40427 gbh: iid:4980795004233697845 mid:61671 pid:100004 sid:-1 tid:2c08eb23-1ca3-4dde-b62b-25a85b08a17b ttype:HOME_PAGE_BANNER_MSE vid:zbs7g22dcnc0jsytsksxt6tdhiwxjz7j26gm5gyve21afrszqd3q8bkdlehjds1i)|uc=1|m=61671|bs=0&quot;,&quot;parentrq&quot;:&quot;51f56a5a1740a4e8670a88b5fffff9e0&quot;,&quot;pageci&quot;:&quot;9613d99a-ed93-11ea-974e-5ef97f0ce4b3&quot;,&quot;ampid&quot;:&quot;MADRONA&quot;}}" aria-label="Read more about eBay's response to COVID-19"><div class="hl-cta__text-only" style="color:#ffffff;">Read more <svg aria-hidden="true" class="hl-cta__arrow icon icon--arrow-right-bold" style="fill:currentColor;" focusable="false" aria-labelledby="s0-0-34-3-0-2[2]-14-1-1-3-0-text" to-json="function e(){}"><use xlink:href="#icon-arrow-right-bold"></use></svg></div><div class="hl-cta__default hl-cta__default-js hl-loyalty__call-to-action" style="color: #ffffff; border-color: #ffffff" onmouseover="this.style.color='#01718F'; this.style['border-color']='#ffffff'; this.style['box-shadow']='#ffffff 0 0px 0px 70px inset'; this.querySelectorAll('.hl-cta__arrow').item(0).style['stroke']='#01718F'" onmouseout="this.style.color='#ffffff'; this.style['border-color']='#ffffff'; this.style['box-shadow']='#ffffff 0 0px 0px 0px inset'; this.querySelectorAll('.hl-cta__arrow').item(0).style['stroke']='#ffffff'">Read more <svg aria-hidden="true" class="hl-cta__arrow icon icon--arrow-right-bold" style="fill:currentColor;" focusable="false" aria-labelledby="s0-0-34-3-0-2[2]-14-1-1-5-0-text" to-json="function e(){}"><use xlink:href="#icon-arrow-right-bold"></use></svg></div></a></div></div></div><div class="hl-module hl-standard-carousel off-card hl-atf-module-js hl-events-items" id="personalized_events1"><div class="hl-mweb-text-banner" style="background-color:#E9F577"><h2 class="hl-mweb-text-banner__headline"><a style="color:#07522C;" href="https://www.ebay.com/e/sporting-goods/home-gym-machines?_trkparms=pageci%3A9613d99a-ed93-11ea-974e-5ef97f0ce4b3%7Cparentrq%3A51f56a5a1740a4e8670a88b5fffff9e0%7Ciid%3A1" _sp="p2481888.m45444.l9803" data-click="{&quot;eventFamily&quot;:&quot;HOMEPAGE&quot;,&quot;eventAction&quot;:&quot;ACTN&quot;,&quot;actionKind&quot;:&quot;NAVSRC&quot;,&quot;operationId&quot;:&quot;2481888&quot;,&quot;flushImmediately&quot;:false,&quot;eventProperty&quot;:{&quot;moduledtl&quot;:&quot;mi:45444|iid:1|li:9803&quot;,&quot;ammiid&quot;:&quot;4980795005197921149&quot;,&quot;amdata&quot;:&quot;guid=51f56a631740a4e867006e4affffecdc|ul=en-US|t=0|bw=LARGE|tdt=iid:4980795005197921149,clkid:4980795005197921148|plmt=(cid:42306 gbh: iid:4980795005197921149 mid:64684 pid:100048 sid:-1 tid:6d437247-de97-47c5-a10d-7855d2e7649b ttype:HOME_PAGE_BANNER_MSE vid:yj9oonyz299c8q96d44hienuusb9q9jcxvu22tueyl9a7kcg6bophjgh6r2muk5d)|uc=1|m=64684|bs=0&quot;,&quot;parentrq&quot;:&quot;51f56a5a1740a4e8670a88b5fffff9e0&quot;,&quot;pageci&quot;:&quot;9613d99a-ed93-11ea-974e-5ef97f0ce4b3&quot;,&quot;ampid&quot;:&quot;MADRONA&quot;}}"><div style="color:#07522C;" class="ebayui-ellipsis-3"><span style="color:#07522C;">Move from couch to cardio</span><svg aria-hidden="true" class="hl-cta__arrow icon icon--arrow-right-bold" style="fill:currentColor;" focusable="false" aria-labelledby="s0-0-34-3-0-2[3]-2-2-7-1-12-0-text" to-json="function e(){}"><use xlink:href="#icon-arrow-right-bold"></use></svg></div><span class="clipped"> - Carousel</span></a></h2><div class="hl-mweb-text-banner__subheadline"><div style="color:#07522C;" class="ebayui-ellipsis-2"><span style="color:#07522C;">Shop exercise machine must-haves.</span></div></div><div class="hl-cta hl-mweb-text-banner__cta" onfocusin="this.querySelector('.hl-cta__default-js').onmouseover()" onfocusout="this.querySelector('.hl-cta__default-js').onmouseout()"><a href="https://www.ebay.com/e/sporting-goods/home-gym-machines?_trkparms=pageci%3A9613d99a-ed93-11ea-974e-5ef97f0ce4b3%7Cparentrq%3A51f56a5a1740a4e8670a88b5fffff9e0%7Ciid%3A1" _sp="p2481888.m45444.l8658" data-click="{&quot;eventFamily&quot;:&quot;HOMEPAGE&quot;,&quot;eventAction&quot;:&quot;ACTN&quot;,&quot;actionKind&quot;:&quot;NAVSRC&quot;,&quot;operationId&quot;:&quot;2481888&quot;,&quot;flushImmediately&quot;:false,&quot;eventProperty&quot;:{&quot;moduledtl&quot;:&quot;mi:45444|iid:1|li:8658&quot;,&quot;ammiid&quot;:&quot;4980795005197921149&quot;,&quot;amdata&quot;:&quot;guid=51f56a631740a4e867006e4affffecdc|ul=en-US|t=0|bw=LARGE|tdt=iid:4980795005197921149,clkid:4980795005197921148|plmt=(cid:42306 gbh: iid:4980795005197921149 mid:64684 pid:100048 sid:-1 tid:6d437247-de97-47c5-a10d-7855d2e7649b ttype:HOME_PAGE_BANNER_MSE vid:yj9oonyz299c8q96d44hienuusb9q9jcxvu22tueyl9a7kcg6bophjgh6r2muk5d)|uc=1|m=64684|bs=0&quot;,&quot;parentrq&quot;:&quot;51f56a5a1740a4e8670a88b5fffff9e0&quot;,&quot;pageci&quot;:&quot;9613d99a-ed93-11ea-974e-5ef97f0ce4b3&quot;,&quot;ampid&quot;:&quot;MADRONA&quot;}}"><div class="hl-cta__text-only hl-mweb-text-banner__cta-text ebayui-ellipsis" style="color:#07522C;">Shop Now <svg aria-hidden="true" class="hl-cta__arrow hl-mweb-text-banner__cta-arrow icon icon--arrow-right-bold" style="fill:currentColor;" focusable="false" aria-labelledby="s0-0-34-3-0-2[3]-2-5-1-1-3-0-text" to-json="function e(){}"><use xlink:href="#icon-arrow-right-bold"></use></svg></div><div class="hl-cta__default hl-cta__default-js hl-mweb-text-banner__cta" style="color: #07522C; border-color: #07522C" onmouseover="this.style.color='#E9F577'; this.style['border-color']='#07522C'; this.style['box-shadow']='#07522C 0 0px 0px 70px inset'; this.querySelectorAll('.hl-cta__arrow').item(0).style['stroke']='#E9F577'" onmouseout="this.style.color='#07522C'; this.style['border-color']='#07522C'; this.style['box-shadow']='#07522C 0 0px 0px 0px inset'; this.querySelectorAll('.hl-cta__arrow').item(0).style['stroke']='#07522C'">Shop Now <svg aria-hidden="true" class="hl-cta__arrow hl-mweb-text-banner__cta-arrow icon icon--arrow-right-bold" style="fill:currentColor;" focusable="false" aria-labelledby="s0-0-34-3-0-2[3]-2-5-1-1-5-0-text" to-json="function e(){}"><use xlink:href="#icon-arrow-right-bold"></use></svg></div><span class="clipped"> - Shop Now</span></a></div></div><div><div class="carousel hl-carousel carousel--slides carousel--peek"><div class="carousel__container" id="s0-0-34-3-0-2[3]-4-match-media-0-ebay-carousel-container" data-marko="{}"><span id="carousel-status-s0-0-34-3-0-2[3]-4-match-media-0-ebay-carousel" class="clipped" aria-live="polite"><span>Carousel showing slide 1 of 2 - Move from couch to cardio</span></span><button class="carousel__control carousel__control--prev" type="button" aria-describedby="carousel-status-s0-0-34-3-0-2[3]-4-match-media-0-ebay-carousel" aria-label="Go to previous slide - Move from couch to cardio" aria-disabled="true" data-marko="{}"><svg aria-hidden="true" class="icon icon--carousel-prev" focusable="false" aria-labelledby="s0-0-34-3-0-2[3]-4-match-media-0-ebay-carousel-5-text" to-json="function e(){}"><use xlink:href="#icon-carousel-prev"></use></svg></button><div class="carousel__viewport"><ul class="carousel__list" id="s0-0-34-3-0-2[3]-4-match-media-0-ebay-carousel-list"><li class="carousel__snap-point hl-carousel__item hl-standard-carousel__item" style="width:calc(22.22222222222222% - 12.444444444444445px);margin-right:16px;"><a class="hl-item__link" href="https://www.ebay.com/itm/Schwinn-Fitness-IC2-Indoor-Home-Workout-Stationary-Cycling-Trainer-Exercise-Bike/392809161647?_trkparms=%26rpp_cid%3D5e8629ad132e340bc016ee35%26rpp_icid%3D5e8629ad132e340bc016ee34&amp;_trkparms=pageci%3A9613d99a-ed93-11ea-974e-5ef97f0ce4b3%7Cparentrq%3A51f56a5a1740a4e8670a88b5fffff9e0%7Ciid%3A1" _sp="p2481888.m45444.l3949.c0" data-click="{&quot;eventFamily&quot;:&quot;HOMEPAGE&quot;,&quot;eventAction&quot;:&quot;ACTN&quot;,&quot;actionKind&quot;:&quot;NAVSRC&quot;,&quot;operationId&quot;:&quot;2481888&quot;,&quot;flushImmediately&quot;:false,&quot;eventProperty&quot;:{&quot;moduledtl&quot;:&quot;mi:45444|iid:1|li:3949|luid:0|c:0&quot;,&quot;ammiid&quot;:&quot;4980795005197921149&quot;,&quot;amdata&quot;:&quot;guid=51f56a631740a4e867006e4affffecdc|ul=en-US|t=0|bw=LARGE|tdt=iid:4980795005197921149,clkid:4980795005197921148|plmt=(cid:42306 gbh: iid:4980795005197921149 mid:64684 pid:100048 sid:-1 tid:6d437247-de97-47c5-a10d-7855d2e7649b ttype:HOME_PAGE_BANNER_MSE vid:yj9oonyz299c8q96d44hienuusb9q9jcxvu22tueyl9a7kcg6bophjgh6r2muk5d)|uc=1|m=64684|bs=0&quot;,&quot;parentrq&quot;:&quot;51f56a5a1740a4e8670a88b5fffff9e0&quot;,&quot;pageci&quot;:&quot;9613d99a-ed93-11ea-974e-5ef97f0ce4b3&quot;,&quot;ampid&quot;:&quot;MADRONA&quot;}}"><div class="hl-image hl-image-js js-only hl-item__bg-image"><img data-size="225" onerror="typeof lazyLoad !== 'undefined' &amp;&amp; lazyLoad.addToQueue(this, false)" src="https://i.ebayimg.com/images/g/-yoAAOSwWNRex~x-/s-l225.webp" crossorigin="anonymous" alt="Schwinn Fitness IC2 Indoor Home Workout Stationary Cycling Trainer Exercise Bike" data-load-time="1599102872660" style="opacity: 1;"></div><noscript aria-hidden="true"><div class="hl-image hl-item__bg-image hl-image__no-fill"><img src="https://i.ebayimg.com/images/g/-yoAAOSwWNRex~x-/s-l225.webp" alt="Schwinn Fitness IC2 Indoor Home Workout Stationary Cycling Trainer Exercise Bike"></div></noscript><div><span class="hl-item__displayPrice">$469.99</span></div><div><span class="hl-item__additionalPrice"><span class="clipped">Previous Price: </span><del>$1,019.99</del></span><span class="hl-item__separator">·</span><span class="hl-item__discount"><strong>54% OFF</strong></span></div></a></li><li class="hl-carousel__item hl-standard-carousel__item" style="width:calc(22.22222222222222% - 12.444444444444445px);margin-right:16px;"><a class="hl-item__link" href="https://www.ebay.com/itm/Stamina-AIR-ROWER-Cardio-Fitness-Exercise-Rowing-Machine-ATS-35-1403-NEW-2020/371882236378?_trkparms=%26rpp_cid%3D5e8629ad132e340bc016ee35%26rpp_icid%3D5e8629ad132e340bc016ee34&amp;_trkparms=pageci%3A9613d99a-ed93-11ea-974e-5ef97f0ce4b3%7Cparentrq%3A51f56a5a1740a4e8670a88b5fffff9e0%7Ciid%3A1" _sp="p2481888.m45444.l3949.c1" data-click="{&quot;eventFamily&quot;:&quot;HOMEPAGE&quot;,&quot;eventAction&quot;:&quot;ACTN&quot;,&quot;actionKind&quot;:&quot;NAVSRC&quot;,&quot;operationId&quot;:&quot;2481888&quot;,&quot;flushImmediately&quot;:false,&quot;eventProperty&quot;:{&quot;moduledtl&quot;:&quot;mi:45444|iid:1|li:3949|luid:1|c:1&quot;,&quot;ammiid&quot;:&quot;4980795005197921149&quot;,&quot;amdata&quot;:&quot;guid=51f56a631740a4e867006e4affffecdc|ul=en-US|t=0|bw=LARGE|tdt=iid:4980795005197921149,clkid:4980795005197921148|plmt=(cid:42306 gbh: iid:4980795005197921149 mid:64684 pid:100048 sid:-1 tid:6d437247-de97-47c5-a10d-7855d2e7649b ttype:HOME_PAGE_BANNER_MSE vid:yj9oonyz299c8q96d44hienuusb9q9jcxvu22tueyl9a7kcg6bophjgh6r2muk5d)|uc=1|m=64684|bs=0&quot;,&quot;parentrq&quot;:&quot;51f56a5a1740a4e8670a88b5fffff9e0&quot;,&quot;pageci&quot;:&quot;9613d99a-ed93-11ea-974e-5ef97f0ce4b3&quot;,&quot;ampid&quot;:&quot;MADRONA&quot;}}"><div class="hl-image hl-image-js js-only hl-item__bg-image"><img data-size="225" onerror="typeof lazyLoad !== 'undefined' &amp;&amp; lazyLoad.addToQueue(this, false)" src="https://i.ebayimg.com/images/g/XBgAAOSwZtNb~ujP/s-l225.webp" crossorigin="anonymous" alt="Stamina AIR ROWER Cardio Fitness Exercise Rowing Machine ATS 35-1403 -NEW- 2020" data-load-time="1599102872738" style="opacity: 1;"></div><noscript aria-hidden="true"><div class="hl-image hl-item__bg-image hl-image__no-fill"><img src="https://i.ebayimg.com/images/g/XBgAAOSwZtNb~ujP/s-l225.webp" alt="Stamina AIR ROWER Cardio Fitness Exercise Rowing Machine ATS 35-1403 -NEW- 2020"></div></noscript><div><span class="hl-item__displayPrice">$339.00</span></div></a></li><li class="hl-carousel__item hl-standard-carousel__item" style="width:calc(22.22222222222222% - 12.444444444444445px);margin-right:16px;"><a class="hl-item__link" href="https://www.ebay.com/itm/SportPlus-SP-T-110-R-Mini-Rebounder-Fitness-Trampoline-with-Adjustable-Bar-Red/233525517307?_trkparms=%26rpp_cid%3D5e8629ad132e340bc016ee35%26rpp_icid%3D5e8629ad132e340bc016ee34&amp;_trkparms=pageci%3A9613d99a-ed93-11ea-974e-5ef97f0ce4b3%7Cparentrq%3A51f56a5a1740a4e8670a88b5fffff9e0%7Ciid%3A1" _sp="p2481888.m45444.l3949.c2" data-click="{&quot;eventFamily&quot;:&quot;HOMEPAGE&quot;,&quot;eventAction&quot;:&quot;ACTN&quot;,&quot;actionKind&quot;:&quot;NAVSRC&quot;,&quot;operationId&quot;:&quot;2481888&quot;,&quot;flushImmediately&quot;:false,&quot;eventProperty&quot;:{&quot;moduledtl&quot;:&quot;mi:45444|iid:1|li:3949|luid:2|c:2&quot;,&quot;ammiid&quot;:&quot;4980795005197921149&quot;,&quot;amdata&quot;:&quot;guid=51f56a631740a4e867006e4affffecdc|ul=en-US|t=0|bw=LARGE|tdt=iid:4980795005197921149,clkid:4980795005197921148|plmt=(cid:42306 gbh: iid:4980795005197921149 mid:64684 pid:100048 sid:-1 tid:6d437247-de97-47c5-a10d-7855d2e7649b ttype:HOME_PAGE_BANNER_MSE vid:yj9oonyz299c8q96d44hienuusb9q9jcxvu22tueyl9a7kcg6bophjgh6r2muk5d)|uc=1|m=64684|bs=0&quot;,&quot;parentrq&quot;:&quot;51f56a5a1740a4e8670a88b5fffff9e0&quot;,&quot;pageci&quot;:&quot;9613d99a-ed93-11ea-974e-5ef97f0ce4b3&quot;,&quot;ampid&quot;:&quot;MADRONA&quot;}}"><div class="hl-image hl-image-js js-only hl-item__bg-image"><img data-size="225" onerror="typeof lazyLoad !== 'undefined' &amp;&amp; lazyLoad.addToQueue(this, false)" src="https://i.ebayimg.com/images/g/lhYAAOSw5Kdea5WJ/s-l225.webp" crossorigin="anonymous" alt="SportPlus SP-T-110-R Mini Rebounder Fitness Trampoline with Adjustable Bar, Red" data-load-time="1599102872738" style="opacity: 1;"></div><noscript aria-hidden="true"><div class="hl-image hl-item__bg-image hl-image__no-fill"><img src="https://i.ebayimg.com/images/g/lhYAAOSw5Kdea5WJ/s-l225.webp" alt="SportPlus SP-T-110-R Mini Rebounder Fitness Trampoline with Adjustable Bar, Red"></div></noscript><div><span class="hl-item__displayPrice">$129.99</span></div><div><span class="hl-item__additionalPrice"><span class="clipped">Previous Price: </span><del>$189.99</del></span><span class="hl-item__separator">·</span><span class="hl-item__discount"><strong>32% OFF</strong></span></div></a></li><li class="hl-carousel__item hl-standard-carousel__item" style="width:calc(22.22222222222222% - 12.444444444444445px);margin-right:16px;"><a class="hl-item__link" href="https://www.ebay.com/itm/Exercise-Stationary-Bicycle-Cycling-Fitness-Gym-Bike-Cardio-Workout-Bicycle-Blue/303210367860?_trkparms=%26rpp_cid%3D5e8629ad132e340bc016ee35%26rpp_icid%3D5e8629ad132e340bc016ee34&amp;_trkparms=pageci%3A9613d99a-ed93-11ea-974e-5ef97f0ce4b3%7Cparentrq%3A51f56a5a1740a4e8670a88b5fffff9e0%7Ciid%3A1" _sp="p2481888.m45444.l3949.c3" data-click="{&quot;eventFamily&quot;:&quot;HOMEPAGE&quot;,&quot;eventAction&quot;:&quot;ACTN&quot;,&quot;actionKind&quot;:&quot;NAVSRC&quot;,&quot;operationId&quot;:&quot;2481888&quot;,&quot;flushImmediately&quot;:false,&quot;eventProperty&quot;:{&quot;moduledtl&quot;:&quot;mi:45444|iid:1|li:3949|luid:3|c:3&quot;,&quot;ammiid&quot;:&quot;4980795005197921149&quot;,&quot;amdata&quot;:&quot;guid=51f56a631740a4e867006e4affffecdc|ul=en-US|t=0|bw=LARGE|tdt=iid:4980795005197921149,clkid:4980795005197921148|plmt=(cid:42306 gbh: iid:4980795005197921149 mid:64684 pid:100048 sid:-1 tid:6d437247-de97-47c5-a10d-7855d2e7649b ttype:HOME_PAGE_BANNER_MSE vid:yj9oonyz299c8q96d44hienuusb9q9jcxvu22tueyl9a7kcg6bophjgh6r2muk5d)|uc=1|m=64684|bs=0&quot;,&quot;parentrq&quot;:&quot;51f56a5a1740a4e8670a88b5fffff9e0&quot;,&quot;pageci&quot;:&quot;9613d99a-ed93-11ea-974e-5ef97f0ce4b3&quot;,&quot;ampid&quot;:&quot;MADRONA&quot;}}"><div class="hl-image hl-image-js js-only hl-item__bg-image"><img data-size="225" onerror="typeof lazyLoad !== 'undefined' &amp;&amp; lazyLoad.addToQueue(this, false)" src="https://i.ebayimg.com/images/g/FkcAAOSwbTBdG9j1/s-l225.webp" crossorigin="anonymous" alt="Exercise Stationary Bicycle Cycling Fitness Gym Bike Cardio Workout Bicycle Blue" data-load-time="1599102872660" style="opacity: 1;"></div><noscript aria-hidden="true"><div class="hl-image hl-item__bg-image hl-image__no-fill"><img src="https://i.ebayimg.com/images/g/FkcAAOSwbTBdG9j1/s-l225.webp" alt="Exercise Stationary Bicycle Cycling Fitness Gym Bike Cardio Workout Bicycle Blue"></div></noscript><div><span class="hl-item__displayPrice">$219.95</span></div><div><span class="hl-item__additionalPrice"><span class="clipped">Previous Price: </span><del>$599.95</del></span><span class="hl-item__separator">·</span><span class="hl-item__discount"><strong>63% OFF</strong></span></div></a></li><li class="carousel__snap-point hl-carousel__item hl-standard-carousel__item" style="width:calc(22.22222222222222% - 12.444444444444445px);margin-right:16px;" aria-hidden="true"><a class="hl-item__link" href="https://www.ebay.com/itm/Stamina-Deluxe-Conversion-II-Recumbent-Bike-Rower-Cardio-Fitness-15-9003B-NEW/391859254118?_trkparms=%26rpp_cid%3D5e8629ad132e340bc016ee35%26rpp_icid%3D5e8629ad132e340bc016ee34&amp;_trkparms=pageci%3A9613d99a-ed93-11ea-974e-5ef97f0ce4b3%7Cparentrq%3A51f56a5a1740a4e8670a88b5fffff9e0%7Ciid%3A1" _sp="p2481888.m45444.l3949.c4" data-click="{&quot;eventFamily&quot;:&quot;HOMEPAGE&quot;,&quot;eventAction&quot;:&quot;ACTN&quot;,&quot;actionKind&quot;:&quot;NAVSRC&quot;,&quot;operationId&quot;:&quot;2481888&quot;,&quot;flushImmediately&quot;:false,&quot;eventProperty&quot;:{&quot;moduledtl&quot;:&quot;mi:45444|iid:1|li:3949|luid:4|c:4&quot;,&quot;ammiid&quot;:&quot;4980795005197921149&quot;,&quot;amdata&quot;:&quot;guid=51f56a631740a4e867006e4affffecdc|ul=en-US|t=0|bw=LARGE|tdt=iid:4980795005197921149,clkid:4980795005197921148|plmt=(cid:42306 gbh: iid:4980795005197921149 mid:64684 pid:100048 sid:-1 tid:6d437247-de97-47c5-a10d-7855d2e7649b ttype:HOME_PAGE_BANNER_MSE vid:yj9oonyz299c8q96d44hienuusb9q9jcxvu22tueyl9a7kcg6bophjgh6r2muk5d)|uc=1|m=64684|bs=0&quot;,&quot;parentrq&quot;:&quot;51f56a5a1740a4e8670a88b5fffff9e0&quot;,&quot;pageci&quot;:&quot;9613d99a-ed93-11ea-974e-5ef97f0ce4b3&quot;,&quot;ampid&quot;:&quot;MADRONA&quot;}}" tabindex="-1"><div class="hl-image hl-image-js js-only hl-item__bg-image"><img data-size="225" onerror="typeof lazyLoad !== 'undefined' &amp;&amp; lazyLoad.addToQueue(this, false)" src="https://i.ebayimg.com/images/g/D6MAAOSw8w1X7MH2/s-l225.webp" crossorigin="anonymous" alt="Stamina Deluxe Conversion II Recumbent Bike Rower Cardio Fitness 15-9003B NEW" data-load-time="1599102872660" style="opacity: 1;"></div><noscript aria-hidden="true"><div class="hl-image hl-item__bg-image hl-image__no-fill"><img src="https://i.ebayimg.com/images/g/D6MAAOSw8w1X7MH2/s-l225.webp" alt="Stamina Deluxe Conversion II Recumbent Bike Rower Cardio Fitness 15-9003B NEW"></div></noscript><div><span class="hl-item__displayPrice">$799.00</span></div><div><span class="hl-item__additionalPrice"><span class="clipped">Previous Price: </span><del>$1,200.00</del></span><span class="hl-item__separator">·</span><span class="hl-item__discount"><strong>33% OFF</strong></span></div></a></li><li class="hl-carousel__item hl-standard-carousel__item" style="width:calc(22.22222222222222% - 12.444444444444445px);margin-right:16px;" aria-hidden="true"><a class="hl-item__link" href="https://www.ebay.com/itm/Schwinn-Fitness-IC3-Indoor-Stationary-Exercise-Cycling-Training-Bike-for-Home/352695704931?_trkparms=%26rpp_cid%3D5e8629ad132e340bc016ee35%26rpp_icid%3D5e8629ad132e340bc016ee34&amp;_trkparms=pageci%3A9613d99a-ed93-11ea-974e-5ef97f0ce4b3%7Cparentrq%3A51f56a5a1740a4e8670a88b5fffff9e0%7Ciid%3A1" _sp="p2481888.m45444.l3949.c5" data-click="{&quot;eventFamily&quot;:&quot;HOMEPAGE&quot;,&quot;eventAction&quot;:&quot;ACTN&quot;,&quot;actionKind&quot;:&quot;NAVSRC&quot;,&quot;operationId&quot;:&quot;2481888&quot;,&quot;flushImmediately&quot;:false,&quot;eventProperty&quot;:{&quot;moduledtl&quot;:&quot;mi:45444|iid:1|li:3949|luid:5|c:5&quot;,&quot;ammiid&quot;:&quot;4980795005197921149&quot;,&quot;amdata&quot;:&quot;guid=51f56a631740a4e867006e4affffecdc|ul=en-US|t=0|bw=LARGE|tdt=iid:4980795005197921149,clkid:4980795005197921148|plmt=(cid:42306 gbh: iid:4980795005197921149 mid:64684 pid:100048 sid:-1 tid:6d437247-de97-47c5-a10d-7855d2e7649b ttype:HOME_PAGE_BANNER_MSE vid:yj9oonyz299c8q96d44hienuusb9q9jcxvu22tueyl9a7kcg6bophjgh6r2muk5d)|uc=1|m=64684|bs=0&quot;,&quot;parentrq&quot;:&quot;51f56a5a1740a4e8670a88b5fffff9e0&quot;,&quot;pageci&quot;:&quot;9613d99a-ed93-11ea-974e-5ef97f0ce4b3&quot;,&quot;ampid&quot;:&quot;MADRONA&quot;}}" tabindex="-1"><div class="hl-image hl-image-js js-only hl-item__bg-image"><img data-size="225" onerror="typeof lazyLoad !== 'undefined' &amp;&amp; lazyLoad.addToQueue(this, false)" src="https://i.ebayimg.com/images/g/kH8AAOSwgjddCjFK/s-l225.webp" crossorigin="anonymous" alt="Schwinn Fitness IC3 Indoor Stationary Exercise Cycling Training Bike for Home" data-load-time="1599102873020" style="opacity: 1;"></div><noscript aria-hidden="true"><div class="hl-image hl-item__bg-image hl-image__no-fill"><img src="https://i.ebayimg.com/images/g/kH8AAOSwgjddCjFK/s-l225.webp" alt="Schwinn Fitness IC3 Indoor Stationary Exercise Cycling Training Bike for Home"></div></noscript><div><span class="hl-item__displayPrice">$749.99</span></div><div><span class="hl-item__additionalPrice"><span class="clipped">Previous Price: </span><del>$959.99</del></span><span class="hl-item__separator">·</span><span class="hl-item__discount"><strong>22% OFF</strong></span></div></a></li><li class="hl-carousel__item hl-standard-carousel__item" style="width:calc(22.22222222222222% - 12.444444444444445px);margin-right:16px;" aria-hidden="true"><a class="hl-item__link" href="https://www.ebay.com/itm/Schwinn-Fitness-IC4-Indoor-Stationary-Exercise-Cycling-Training-Bike-for-Home/233540961042?_trkparms=%26rpp_cid%3D5e8629ad132e340bc016ee35%26rpp_icid%3D5e8629ad132e340bc016ee34&amp;_trkparms=pageci%3A9613d99a-ed93-11ea-974e-5ef97f0ce4b3%7Cparentrq%3A51f56a5a1740a4e8670a88b5fffff9e0%7Ciid%3A1" _sp="p2481888.m45444.l3949.c6" data-click="{&quot;eventFamily&quot;:&quot;HOMEPAGE&quot;,&quot;eventAction&quot;:&quot;ACTN&quot;,&quot;actionKind&quot;:&quot;NAVSRC&quot;,&quot;operationId&quot;:&quot;2481888&quot;,&quot;flushImmediately&quot;:false,&quot;eventProperty&quot;:{&quot;moduledtl&quot;:&quot;mi:45444|iid:1|li:3949|luid:6|c:6&quot;,&quot;ammiid&quot;:&quot;4980795005197921149&quot;,&quot;amdata&quot;:&quot;guid=51f56a631740a4e867006e4affffecdc|ul=en-US|t=0|bw=LARGE|tdt=iid:4980795005197921149,clkid:4980795005197921148|plmt=(cid:42306 gbh: iid:4980795005197921149 mid:64684 pid:100048 sid:-1 tid:6d437247-de97-47c5-a10d-7855d2e7649b ttype:HOME_PAGE_BANNER_MSE vid:yj9oonyz299c8q96d44hienuusb9q9jcxvu22tueyl9a7kcg6bophjgh6r2muk5d)|uc=1|m=64684|bs=0&quot;,&quot;parentrq&quot;:&quot;51f56a5a1740a4e8670a88b5fffff9e0&quot;,&quot;pageci&quot;:&quot;9613d99a-ed93-11ea-974e-5ef97f0ce4b3&quot;,&quot;ampid&quot;:&quot;MADRONA&quot;}}" tabindex="-1"><div class="hl-image hl-image-js js-only hl-item__bg-image"><img data-size="225" onerror="typeof lazyLoad !== 'undefined' &amp;&amp; lazyLoad.addToQueue(this, false)" src="https://i.ebayimg.com/images/g/wPoAAOSwqHteflRU/s-l225.webp" crossorigin="anonymous" alt="Schwinn Fitness IC4 Indoor Stationary Exercise Cycling Training Bike for Home" data-load-time="1599102873020" style="opacity: 1;"></div><noscript aria-hidden="true"><div class="hl-image hl-item__bg-image hl-image__no-fill"><img src="https://i.ebayimg.com/images/g/wPoAAOSwqHteflRU/s-l225.webp" alt="Schwinn Fitness IC4 Indoor Stationary Exercise Cycling Training Bike for Home"></div></noscript><div><span class="hl-item__displayPrice">$1,128.99</span></div></a></li><li class="hl-carousel__item hl-standard-carousel__item" style="width:calc(22.22222222222222% - 12.444444444444445px);margin-right:false;" aria-hidden="true"><a class="hl-item__link" href="https://www.ebay.com/itm/Stationary-Exercise-Bicycle-Indoor-Bike-Cardio-Health-Cycling-Home-Fitness/293385554285?_trkparms=%26rpp_cid%3D5e8629ad132e340bc016ee35%26rpp_icid%3D5e8629ad132e340bc016ee34&amp;_trkparms=pageci%3A9613d99a-ed93-11ea-974e-5ef97f0ce4b3%7Cparentrq%3A51f56a5a1740a4e8670a88b5fffff9e0%7Ciid%3A1" _sp="p2481888.m45444.l3949.c7" data-click="{&quot;eventFamily&quot;:&quot;HOMEPAGE&quot;,&quot;eventAction&quot;:&quot;ACTN&quot;,&quot;actionKind&quot;:&quot;NAVSRC&quot;,&quot;operationId&quot;:&quot;2481888&quot;,&quot;flushImmediately&quot;:false,&quot;eventProperty&quot;:{&quot;moduledtl&quot;:&quot;mi:45444|iid:1|li:3949|luid:7|c:7&quot;,&quot;ammiid&quot;:&quot;4980795005197921149&quot;,&quot;amdata&quot;:&quot;guid=51f56a631740a4e867006e4affffecdc|ul=en-US|t=0|bw=LARGE|tdt=iid:4980795005197921149,clkid:4980795005197921148|plmt=(cid:42306 gbh: iid:4980795005197921149 mid:64684 pid:100048 sid:-1 tid:6d437247-de97-47c5-a10d-7855d2e7649b ttype:HOME_PAGE_BANNER_MSE vid:yj9oonyz299c8q96d44hienuusb9q9jcxvu22tueyl9a7kcg6bophjgh6r2muk5d)|uc=1|m=64684|bs=0&quot;,&quot;parentrq&quot;:&quot;51f56a5a1740a4e8670a88b5fffff9e0&quot;,&quot;pageci&quot;:&quot;9613d99a-ed93-11ea-974e-5ef97f0ce4b3&quot;,&quot;ampid&quot;:&quot;MADRONA&quot;}}" tabindex="-1"><div class="hl-image hl-image-js js-only hl-item__bg-image"><img data-size="225" onerror="typeof lazyLoad !== 'undefined' &amp;&amp; lazyLoad.addToQueue(this, false)" src="https://i.ebayimg.com/images/g/y-kAAOSw9ltd~LKU/s-l225.webp" crossorigin="anonymous" alt="Stationary Exercise Bicycle Indoor Bike Cardio Health Cycling Home Fitness" data-load-time="1599102873025" style="opacity: 1;"></div><noscript aria-hidden="true"><div class="hl-image hl-item__bg-image hl-image__no-fill"><img src="https://i.ebayimg.com/images/g/y-kAAOSw9ltd~LKU/s-l225.webp" alt="Stationary Exercise Bicycle Indoor Bike Cardio Health Cycling Home Fitness"></div></noscript><div><span class="hl-item__displayPrice">$219.90</span></div><div><span class="hl-item__additionalPrice"><span class="clipped">Previous Price: </span><del>$388.90</del></span><span class="hl-item__separator">·</span><span class="hl-item__discount"><strong>43% OFF</strong></span></div></a></li></ul></div><button class="carousel__control carousel__control--next" type="button" aria-describedby="carousel-status-s0-0-34-3-0-2[3]-4-match-media-0-ebay-carousel" aria-label="Go to next slide - Move from couch to cardio" id="s0-0-34-3-0-2[3]-4-match-media-0-ebay-carousel-next" data-marko="{}"><svg aria-hidden="true" class="icon icon--carousel-next" focusable="false" aria-labelledby="s0-0-34-3-0-2[3]-4-match-media-0-ebay-carousel-12-text" to-json="function e(){}"><use xlink:href="#icon-carousel-next"></use></svg></button></div></div></div></div><div class="hl-module hl-popular-destinations off-card hl-atf-module-js" id="destinations_list1" data-viewdtls="{&quot;moduleInstance&quot;:&quot;mi:4776|iid:1&quot;,&quot;parentrq&quot;:&quot;51f56a5a1740a4e8670a88b5fffff9e0&quot;,&quot;trackViews&quot;:true,&quot;trackPerf&quot;:false}"><div class="hl-card-header"><div class="hl-card-header__header-container clearfix"><div class="hl-card-header__title"><h2 class="hl-card-header__headline">Always fan faves. Always low prices.</h2></div></div></div><ul class="hl-popular-destinations-elements"><li class="hl-popular-destinations-element"><a class="hl-popular-destinations-link" href="https://www.ebay.com/b/Backyard-Games/79786/bn_1990323" _sp="p2481888.m4776.l8874.c0" data-click="{&quot;eventFamily&quot;:&quot;HOMEPAGE&quot;,&quot;eventAction&quot;:&quot;ACTN&quot;,&quot;actionKind&quot;:&quot;NAVSRC&quot;,&quot;operationId&quot;:&quot;2481888&quot;,&quot;flushImmediately&quot;:false,&quot;eventProperty&quot;:{&quot;moduledtl&quot;:&quot;mi:4776|iid:1|li:8874|luid:0|c:0&quot;,&quot;parentrq&quot;:&quot;51f56a5a1740a4e8670a88b5fffff9e0&quot;,&quot;pageci&quot;:&quot;9613d99a-ed93-11ea-974e-5ef97f0ce4b3&quot;}}"><div class="hl-popular-destinations-image-spacer"><div data-size="200" class="hl-image hl-image-js js-only hl-popular-destinations-image hl-image__fill" style="background-image: url(&quot;https://i.ebayimg.com/images/g/-jUAAOSwblBfR--C/s-l200.webp&quot;);"><div class="hl-image__background" style="opacity: 0;"></div><img onerror="typeof lazyLoad !== 'undefined' &amp;&amp; lazyLoad.addToQueue(this, true)" src="https://i.ebayimg.com/images/g/-jUAAOSwblBfR--C/s-l200.webp" alt="" data-load-time="1599102873024"></div><noscript aria-hidden="true"><div class="hl-image hl-popular-destinations-image" style="background-image: url('https://i.ebayimg.com/images/g/-jUAAOSwblBfR--C/s-l200.webp')"><img src="https://i.ebayimg.com/images/g/-jUAAOSwblBfR--C/s-l200.webp" alt=""></div></noscript></div><h3 class="hl-popular-destinations-name">Backyard fun</h3></a></li><li class="hl-popular-destinations-element"><a class="hl-popular-destinations-link" href="https://www.ebay.com/b/Classics/bn_7005623268" _sp="p2481888.m4776.l8874.c1" data-click="{&quot;eventFamily&quot;:&quot;HOMEPAGE&quot;,&quot;eventAction&quot;:&quot;ACTN&quot;,&quot;actionKind&quot;:&quot;NAVSRC&quot;,&quot;operationId&quot;:&quot;2481888&quot;,&quot;flushImmediately&quot;:false,&quot;eventProperty&quot;:{&quot;moduledtl&quot;:&quot;mi:4776|iid:1|li:8874|luid:1|c:1&quot;,&quot;parentrq&quot;:&quot;51f56a5a1740a4e8670a88b5fffff9e0&quot;,&quot;pageci&quot;:&quot;9613d99a-ed93-11ea-974e-5ef97f0ce4b3&quot;}}"><div class="hl-popular-destinations-image-spacer"><div data-size="200" class="hl-image hl-image-js js-only hl-popular-destinations-image hl-image__fill" style="background-image: url(&quot;https://i.ebayimg.com/images/g/zyEAAOSwe~JfR--L/s-l200.webp&quot;);"><div class="hl-image__background" style="opacity: 0;"></div><img onerror="typeof lazyLoad !== 'undefined' &amp;&amp; lazyLoad.addToQueue(this, true)" src="https://i.ebayimg.com/images/g/zyEAAOSwe~JfR--L/s-l200.webp" alt="" data-load-time="1599102873056"></div><noscript aria-hidden="true"><div class="hl-image hl-popular-destinations-image" style="background-image: url('https://i.ebayimg.com/images/g/zyEAAOSwe~JfR--L/s-l200.webp')"><img src="https://i.ebayimg.com/images/g/zyEAAOSwe~JfR--L/s-l200.webp" alt=""></div></noscript></div><h3 class="hl-popular-destinations-name">Classic cars</h3></a></li><li class="hl-popular-destinations-element"><a class="hl-popular-destinations-link" href="https://www.ebay.com/b/Collectible-Comics/63/bn_1865459" _sp="p2481888.m4776.l8874.c2" data-click="{&quot;eventFamily&quot;:&quot;HOMEPAGE&quot;,&quot;eventAction&quot;:&quot;ACTN&quot;,&quot;actionKind&quot;:&quot;NAVSRC&quot;,&quot;operationId&quot;:&quot;2481888&quot;,&quot;flushImmediately&quot;:false,&quot;eventProperty&quot;:{&quot;moduledtl&quot;:&quot;mi:4776|iid:1|li:8874|luid:2|c:2&quot;,&quot;parentrq&quot;:&quot;51f56a5a1740a4e8670a88b5fffff9e0&quot;,&quot;pageci&quot;:&quot;9613d99a-ed93-11ea-974e-5ef97f0ce4b3&quot;}}"><div class="hl-popular-destinations-image-spacer"><div data-size="200" class="hl-image hl-image-js js-only hl-popular-destinations-image hl-image__fill" style="background-image: url(&quot;https://i.ebayimg.com/images/g/DNIAAOSw0qFfR--M/s-l200.webp&quot;);"><div class="hl-image__background" style="opacity: 0;"></div><img onerror="typeof lazyLoad !== 'undefined' &amp;&amp; lazyLoad.addToQueue(this, true)" src="https://i.ebayimg.com/images/g/DNIAAOSw0qFfR--M/s-l200.webp" alt="" data-load-time="1599102873053"></div><noscript aria-hidden="true"><div class="hl-image hl-popular-destinations-image" style="background-image: url('https://i.ebayimg.com/images/g/DNIAAOSw0qFfR--M/s-l200.webp')"><img src="https://i.ebayimg.com/images/g/DNIAAOSw0qFfR--M/s-l200.webp" alt=""></div></noscript></div><h3 class="hl-popular-destinations-name">Action-packed comics</h3></a></li><li class="hl-popular-destinations-element"><a class="hl-popular-destinations-link" href="https://www.ebay.com/b/Sporting-Goods/888/bn_1865031" _sp="p2481888.m4776.l8874.c3" data-click="{&quot;eventFamily&quot;:&quot;HOMEPAGE&quot;,&quot;eventAction&quot;:&quot;ACTN&quot;,&quot;actionKind&quot;:&quot;NAVSRC&quot;,&quot;operationId&quot;:&quot;2481888&quot;,&quot;flushImmediately&quot;:false,&quot;eventProperty&quot;:{&quot;moduledtl&quot;:&quot;mi:4776|iid:1|li:8874|luid:3|c:3&quot;,&quot;parentrq&quot;:&quot;51f56a5a1740a4e8670a88b5fffff9e0&quot;,&quot;pageci&quot;:&quot;9613d99a-ed93-11ea-974e-5ef97f0ce4b3&quot;}}"><div class="hl-popular-destinations-image-spacer"><div data-size="200" class="hl-image hl-image-js js-only hl-popular-destinations-image hl-image__fill" style="background-image: url(&quot;https://i.ebayimg.com/images/g/c9sAAOSwTzpfR--M/s-l200.webp&quot;);"><div class="hl-image__background" style="opacity: 0;"></div><img onerror="typeof lazyLoad !== 'undefined' &amp;&amp; lazyLoad.addToQueue(this, true)" src="https://i.ebayimg.com/images/g/c9sAAOSwTzpfR--M/s-l200.webp" alt="" data-load-time="1599102873025"></div><noscript aria-hidden="true"><div class="hl-image hl-popular-destinations-image" style="background-image: url('https://i.ebayimg.com/images/g/c9sAAOSwTzpfR--M/s-l200.webp')"><img src="https://i.ebayimg.com/images/g/c9sAAOSwTzpfR--M/s-l200.webp" alt=""></div></noscript></div><h3 class="hl-popular-destinations-name">Sporting gear</h3></a></li><li class="hl-popular-destinations-seperator" role="presentation"></li><li class="hl-popular-destinations-element"><a class="hl-popular-destinations-link" href="https://www.ebay.com/b/Star-Wars/bn_7000693986" _sp="p2481888.m4776.l8874.c4" data-click="{&quot;eventFamily&quot;:&quot;HOMEPAGE&quot;,&quot;eventAction&quot;:&quot;ACTN&quot;,&quot;actionKind&quot;:&quot;NAVSRC&quot;,&quot;operationId&quot;:&quot;2481888&quot;,&quot;flushImmediately&quot;:false,&quot;eventProperty&quot;:{&quot;moduledtl&quot;:&quot;mi:4776|iid:1|li:8874|luid:4|c:4&quot;,&quot;parentrq&quot;:&quot;51f56a5a1740a4e8670a88b5fffff9e0&quot;,&quot;pageci&quot;:&quot;9613d99a-ed93-11ea-974e-5ef97f0ce4b3&quot;}}"><div class="hl-popular-destinations-image-spacer"><div data-size="200" class="hl-image hl-image-js js-only hl-popular-destinations-image hl-image__fill" style="background-image: url(&quot;https://i.ebayimg.com/images/g/qUEAAOSwkNNfR--F/s-l200.webp&quot;);"><div class="hl-image__background" style="opacity: 0;"></div><img onerror="typeof lazyLoad !== 'undefined' &amp;&amp; lazyLoad.addToQueue(this, true)" src="https://i.ebayimg.com/images/g/qUEAAOSwkNNfR--F/s-l200.webp" alt="" data-load-time="1599102873053"></div><noscript aria-hidden="true"><div class="hl-image hl-popular-destinations-image" style="background-image: url('https://i.ebayimg.com/images/g/qUEAAOSwkNNfR--F/s-l200.webp')"><img src="https://i.ebayimg.com/images/g/qUEAAOSwkNNfR--F/s-l200.webp" alt=""></div></noscript></div><h3 class="hl-popular-destinations-name">Everything Star Wars</h3></a></li><li class="hl-popular-destinations-element"><a class="hl-popular-destinations-link" href="https://www.ebay.com/b/Tools-Workshop-Equipment/631/bn_1851815" _sp="p2481888.m4776.l8874.c5" data-click="{&quot;eventFamily&quot;:&quot;HOMEPAGE&quot;,&quot;eventAction&quot;:&quot;ACTN&quot;,&quot;actionKind&quot;:&quot;NAVSRC&quot;,&quot;operationId&quot;:&quot;2481888&quot;,&quot;flushImmediately&quot;:false,&quot;eventProperty&quot;:{&quot;moduledtl&quot;:&quot;mi:4776|iid:1|li:8874|luid:5|c:5&quot;,&quot;parentrq&quot;:&quot;51f56a5a1740a4e8670a88b5fffff9e0&quot;,&quot;pageci&quot;:&quot;9613d99a-ed93-11ea-974e-5ef97f0ce4b3&quot;}}"><div class="hl-popular-destinations-image-spacer"><div data-size="200" class="hl-image hl-image-js js-only hl-popular-destinations-image hl-image__fill" style="background-image: url(&quot;https://i.ebayimg.com/images/g/v8wAAOSwE7lfR--K/s-l200.webp&quot;);"><div class="hl-image__background" style="opacity: 0;"></div><img onerror="typeof lazyLoad !== 'undefined' &amp;&amp; lazyLoad.addToQueue(this, true)" src="https://i.ebayimg.com/images/g/v8wAAOSwE7lfR--K/s-l200.webp" alt="" data-load-time="1599102873056"></div><noscript aria-hidden="true"><div class="hl-image hl-popular-destinations-image" style="background-image: url('https://i.ebayimg.com/images/g/v8wAAOSwE7lfR--K/s-l200.webp')"><img src="https://i.ebayimg.com/images/g/v8wAAOSwE7lfR--K/s-l200.webp" alt=""></div></noscript></div><h3 class="hl-popular-destinations-name">Top-rated tools</h3></a></li><li class="hl-popular-destinations-element"><a class="hl-popular-destinations-link" href="https://www.ebay.com/b/Collectible-Funko-Bobbleheads-1970-Now/149372/bn_3017826" _sp="p2481888.m4776.l8874.c6" data-click="{&quot;eventFamily&quot;:&quot;HOMEPAGE&quot;,&quot;eventAction&quot;:&quot;ACTN&quot;,&quot;actionKind&quot;:&quot;NAVSRC&quot;,&quot;operationId&quot;:&quot;2481888&quot;,&quot;flushImmediately&quot;:false,&quot;eventProperty&quot;:{&quot;moduledtl&quot;:&quot;mi:4776|iid:1|li:8874|luid:6|c:6&quot;,&quot;parentrq&quot;:&quot;51f56a5a1740a4e8670a88b5fffff9e0&quot;,&quot;pageci&quot;:&quot;9613d99a-ed93-11ea-974e-5ef97f0ce4b3&quot;}}"><div class="hl-popular-destinations-image-spacer"><div data-size="200" class="hl-image hl-image-js js-only hl-popular-destinations-image hl-image__fill" style="background-image: url(&quot;https://i.ebayimg.com/images/g/DqsAAOSw9G1fR--I/s-l200.webp&quot;);"><div class="hl-image__background" style="opacity: 0;"></div><img onerror="typeof lazyLoad !== 'undefined' &amp;&amp; lazyLoad.addToQueue(this, true)" src="https://i.ebayimg.com/images/g/DqsAAOSw9G1fR--I/s-l200.webp" alt="" data-load-time="1599102873025"></div><noscript aria-hidden="true"><div class="hl-image hl-popular-destinations-image" style="background-image: url('https://i.ebayimg.com/images/g/DqsAAOSw9G1fR--I/s-l200.webp')"><img src="https://i.ebayimg.com/images/g/DqsAAOSw9G1fR--I/s-l200.webp" alt=""></div></noscript></div><h3 class="hl-popular-destinations-name">Funko that pops</h3></a></li></ul></div><div class="hl-onboarding-error"><section aria-labelledby="priority-status" class="page-notice page-notice--priority" style="display:none;" data-marko-key="@page-notice s0-0-34-3-0-2[5]-0-1"><h2 class="page-notice__status" id="priority-status"><span aria-label="Priority" role="img"></span></h2><div class="page-notice__content"><p><strong>Oops!</strong> Looks like something went wrong. Please try again.</p></div></section></div><div class="hl-module hl-standard-carousel off-card hl-atf-module-js" id="items_list1" data-viewdtls="{&quot;moduleInstance&quot;:&quot;mi:2615|iid:1&quot;,&quot;parentrq&quot;:&quot;51f56a5a1740a4e8670a88b5fffff9e0&quot;,&quot;trackViews&quot;:true,&quot;trackPerf&quot;:false}"><div class="hl-card-header"><div class="hl-card-header__header-container clearfix"><div class="hl-card-header__title"><h2 class="hl-card-header__headline"><a href="http://deals.ebay.com/?_trkparms=pageci%3A9613d99a-ed93-11ea-974e-5ef97f0ce4b3%7Cparentrq%3A51f56a5a1740a4e8670a88b5fffff9e0%7Ciid%3A1" _sp="p2481888.m2615.l9803" data-click="{&quot;eventFamily&quot;:&quot;HOMEPAGE&quot;,&quot;eventAction&quot;:&quot;ACTN&quot;,&quot;actionKind&quot;:&quot;NAVSRC&quot;,&quot;operationId&quot;:&quot;2481888&quot;,&quot;flushImmediately&quot;:false,&quot;eventProperty&quot;:{&quot;moduledtl&quot;:&quot;mi:2615|iid:1|li:9803&quot;,&quot;parentrq&quot;:&quot;51f56a5a1740a4e8670a88b5fffff9e0&quot;,&quot;pageci&quot;:&quot;9613d99a-ed93-11ea-974e-5ef97f0ce4b3&quot;}}">Today's Deals – All With Free Shipping<span class="clipped"> - Carousel</span></a></h2></div><div class="hl-card-header__seeall"><a href="http://deals.ebay.com/?_trkparms=pageci%3A9613d99a-ed93-11ea-974e-5ef97f0ce4b3%7Cparentrq%3A51f56a5a1740a4e8670a88b5fffff9e0%7Ciid%3A1" _sp="p2481888.m2615.l8342" data-click="{&quot;eventFamily&quot;:&quot;HOMEPAGE&quot;,&quot;eventAction&quot;:&quot;ACTN&quot;,&quot;actionKind&quot;:&quot;NAVSRC&quot;,&quot;operationId&quot;:&quot;2481888&quot;,&quot;flushImmediately&quot;:false,&quot;eventProperty&quot;:{&quot;moduledtl&quot;:&quot;mi:2615|iid:1|li:8342&quot;,&quot;parentrq&quot;:&quot;51f56a5a1740a4e8670a88b5fffff9e0&quot;,&quot;pageci&quot;:&quot;9613d99a-ed93-11ea-974e-5ef97f0ce4b3&quot;}}" aria-label="See All Deals">See all<svg aria-hidden="true" class="hl-card-header__large-arrow icon icon--arrow-right-bold" focusable="false" aria-labelledby="s0-0-34-3-0-2[5]-3-seeall-7-1-14-10-0-text" to-json="function e(){}"><use xlink:href="#icon-arrow-right-bold"></use></svg></a></div></div></div><div><div class="carousel hl-carousel carousel--slides carousel--peek"><div class="carousel__container" id="s0-0-34-3-0-2[5]-4-match-media-0-ebay-carousel-container" data-marko="{}"><span id="carousel-status-s0-0-34-3-0-2[5]-4-match-media-0-ebay-carousel" class="clipped" aria-live="polite"><span>Carousel showing slide 1 of 3 - Today's Deals – All With Free Shipping</span></span><button class="carousel__control carousel__control--prev" type="button" aria-describedby="carousel-status-s0-0-34-3-0-2[5]-4-match-media-0-ebay-carousel" aria-label="Go to previous slide - Today's Deals – All With Free Shipping" aria-disabled="true" data-marko="{}"><svg aria-hidden="true" class="icon icon--carousel-prev" focusable="false" aria-labelledby="s0-0-34-3-0-2[5]-4-match-media-0-ebay-carousel-5-text" to-json="function e(){}"><use xlink:href="#icon-carousel-prev"></use></svg></button><div class="carousel__viewport"><ul class="carousel__list" id="s0-0-34-3-0-2[5]-4-match-media-0-ebay-carousel-list"><li class="carousel__snap-point hl-carousel__item hl-standard-carousel__item" style="width:calc(18.181818181818183% - 13.090909090909092px);margin-right:16px;"><a class="hl-item__link" href="https://www.ebay.com/itm/Apple-MacBook-Air-13-Inch-Space-Gray-1-1GHz-QC-8GB-256GB-Z0YJ0LL-A-2020-Model/143637668579?_trkparms=pageci%3A9613d99a-ed93-11ea-974e-5ef97f0ce4b3%7Cparentrq%3A51f56a5a1740a4e8670a88b5fffff9e0%7Ciid%3A1" _sp="p2481888.m2615.l3949.c1" data-click="{&quot;eventFamily&quot;:&quot;HOMEPAGE&quot;,&quot;eventAction&quot;:&quot;ACTN&quot;,&quot;actionKind&quot;:&quot;NAVSRC&quot;,&quot;operationId&quot;:&quot;2481888&quot;,&quot;flushImmediately&quot;:false,&quot;eventProperty&quot;:{&quot;moduledtl&quot;:&quot;mi:2615|iid:1|li:3949|luid:1|c:1&quot;,&quot;parentrq&quot;:&quot;51f56a5a1740a4e8670a88b5fffff9e0&quot;,&quot;pageci&quot;:&quot;9613d99a-ed93-11ea-974e-5ef97f0ce4b3&quot;}}"><div class="hl-image hl-image-js js-only hl-item__bg-image"><img data-size="225" onerror="typeof lazyLoad !== 'undefined' &amp;&amp; lazyLoad.addToQueue(this, false)" src="https://i.ebayimg.com/images/g/sXEAAOSwx5le8Ayf/s-l225.webp" crossorigin="anonymous" alt="Apple MacBook Air 13-Inch Space Gray 1.1GHz QC 8GB 256GB Z0YJ0LL/A 2020 Model" data-load-time="1599102873055" style="opacity: 1;"></div><noscript aria-hidden="true"><div class="hl-image hl-item__bg-image hl-image__no-fill"><img src="https://i.ebayimg.com/images/g/sXEAAOSwx5le8Ayf/s-l225.webp" alt="Apple MacBook Air 13-Inch Space Gray 1.1GHz QC 8GB 256GB Z0YJ0LL/A 2020 Model"></div></noscript><div><span class="hl-item__displayPrice">$849.00</span></div><div><span class="hl-item__additionalPrice"><span class="clipped">Previous Price: </span><del>$1,399.99</del></span><span class="hl-item__separator">·</span><span class="hl-item__discount"><strong>39% OFF</strong></span></div></a></li><li class="hl-carousel__item hl-standard-carousel__item" style="width:calc(18.181818181818183% - 13.090909090909092px);margin-right:16px;"><a class="hl-item__link" href="https://www.ebay.com/itm/Reebok-Advanced-Trainer-Mens-Training-Shoes/174217258722?_trkparms=pageci%3A9613d99a-ed93-11ea-974e-5ef97f0ce4b3%7Cparentrq%3A51f56a5a1740a4e8670a88b5fffff9e0%7Ciid%3A1" _sp="p2481888.m2615.l3949.c2" data-click="{&quot;eventFamily&quot;:&quot;HOMEPAGE&quot;,&quot;eventAction&quot;:&quot;ACTN&quot;,&quot;actionKind&quot;:&quot;NAVSRC&quot;,&quot;operationId&quot;:&quot;2481888&quot;,&quot;flushImmediately&quot;:false,&quot;eventProperty&quot;:{&quot;moduledtl&quot;:&quot;mi:2615|iid:1|li:3949|luid:2|c:2&quot;,&quot;parentrq&quot;:&quot;51f56a5a1740a4e8670a88b5fffff9e0&quot;,&quot;pageci&quot;:&quot;9613d99a-ed93-11ea-974e-5ef97f0ce4b3&quot;}}"><div class="hl-image hl-image-js js-only hl-item__bg-image"><img data-size="225" onerror="typeof lazyLoad !== 'undefined' &amp;&amp; lazyLoad.addToQueue(this, false)" src="https://i.ebayimg.com/images/g/G1IAAOSw0KtfT6sq/s-l225.webp" crossorigin="anonymous" alt="Reebok Advanced Trainer Men's Training Shoes, 25% Off: PARTYFOR25" data-load-time="1599102873055" style="opacity: 1;"></div><noscript aria-hidden="true"><div class="hl-image hl-item__bg-image hl-image__no-fill"><img src="https://i.ebayimg.com/images/g/G1IAAOSw0KtfT6sq/s-l225.webp" alt="Reebok Advanced Trainer Men's Training Shoes, 25% Off: PARTYFOR25"></div></noscript><div><span class="hl-item__displayPrice">$39.99</span></div><div><span class="hl-item__additionalPrice"><span class="clipped">Previous Price: </span><del>$65.00</del></span><span class="hl-item__separator">·</span><span class="hl-item__discount"><strong>38% OFF</strong></span></div></a></li><li class="hl-carousel__item hl-standard-carousel__item" style="width:calc(18.181818181818183% - 13.090909090909092px);margin-right:16px;"><a class="hl-item__link" href="https://www.ebay.com/itm/adidas-Originals-Superstar-Shoes-Womens/153939414926?_trkparms=pageci%3A9613d99a-ed93-11ea-974e-5ef97f0ce4b3%7Cparentrq%3A51f56a5a1740a4e8670a88b5fffff9e0%7Ciid%3A1" _sp="p2481888.m2615.l3949.c3" data-click="{&quot;eventFamily&quot;:&quot;HOMEPAGE&quot;,&quot;eventAction&quot;:&quot;ACTN&quot;,&quot;actionKind&quot;:&quot;NAVSRC&quot;,&quot;operationId&quot;:&quot;2481888&quot;,&quot;flushImmediately&quot;:false,&quot;eventProperty&quot;:{&quot;moduledtl&quot;:&quot;mi:2615|iid:1|li:3949|luid:3|c:3&quot;,&quot;parentrq&quot;:&quot;51f56a5a1740a4e8670a88b5fffff9e0&quot;,&quot;pageci&quot;:&quot;9613d99a-ed93-11ea-974e-5ef97f0ce4b3&quot;}}"><div class="hl-image hl-image-js js-only hl-item__bg-image"><img data-size="225" onerror="typeof lazyLoad !== 'undefined' &amp;&amp; lazyLoad.addToQueue(this, false)" src="https://i.ebayimg.com/images/g/E~sAAOSwcylfT7ok/s-l225.webp" crossorigin="anonymous" alt="adidas Originals Superstar Shoes Women's" data-load-time="1599102873072" style="opacity: 1;"></div><noscript aria-hidden="true"><div class="hl-image hl-item__bg-image hl-image__no-fill"><img src="https://i.ebayimg.com/images/g/E~sAAOSwcylfT7ok/s-l225.webp" alt="adidas Originals Superstar Shoes Women's"></div></noscript><div><span class="hl-item__displayPrice">$44.99</span></div><div><span class="hl-item__additionalPrice"><span class="clipped">Previous Price: </span><del>$110.00</del></span><span class="hl-item__separator">·</span><span class="hl-item__discount"><strong>59% OFF</strong></span></div></a></li><li class="hl-carousel__item hl-standard-carousel__item" style="width:calc(18.181818181818183% - 13.090909090909092px);margin-right:16px;"><a class="hl-item__link" href="https://www.ebay.com/itm/PUMA-Mens-Bari-Sneakers/273662122333?_trkparms=pageci%3A9613d99a-ed93-11ea-974e-5ef97f0ce4b3%7Cparentrq%3A51f56a5a1740a4e8670a88b5fffff9e0%7Ciid%3A1" _sp="p2481888.m2615.l3949.c4" data-click="{&quot;eventFamily&quot;:&quot;HOMEPAGE&quot;,&quot;eventAction&quot;:&quot;ACTN&quot;,&quot;actionKind&quot;:&quot;NAVSRC&quot;,&quot;operationId&quot;:&quot;2481888&quot;,&quot;flushImmediately&quot;:false,&quot;eventProperty&quot;:{&quot;moduledtl&quot;:&quot;mi:2615|iid:1|li:3949|luid:4|c:4&quot;,&quot;parentrq&quot;:&quot;51f56a5a1740a4e8670a88b5fffff9e0&quot;,&quot;pageci&quot;:&quot;9613d99a-ed93-11ea-974e-5ef97f0ce4b3&quot;}}"><div class="hl-image hl-image-js js-only hl-item__bg-image"><img data-size="225" onerror="typeof lazyLoad !== 'undefined' &amp;&amp; lazyLoad.addToQueue(this, false)" src="https://i.ebayimg.com/images/g/OEwAAOSwMqtfTqg2/s-l225.webp" crossorigin="anonymous" alt="PUMA Men's Bari Sneakers Save 25%: PARTYFOR25" data-load-time="1599102873076" style="opacity: 1;"></div><noscript aria-hidden="true"><div class="hl-image hl-item__bg-image hl-image__no-fill"><img src="https://i.ebayimg.com/images/g/OEwAAOSwMqtfTqg2/s-l225.webp" alt="PUMA Men's Bari Sneakers Save 25%: PARTYFOR25"></div></noscript><div><span class="hl-item__displayPrice">$39.99</span></div><div><span class="hl-item__additionalPrice"><span class="clipped">Previous Price: </span><del>$50.00</del></span><span class="hl-item__separator">·</span><span class="hl-item__discount"><strong>20% OFF</strong></span></div></a></li><li class="hl-carousel__item hl-standard-carousel__item" style="width:calc(18.181818181818183% - 13.090909090909092px);margin-right:16px;"><a class="hl-item__link" href="https://www.ebay.com/itm/WORX-WG191-56V-13-Cordless-String-Trimmer-Edger-with-Quick-90-Min-Charger/251923688862?_trkparms=pageci%3A9613d99a-ed93-11ea-974e-5ef97f0ce4b3%7Cparentrq%3A51f56a5a1740a4e8670a88b5fffff9e0%7Ciid%3A1" _sp="p2481888.m2615.l3949.c5" data-click="{&quot;eventFamily&quot;:&quot;HOMEPAGE&quot;,&quot;eventAction&quot;:&quot;ACTN&quot;,&quot;actionKind&quot;:&quot;NAVSRC&quot;,&quot;operationId&quot;:&quot;2481888&quot;,&quot;flushImmediately&quot;:false,&quot;eventProperty&quot;:{&quot;moduledtl&quot;:&quot;mi:2615|iid:1|li:3949|luid:5|c:5&quot;,&quot;parentrq&quot;:&quot;51f56a5a1740a4e8670a88b5fffff9e0&quot;,&quot;pageci&quot;:&quot;9613d99a-ed93-11ea-974e-5ef97f0ce4b3&quot;}}"><div class="hl-image hl-image-js js-only hl-item__bg-image"><img data-size="225" onerror="typeof lazyLoad !== 'undefined' &amp;&amp; lazyLoad.addToQueue(this, false)" src="https://i.ebayimg.com/images/g/nBcAAOSwoB1fTlvH/s-l225.webp" crossorigin="anonymous" alt="WORX WG191 56V 13&quot; Cordless String Trimmer &amp; Edger with Quick 90 Min Charger" data-load-time="1599102873072" style="opacity: 1;"></div><noscript aria-hidden="true"><div class="hl-image hl-item__bg-image hl-image__no-fill"><img src="https://i.ebayimg.com/images/g/nBcAAOSwoB1fTlvH/s-l225.webp" alt="WORX WG191 56V 13&quot; Cordless String Trimmer &amp; Edger with Quick 90 Min Charger"></div></noscript><div><span class="hl-item__displayPrice">$159.99</span></div><div><span class="hl-item__additionalPrice"><span class="clipped">Previous Price: </span><del>$229.99</del></span><span class="hl-item__separator">·</span><span class="hl-item__discount"><strong>30% OFF</strong></span></div></a></li><li class="carousel__snap-point hl-carousel__item hl-standard-carousel__item" style="width:calc(18.181818181818183% - 13.090909090909092px);margin-right:16px;" aria-hidden="true"><a class="hl-item__link" href="https://www.ebay.com/itm/Google-Pixel-3-XL-64GB-Just-Black-Unlocked/164249634232?_trkparms=pageci%3A9613d99a-ed93-11ea-974e-5ef97f0ce4b3%7Cparentrq%3A51f56a5a1740a4e8670a88b5fffff9e0%7Ciid%3A1" _sp="p2481888.m2615.l3949.c6" data-click="{&quot;eventFamily&quot;:&quot;HOMEPAGE&quot;,&quot;eventAction&quot;:&quot;ACTN&quot;,&quot;actionKind&quot;:&quot;NAVSRC&quot;,&quot;operationId&quot;:&quot;2481888&quot;,&quot;flushImmediately&quot;:false,&quot;eventProperty&quot;:{&quot;moduledtl&quot;:&quot;mi:2615|iid:1|li:3949|luid:6|c:6&quot;,&quot;parentrq&quot;:&quot;51f56a5a1740a4e8670a88b5fffff9e0&quot;,&quot;pageci&quot;:&quot;9613d99a-ed93-11ea-974e-5ef97f0ce4b3&quot;}}" tabindex="-1"><div class="hl-image hl-image-js js-only hl-item__bg-image"><img data-size="225" onerror="typeof lazyLoad !== 'undefined' &amp;&amp; lazyLoad.addToQueue(this, false)" src="https://i.ebayimg.com/images/g/5XkAAOSwfBVdJ3z3/s-l225.webp" crossorigin="anonymous" alt="Google Pixel 3 XL - 64GB - Just Black (Unlocked)" data-load-time="1599102873077" style="opacity: 1;"></div><noscript aria-hidden="true"><div class="hl-image hl-item__bg-image hl-image__no-fill"><img src="https://i.ebayimg.com/images/g/5XkAAOSwfBVdJ3z3/s-l225.webp" alt="Google Pixel 3 XL - 64GB - Just Black (Unlocked)"></div></noscript><div><span class="hl-item__displayPrice">$369.99</span></div><div><span class="hl-item__additionalPrice"><span class="clipped">Previous Price: </span><del>$499.99</del></span><span class="hl-item__separator">·</span><span class="hl-item__discount"><strong>26% OFF</strong></span></div></a></li><li class="hl-carousel__item hl-standard-carousel__item" style="width:calc(18.181818181818183% - 13.090909090909092px);margin-right:16px;" aria-hidden="true"><a class="hl-item__link" href="https://www.ebay.com/itm/C-by-GE-Full-Color-A-19-2-pack-Smart-App-Controlled-Amazon-Alexa-White/392859711239?_trkparms=pageci%3A9613d99a-ed93-11ea-974e-5ef97f0ce4b3%7Cparentrq%3A51f56a5a1740a4e8670a88b5fffff9e0%7Ciid%3A1" _sp="p2481888.m2615.l3949.c7" data-click="{&quot;eventFamily&quot;:&quot;HOMEPAGE&quot;,&quot;eventAction&quot;:&quot;ACTN&quot;,&quot;actionKind&quot;:&quot;NAVSRC&quot;,&quot;operationId&quot;:&quot;2481888&quot;,&quot;flushImmediately&quot;:false,&quot;eventProperty&quot;:{&quot;moduledtl&quot;:&quot;mi:2615|iid:1|li:3949|luid:7|c:7&quot;,&quot;parentrq&quot;:&quot;51f56a5a1740a4e8670a88b5fffff9e0&quot;,&quot;pageci&quot;:&quot;9613d99a-ed93-11ea-974e-5ef97f0ce4b3&quot;}}" tabindex="-1"><div class="hl-image hl-image-js js-only hl-item__bg-image"><img data-size="225" onerror="typeof lazyLoad !== 'undefined' &amp;&amp; lazyLoad.addToQueue(this, false)" src="https://i.ebayimg.com/images/g/sngAAOSwXtZe~iD5/s-l225.webp" crossorigin="anonymous" alt="C by GE - Full Color A-19 2-pack -  Smart App Controlled - Amazon Alexa - White" data-load-time="1599102873077" style="opacity: 1;"></div><noscript aria-hidden="true"><div class="hl-image hl-item__bg-image hl-image__no-fill"><img src="https://i.ebayimg.com/images/g/sngAAOSwXtZe~iD5/s-l225.webp" alt="C by GE - Full Color A-19 2-pack -  Smart App Controlled - Amazon Alexa - White"></div></noscript><div><span class="hl-item__displayPrice">$29.99</span></div><div><span class="hl-item__additionalPrice"><span class="clipped">Previous Price: </span><del>$79.99</del></span><span class="hl-item__separator">·</span><span class="hl-item__discount"><strong>63% OFF</strong></span></div></a></li><li class="hl-carousel__item hl-standard-carousel__item" style="width:calc(18.181818181818183% - 13.090909090909092px);margin-right:16px;" aria-hidden="true"><a class="hl-item__link" href="https://www.ebay.com/itm/Invicta-Mens-Pro-Diver-Analog-Quartz-200m-Stainless-Steel-Watch-12563/133497195253?_trkparms=pageci%3A9613d99a-ed93-11ea-974e-5ef97f0ce4b3%7Cparentrq%3A51f56a5a1740a4e8670a88b5fffff9e0%7Ciid%3A1" _sp="p2481888.m2615.l3949.c8" data-click="{&quot;eventFamily&quot;:&quot;HOMEPAGE&quot;,&quot;eventAction&quot;:&quot;ACTN&quot;,&quot;actionKind&quot;:&quot;NAVSRC&quot;,&quot;operationId&quot;:&quot;2481888&quot;,&quot;flushImmediately&quot;:false,&quot;eventProperty&quot;:{&quot;moduledtl&quot;:&quot;mi:2615|iid:1|li:3949|luid:8|c:8&quot;,&quot;parentrq&quot;:&quot;51f56a5a1740a4e8670a88b5fffff9e0&quot;,&quot;pageci&quot;:&quot;9613d99a-ed93-11ea-974e-5ef97f0ce4b3&quot;}}" tabindex="-1"><div class="hl-image hl-image-js js-only hl-item__bg-image"><img data-size="225" onerror="typeof lazyLoad !== 'undefined' &amp;&amp; lazyLoad.addToQueue(this, false)" src="https://i.ebayimg.com/images/g/QpwAAOSw0FJfLEn3/s-l225.webp" crossorigin="anonymous" alt="Invicta Men's Pro Diver Analog Quartz 200m Stainless Steel Watch 12563" data-load-time="1599102873080" style="opacity: 1;"></div><noscript aria-hidden="true"><div class="hl-image hl-item__bg-image hl-image__no-fill"><img src="https://i.ebayimg.com/images/g/QpwAAOSw0FJfLEn3/s-l225.webp" alt="Invicta Men's Pro Diver Analog Quartz 200m Stainless Steel Watch 12563"></div></noscript><div><span class="hl-item__displayPrice">$65.00</span></div><div><span class="hl-item__additionalPrice"><span class="clipped">Previous Price: </span><del>$795.00</del></span><span class="hl-item__separator">·</span><span class="hl-item__discount"><strong>92% OFF</strong></span></div></a></li><li class="hl-carousel__item hl-standard-carousel__item" style="width:calc(18.181818181818183% - 13.090909090909092px);margin-right:16px;" aria-hidden="true"><a class="hl-item__link" href="https://www.ebay.com/itm/Ninja-OP301-Foodi-9-in-1-Home-Food-Cooker-6-5-Quart-Certified-Refurbished/353052155817?_trkparms=pageci%3A9613d99a-ed93-11ea-974e-5ef97f0ce4b3%7Cparentrq%3A51f56a5a1740a4e8670a88b5fffff9e0%7Ciid%3A1" _sp="p2481888.m2615.l3949.c9" data-click="{&quot;eventFamily&quot;:&quot;HOMEPAGE&quot;,&quot;eventAction&quot;:&quot;ACTN&quot;,&quot;actionKind&quot;:&quot;NAVSRC&quot;,&quot;operationId&quot;:&quot;2481888&quot;,&quot;flushImmediately&quot;:false,&quot;eventProperty&quot;:{&quot;moduledtl&quot;:&quot;mi:2615|iid:1|li:3949|luid:9|c:9&quot;,&quot;parentrq&quot;:&quot;51f56a5a1740a4e8670a88b5fffff9e0&quot;,&quot;pageci&quot;:&quot;9613d99a-ed93-11ea-974e-5ef97f0ce4b3&quot;}}" tabindex="-1"><div class="hl-image hl-image-js js-only hl-item__bg-image"><img data-size="225" onerror="typeof lazyLoad !== 'undefined' &amp;&amp; lazyLoad.addToQueue(this, false)" src="https://i.ebayimg.com/images/g/t84AAOSwagxfLa4m/s-l225.webp" crossorigin="anonymous" alt="Ninja OP301  Foodi 9-in-1 Home Food Cooker, 6.5 Quart (Certified Refurbished)" data-load-time="1599102873077" style="opacity: 1;"></div><noscript aria-hidden="true"><div class="hl-image hl-item__bg-image hl-image__no-fill"><img src="https://i.ebayimg.com/images/g/t84AAOSwagxfLa4m/s-l225.webp" alt="Ninja OP301  Foodi 9-in-1 Home Food Cooker, 6.5 Quart (Certified Refurbished)"></div></noscript><div><span class="hl-item__displayPrice">$110.49</span></div><div><span class="hl-item__additionalPrice"><span class="clipped">Previous Price: </span><del>$259.99</del></span><span class="hl-item__separator">·</span><span class="hl-item__discount"><strong>58% OFF</strong></span></div></a></li><li class="hl-carousel__item hl-standard-carousel__item" style="width:calc(18.181818181818183% - 13.090909090909092px);margin-right:16px;" aria-hidden="true"><a class="hl-item__link" href="https://www.ebay.com/itm/Tracfone-Moto-e5-Cell-Phone-1-Year-of-Service-with-1500-MIN-1500-Text-1500MB/283873320845?_trkparms=pageci%3A9613d99a-ed93-11ea-974e-5ef97f0ce4b3%7Cparentrq%3A51f56a5a1740a4e8670a88b5fffff9e0%7Ciid%3A1" _sp="p2481888.m2615.l3949.c11" data-click="{&quot;eventFamily&quot;:&quot;HOMEPAGE&quot;,&quot;eventAction&quot;:&quot;ACTN&quot;,&quot;actionKind&quot;:&quot;NAVSRC&quot;,&quot;operationId&quot;:&quot;2481888&quot;,&quot;flushImmediately&quot;:false,&quot;eventProperty&quot;:{&quot;moduledtl&quot;:&quot;mi:2615|iid:1|li:3949|luid:11|c:11&quot;,&quot;parentrq&quot;:&quot;51f56a5a1740a4e8670a88b5fffff9e0&quot;,&quot;pageci&quot;:&quot;9613d99a-ed93-11ea-974e-5ef97f0ce4b3&quot;}}" tabindex="-1"><div class="hl-image hl-image-js js-only hl-item__bg-image"><img data-size="225" onerror="typeof lazyLoad !== 'undefined' &amp;&amp; lazyLoad.addToQueue(this, false)" src="https://i.ebayimg.com/images/g/~osAAOSw87xet1rM/s-l225.webp" crossorigin="anonymous" alt="Tracfone Moto e5 Cell Phone + 1 Year of Service with 1500 MIN/1500 Text/1500MB" data-load-time="1599102873080" style="opacity: 1;"></div><noscript aria-hidden="true"><div class="hl-image hl-item__bg-image hl-image__no-fill"><img src="https://i.ebayimg.com/images/g/~osAAOSw87xet1rM/s-l225.webp" alt="Tracfone Moto e5 Cell Phone + 1 Year of Service with 1500 MIN/1500 Text/1500MB"></div></noscript><div><span class="hl-item__displayPrice">$39.99</span></div><div><span class="hl-item__additionalPrice"><span class="clipped">Previous Price: </span><del>$200.00</del></span><span class="hl-item__separator">·</span><span class="hl-item__discount"><strong>80% OFF</strong></span></div></a></li><li class="carousel__snap-point hl-carousel__item hl-standard-carousel__item" style="width:calc(18.181818181818183% - 13.090909090909092px);margin-right:16px;" aria-hidden="true"><a class="hl-item__link" href="https://www.ebay.com/itm/Sony-X800H-65-Inch-LED-4K-Ultra-HD-HDR-Android-Smart-TV/402369808763?_trkparms=pageci%3A9613d99a-ed93-11ea-974e-5ef97f0ce4b3%7Cparentrq%3A51f56a5a1740a4e8670a88b5fffff9e0%7Ciid%3A1" _sp="p2481888.m2615.l3949.c12" data-click="{&quot;eventFamily&quot;:&quot;HOMEPAGE&quot;,&quot;eventAction&quot;:&quot;ACTN&quot;,&quot;actionKind&quot;:&quot;NAVSRC&quot;,&quot;operationId&quot;:&quot;2481888&quot;,&quot;flushImmediately&quot;:false,&quot;eventProperty&quot;:{&quot;moduledtl&quot;:&quot;mi:2615|iid:1|li:3949|luid:12|c:12&quot;,&quot;parentrq&quot;:&quot;51f56a5a1740a4e8670a88b5fffff9e0&quot;,&quot;pageci&quot;:&quot;9613d99a-ed93-11ea-974e-5ef97f0ce4b3&quot;}}" tabindex="-1"><div class="hl-image hl-image-js js-only hl-item__bg-image"><img data-size="225" onerror="typeof lazyLoad !== 'undefined' &amp;&amp; lazyLoad.addToQueue(this, false)" src="https://i.ebayimg.com/images/g/bwsAAOSwWWFfTk5B/s-l225.webp" crossorigin="anonymous" alt="Sony X800H 65-Inch LED 4K Ultra HD HDR Android Smart TV" data-load-time="1599102873072" style="opacity: 1;"></div><noscript aria-hidden="true"><div class="hl-image hl-item__bg-image hl-image__no-fill"><img src="https://i.ebayimg.com/images/g/bwsAAOSwWWFfTk5B/s-l225.webp" alt="Sony X800H 65-Inch LED 4K Ultra HD HDR Android Smart TV"></div></noscript><div><span class="hl-item__displayPrice">$775.00</span></div><div><span class="hl-item__additionalPrice"><span class="clipped">Previous Price: </span><del>$1,299.00</del></span><span class="hl-item__separator">·</span><span class="hl-item__discount"><strong>40% OFF</strong></span></div></a></li><li class="hl-carousel__item hl-standard-carousel__item" style="width:calc(18.181818181818183% - 13.090909090909092px);margin-right:16px;" aria-hidden="true"><a class="hl-item__link" href="https://www.ebay.com/itm/Dyson-AM11-Pure-Cool-Tower-Purifier-Fan-Refurbished/274471937709?_trkparms=pageci%3A9613d99a-ed93-11ea-974e-5ef97f0ce4b3%7Cparentrq%3A51f56a5a1740a4e8670a88b5fffff9e0%7Ciid%3A1" _sp="p2481888.m2615.l3949.c13" data-click="{&quot;eventFamily&quot;:&quot;HOMEPAGE&quot;,&quot;eventAction&quot;:&quot;ACTN&quot;,&quot;actionKind&quot;:&quot;NAVSRC&quot;,&quot;operationId&quot;:&quot;2481888&quot;,&quot;flushImmediately&quot;:false,&quot;eventProperty&quot;:{&quot;moduledtl&quot;:&quot;mi:2615|iid:1|li:3949|luid:13|c:13&quot;,&quot;parentrq&quot;:&quot;51f56a5a1740a4e8670a88b5fffff9e0&quot;,&quot;pageci&quot;:&quot;9613d99a-ed93-11ea-974e-5ef97f0ce4b3&quot;}}" tabindex="-1"><div class="hl-image hl-image-js js-only hl-item__bg-image"><img data-size="225" onerror="typeof lazyLoad !== 'undefined' &amp;&amp; lazyLoad.addToQueue(this, false)" src="https://i.ebayimg.com/images/g/JxUAAOSw4nVfTrpk/s-l225.webp" crossorigin="anonymous" alt="Dyson AM11 Pure Cool Tower Purifier Fan | Refurbished, 25% Off: PARTYFOR25" data-load-time="1599102873049" style="opacity: 1;"></div><noscript aria-hidden="true"><div class="hl-image hl-item__bg-image hl-image__no-fill"><img src="https://i.ebayimg.com/images/g/JxUAAOSw4nVfTrpk/s-l225.webp" alt="Dyson AM11 Pure Cool Tower Purifier Fan | Refurbished, 25% Off: PARTYFOR25"></div></noscript><div><span class="hl-item__displayPrice">$229.99</span></div><div><span class="hl-item__additionalPrice"><span class="clipped">Previous Price: </span><del>$499.99</del></span><span class="hl-item__separator">·</span><span class="hl-item__discount"><strong>54% OFF</strong></span></div></a></li><li class="hl-carousel__item hl-standard-carousel__item" style="width:calc(18.181818181818183% - 13.090909090909092px);margin-right:16px;" aria-hidden="true"><a class="hl-item__link" href="https://www.ebay.com/itm/Apple-iPhone-7-128GB-Unlocked-Smartphone/401433628517?_trkparms=pageci%3A9613d99a-ed93-11ea-974e-5ef97f0ce4b3%7Cparentrq%3A51f56a5a1740a4e8670a88b5fffff9e0%7Ciid%3A1" _sp="p2481888.m2615.l3949.c14" data-click="{&quot;eventFamily&quot;:&quot;HOMEPAGE&quot;,&quot;eventAction&quot;:&quot;ACTN&quot;,&quot;actionKind&quot;:&quot;NAVSRC&quot;,&quot;operationId&quot;:&quot;2481888&quot;,&quot;flushImmediately&quot;:false,&quot;eventProperty&quot;:{&quot;moduledtl&quot;:&quot;mi:2615|iid:1|li:3949|luid:14|c:14&quot;,&quot;parentrq&quot;:&quot;51f56a5a1740a4e8670a88b5fffff9e0&quot;,&quot;pageci&quot;:&quot;9613d99a-ed93-11ea-974e-5ef97f0ce4b3&quot;}}" tabindex="-1"><div class="hl-image hl-image-js js-only hl-item__bg-image"><img data-size="225" onerror="typeof lazyLoad !== 'undefined' &amp;&amp; lazyLoad.addToQueue(this, false)" src="https://i.ebayimg.com/images/g/kJAAAOSwc-tY5NFx/s-l225.webp" crossorigin="anonymous" alt="Apple iPhone 7 128GB Unlocked Smartphone" data-load-time="1599102873080" style="opacity: 1;"></div><noscript aria-hidden="true"><div class="hl-image hl-item__bg-image hl-image__no-fill"><img src="https://i.ebayimg.com/images/g/kJAAAOSwc-tY5NFx/s-l225.webp" alt="Apple iPhone 7 128GB Unlocked Smartphone"></div></noscript><div><span class="hl-item__displayPrice">$182.95</span></div><div><span class="hl-item__additionalPrice"><span class="clipped">Previous Price: </span><del>$749.00</del></span><span class="hl-item__separator">·</span><span class="hl-item__discount"><strong>76% OFF</strong></span></div></a></li><li class="hl-carousel__item hl-standard-carousel__item" style="width:calc(18.181818181818183% - 13.090909090909092px);margin-right:false;" aria-hidden="true"><a class="hl-item__link" href="https://www.ebay.com/itm/Motorola-Talkabout-T260-Two-Way-Radio-25-Miles-2-Radios-2-Headsets-iVox-VOX/233678559813?_trkparms=pageci%3A9613d99a-ed93-11ea-974e-5ef97f0ce4b3%7Cparentrq%3A51f56a5a1740a4e8670a88b5fffff9e0%7Ciid%3A1" _sp="p2481888.m2615.l3949.c15" data-click="{&quot;eventFamily&quot;:&quot;HOMEPAGE&quot;,&quot;eventAction&quot;:&quot;ACTN&quot;,&quot;actionKind&quot;:&quot;NAVSRC&quot;,&quot;operationId&quot;:&quot;2481888&quot;,&quot;flushImmediately&quot;:false,&quot;eventProperty&quot;:{&quot;moduledtl&quot;:&quot;mi:2615|iid:1|li:3949|luid:15|c:15&quot;,&quot;parentrq&quot;:&quot;51f56a5a1740a4e8670a88b5fffff9e0&quot;,&quot;pageci&quot;:&quot;9613d99a-ed93-11ea-974e-5ef97f0ce4b3&quot;}}" tabindex="-1"><div class="hl-image hl-image-js js-only hl-item__bg-image"><img data-size="225" onerror="typeof lazyLoad !== 'undefined' &amp;&amp; lazyLoad.addToQueue(this, false)" src="https://i.ebayimg.com/images/g/zSEAAOSwJCFfNCxx/s-l225.webp" crossorigin="anonymous" alt="Motorola Talkabout T260 Two-Way Radio, 25 Miles, 2 Radios + 2 Headsets, iVox/VOX" data-load-time="1599102873080" style="opacity: 1;"></div><noscript aria-hidden="true"><div class="hl-image hl-item__bg-image hl-image__no-fill"><img src="https://i.ebayimg.com/images/g/zSEAAOSwJCFfNCxx/s-l225.webp" alt="Motorola Talkabout T260 Two-Way Radio, 25 Miles, 2 Radios + 2 Headsets, iVox/VOX"></div></noscript><div><span class="hl-item__displayPrice">$59.98</span></div><div><span class="hl-item__additionalPrice"><span class="clipped">Previous Price: </span><del>$134.98</del></span><span class="hl-item__separator">·</span><span class="hl-item__discount"><strong>56% OFF</strong></span></div></a></li></ul></div><button class="carousel__control carousel__control--next" type="button" aria-describedby="carousel-status-s0-0-34-3-0-2[5]-4-match-media-0-ebay-carousel" aria-label="Go to next slide - Today's Deals – All With Free Shipping" id="s0-0-34-3-0-2[5]-4-match-media-0-ebay-carousel-next" data-marko="{}"><svg aria-hidden="true" class="icon icon--carousel-next" focusable="false" aria-labelledby="s0-0-34-3-0-2[5]-4-match-media-0-ebay-carousel-12-text" to-json="function e(){}"><use xlink:href="#icon-carousel-next"></use></svg></button></div></div></div></div><div class="hl-module hl-ad-row off-card hl-atf-module-js" id="ads_combo3" data-viewdtls="{&quot;moduleInstance&quot;:&quot;mi:4818|iid:1&quot;,&quot;parentrq&quot;:&quot;51f56a5a1740a4e8670a88b5fffff9e0&quot;,&quot;trackViews&quot;:true,&quot;trackPerf&quot;:false}" data-view="{&quot;eventFamily&quot;:&quot;HOMEPAGE&quot;,&quot;eventAction&quot;:&quot;VIEW&quot;,&quot;operationId&quot;:&quot;2481888&quot;,&quot;flushImmediately&quot;:false,&quot;eventProperty&quot;:{&quot;moduledtl&quot;:&quot;mi:4818|iid:1&quot;,&quot;ammiid&quot;:&quot;8d1c594df3c143a1aa35e9ba97136419|f6de3e4189bc42e0a821cddb3a173b8b&quot;,&quot;plmt&quot;:&quot;qAIAAB%2BLCAAAAAAAAABNUk2PmzAQ%2FSvWnCHY5svmVmkPe2wb7anagzHDBi3EFobSKMp%2F75g06fo0X%2B%2FN87Ov4D%2BgkbnivKwT8AM0v64wdNAIzmuhErBUklzUXHIpZM65TGCmGvRVhzkWQunWFhK5UVLYrmtzI%2Bq8VS0kgAvRSVlyVb1TZu7kBD6v45iA83sBrZ8epUgsjdtOeiI8wQUpgIYnMH1S6y6KOlFh5FofwIUiOC2LD02Wbdt2wNZcDtZNWYdmDBlhDNHBS8zYZDpkaMKFmXFkFzQzG9354wA30hmeAv35iUjZ25G9ujUg%2B9ZR9vqdHUe3MMFMYK5nQmYyz8goTZs2YljmFYlh2sUbGwXfSa2PccnjqTQn193%2F5jgsXybXmfa%2FHV%2BIcmq%2F1H8%2Fok8%2FxEtZb3flJtqnFD2mjPd9jk3DbuT0Zxfj7J6ZcJfm9iwQ%2BxUCOWFPP1acL8QENxruyWjoh3HB%2BSc55s7wHlfZf29DMB7zdhfCOe21xAil6MvKlPQXCm4KVFVNH0S1ZR%2BPxjjn49cCXYm809qk2Ok8FQJNqusC0xJ7XffcYtHmcPsLFZdWgKgCAAA%3D&quot;,&quot;parentrq&quot;:&quot;51f56a5a1740a4e8670a88b5fffff9e0&quot;,&quot;pageci&quot;:&quot;9613d99a-ed93-11ea-974e-5ef97f0ce4b3&quot;,&quot;ampid&quot;:&quot;3P_ADS|1PD&quot;}}"><a class="hl-ad-row__1p-link" data-click="{&quot;eventFamily&quot;:&quot;HOMEPAGE&quot;,&quot;eventAction&quot;:&quot;ACTN&quot;,&quot;actionKind&quot;:&quot;NAVSRC&quot;,&quot;operationId&quot;:&quot;2481888&quot;,&quot;flushImmediately&quot;:false,&quot;eventProperty&quot;:{&quot;moduledtl&quot;:&quot;mi:4818|iid:1|li:8991|luid:2|c:2&quot;,&quot;parentrq&quot;:&quot;51f56a5a1740a4e8670a88b5fffff9e0&quot;,&quot;pageci&quot;:&quot;9613d99a-ed93-11ea-974e-5ef97f0ce4b3&quot;}}" href="https://pulsar.ebay.com/plsr/clk/0/VPS/9?pld=%7B%22ampid%22%3A%221PD_CLK%22%2C%22enc%22%3A%22AQAFAAAB8ArZwWgDPLQWNWesuHu7Dy3CL5tbDJzYeIqB2CwUkA7aEwiBWZt3ycK5fJeBL9f6K1CpYXZ6APN4DDfdYlMnGtVyq8A0P7nf%2B9xUsxlD8Lz1SI6xC5GSTC0wEScVsqIbgV8IbdR73exs%2FS0bNfnybGkxr%2F6TKRGcIwIa4KQO6ZckvSIPtnlcQwkcbkv%2BFNtwM1Rws%2Bx2Tm3Cuqx0JtLEaGjaHQaHXRYufoLtpFMbe1QnIwjnq3RsBNJnb8Q56FI3nruMkkBURQnszaKJJxXjYeH4Ramy8DJzwrcO1Q5oo98%2F0G21jXB%2By29hqvETdhzeLlxS%2Bfw%2BhMCyjHHzhu%2BcrGXmnIHvX5X07RdI%2BFSpP0tDOwKgu0wjEuK044nUPG6Fn0aluVE2%2FDmN3Fro9auHw5ICPm%2BIvWvhXwYYdI6p4akjJXeVFA8JhEVC88kxxXgC5n%2F4y8wA3q0e6fgLKraXiy%2F3jmlpjGzeEzz4fIK5GHTfTGTGhuzdPHtgq4jd9ixbkAQmuLwagr9ABUbDiVFNqYTS9zMuB%2FI%2B6C9h7rRi4%2F3bkVzWehKQCQmTC%2B%2FFvSS4WhT432VhsJi8rnin%2BCWdMkSRChtblhsjw34%2BU%2FAVRWKXSFmhe5VQ9pXfDRpN9bnQkNJYezC%2FN3c2QogVCiBtmYY%3D%22%2C%22mecs%22%3A%225000052586f6de3e4189bc42e0a821cddb3a173b8b%22%7D&amp;_trkparms=pageci%3A9613d99a-ed93-11ea-974e-5ef97f0ce4b3%7Cparentrq%3A51f56a5a1740a4e8670a88b5fffff9e0%7Ciid%3A1" _sp="p2481888.m4818.l8991.c2"><div class="hl-ad-row__banner"><div data-size="550" class="hl-image hl-image-js js-only hl-ad-row__banner__hl-image hl-image__fill" style="background-image: url(&quot;https://i.ebayimg.com/00/z/7SMAAOSwijBeAU5U/$_58.jpg&quot;);"><div class="hl-image__background" style="background-color: rgb(255, 255, 255); opacity: 0;"></div><img onerror="typeof lazyLoad !== 'undefined' &amp;&amp; lazyLoad.addToQueue(this, true)" src="https://i.ebayimg.com/00/z/7SMAAOSwijBeAU5U/$_58.jpg" alt="" data-load-time="1599102873064"></div><noscript aria-hidden="true"><div class="hl-image hl-ad-row__banner__hl-image" style="background-image: url('https://i.ebayimg.com/00/z/7SMAAOSwijBeAU5U/$_58.jpg')"><img src="https://i.ebayimg.com/00/z/7SMAAOSwijBeAU5U/$_58.jpg" alt=""></div></noscript></div><div class="hl-ad-row__1p"><div class="hl-ad-row__label-logo-wrapper"><div class="hl-ad-row__label">Featured</div><div data-size="90" class="hl-image hl-image-js js-only hl-ad-row__logo hl-image__fill" style="background-image: url(&quot;https://i.ebayimg.com/00/s/MTQzNFgxNjAw/z/ih4AAOSwPbdeAU5a/$_137.JPG&quot;);"><div class="hl-image__background" style="background-color: rgb(255, 255, 255); opacity: 0;"></div><img onerror="typeof lazyLoad !== 'undefined' &amp;&amp; lazyLoad.addToQueue(this, true)" src="https://i.ebayimg.com/00/s/MTQzNFgxNjAw/z/ih4AAOSwPbdeAU5a/$_137.JPG" alt="" data-load-time="1599102873056"></div><noscript aria-hidden="true"><div class="hl-image hl-ad-row__logo" style="background-image: url('https://i.ebayimg.com/00/s/MTQzNFgxNjAw/z/ih4AAOSwPbdeAU5a/$_137.JPG')"><img src="https://i.ebayimg.com/00/s/MTQzNFgxNjAw/z/ih4AAOSwPbdeAU5a/$_137.JPG" alt=""></div></noscript></div><div class="hl-ad-row__text-wrapper"><div class="ebayui-ellipsis-3 hl-ad-row__primary">Deals made easy all year long.</div><div class="hl-ad-row__secondary ebayui-ellipsis-2">Free shipping. Best prices.</div><div class="hl-cta hl-ad-row__cta-button hl-ad-row__cta"><div class="hl-cta__text-only" style="color:#000000;">Get your thing <svg aria-hidden="true" class="hl-cta__arrow icon icon--arrow-right-bold" style="fill:currentColor;" focusable="false" aria-labelledby="s0-0-34-3-0-2[6]-1-1-14-3-0-text" to-json="function e(){}"><use xlink:href="#icon-arrow-right-bold"></use></svg></div><div class="hl-cta__default hl-cta__default-js hl-ad-row__cta-button hl-ad-row__cta" style="color: #000000; border-color: #000000" onmouseover="this.style.color='#ffffff'; this.style['border-color']='#000000'; this.style['box-shadow']='#000000 0 0px 0px 70px inset'; this.querySelectorAll('.hl-cta__arrow').item(0).style['stroke']='#ffffff'" onmouseout="this.style.color='#000000'; this.style['border-color']='#000000'; this.style['box-shadow']='#000000 0 0px 0px 0px inset'; this.querySelectorAll('.hl-cta__arrow').item(0).style['stroke']='#000000'">Get your thing <svg aria-hidden="true" class="hl-cta__arrow icon icon--arrow-right-bold" style="fill:currentColor;" focusable="false" aria-labelledby="s0-0-34-3-0-2[6]-1-1-14-5-0-text" to-json="function e(){}"><use xlink:href="#icon-arrow-right-bold"></use></svg></div></div></div></div></a><div class="hl-ad-row__mrec"><div class="hl-scandal-ad"><div id="scandal100716" title="advertisement"></div></div></div></div></div><script src="https://ir.ebaystatic.com/rs/c/inception-s2akbfsq.js"></script>
<script src="https://ir.ebaystatic.com/rs/c/highlnfe-KpgcR4PA.js"></script>
<script src="https://ir.ebaystatic.com/rs/c/jquery-KOuBsJce.js"></script>
<script nonce="">$_mod.ready();</script><script type="text/javascript">window.HL_PAGE_TRACKING = [{"eventFamily":"HOMEPAGE","eventAction":"PAGEPING","operationId":"2481888","flushImmediately":false,"eventProperty":{"parentrq":"51f56a5a1740a4e8670a88b5fffff9e0","pageci":"9613d99a-ed93-11ea-974e-5ef97f0ce4b3"}},{"eventFamily":"HOMEPAGE","eventAction":"VIEWDTLS","operationId":"2481888","flushImmediately":false,"eventProperty":{"parentrq":"51f56a5a1740a4e8670a88b5fffff9e0","pageci":"9613d99a-ed93-11ea-974e-5ef97f0ce4b3"}}]</script><script>
            const noScriptElements = document.querySelectorAll("noscript[aria-hidden=false]");
            noScriptElements.forEach(a => a.getAttribute("aria-hidden") === "false" ? a.setAttribute("aria-hidden", "true") : null);
        </script><img alt="" border="0" height="0" src="https://rover.ebay.com/roversync/?site=0&amp;stg=1&amp;mpt=1599102872170" style="display:none" width="0"><script type="text/javascript" nonce="">(function(scope) {var trackingInfo = {"X_EBAY_C_CORRELATION_SESSION":"si=51f56a631740a4e867006e4affffecdc,c=1,operationId=2481888,trk-gflgs=QA**"};scope.trkCorrelationSessionInfo={};scope.trkCorrelationSessionInfo.getTrackingInfo=function(){return trackingInfo;};scope.trkCorrelationSessionInfo.getTrackingCorrelationSessionInfo=function(){return trackingInfo.X_EBAY_C_CORRELATION_SESSION};})(window)</script><script type="text/javascript" nonce="">if(typeof raptor !== "undefined" && raptor.require){var Uri=raptor.require("ebay/legacy/utils/Uri");$uri=function(href){return new Uri(href);};window.raptor.extend(window.raptor, require("ebay/legacy/adaptor-utils"));}</script><script id="taasHeaderRes" type="text/javascript" src="https://ir.ebaystatic.com/rs/v/10341xh50yz21mhhydueu4m5wad.js" nonce=""></script><script id="taasContent" type="text/javascript" nonce="">try {new window.TaaSTrackingCore({"psi":"A9Wp8hHo*","rover":{"imp":"/roverimp/0/0/9","clk":"/roverclk/0/0/9","uri":"https://rover.ebay.com"},"pid":"p2481888"});
var RoverSyncDropped = true;
var _plsubtInp={"eventFamily":"DFLT","samplingRate":100, "pageLoadTime": new Date().getTime(), "pageId":2481888, "app":"Testapp", "disableImp":true};var _plsUBTTQ=[];var TaaSIdMapTrackerObj = new TaaSIdMapTracker();TaaSIdMapTrackerObj.roverService("https://rover.ebay.com/idmap/0?footer");} catch (err) { console && console.log && console.log(err); }</script><script id="taasFooterRes" type="text/javascript" src="https://ir.ebaystatic.com/rs/v/s0hteylevy4bpkd12dvkd4yi5ms.js" nonce=""></script><div id="hlGlobalFooter"><!--[if lt IE 9]><div id="glbfooter" role="contentinfo" class="gh-w gh-flex"><![endif]--><footer id="glbfooter" role="contentinfo" class="gh-w"><div><div id="rtm_html_1650"></div><div id="rtm_html_1651"></div></div><h2 class="gh-ar-hdn">Additional site navigation</h2><div id="gf-BIG" class="gffoot"><table class="gf-t" role="presentation"><tbody><tr><td><ul><li class="gf-li"><h3 class="gf-bttl"><a href="https://www.ebay.com/v/allcategories" _sp="m571.l3601" data-sp="m571.l3601" class="gf-bttl thrd">Buy</a></h3></li><li class="gf-li"><a href="https://pages.ebay.com/help/account/registration.html" _sp="m571.l2895" data-sp="m571.l2895" class="thrd">Registration</a></li><li class="gf-li"><a href="https://pages.ebay.com/ebay-money-back-guarantee/" _sp="m571.l4539" data-sp="m571.l4539" class="thrd">eBay Money Back Guarantee</a></li><li class="gf-li"><a href="https://pages.ebay.com/help/buy/basics.html" _sp="m571.l2897" data-sp="m571.l2897" class="thrd">Bidding &amp; buying help</a></li><li class="gf-li"><a href="https://stores.ebay.com" _sp="m571.l2899" data-sp="m571.l2899" class="thrd">Stores</a></li></ul></td><td><ul><li class="gf-li"><h3 class="gf-bttl"><a href="https://www.ebay.com/sl/sell" _sp="m571.l2903" data-sp="m571.l2903" class="gf-bttl thrd">Sell</a></h3></li><li class="gf-li"><a href="https://www.ebay.com/sl/sell" _sp="m571.l2904" data-sp="m571.l2904" class="thrd">Start selling</a></li><li class="gf-li"><a href="https://pages.ebay.com/seller-center/get-started/selling-basics.html?utm_source=gf-learn-to-sell&amp;utm_medium=onsite" _sp="m571.l2905" data-sp="m571.l2905" class="thrd">How to sell</a></li><li class="gf-li"><a href="https://pages.ebay.com/seller-center/get-started/new-business-seller.html?utm_source=gf-business-sellers&amp;utm_medium=onsite" _sp="m571.l2906" data-sp="m571.l2906" class="thrd">Business sellers</a></li><li class="gf-li"><a href="https://partnernetwork.ebay.com/" _exsp="m571.l2921" class="thrd">Affiliates</a></li><li class="gf-li" style="padding-top:8px;"><h3 class="gf-bttl">Tools &amp; apps</h3></li><li class="gf-li"><a href="https://developer.ebay.com" _exsp="m571.l2924" class="thrd">Developers</a></li><li class="gf-li"><a href="https://pages.ebay.com/securitycenter/index.html" _sp="m571.l2907" data-sp="m571.l2907" class="thrd">Security center</a></li><li class="gf-li"><a href="http://ofr.ebay.com/ws/eBayISAPI.dll?EbayTime" _sp="m571.l2908" data-sp="m571.l2908" class="thrd">eBay official time</a></li><li class="gf-li"><a href="https://pages.ebay.com/sitemap.html" _sp="m571.l2909" data-sp="m571.l2909" class="thrd">Site map</a></li></ul></td><td><ul><li class="gf-li"><h3 class="gf-bttl">eBay companies</h3></li><li class="gf-li"><a href="https://www.ebayclassifiedsgroup.com/" _exsp="m571.l2927" class="thrd">eBay Classifieds</a></li><li class="gf-li"><a href="https://www.ebayinc.com/our-company/our-other-businesses/" _exsp="m571.l2931" class="thrd">See all companies</a></li><li class="gf-li" style="padding-top:8px;"><h3 class="gf-bttl">Stay connected</h3></li><li class="gf-li"><a href="https://www.ebay.com/stories/" _sp="m571.l2940" data-sp="m571.l2940" class="thrd">eBay's Blogs</a></li><li class="gf-li"><link href="https://ir.ebaystatic.com/rs/v/h0uj1osj1y1nlldfgf21ohvmvug.css?proc=DU:N" type="text/css" rel="stylesheet"><a href="https://www.facebook.com/eBay" _exsp="m571.l2942" class="thrd gf-i"><i class="gspr icfbg"></i>Facebook</a></li><li class="gf-li"><a href="https://twitter.com/eBay" _exsp="m571.l2943" class="thrd gf-i"><i class="gspr ictwg"></i>Twitter</a></li></ul></td><td><ul><li class="gf-li"><h3 class="gf-bttl"><a href="https://www.ebayinc.com/" _exsp="m571.l2932" class="gf-bttl thrd">About eBay</a></h3></li><li class="gf-li"><a href="https://www.ebayinc.com/our-company/" _exsp="m571.l2933" class="thrd">Company info</a></li><li class="gf-li"><a href="https://www.ebayinc.com/stories/news/" _exsp="m571.l2934" class="thrd">News</a></li><li class="gf-li"><a href="https://investors.ebayinc.com" _exsp="m571.l3269" class="thrd">Investors</a></li><li class="gf-li"><a href="https://careers.ebayinc.com/" _exsp="m571.l2937" class="thrd">Careers</a></li><li class="gf-li"><a href="https://www.ebayinc.com/our-company/diversity-inclusion/" _exsp="m571.l9789" class="thrd">Diversity &amp; Inclusion</a></li><li class="gf-li"><a href="https://www.ebayinc.com/global-impact/" _exsp="m571.l9790" class="thrd">Global Impact</a></li><li class="gf-li"><a href="https://www.ebaymainstreet.com" _exsp="m571.l2936" class="thrd">Government relations</a></li><li class="gf-li"><a href="https://www.ebayadvertising.com/" _exsp="m571.l2938" class="thrd">Advertise with us</a></li><li class="gf-li"><a href="https://pages.ebay.com/help/policies/overview.html" _sp="m571.l2910" data-sp="m571.l2910" class="thrd">Policies</a></li><li class="gf-li"><a href="https://pages.ebay.com/help/policies/programs-vero-ov.html" _sp="m571.l3418" data-sp="m571.l3418" class="thrd">Verified Rights Owner (VeRO) Program</a></li><li class="gf-li"><a href="https://pages.ebay.com/ebayCommerce/mtl.html" _sp="m571.l48369" data-sp="m571.l48369" class="thrd">eCI Licenses</a></li></ul></td><td><ul><li class="gf-li"><h3 class="gf-bttl"><a href="https://ocsnext.ebay.com/ocs/home" _sp="m571.l1545" data-sp="m571.l1545" class="gf-bttl thrd">Help &amp; Contact</a></h3></li><li class="gf-li"><a href="https://resolutioncenter.ebay.com/" _sp="m571.l1619" data-sp="m571.l1619" class="thrd">Resolution Center</a></li><li class="gf-li"><a href="https://pages.ebay.com/seller-center/index.html?utm_source=gf&amp;utm_medium=onsite" _sp="m571.l1613" data-sp="m571.l1613" class="thrd">Seller Center</a></li><li class="gf-li"><a href="https://ocsnext.ebay.com/ocs/cuhome" _sp="m571.l2911" data-sp="m571.l2911" class="thrd">Contact us</a></li><li class="gf-li"><a href="https://www.ebay.com/returns" _sp="m571.l9780" data-sp="m571.l9780" class="thrd">eBay Returns</a></li><li class="gf-li" style="padding-top:8px;"><h3 class="gf-bttl"><a href="http://community.ebay.com" _sp="m571.l2912" data-sp="m571.l2912" class="gf-bttl thrd">Community</a></h3></li><li class="gf-li"><a href="https://community.ebay.com/t5/Announcements/bg-p/Announcements" _sp="m571.l2913" data-sp="m571.l2913" class="thrd">Announcements</a></li><li class="gf-li"><a href="http://community.ebay.com/t5/Commonly-Asked-Questions/tkb-p/Commonly_Asked_Questions" _sp="m571.l2914" data-sp="m571.l2914" class="thrd">Knowledge Base</a></li><li class="gf-li"><a href="http://forums.ebay.com" _exsp="m571.l2939" class="thrd">Discussion boards</a></li><li class="gf-li"><a href="https://www.charity.ebay.com" _exsp="m571.l3271" class="thrd">eBay for Charity</a></li><li class="gf-li"><a href="https://www.ebay.com/rpp/charityshop" _exsp="m571.l9791" class="thrd">Charity Shop</a></li><li class="gf-li"><a href="http://community.ebay.com/t5/Groups/ct-p/Groups" _exsp="m571.l2941" class="thrd">eBay Community</a></li><li class="gf-li" style="padding-top:8px;"><h3 class="gf-bttl">eBay Sites</h3></li><li class="gf-li"><div class="gf-flags-wpr"><a aria-expanded="false" aria-controls="gf-f" role="button" class="thrd" _sp="m571.l2586" href="https://www.ebay.com" id="gf-fbtn" aria-label="eBay sites,United States">United States<b class="gf-if gspr flus"></b><b id="gf-fbtn-arr" class="gh-sprRetina"></b></a><div id="gf-f" class="gf_sd"><ul class="gf-ful"><li class="gf-f-li0"><a href="https://ar.ebay.com" class="gf-if-a" aria-label="eBay Argentina"><b class="flar gf-if gspr"></b><p>Argentina</p></a></li><li class="gf-f-li0"><a href="https://www.ebay.com.au" class="gf-if-a" aria-label="eBay Australia"><b class="flau gf-if gspr"></b><p>Australia</p></a></li><li class="gf-f-li0"><a href="https://www.ebay.at" class="gf-if-a" aria-label="eBay Austria"><b class="flat gf-if gspr"></b><p>Austria</p></a></li><li class="gf-f-li0"><a href="https://by.ebay.com" class="gf-if-a" aria-label="eBay Belarus"><b class="flby gf-if gspr"></b><p>Belarus</p></a></li><li class="gf-f-li0"><a href="http://www.ebay.be" class="gf-if-a" aria-label="eBay Belgium"><b class="flbe gf-if gspr"></b><p>Belgium</p></a></li><li class="gf-f-li0"><a href="https://bo.ebay.com" class="gf-if-a" aria-label="eBay Bolivia"><b class="flbo gf-if gspr"></b><p>Bolivia</p></a></li><li class="gf-f-li0"><a href="https://br.ebay.com" class="gf-if-a" aria-label="eBay Brazil"><b class="flbr gf-if gspr"></b><p>Brazil</p></a></li><li class="gf-f-li0"><a href="https://www.ebay.ca" class="gf-if-a" aria-label="eBay Canada"><b class="flca gf-if gspr"></b><p>Canada</p></a></li><li class="gf-f-li0"><a href="https://cl.ebay.com" class="gf-if-a" aria-label="eBay Chile"><b class="flcl gf-if gspr"></b><p>Chile</p></a></li><li class="gf-f-li1 gf-f-li-top"><a href="http://www.ebay.cn" class="gf-if-a" aria-label="eBay China"><b class="flcn gf-if gspr"></b><p>China</p></a></li><li class="gf-f-li1"><a href="https://co.ebay.com" class="gf-if-a" aria-label="eBay Colombia"><b class="flco gf-if gspr"></b><p>Colombia</p></a></li><li class="gf-f-li1"><a href="https://cr.ebay.com" class="gf-if-a" aria-label="eBay Costa Rica"><b class="flcr gf-if gspr"></b><p>Costa Rica</p></a></li><li class="gf-f-li1"><a href="https://do.ebay.com" class="gf-if-a" aria-label="eBay Dominican Republic"><b class="fldo gf-if gspr"></b><p>Dominican Republic</p></a></li><li class="gf-f-li1"><a href="https://ec.ebay.com" class="gf-if-a" aria-label="eBay Ecuador"><b class="flec gf-if gspr"></b><p>Ecuador</p></a></li><li class="gf-f-li1"><a href="https://sv.ebay.com" class="gf-if-a" aria-label="eBay El Salvador"><b class="flsv gf-if gspr"></b><p>El Salvador</p></a></li><li class="gf-f-li1"><a href="https://www.ebay.fr" class="gf-if-a" aria-label="eBay France"><b class="flfr gf-if gspr"></b><p>France</p></a></li><li class="gf-f-li1"><a href="https://www.ebay.de" class="gf-if-a" aria-label="eBay Germany"><b class="flde gf-if gspr"></b><p>Germany</p></a></li><li class="gf-f-li1"><a href="https://gt.ebay.com" class="gf-if-a" aria-label="eBay Guatemala"><b class="flgt gf-if gspr"></b><p>Guatemala</p></a></li><li class="gf-f-li2 gf-f-li-top"><a href="https://hn.ebay.com" class="gf-if-a" aria-label="eBay Honduras"><b class="flhn gf-if gspr"></b><p>Honduras</p></a></li><li class="gf-f-li2"><a href="https://www.ebay.com.hk" class="gf-if-a" aria-label="eBay Hong Kong"><b class="flhk gf-if gspr"></b><p>Hong Kong</p></a></li><li class="gf-f-li2"><a href="https://www.ebay.in" class="gf-if-a" aria-label="eBay India"><b class="flin gf-if gspr"></b><p>India</p></a></li><li class="gf-f-li2"><a href="https://www.ebay.ie" class="gf-if-a" aria-label="eBay Ireland"><b class="flie gf-if gspr"></b><p>Ireland</p></a></li><li class="gf-f-li2"><a href="https://il.ebay.com" class="gf-if-a" aria-label="eBay Israel"><b class="flil gf-if gspr"></b><p>Israel</p></a></li><li class="gf-f-li2"><a href="https://www.ebay.it" class="gf-if-a" aria-label="eBay Italy"><b class="flit gf-if gspr"></b><p>Italy</p></a></li><li class="gf-f-li2"><a href="https://www.ebay.co.jp" class="gf-if-a" aria-label="eBay Japan"><b class="fljp gf-if gspr"></b><p>Japan</p></a></li><li class="gf-f-li2"><a href="https://kz.ebay.com" class="gf-if-a" aria-label="eBay Kazakhstan"><b class="flkz gf-if gspr"></b><p>Kazakhstan</p></a></li><li class="gf-f-li2"><a href="http://global.gmarket.co.kr/Home/Main" class="gf-if-a" aria-label="eBay Korea"><b class="flkr gf-if gspr"></b><p>Korea</p></a></li><li class="gf-f-li3 gf-f-li-top"><a href="https://www.ebay.com.my" class="gf-if-a" aria-label="eBay Malaysia"><b class="flmy gf-if gspr"></b><p>Malaysia</p></a></li><li class="gf-f-li3"><a href="https://mx.ebay.com" class="gf-if-a" aria-label="eBay Mexico"><b class="flmx gf-if gspr"></b><p>Mexico</p></a></li><li class="gf-f-li3"><a href="https://www.ebay.nl" class="gf-if-a" aria-label="eBay Netherlands"><b class="flnl gf-if gspr"></b><p>Netherlands</p></a></li><li class="gf-f-li3"><a href="https://ni.ebay.com" class="gf-if-a" aria-label="eBay Nicaragua"><b class="flni gf-if gspr"></b><p>Nicaragua</p></a></li><li class="gf-f-li3"><a href="https://pa.ebay.com" class="gf-if-a" aria-label="eBay Panama"><b class="flpa gf-if gspr"></b><p>Panama</p></a></li><li class="gf-f-li3"><a href="https://py.ebay.com" class="gf-if-a" aria-label="eBay Paraguay"><b class="flpy gf-if gspr"></b><p>Paraguay</p></a></li><li class="gf-f-li3"><a href="https://pe.ebay.com" class="gf-if-a" aria-label="eBay Peru"><b class="flpe gf-if gspr"></b><p>Peru</p></a></li><li class="gf-f-li3"><a href="https://www.ebay.ph" class="gf-if-a" aria-label="eBay Philippines"><b class="flph gf-if gspr"></b><p>Philippines</p></a></li><li class="gf-f-li3"><a href="https://www.ebay.pl" class="gf-if-a" aria-label="eBay Poland"><b class="flpl gf-if gspr"></b><p>Poland</p></a></li><li class="gf-f-li4 gf-f-li-top"><a href="https://pt.ebay.com" class="gf-if-a" aria-label="eBay Portugal"><b class="flpt gf-if gspr"></b><p>Portugal</p></a></li><li class="gf-f-li4"><a href="https://pr.ebay.com" class="gf-if-a" aria-label="eBay Puerto Rico"><b class="flpr gf-if gspr"></b><p>Puerto Rico</p></a></li><li class="gf-f-li4"><a href="https://ru.ebay.com" class="gf-if-a" aria-label="eBay Russia"><b class="flru gf-if gspr"></b><p>Russia</p></a></li><li class="gf-f-li4"><a href="https://www.ebay.com.sg" class="gf-if-a" aria-label="eBay Singapore"><b class="flsg gf-if gspr"></b><p>Singapore</p></a></li><li class="gf-f-li4"><a href="https://www.ebay.es" class="gf-if-a" aria-label="eBay Spain"><b class="fles gf-if gspr"></b><p>Spain</p></a></li><li class="gf-f-li4"><a href="http://www.ebay.se" class="gf-if-a" aria-label="eBay Sweden"><b class="flse gf-if gspr"></b><p>Sweden</p></a></li><li class="gf-f-li4"><a href="https://www.ebay.ch" class="gf-if-a" aria-label="eBay Switzerland"><b class="flch gf-if gspr"></b><p>Switzerland</p></a></li><li class="gf-f-li4"><a href="http://www.ebay.com.tw" class="gf-if-a" aria-label="eBay Taiwan"><b class="fltw gf-if gspr"></b><p>Taiwan</p></a></li><li class="gf-f-li4"><a href="http://www.ebay.co.th" class="gf-if-a" aria-label="eBay Thailand"><b class="flth gf-if gspr"></b><p>Thailand</p></a></li><li class="gf-f-li5 gf-f-li-top"><a href="https://www.gittigidiyor.com" class="gf-if-a" aria-label="eBay Turkey"><b class="fltr gf-if gspr"></b><p>Turkey</p></a></li><li class="gf-f-li5"><a href="https://www.ebay.co.uk" class="gf-if-a" aria-label="eBay United Kingdom"><b class="flgb gf-if gspr"></b><p>United Kingdom</p></a></li><li class="gf-f-li5"><a href="https://uy.ebay.com" class="gf-if-a" aria-label="eBay Uruguay"><b class="fluy gf-if gspr"></b><p>Uruguay</p></a></li><li class="gf-f-li5"><a href="https://ve.ebay.com" class="gf-if-a" aria-label="eBay Venezuela"><b class="flve gf-if gspr"></b><p>Venezuela</p></a></li></ul></div></div></li></ul></td></tr></tbody></table></div><div id="gf-t-box"><table class="gf-t" role="presentation"><tbody><tr><td colspan="2"><ul id="gf-l" class="gf-lb"><li class="gf-li"><a href="https://www.ebayinc.com" _exsp="m571.l2602" class="thrd gf-bar-a">About eBay</a></li><li class="gf-li"><a href="https://community.ebay.com/t5/Announcements/bg-p/Announcements" _exsp="m571.l2935" class="thrd gf-bar-a">Announcements</a></li><li class="gf-li"><a href="http://community.ebay.com" _exsp="m571.l1540" class="thrd gf-bar-a">Community</a></li><li class="gf-li"><a href="https://pages.ebay.com/securitycenter/index.html" _exsp="m571.l2616" class="thrd gf-bar-a">Security Center</a></li><li class="gf-li"><a href="https://resolutioncenter.ebay.com/" _sp="m571.l1619" data-sp="m571.l1619" class="thrd gf-bar-a">Resolution Center</a></li><li class="gf-li"><a href="https://pages.ebay.com/seller-center/index.html?utm_source=gf&amp;utm_medium=onsite" _exsp="m571.l1613" class="thrd gf-bar-a">Seller Center</a></li><li class="gf-li"><a href="https://pages.ebay.com/help/policies/overview.html" _exsp="m571.l2604" class="thrd gf-bar-a">Policies</a></li><li class="gf-li"><a href="https://partnernetwork.ebay.com/" _exsp="m571.l3947" class="thrd gf-bar-a">Affiliates</a></li><li class="gf-li"><a href="https://ocsnext.ebay.com/ocs/home" _sp="m571.l1545" data-sp="m571.l1545" class="thrd gf-bar-a">Help &amp; Contact</a></li><li class="gf-li"><a href="https://pages.ebay.com/sitemap.html" _exsp="m571.l2909" class="thrd gf-bar-a">Site Map</a></li></ul></td></tr><tr valign="top"><td class="gf-legal">Copyright © 1995-2020 eBay Inc. All Rights Reserved. <a href="https://www.ebayinc.com/accessibility/">Accessibility</a>, <a href="https://pages.ebay.com/help/policies/user-agreement.html">User Agreement</a>, <a href="https://pages.ebay.com/help/policies/privacy-policy.html">Privacy</a>, <a href="https://pages.ebay.com/help/account/cookies-web-beacons.html">Cookies</a>, <a href="https://www.ebay.com/adchoice/ccpa">Do not sell my personal information</a> and <a href="https://www.ebay.com/adchoice" id="gf-AdChoice">AdChoice</a></td><td nowrap="" align="center"><a title="Verify site's SSL certificate" _exsp="m571.l3943" href="https://trustsealinfo.websecurity.norton.com/splash?form_file=fdf/splash.fdf&amp;dn=www.ebay.com&amp;lang=en" onclick="this.href='https://trustsealinfo.websecurity.norton.com/splash?form_file=fdf/splash.fdf&amp;dn=#D#&amp;lang=en'.replace(/#D#/,location.host);return true" rel="noreferrer"><i id="gf-norton">Norton Secured - powered by Verisign</i></a></td></tr></tbody></table></div><!--[if lt IE 9]></div><![endif]--></footer>
        <div id="widget-platform">   
                <script type="application/javascript">window.widget_platform = {"renderType":1,"renderDelay":0,"triggerFallBack":true,"status":3,"queryParam":{"SSRFallback":3},"widgets":[{"html":"","css":null,"js":null,"jsInline":null,"init":""}],"showdiag":[]};</script>
                <div id="gh_user" style="display:none;"></div>
            </div>
        </div><script type="text/javascript" src="https://ir.ebaystatic.com/rs/v/s2z4wcsz3iz11k4fgwf3j4u4xuy.js"></script><script type="text/javascript" src="https://ir.ebaystatic.com/rs/c/makeebayfasterscript-src-scripts-body-78a2168a.js"></script><script type="text/javascript" nonce=""> (function($){ GH.new_user_profile = true })(GH); (function($){ if(typeof(GHFlyout === 'function')) { new GHFlyout("/gh/watchlist?modules=WATCH_LIST", "gh-wl-click", ""); } })(GH && GH.jQ); (function($){ if(typeof(GHFlyout === 'function')) { new GHFlyout("/gh/cart?modules=MINI_CART", "", "gh-minicart-hover"); } })(GH && GH.jQ); if(typeof GH!="undefined"&&GH){GH.urls={ autocomplete_js:"https://ir.ebaystatic.com/rs/c/dweb_ac.min_072620.js",fnet_js:"https://c.paypal.com/da/r/efbv2.js",ie8_js:"http://ir.ebaystatic.com/f/rbezfuzpu20wfd2kvejeb5adxyg.js",scandal_js:"https://ir.ebaystatic.com/cr/v/c1/ScandalJS-1.2.0-v4.min.js",widget_delivery_platform:"https://ir.ebaystatic.com/cr/v/c1/globalheader_widget_platform__v2-65ca700c30b--ie11.js",auto_tracking_widget:"https://ir.ebaystatic.com/rs/c/9527tracking/ebay_analytics.min.js",web_resource_tracker:"https://ir.ebaystatic.com/rs/v/mjgerh5fmy51nnbwjoml1g1juqs.js" }; GH.GHSW={ raptor:0,sandbox:0,emp:0,ac1:0,ac2:0,ac3:0,ac4:0,ac5:0,ac6:0,hideMobile:0,langSwitch:0,pool:0,ALERT_POPUPOFF:0,NEWALERT_POPUPOFF:0,newprofile:0,desktop_new_profile_service:"true",UNLOAD_Firefox:"true",UNLOAD_Chrome:"true",UNLOAD_IE:0,UNLOAD_Safari:0,ENABLE_HTTPS:"true",SEARCH_PROM:"true",MINICART:0,STICKY_HEADER:0 };} if(typeof GH!="undefined" && GH){GH_config={"xhrBaseUrl":"https://www.ebay.com","siteId":"0","geoLang":"[]","suppressGeoUserUpdateInfo":"false","lng":"en-US","env":"production",sin:0,ct:0,pageId:2380057,fn:"",id:""};GH.init();}</script><div><script type="text/javascript" async="false" src="https://srv.main.ebayrtm.com/rtm?RtmCmd&amp;a=json&amp;uf=0&amp;g=51f56a631740a4e867006e4affffecdc&amp;cg=0&amp;c=1H4sIAAAAAAAAAy1PTUvDQBC951cMeGnA7M7O5GON7EE8VKnBQyr1IJQ0XUlomixtJNRf78b2Mu%2FN15t5dxu7h9I6QAJCQh9yFedMsCzWEWaIsLiyHDEMHOvUYOAoYXPxGaMpht%2B26yqZCD9aVHXbj8O5eYTXfrQd%2BAK8l%2FAJCrcq2aYhPDnX2Y3drdpRJpwJTmGxelkXb%2FfQtQcLS1sfhhCem9NwtFJ7WRErzUIzlNV3dWpvW4FTNL8SszJqBroCG9tHH%2BVMY9%2Bv271h%2FfWDiL5NvhZ59IKGWCMm2Zx4BUKc%2FZBpxtGdcymnaRJ2V11EPRzlbDz732R%2FLtVCPaRCEQmKKfgD5868kkQBAAA%3D&amp;p=1650&amp;di=1650&amp;v=4&amp;enc=UTF-8&amp;cb=window.HL_AD_TRACKING_CALLBACK"></script></div><script>
    window.addEventListener("load", function() {
        var url = "https://ocsrest.ebay.com/ocsrsapp/o2/inflow/inflowcomponent?input=%7B%22pageId%22%3A2387624%2C%22surveyTitle%22%3A%22Tell%20us%20what%20you%20think%22%2C%22posTop%22%3A504%7D&callback=Inflow.cb";
        var scriptTag = document.createElement("script");
        scriptTag.src = url;
        document.body.appendChild(scriptTag);
    });
</script><input type="hidden" value="{&quot;pageId&quot;: 2387624, &quot;surveyTitle&quot;: &quot;Tell us what you think&quot;, &quot;posTop&quot;: &quot;504&quot;}" id="inflowparameters"><script type="text/javascript">function $af(d, a, e, l, g, h, k, b, f, c) {
  c = $af;if (a && !c[a]) (c[a += "$"] || (c[a] = [])).push(d);else {
    e = document;l = e.getElementById("af" + d);g = e.getElementById("afph" + d);h = e.createDocumentFragment();k = l.childNodes;b = 0;for (f = k.length; b < f; b++) h.appendChild(k.item(0));g && g.parentNode.replaceChild(h, g);c[d] = 1;if (a = c[d + "$"]) for (b = 0, f = a.length; b < f; b++) c(a[b]);
  }
};</script><div id="afpushdown-ad" style="display:none"></div><script type="text/javascript">$af("pushdown-ad")</script><script>(function(){var w=window;w.$components=(w.$components||[]).concat({"r":"M","w":[["s1",0,{"model":{"_type":"ADS_COMBO","meta":{"trackingList":[{"eventFamily":"HOMEPAGE","eventAction":"VIEW","operationId":"2481888","flushImmediately":false,"eventProperty":{"moduledtl":"mi:4816|iid:1","ammiid":"8ccf6aa71f3b4f1cbc610ff0b80344c5","parentrq":"51f56a5a1740a4e8670a88b5fffff9e0","pageci":"9613d99a-ed93-11ea-974e-5ef97f0ce4b3","ampid":"3P_ADS"}}]},"containers":[{"_type":"CardContainer","cards":[{"_type":"thirdPartyAd","pageId":"2380057","placementId":"100713","provider":"dfpNativeDisplay","providerParameters":{"size":{"height":30,"width":970},"networkId":"6245","adUnitId":"ebay.ebayus.homepage.cchp/cchp","publishType":2,"scandalJS":{"scandalJsVersion":"2.1.20","url":"//ir.ebaystatic.com/cr/v/c1/sc/ScandalJS-2.1.20.min.js"},"sizes":[{"height":30,"width":970}],"isGSSEnabled":true,"env":"production","siteId":0,"giid":"51f56a631740a4e867006e4affffecdc"},"targetingParameters":{"ap":"Scandal","cat":[],"us":"13","ot":"1","pr":"20","xp":"20","np":"20","u":"8ccf6aa71f3b4f1cbc610ff0b80344c5","et":[],"ipp":"0","iccr":"0","gdprUser":"0","plmtid":"100713","acc":"ext"},"action":{"_type":"Action","type":"OPERATION","trackingList":[{"actionKind":"NAV","operationId":"2481888","flushImmediately":false,"eventProperty":{"sid":"p2481888.m4816.l8990.c1","trkp":"pageci%3A9613d99a-ed93-11ea-974e-5ef97f0ce4b3%7Cparentrq%3A51f56a5a1740a4e8670a88b5fffff9e0%7Ciid%3A1"}},{"eventFamily":"HOMEPAGE","eventAction":"ACTN","actionKind":"NAVSRC","operationId":"2481888","flushImmediately":false,"eventProperty":{"moduledtl":"mi:4816|iid:1|li:8990|luid:1|c:1","ammiid":"8ccf6aa71f3b4f1cbc610ff0b80344c5","parentrq":"51f56a5a1740a4e8670a88b5fffff9e0","pageci":"9613d99a-ed93-11ea-974e-5ef97f0ce4b3","ampid":"3P_ADS"}}]},"contentRetrievalTracking":[{"eventFamily":"HOMEPAGE","eventAction":"ACTN","actionKind":"RETRIEVAL_SUCCESS","operationId":"2481888","flushImmediately":false,"eventProperty":{"moduledtl":"mi:4816|iid:1|c:1","ammiid":"8ccf6aa71f3b4f1cbc610ff0b80344c5","parentrq":"51f56a5a1740a4e8670a88b5fffff9e0","pageci":"9613d99a-ed93-11ea-974e-5ef97f0ce4b3","ampid":"3P_ADS"}},{"eventFamily":"HOMEPAGE","eventAction":"ACTN","actionKind":"RETRIEVAL_FAILURE","operationId":"2481888","flushImmediately":false,"eventProperty":{"moduledtl":"mi:4816|iid:1|c:1","ammiid":"8ccf6aa71f3b4f1cbc610ff0b80344c5","parentrq":"51f56a5a1740a4e8670a88b5fffff9e0","pageci":"9613d99a-ed93-11ea-974e-5ef97f0ce4b3","ampid":"3P_ADS"}},{"eventFamily":"HOMEPAGE","eventAction":"ACTN","actionKind":"RETRIEVAL_NONE","operationId":"2481888","flushImmediately":false,"eventProperty":{"moduledtl":"mi:4816|iid:1|c:1","ammiid":"8ccf6aa71f3b4f1cbc610ff0b80344c5","parentrq":"51f56a5a1740a4e8670a88b5fffff9e0","pageci":"9613d99a-ed93-11ea-974e-5ef97f0ce4b3","ampid":"3P_ADS"}}]}]}],"trackingInfo":{"moduleInstance":"mi:4816|iid:1","parentrq":"51f56a5a1740a4e8670a88b5fffff9e0","trackViews":true,"trackPerf":false},"moduleSubType":"NATIVE_PUSH_DOWN_AD_PROVIDER","id":"ads_combo1","template":"hl-pushdown","uxComponentName":"ADS_COMBO_PUSHDOWN"},"openText":"Open","closeText":"Close"},{"f":1,"s":{"placementId":"100713","openText":"Open","closeText":"Close","bgColor":"#FFFFFF","btnBgColor":"#FFFFFF","btnFgColor":"inherit","adHasLoaded":false,"isOpen":false,"minWidth":970}}]],"t":["/highlnfe$91.1.2/src/components/hl-pushdown/index.marko"]})||w.$components})()</script><script nonce="">/* ssgST: excluded from sampling */</script><script>
        var __nspid = "c4cra1";
        var __nsptags = [];
        (function(w, d) { 
            var x = function() {
                var j = d.createElement("script");
                j.type = "text/javascript";
                j.async = true;
                j.src = "http" + ("https:" === d.location.protocol ? "s://cs" : "://c") + ".ns1p.net/p.js?a=" + __nspid;
                d.body.appendChild(j); 
            }
            if (w.addEventListener) { 
                w.addEventListener("load", x, false); 
            } else if (w.attachEvent) { 
                w.attachEvent("onload", x); 
            } else { 
                w.onload = x; 
            }
        }(window, document));
    </script><script>(function(){var w=window;w.$components=(w.$components||[]).concat({"o":{"r":"M","w":[["s0-0-34-3-0-2[6]-16",0,{"ad":{"_type":"thirdPartyAd","pageId":2481888,"placementId":"100716","provider":"hybrid","providerParameters":{"size":{"height":250,"width":300},"networkId":"6245","adUnitId":"ebay.ebayus.homepage.cchp/cchp1","publishType":2,"napkinPublishType":2,"scandalJS":{"scandalJsVersion":"2.1.20","url":"//ir.ebaystatic.com/cr/v/c1/sc/ScandalJS-2.1.20.min.js"},"sizes":[{"height":250,"width":300}],"isIAS":true,"sameSizeRefresh":true,"inViewRefresh":true,"isGSSEnabled":true,"env":"production","ticket":"8d1c594df3c143a1aa35e9ba97136419","sandAdUnit":"ebay.ebayus.homepage.cchp/cchp1","siteId":0,"giid":"51f56a631740a4e867006e4affffecdc"},"targetingParameters":{"ap":"Scandal","cat":[],"us":"13","ot":"1","pr":"20","xp":"20","np":"20","u":"8d1c594df3c143a1aa35e9ba97136419","et":[],"ipp":"0","iccr":"0","gdprUser":"0","plmtid":"100716","acc":"ext","off":"veryLow","alc":"veryLow","dlm":"low","hat":"veryLow","vio":"veryLow","adt":"veryLow","drg":"veryLow","fr":"false"},"action":{"_type":"Action","type":"OPERATION","trackingList":[{"actionKind":"NAV","operationId":"2481888","flushImmediately":false,"eventProperty":{"sid":"p2481888.m4818.l8990.c1","trkp":"pageci%3A9613d99a-ed93-11ea-974e-5ef97f0ce4b3%7Cparentrq%3A51f56a5a1740a4e8670a88b5fffff9e0%7Ciid%3A1"}},{"eventFamily":"HOMEPAGE","eventAction":"ACTN","actionKind":"NAVSRC","operationId":"2481888","flushImmediately":false,"eventProperty":{"moduledtl":"mi:4818|iid:1|li:8990|luid:1|c:1","ammiid":"8d1c594df3c143a1aa35e9ba97136419","parentrq":"51f56a5a1740a4e8670a88b5fffff9e0","pageci":"9613d99a-ed93-11ea-974e-5ef97f0ce4b3","ampid":"3P_ADS"}}]},"contentRetrievalTracking":[{"eventFamily":"HOMEPAGE","eventAction":"ACTN","actionKind":"RETRIEVAL_FAILURE","operationId":"2481888","flushImmediately":false,"eventProperty":{"moduledtl":"mi:4818|iid:1|c:1","ammiid":"8d1c594df3c143a1aa35e9ba97136419","parentrq":"51f56a5a1740a4e8670a88b5fffff9e0","pageci":"9613d99a-ed93-11ea-974e-5ef97f0ce4b3","ampid":"3P_ADS"}},{"eventFamily":"HOMEPAGE","eventAction":"ACTN","actionKind":"RETRIEVAL_SUCCESS","operationId":"2481888","flushImmediately":false,"eventProperty":{"moduledtl":"mi:4818|iid:1|c:1","ammiid":"8d1c594df3c143a1aa35e9ba97136419","parentrq":"51f56a5a1740a4e8670a88b5fffff9e0","pageci":"9613d99a-ed93-11ea-974e-5ef97f0ce4b3","ampid":"3P_ADS"}},{"eventFamily":"HOMEPAGE","eventAction":"ACTN","actionKind":"RETRIEVAL_NONE","operationId":"2481888","flushImmediately":false,"eventProperty":{"moduledtl":"mi:4818|iid:1|c:1","ammiid":"8d1c594df3c143a1aa35e9ba97136419","parentrq":"51f56a5a1740a4e8670a88b5fffff9e0","pageci":"9613d99a-ed93-11ea-974e-5ef97f0ce4b3","ampid":"3P_ADS"}}]}},{}],["s0-0-34-3-0-2[6]-1-1-14-5",1,{"class":["hl-cta__arrow",null],"color":"currentColor"},{"f":1}],["s0-0-34-3-0-2[6]-1-1-14-3",1,{"class":["hl-cta__arrow",null],"color":"currentColor"},{"f":1}],["s0-0-34-3-0-2[6]-1-1-13",2,{"model":{"_type":"TextualDisplay","textSpans":[{"_type":"TextSpan","text":"Free shipping. Best prices."}]},"plaintext":true},{}],["s0-0-34-3-0-2[6]-1-1-11",2,{"model":{"_type":"TextualDisplay","textSpans":[{"_type":"TextSpan","text":"Deals made easy all year long."}]},"plaintext":true},{}],["s0-0-34-3-0-2[6]-1-1-7",2,{"model":{"_type":"TextualDisplay","textSpans":[{"_type":"TextSpan","text":"Featured"}]},"plaintext":true},{}],["s0-0-34-3-0-2[5]-4-match-media-0-ebay-carousel-11[13]-4[13]-8[13]-0-1-15[1[2]]",2,{"model":{"_type":"TextualDisplayValue","textSpans":[{"_type":"TextSpan","text":"56% OFF","styles":["BOLD","SECONDARY"]}],"value":56},"prependA11y":false},{}],["s0-0-34-3-0-2[5]-4-match-media-0-ebay-carousel-11[13]-4[13]-8[13]-0-1-15[0[2]]",2,{"model":{"_type":"TextualDisplayValue","textSpans":[{"_type":"TextSpan","text":"$134.98","styles":["STRIKETHROUGH"]}],"preAccessibilityClippedText":"Previous Price:","value":{"_type":"Amount","value":134.98,"currency":"USD"}},"prependA11y":true},{}],["s0-0-34-3-0-2[5]-4-match-media-0-ebay-carousel-11[13]-4[13]-8[13]-0-1-15[0[0]]",2,{"model":{"_type":"TextualDisplayValue","textSpans":[{"_type":"TextSpan","text":"$59.98","styles":["DEFAULT"]}],"value":{"_type":"Amount","value":59.98,"currency":"USD"}},"prependA11y":false},{}],["s0-0-34-3-0-2[5]-4-match-media-0-ebay-carousel-11[12]-4[12]-8[12]-0-1-15[1[2]]",2,{"model":{"_type":"TextualDisplayValue","textSpans":[{"_type":"TextSpan","text":"76% OFF","styles":["BOLD","SECONDARY"]}],"value":76},"prependA11y":false},{}],["s0-0-34-3-0-2[5]-4-match-media-0-ebay-carousel-11[12]-4[12]-8[12]-0-1-15[0[2]]",2,{"model":{"_type":"TextualDisplayValue","textSpans":[{"_type":"TextSpan","text":"$749.00","styles":["STRIKETHROUGH"]}],"preAccessibilityClippedText":"Previous Price:","value":{"_type":"Amount","value":749,"currency":"USD"}},"prependA11y":true},{}],["s0-0-34-3-0-2[5]-4-match-media-0-ebay-carousel-11[12]-4[12]-8[12]-0-1-15[0[0]]",2,{"model":{"_type":"TextualDisplayValue","textSpans":[{"_type":"TextSpan","text":"$182.95","styles":["DEFAULT"]}],"value":{"_type":"Amount","value":182.95,"currency":"USD"}},"prependA11y":false},{}],["s0-0-34-3-0-2[5]-4-match-media-0-ebay-carousel-11[11]-4[11]-8[11]-0-1-15[1[2]]",2,{"model":{"_type":"TextualDisplayValue","textSpans":[{"_type":"TextSpan","text":"54% OFF","styles":["BOLD","SECONDARY"]}],"value":54},"prependA11y":false},{}],["s0-0-34-3-0-2[5]-4-match-media-0-ebay-carousel-11[11]-4[11]-8[11]-0-1-15[0[2]]",2,{"model":{"_type":"TextualDisplayValue","textSpans":[{"_type":"TextSpan","text":"$499.99","styles":["STRIKETHROUGH"]}],"preAccessibilityClippedText":"Previous Price:","value":{"_type":"Amount","value":499.99,"currency":"USD"}},"prependA11y":true},{}],["s0-0-34-3-0-2[5]-4-match-media-0-ebay-carousel-11[11]-4[11]-8[11]-0-1-15[0[0]]",2,{"model":{"_type":"TextualDisplayValue","textSpans":[{"_type":"TextSpan","text":"$229.99","styles":["DEFAULT"]}],"value":{"_type":"Amount","value":229.99,"currency":"USD"}},"prependA11y":false},{}],["s0-0-34-3-0-2[5]-4-match-media-0-ebay-carousel-11[10]-4[10]-8[10]-0-1-15[1[2]]",2,{"model":{"_type":"TextualDisplayValue","textSpans":[{"_type":"TextSpan","text":"40% OFF","styles":["BOLD","SECONDARY"]}],"value":40},"prependA11y":false},{}],["s0-0-34-3-0-2[5]-4-match-media-0-ebay-carousel-11[10]-4[10]-8[10]-0-1-15[0[2]]",2,{"model":{"_type":"TextualDisplayValue","textSpans":[{"_type":"TextSpan","text":"$1,299.00","styles":["STRIKETHROUGH"]}],"preAccessibilityClippedText":"Previous Price:","value":{"_type":"Amount","value":1299,"currency":"USD"}},"prependA11y":true},{}],["s0-0-34-3-0-2[5]-4-match-media-0-ebay-carousel-11[10]-4[10]-8[10]-0-1-15[0[0]]",2,{"model":{"_type":"TextualDisplayValue","textSpans":[{"_type":"TextSpan","text":"$775.00","styles":["DEFAULT"]}],"value":{"_type":"Amount","value":775,"currency":"USD"}},"prependA11y":false},{}],["s0-0-34-3-0-2[5]-4-match-media-0-ebay-carousel-11[9]-4[9]-8[9]-0-1-15[1[2]]",2,{"model":{"_type":"TextualDisplayValue","textSpans":[{"_type":"TextSpan","text":"80% OFF","styles":["BOLD","SECONDARY"]}],"value":80},"prependA11y":false},{}],["s0-0-34-3-0-2[5]-4-match-media-0-ebay-carousel-11[9]-4[9]-8[9]-0-1-15[0[2]]",2,{"model":{"_type":"TextualDisplayValue","textSpans":[{"_type":"TextSpan","text":"$200.00","styles":["STRIKETHROUGH"]}],"preAccessibilityClippedText":"Previous Price:","value":{"_type":"Amount","value":200,"currency":"USD"}},"prependA11y":true},{}],["s0-0-34-3-0-2[5]-4-match-media-0-ebay-carousel-11[9]-4[9]-8[9]-0-1-15[0[0]]",2,{"model":{"_type":"TextualDisplayValue","textSpans":[{"_type":"TextSpan","text":"$39.99","styles":["DEFAULT"]}],"value":{"_type":"Amount","value":39.99,"currency":"USD"}},"prependA11y":false},{}],["s0-0-34-3-0-2[5]-4-match-media-0-ebay-carousel-11[8]-4[8]-8[8]-0-1-15[1[2]]",2,{"model":{"_type":"TextualDisplayValue","textSpans":[{"_type":"TextSpan","text":"58% OFF","styles":["BOLD","SECONDARY"]}],"value":58},"prependA11y":false},{}],["s0-0-34-3-0-2[5]-4-match-media-0-ebay-carousel-11[8]-4[8]-8[8]-0-1-15[0[2]]",2,{"model":{"_type":"TextualDisplayValue","textSpans":[{"_type":"TextSpan","text":"$259.99","styles":["STRIKETHROUGH"]}],"preAccessibilityClippedText":"Previous Price:","value":{"_type":"Amount","value":259.99,"currency":"USD"}},"prependA11y":true},{}],["s0-0-34-3-0-2[5]-4-match-media-0-ebay-carousel-11[8]-4[8]-8[8]-0-1-15[0[0]]",2,{"model":{"_type":"TextualDisplayValue","textSpans":[{"_type":"TextSpan","text":"$110.49","styles":["DEFAULT"]}],"value":{"_type":"Amount","value":110.49,"currency":"USD"}},"prependA11y":false},{}],["s0-0-34-3-0-2[5]-4-match-media-0-ebay-carousel-11[7]-4[7]-8[7]-0-1-15[1[2]]",2,{"model":{"_type":"TextualDisplayValue","textSpans":[{"_type":"TextSpan","text":"92% OFF","styles":["BOLD","SECONDARY"]}],"value":92},"prependA11y":false},{}],["s0-0-34-3-0-2[5]-4-match-media-0-ebay-carousel-11[7]-4[7]-8[7]-0-1-15[0[2]]",2,{"model":{"_type":"TextualDisplayValue","textSpans":[{"_type":"TextSpan","text":"$795.00","styles":["STRIKETHROUGH"]}],"preAccessibilityClippedText":"Previous Price:","value":{"_type":"Amount","value":795,"currency":"USD"}},"prependA11y":true},{}],["s0-0-34-3-0-2[5]-4-match-media-0-ebay-carousel-11[7]-4[7]-8[7]-0-1-15[0[0]]",2,{"model":{"_type":"TextualDisplayValue","textSpans":[{"_type":"TextSpan","text":"$65.00","styles":["DEFAULT"]}],"value":{"_type":"Amount","value":65,"currency":"USD"}},"prependA11y":false},{}],["s0-0-34-3-0-2[5]-4-match-media-0-ebay-carousel-11[6]-4[6]-8[6]-0-1-15[1[2]]",2,{"model":{"_type":"TextualDisplayValue","textSpans":[{"_type":"TextSpan","text":"63% OFF","styles":["BOLD","SECONDARY"]}],"value":63},"prependA11y":false},{}],["s0-0-34-3-0-2[5]-4-match-media-0-ebay-carousel-11[6]-4[6]-8[6]-0-1-15[0[2]]",2,{"model":{"_type":"TextualDisplayValue","textSpans":[{"_type":"TextSpan","text":"$79.99","styles":["STRIKETHROUGH"]}],"preAccessibilityClippedText":"Previous Price:","value":{"_type":"Amount","value":79.99,"currency":"USD"}},"prependA11y":true},{}],["s0-0-34-3-0-2[5]-4-match-media-0-ebay-carousel-11[6]-4[6]-8[6]-0-1-15[0[0]]",2,{"model":{"_type":"TextualDisplayValue","textSpans":[{"_type":"TextSpan","text":"$29.99","styles":["DEFAULT"]}],"value":{"_type":"Amount","value":29.99,"currency":"USD"}},"prependA11y":false},{}],["s0-0-34-3-0-2[5]-4-match-media-0-ebay-carousel-11[5]-4[5]-8[5]-0-1-15[1[2]]",2,{"model":{"_type":"TextualDisplayValue","textSpans":[{"_type":"TextSpan","text":"26% OFF","styles":["BOLD","SECONDARY"]}],"value":26},"prependA11y":false},{}],["s0-0-34-3-0-2[5]-4-match-media-0-ebay-carousel-11[5]-4[5]-8[5]-0-1-15[0[2]]",2,{"model":{"_type":"TextualDisplayValue","textSpans":[{"_type":"TextSpan","text":"$499.99","styles":["STRIKETHROUGH"]}],"preAccessibilityClippedText":"Previous Price:","value":{"_type":"Amount","value":499.99,"currency":"USD"}},"prependA11y":true},{}],["s0-0-34-3-0-2[5]-4-match-media-0-ebay-carousel-11[5]-4[5]-8[5]-0-1-15[0[0]]",2,{"model":{"_type":"TextualDisplayValue","textSpans":[{"_type":"TextSpan","text":"$369.99","styles":["DEFAULT"]}],"value":{"_type":"Amount","value":369.99,"currency":"USD"}},"prependA11y":false},{}],["s0-0-34-3-0-2[5]-4-match-media-0-ebay-carousel-11[4]-4[4]-8[4]-0-1-15[1[2]]",2,{"model":{"_type":"TextualDisplayValue","textSpans":[{"_type":"TextSpan","text":"30% OFF","styles":["BOLD","SECONDARY"]}],"value":30},"prependA11y":false},{}],["s0-0-34-3-0-2[5]-4-match-media-0-ebay-carousel-11[4]-4[4]-8[4]-0-1-15[0[2]]",2,{"model":{"_type":"TextualDisplayValue","textSpans":[{"_type":"TextSpan","text":"$229.99","styles":["STRIKETHROUGH"]}],"preAccessibilityClippedText":"Previous Price:","value":{"_type":"Amount","value":229.99,"currency":"USD"}},"prependA11y":true},{}],["s0-0-34-3-0-2[5]-4-match-media-0-ebay-carousel-11[4]-4[4]-8[4]-0-1-15[0[0]]",2,{"model":{"_type":"TextualDisplayValue","textSpans":[{"_type":"TextSpan","text":"$159.99","styles":["DEFAULT"]}],"value":{"_type":"Amount","value":159.99,"currency":"USD"}},"prependA11y":false},{}],["s0-0-34-3-0-2[5]-4-match-media-0-ebay-carousel-11[3]-4[3]-8[3]-0-1-15[1[2]]",2,{"model":{"_type":"TextualDisplayValue","textSpans":[{"_type":"TextSpan","text":"20% OFF","styles":["BOLD","SECONDARY"]}],"value":20},"prependA11y":false},{}],["s0-0-34-3-0-2[5]-4-match-media-0-ebay-carousel-11[3]-4[3]-8[3]-0-1-15[0[2]]",2,{"model":{"_type":"TextualDisplayValue","textSpans":[{"_type":"TextSpan","text":"$50.00","styles":["STRIKETHROUGH"]}],"preAccessibilityClippedText":"Previous Price:","value":{"_type":"Amount","value":50,"currency":"USD"}},"prependA11y":true},{}],["s0-0-34-3-0-2[5]-4-match-media-0-ebay-carousel-11[3]-4[3]-8[3]-0-1-15[0[0]]",2,{"model":{"_type":"TextualDisplayValue","textSpans":[{"_type":"TextSpan","text":"$39.99","styles":["DEFAULT"]}],"value":{"_type":"Amount","value":39.99,"currency":"USD"}},"prependA11y":false},{}],["s0-0-34-3-0-2[5]-4-match-media-0-ebay-carousel-11[2]-4[2]-8[2]-0-1-15[1[2]]",2,{"model":{"_type":"TextualDisplayValue","textSpans":[{"_type":"TextSpan","text":"59% OFF","styles":["BOLD","SECONDARY"]}],"value":59},"prependA11y":false},{}],["s0-0-34-3-0-2[5]-4-match-media-0-ebay-carousel-11[2]-4[2]-8[2]-0-1-15[0[2]]",2,{"model":{"_type":"TextualDisplayValue","textSpans":[{"_type":"TextSpan","text":"$110.00","styles":["STRIKETHROUGH"]}],"preAccessibilityClippedText":"Previous Price:","value":{"_type":"Amount","value":110,"currency":"USD"}},"prependA11y":true},{}],["s0-0-34-3-0-2[5]-4-match-media-0-ebay-carousel-11[2]-4[2]-8[2]-0-1-15[0[0]]",2,{"model":{"_type":"TextualDisplayValue","textSpans":[{"_type":"TextSpan","text":"$44.99","styles":["DEFAULT"]}],"value":{"_type":"Amount","value":44.99,"currency":"USD"}},"prependA11y":false},{}],["s0-0-34-3-0-2[5]-4-match-media-0-ebay-carousel-11[1]-4[1]-8[1]-0-1-15[1[2]]",2,{"model":{"_type":"TextualDisplayValue","textSpans":[{"_type":"TextSpan","text":"38% OFF","styles":["BOLD","SECONDARY"]}],"value":38},"prependA11y":false},{}],["s0-0-34-3-0-2[5]-4-match-media-0-ebay-carousel-11[1]-4[1]-8[1]-0-1-15[0[2]]",2,{"model":{"_type":"TextualDisplayValue","textSpans":[{"_type":"TextSpan","text":"$65.00","styles":["STRIKETHROUGH"]}],"preAccessibilityClippedText":"Previous Price:","value":{"_type":"Amount","value":65,"currency":"USD"}},"prependA11y":true},{}],["s0-0-34-3-0-2[5]-4-match-media-0-ebay-carousel-11[1]-4[1]-8[1]-0-1-15[0[0]]",2,{"model":{"_type":"TextualDisplayValue","textSpans":[{"_type":"TextSpan","text":"$39.99","styles":["DEFAULT"]}],"value":{"_type":"Amount","value":39.99,"currency":"USD"}},"prependA11y":false},{}],["s0-0-34-3-0-2[5]-4-match-media-0-ebay-carousel-11[0]-4[0]-8[0]-0-1-15[1[2]]",2,{"model":{"_type":"TextualDisplayValue","textSpans":[{"_type":"TextSpan","text":"39% OFF","styles":["BOLD","SECONDARY"]}],"value":39},"prependA11y":false},{}],["s0-0-34-3-0-2[5]-4-match-media-0-ebay-carousel-11[0]-4[0]-8[0]-0-1-15[0[2]]",2,{"model":{"_type":"TextualDisplayValue","textSpans":[{"_type":"TextSpan","text":"$1,399.99","styles":["STRIKETHROUGH"]}],"preAccessibilityClippedText":"Previous Price:","value":{"_type":"Amount","value":1399.99,"currency":"USD"}},"prependA11y":true},{}],["s0-0-34-3-0-2[5]-4-match-media-0-ebay-carousel-11[0]-4[0]-8[0]-0-1-15[0[0]]",2,{"model":{"_type":"TextualDisplayValue","textSpans":[{"_type":"TextSpan","text":"$849.00","styles":["DEFAULT"]}],"value":{"_type":"Amount","value":849,"currency":"USD"}},"prependA11y":false},{}],["s0-0-34-3-0-2[5]-4",3,{"breakPoints":{"small":3.5,"medium":4.5,"large":5.5},"mobile":false,"tracking":[{"eventFamily":"HOMEPAGE","eventAction":"ACTN","actionKind":"HSCROLL","operationId":"2481888","flushImmediately":false,"eventProperty":{"moduledtl":"mi:2615|iid:1","parentrq":"51f56a5a1740a4e8670a88b5fffff9e0","pageci":"9613d99a-ed93-11ea-974e-5ef97f0ce4b3"}}],"a11y":{"status":"Carousel showing slide {current_page} of {total_pages} - Today's Deals – All With Free Shipping","next":{"_type":"Action","type":"OPERATION","accessibilityText":"Go to next slide - Today's Deals – All With Free Shipping"},"previous":{"_type":"Action","type":"OPERATION","accessibilityText":"Go to previous slide - Today's Deals – All With Free Shipping"}},"renderBody":null,"items":[{"class":"hl-standard-carousel__item"},{"class":"hl-standard-carousel__item"},{"class":"hl-standard-carousel__item"},{"class":"hl-standard-carousel__item"},{"class":"hl-standard-carousel__item"},{"class":"hl-standard-carousel__item"},{"class":"hl-standard-carousel__item"},{"class":"hl-standard-carousel__item"},{"class":"hl-standard-carousel__item"},{"class":"hl-standard-carousel__item"},{"class":"hl-standard-carousel__item"},{"class":"hl-standard-carousel__item"},{"class":"hl-standard-carousel__item"},{"class":"hl-standard-carousel__item"}]},{"f":1,"w":{"displayWidth":-1,"isSmall":false,"_serverBreakPointName":"large","perSlide":5.5}}],["s0-0-34-3-0-2[5]-3-seeall-7-1-14-10",1,{"class":"hl-card-header__large-arrow"},{"f":1}],["s0-0-34-3-0-2[5]-3-seeall",2,{"model":{"_type":"TextualDisplay","textSpans":[{"_type":"TextSpan","text":"See all"}],"accessibilityText":"See All Deals","action":{"_type":"Action","type":"NAV","name":"DEALS","trackingList":[{"actionKind":"NAV","operationId":"2481888","flushImmediately":false,"eventProperty":{"sid":"p2481888.m2615.l8342","trkp":"pageci%3A9613d99a-ed93-11ea-974e-5ef97f0ce4b3%7Cparentrq%3A51f56a5a1740a4e8670a88b5fffff9e0%7Ciid%3A1"}},{"eventFamily":"HOMEPAGE","eventAction":"ACTN","actionKind":"NAVSRC","operationId":"2481888","flushImmediately":false,"eventProperty":{"moduledtl":"mi:2615|iid:1|li:8342","parentrq":"51f56a5a1740a4e8670a88b5fffff9e0","pageci":"9613d99a-ed93-11ea-974e-5ef97f0ce4b3"}}],"URL":"http://deals.ebay.com"}},"append":{}},{"e":[["click","emit",false,["click",{"isOnboardingClick":false}]]],"p":"s0-0-34-3-0-2[5]-3"}],["s0-0-34-3-0-2[5]-3-title",2,{"model":{"_type":"TextualDisplay","textSpans":[{"_type":"TextSpan","text":"Today's Deals – All With Free Shipping"}],"action":{"_type":"Action","type":"NAV","name":"DEALS","trackingList":[{"actionKind":"NAV","operationId":"2481888","flushImmediately":false,"eventProperty":{"sid":"p2481888.m2615.l9803","trkp":"pageci%3A9613d99a-ed93-11ea-974e-5ef97f0ce4b3%7Cparentrq%3A51f56a5a1740a4e8670a88b5fffff9e0%7Ciid%3A1"}},{"eventFamily":"HOMEPAGE","eventAction":"ACTN","actionKind":"NAVSRC","operationId":"2481888","flushImmediately":false,"eventProperty":{"moduledtl":"mi:2615|iid:1|li:9803","parentrq":"51f56a5a1740a4e8670a88b5fffff9e0","pageci":"9613d99a-ed93-11ea-974e-5ef97f0ce4b3"}}],"URL":"http://deals.ebay.com"},"postAccessibilityClippedText":"- Carousel"},"prepend":false,"arrow":false},{"e":[["click","emit",false,["click",{"isOnboardingClick":false}]]],"p":"s0-0-34-3-0-2[5]-3"}],["s0-0-34-3-0-2[5]-3",4,{"id":"items_list1"},{}],["s0-0-34-3-0-2[5]-0-1",5,{"id":"items_list1"},{}],["s0-0-34-3-0-2[4]-11[6]",2,{"model":{"_type":"TextualDisplay","textSpans":[{"_type":"TextSpan","text":"Funko that pops"}]}},{}],["s0-0-34-3-0-2[4]-11[5]",2,{"model":{"_type":"TextualDisplay","textSpans":[{"_type":"TextSpan","text":"Top-rated tools"}]}},{}],["s0-0-34-3-0-2[4]-11[4]",2,{"model":{"_type":"TextualDisplay","textSpans":[{"_type":"TextSpan","text":"Everything Star Wars"}]}},{}],["s0-0-34-3-0-2[4]-11[3]",2,{"model":{"_type":"TextualDisplay","textSpans":[{"_type":"TextSpan","text":"Sporting gear"}]}},{}],["s0-0-34-3-0-2[4]-11[2]",2,{"model":{"_type":"TextualDisplay","textSpans":[{"_type":"TextSpan","text":"Action-packed comics"}]}},{}],["s0-0-34-3-0-2[4]-11[1]",2,{"model":{"_type":"TextualDisplay","textSpans":[{"_type":"TextSpan","text":"Classic cars"}]}},{}],["s0-0-34-3-0-2[4]-11[0]",2,{"model":{"_type":"TextualDisplay","textSpans":[{"_type":"TextSpan","text":"Backyard fun"}]}},{}],["s0-0-34-3-0-2[4]-1-title",2,{"model":{"_type":"TextualDisplay","textSpans":[{"_type":"TextSpan","text":"Always fan faves. Always low prices."}]},"prepend":false,"arrow":false},{"e":[["click","emit",false,["click",{"isOnboardingClick":false}]]],"p":"s0-0-34-3-0-2[4]-1"}],["s0-0-34-3-0-2[4]-1",4,{},{}],["s0-0-34-3-0-2[3]-4-match-media-0-ebay-carousel-11[7]-4[7]-8[7]-0-1-15[1[1]]",2,{"model":{"_type":"TextualDisplayValue","textSpans":[{"_type":"TextSpan","text":"43% OFF","styles":["BOLD","SECONDARY"]}],"value":43},"prependA11y":false},{}],["s0-0-34-3-0-2[3]-4-match-media-0-ebay-carousel-11[7]-4[7]-8[7]-0-1-15[0[1]]",2,{"model":{"_type":"TextualDisplayValue","textSpans":[{"_type":"TextSpan","text":"$388.90","styles":["STRIKETHROUGH"]}],"preAccessibilityClippedText":"Previous Price:","value":{"_type":"Amount","value":388.9,"currency":"USD"}},"prependA11y":true},{}],["s0-0-34-3-0-2[3]-4-match-media-0-ebay-carousel-11[7]-4[7]-8[7]-0-1-15[0[0]]",2,{"model":{"_type":"TextualDisplayValue","textSpans":[{"_type":"TextSpan","text":"$219.90","styles":["DEFAULT"]}],"value":{"_type":"Amount","value":219.9,"currency":"USD"}},"prependA11y":false},{}],["s0-0-34-3-0-2[3]-4-match-media-0-ebay-carousel-11[6]-4[6]-8[6]-0-1-15[0[0]]",2,{"model":{"_type":"TextualDisplayValue","textSpans":[{"_type":"TextSpan","text":"$1,128.99","styles":["DEFAULT"]}],"value":{"_type":"Amount","value":1128.99,"currency":"USD"}},"prependA11y":false},{}],["s0-0-34-3-0-2[3]-4-match-media-0-ebay-carousel-11[5]-4[5]-8[5]-0-1-15[1[1]]",2,{"model":{"_type":"TextualDisplayValue","textSpans":[{"_type":"TextSpan","text":"22% OFF","styles":["BOLD","SECONDARY"]}],"value":22},"prependA11y":false},{}],["s0-0-34-3-0-2[3]-4-match-media-0-ebay-carousel-11[5]-4[5]-8[5]-0-1-15[0[1]]",2,{"model":{"_type":"TextualDisplayValue","textSpans":[{"_type":"TextSpan","text":"$959.99","styles":["STRIKETHROUGH"]}],"preAccessibilityClippedText":"Previous Price:","value":{"_type":"Amount","value":959.99,"currency":"USD"}},"prependA11y":true},{}],["s0-0-34-3-0-2[3]-4-match-media-0-ebay-carousel-11[5]-4[5]-8[5]-0-1-15[0[0]]",2,{"model":{"_type":"TextualDisplayValue","textSpans":[{"_type":"TextSpan","text":"$749.99","styles":["DEFAULT"]}],"value":{"_type":"Amount","value":749.99,"currency":"USD"}},"prependA11y":false},{}],["s0-0-34-3-0-2[3]-4-match-media-0-ebay-carousel-11[4]-4[4]-8[4]-0-1-15[1[1]]",2,{"model":{"_type":"TextualDisplayValue","textSpans":[{"_type":"TextSpan","text":"33% OFF","styles":["BOLD","SECONDARY"]}],"value":33},"prependA11y":false},{}],["s0-0-34-3-0-2[3]-4-match-media-0-ebay-carousel-11[4]-4[4]-8[4]-0-1-15[0[1]]",2,{"model":{"_type":"TextualDisplayValue","textSpans":[{"_type":"TextSpan","text":"$1,200.00","styles":["STRIKETHROUGH"]}],"preAccessibilityClippedText":"Previous Price:","value":{"_type":"Amount","value":1200,"currency":"USD"}},"prependA11y":true},{}],["s0-0-34-3-0-2[3]-4-match-media-0-ebay-carousel-11[4]-4[4]-8[4]-0-1-15[0[0]]",2,{"model":{"_type":"TextualDisplayValue","textSpans":[{"_type":"TextSpan","text":"$799.00","styles":["DEFAULT"]}],"value":{"_type":"Amount","value":799,"currency":"USD"}},"prependA11y":false},{}],["s0-0-34-3-0-2[3]-4-match-media-0-ebay-carousel-11[3]-4[3]-8[3]-0-1-15[1[1]]",2,{"model":{"_type":"TextualDisplayValue","textSpans":[{"_type":"TextSpan","text":"63% OFF","styles":["BOLD","SECONDARY"]}],"value":63},"prependA11y":false},{}],["s0-0-34-3-0-2[3]-4-match-media-0-ebay-carousel-11[3]-4[3]-8[3]-0-1-15[0[1]]",2,{"model":{"_type":"TextualDisplayValue","textSpans":[{"_type":"TextSpan","text":"$599.95","styles":["STRIKETHROUGH"]}],"preAccessibilityClippedText":"Previous Price:","value":{"_type":"Amount","value":599.95,"currency":"USD"}},"prependA11y":true},{}],["s0-0-34-3-0-2[3]-4-match-media-0-ebay-carousel-11[3]-4[3]-8[3]-0-1-15[0[0]]",2,{"model":{"_type":"TextualDisplayValue","textSpans":[{"_type":"TextSpan","text":"$219.95","styles":["DEFAULT"]}],"value":{"_type":"Amount","value":219.95,"currency":"USD"}},"prependA11y":false},{}],["s0-0-34-3-0-2[3]-4-match-media-0-ebay-carousel-11[2]-4[2]-8[2]-0-1-15[1[1]]",2,{"model":{"_type":"TextualDisplayValue","textSpans":[{"_type":"TextSpan","text":"32% OFF","styles":["BOLD","SECONDARY"]}],"value":32},"prependA11y":false},{}],["s0-0-34-3-0-2[3]-4-match-media-0-ebay-carousel-11[2]-4[2]-8[2]-0-1-15[0[1]]",2,{"model":{"_type":"TextualDisplayValue","textSpans":[{"_type":"TextSpan","text":"$189.99","styles":["STRIKETHROUGH"]}],"preAccessibilityClippedText":"Previous Price:","value":{"_type":"Amount","value":189.99,"currency":"USD"}},"prependA11y":true},{}],["s0-0-34-3-0-2[3]-4-match-media-0-ebay-carousel-11[2]-4[2]-8[2]-0-1-15[0[0]]",2,{"model":{"_type":"TextualDisplayValue","textSpans":[{"_type":"TextSpan","text":"$129.99","styles":["DEFAULT"]}],"value":{"_type":"Amount","value":129.99,"currency":"USD"}},"prependA11y":false},{}],["s0-0-34-3-0-2[3]-4-match-media-0-ebay-carousel-11[1]-4[1]-8[1]-0-1-15[0[0]]",2,{"model":{"_type":"TextualDisplayValue","textSpans":[{"_type":"TextSpan","text":"$339.00","styles":["DEFAULT"]}],"value":{"_type":"Amount","value":339,"currency":"USD"}},"prependA11y":false},{}],["s0-0-34-3-0-2[3]-4-match-media-0-ebay-carousel-11[0]-4[0]-8[0]-0-1-15[1[1]]",2,{"model":{"_type":"TextualDisplayValue","textSpans":[{"_type":"TextSpan","text":"54% OFF","styles":["BOLD","SECONDARY"]}],"value":54},"prependA11y":false},{}],["s0-0-34-3-0-2[3]-4-match-media-0-ebay-carousel-11[0]-4[0]-8[0]-0-1-15[0[1]]",2,{"model":{"_type":"TextualDisplayValue","textSpans":[{"_type":"TextSpan","text":"$1,019.99","styles":["STRIKETHROUGH"]}],"preAccessibilityClippedText":"Previous Price:","value":{"_type":"Amount","value":1019.99,"currency":"USD"}},"prependA11y":true},{}],["s0-0-34-3-0-2[3]-4-match-media-0-ebay-carousel-11[0]-4[0]-8[0]-0-1-15[0[0]]",2,{"model":{"_type":"TextualDisplayValue","textSpans":[{"_type":"TextSpan","text":"$469.99","styles":["DEFAULT"]}],"value":{"_type":"Amount","value":469.99,"currency":"USD"}},"prependA11y":false},{}],["s0-0-34-3-0-2[3]-4",3,{"breakPoints":{"small":3.5,"medium":4.5,"large":3.5,"xlarge":4.5},"mobile":false,"tracking":[{"eventFamily":"HOMEPAGE","eventAction":"VIEW","operationId":"2481888","flushImmediately":false,"eventProperty":{"moduledtl":"mi:45444|iid:1","ammiid":"4980795005197921149","amdata":"guid=51f56a631740a4e867006e4affffecdc|ul=en-US|t=0|bw=LARGE|tdt=iid:4980795005197921149,clkid:4980795005197921148|plmt=(cid:42306 gbh: iid:4980795005197921149 mid:64684 pid:100048 sid:-1 tid:6d437247-de97-47c5-a10d-7855d2e7649b ttype:HOME_PAGE_BANNER_MSE vid:yj9oonyz299c8q96d44hienuusb9q9jcxvu22tueyl9a7kcg6bophjgh6r2muk5d)|uc=1|m=64684|bs=0","parentrq":"51f56a5a1740a4e8670a88b5fffff9e0","pageci":"9613d99a-ed93-11ea-974e-5ef97f0ce4b3","ampid":"MADRONA"}},{"eventFamily":"HOMEPAGE","eventAction":"ACTN","actionKind":"HSCROLL","operationId":"2481888","flushImmediately":false,"eventProperty":{"moduledtl":"mi:45444|iid:1","ammiid":"4980795005197921149","amdata":"guid=51f56a631740a4e867006e4affffecdc|ul=en-US|t=0|bw=LARGE|tdt=iid:4980795005197921149,clkid:4980795005197921148|plmt=(cid:42306 gbh: iid:4980795005197921149 mid:64684 pid:100048 sid:-1 tid:6d437247-de97-47c5-a10d-7855d2e7649b ttype:HOME_PAGE_BANNER_MSE vid:yj9oonyz299c8q96d44hienuusb9q9jcxvu22tueyl9a7kcg6bophjgh6r2muk5d)|uc=1|m=64684|bs=0","parentrq":"51f56a5a1740a4e8670a88b5fffff9e0","pageci":"9613d99a-ed93-11ea-974e-5ef97f0ce4b3","ampid":"MADRONA"}}],"a11y":{"status":"Carousel showing slide {current_page} of {total_pages} - Move from couch to cardio","next":{"_type":"Action","type":"OPERATION","accessibilityText":"Go to next slide - Move from couch to cardio"},"previous":{"_type":"Action","type":"OPERATION","accessibilityText":"Go to previous slide - Move from couch to cardio"}},"renderBody":null,"items":[{"class":"hl-standard-carousel__item"},{"class":"hl-standard-carousel__item"},{"class":"hl-standard-carousel__item"},{"class":"hl-standard-carousel__item"},{"class":"hl-standard-carousel__item"},{"class":"hl-standard-carousel__item"},{"class":"hl-standard-carousel__item"},{"class":"hl-standard-carousel__item"}]},{"f":1,"w":{"displayWidth":-1,"isSmall":false,"_serverBreakPointName":"large","perSlide":3.5}}],["s0-0-34-3-0-2[3]-2-5-1-1-5",1,{"class":["hl-cta__arrow","hl-mweb-text-banner__cta-arrow"],"color":"currentColor"},{"f":1}],["s0-0-34-3-0-2[3]-2-5-1-1-3",1,{"class":["hl-cta__arrow","hl-mweb-text-banner__cta-arrow"],"color":"currentColor"},{"f":1}],["s0-0-34-3-0-2[3]-2-4",2,{"maxRows":2,"model":{"_type":"TextualDisplay","textSpans":[{"_type":"TextSpan","text":"Shop exercise machine must-haves."}]},"color":"#07522C"},{}],["s0-0-34-3-0-2[3]-2-2-7-1-12",1,{"class":["hl-cta__arrow"],"color":"currentColor"},{"f":1}],["s0-0-34-3-0-2[3]-2-2",2,{"maxRows":3,"model":{"_type":"TextualDisplay","textSpans":[{"_type":"TextSpan","text":"Move from couch to cardio"}],"action":{"_type":"Action","type":"NAV","name":"EVENTS","params":{"title":"Move from couch to cardio","eventId":"5e8629ad132e340bc016ee35","shareUrl":"https://www.ebay.com/e/sporting-goods/home-gym-machines"},"trackingList":[{"actionKind":"NAV","operationId":"2481888","flushImmediately":false,"eventProperty":{"sid":"p2481888.m45444.l9803","trkp":"pageci%3A9613d99a-ed93-11ea-974e-5ef97f0ce4b3%7Cparentrq%3A51f56a5a1740a4e8670a88b5fffff9e0%7Ciid%3A1"}},{"eventFamily":"HOMEPAGE","eventAction":"ACTN","actionKind":"NAVSRC","operationId":"2481888","flushImmediately":false,"eventProperty":{"moduledtl":"mi:45444|iid:1|li:9803","ammiid":"4980795005197921149","amdata":"guid=51f56a631740a4e867006e4affffecdc|ul=en-US|t=0|bw=LARGE|tdt=iid:4980795005197921149,clkid:4980795005197921148|plmt=(cid:42306 gbh: iid:4980795005197921149 mid:64684 pid:100048 sid:-1 tid:6d437247-de97-47c5-a10d-7855d2e7649b ttype:HOME_PAGE_BANNER_MSE vid:yj9oonyz299c8q96d44hienuusb9q9jcxvu22tueyl9a7kcg6bophjgh6r2muk5d)|uc=1|m=64684|bs=0","parentrq":"51f56a5a1740a4e8670a88b5fffff9e0","pageci":"9613d99a-ed93-11ea-974e-5ef97f0ce4b3","ampid":"MADRONA"}}],"URL":"https://www.ebay.com/e/sporting-goods/home-gym-machines"},"postAccessibilityClippedText":"- Carousel"},"color":"#07522C","ctaArrowOnTitle":true},{}],["s0-0-34-3-0-2[2]-14-1-1-5",1,{"class":["hl-cta__arrow",null],"color":"currentColor"},{"f":1}],["s0-0-34-3-0-2[2]-14-1-1-3",1,{"class":["hl-cta__arrow",null],"color":"currentColor"},{"f":1}],["s0-0-34-3-0-2[2]-10",2,{"model":{"_type":"TextualDisplay","textSpans":[{"_type":"TextSpan","text":"Learn what we’re doing to navigate this unprecedented situation."}]},"color":"#ffffff"},{}],["s0-0-34-3-0-2[1]",6,{"model":{"ads":[{"_type":"thirdPartyAd","pageId":2481888,"placementId":"100712","provider":"hybrid","providerParameters":{"size":{"height":90,"width":728},"networkId":"6245","adUnitId":"ebay.ebayus.homepage.cchp/cchp","publishType":2,"napkinPublishType":2,"scandalJS":{"scandalJsVersion":"2.1.20","url":"//ir.ebaystatic.com/cr/v/c1/sc/ScandalJS-2.1.20.min.js"},"sizes":[{"height":90,"width":970},{"height":90,"width":728}],"refreshDelay":30000,"refreshCap":10,"isIAS":true,"inViewRefresh":true,"isGSSEnabled":true,"env":"production","ticket":"9622b77b076547a2afa7a6d69574cc28","sandAdUnit":"ebay.ebayus.homepage.cchp/cchp","siteId":0,"giid":"51f56a631740a4e867006e4affffecdc"},"targetingParameters":{"ap":"Scandal","cat":[],"us":"13","ot":"1","pr":"20","xp":"20","np":"20","u":"9622b77b076547a2afa7a6d69574cc28","et":[],"ipp":"0","iccr":"0","gdprUser":"0","plmtid":"100712","acc":"ext","off":"veryLow","alc":"veryLow","dlm":"low","hat":"veryLow","vio":"veryLow","adt":"veryLow","drg":"veryLow","fr":"false"},"action":{"_type":"Action","type":"OPERATION","trackingList":[{"actionKind":"NAV","operationId":"2481888","flushImmediately":false,"eventProperty":{"sid":"p2481888.m4817.l8990.c1","trkp":"pageci%3A9613d99a-ed93-11ea-974e-5ef97f0ce4b3%7Cparentrq%3A51f56a5a1740a4e8670a88b5fffff9e0%7Ciid%3A1"}},{"eventFamily":"HOMEPAGE","eventAction":"ACTN","actionKind":"NAVSRC","operationId":"2481888","flushImmediately":false,"eventProperty":{"moduledtl":"mi:4817|iid:1|li:8990|luid:1|c:1","ammiid":"9622b77b076547a2afa7a6d69574cc28","parentrq":"51f56a5a1740a4e8670a88b5fffff9e0","pageci":"9613d99a-ed93-11ea-974e-5ef97f0ce4b3","ampid":"3P_ADS"}}]},"contentRetrievalTracking":[{"eventFamily":"HOMEPAGE","eventAction":"ACTN","actionKind":"RETRIEVAL_FAILURE","operationId":"2481888","flushImmediately":false,"eventProperty":{"moduledtl":"mi:4817|iid:1|c:1","ammiid":"9622b77b076547a2afa7a6d69574cc28","parentrq":"51f56a5a1740a4e8670a88b5fffff9e0","pageci":"9613d99a-ed93-11ea-974e-5ef97f0ce4b3","ampid":"3P_ADS"}},{"eventFamily":"HOMEPAGE","eventAction":"ACTN","actionKind":"RETRIEVAL_SUCCESS","operationId":"2481888","flushImmediately":false,"eventProperty":{"moduledtl":"mi:4817|iid:1|c:1","ammiid":"9622b77b076547a2afa7a6d69574cc28","parentrq":"51f56a5a1740a4e8670a88b5fffff9e0","pageci":"9613d99a-ed93-11ea-974e-5ef97f0ce4b3","ampid":"3P_ADS"}},{"eventFamily":"HOMEPAGE","eventAction":"ACTN","actionKind":"RETRIEVAL_NONE","operationId":"2481888","flushImmediately":false,"eventProperty":{"moduledtl":"mi:4817|iid:1|c:1","ammiid":"9622b77b076547a2afa7a6d69574cc28","parentrq":"51f56a5a1740a4e8670a88b5fffff9e0","pageci":"9613d99a-ed93-11ea-974e-5ef97f0ce4b3","ampid":"3P_ADS"}}]}]}},{"f":1,"s":{"adLoaded":false}}],["s0-0-34-3-0-2[0]-2-match-media-0-ebay-carousel-11[2]-4[2]-6[2]-10-5",2,{"color":false},{}],["s0-0-34-3-0-2[0]-2-match-media-0-ebay-carousel-11[2]-4[2]-6[2]-10-4",2,{"model":{"_type":"TextualDisplay","textSpans":[{"_type":"TextSpan","text":"Benefits Rise Education Fund, Mijente, and Woke Vote."}]},"color":"#121258"},{}],["s0-0-34-3-0-2[0]-2-match-media-0-ebay-carousel-11[2]-4[2]-6[2]-9-1-1-5",1,{"class":["hl-cta__arrow",null],"color":"currentColor"},{"f":1}],["s0-0-34-3-0-2[0]-2-match-media-0-ebay-carousel-11[2]-4[2]-6[2]-9-1-1-3",1,{"class":["hl-cta__arrow",null],"color":"currentColor"},{"f":1}],["s0-0-34-3-0-2[0]-2-match-media-0-ebay-carousel-11[2]-4[2]-6[2]-8",2,{"maxRows":2,"model":{"_type":"TextualDisplay","textSpans":[{"_type":"TextSpan","text":"Exclusive bandanas by Shepard Fairey, Barbara Kruger, and more."}]},"color":"#121258"},{}],["s0-0-34-3-0-2[0]-2-match-media-0-ebay-carousel-11[2]-4[2]-6[2]-6",2,{"maxRows":3,"model":{"_type":"TextualDisplay","textSpans":[{"_type":"TextSpan","text":"Artists band together to get out the vote"}],"accessibilityText":"Buy yours","action":{"_type":"Action","type":"NAV","trackingList":[{"actionKind":"NAV","operationId":"2481888","flushImmediately":false,"eventProperty":{"sid":"p2481888.m4518.l8658.c1","trkp":"pageci%3A9613d99a-ed93-11ea-974e-5ef97f0ce4b3%7Cparentrq%3A51f56a5a1740a4e8670a88b5fffff9e0%7Ciid%3A0"}},{"eventFamily":"HOMEPAGE","eventAction":"ACTN","actionKind":"NAVSRC","operationId":"2481888","flushImmediately":false,"eventProperty":{"moduledtl":"mi:4518|iid:0|li:8658|luid:1|c:1","ammiid":"4980795008598323351","amdata":"guid=51f56a631740a4e867006e4affffecdc|ul=en-US|t=0|bw=LARGE|tdt=iid:4980795008598323351,clkid:4980795008598323350|plmt=(cid:42040 gbh: iid:4980795008598323351 mid:64299 pid:100003 sid:-1 tid:94d8d291-38cd-4b42-8f97-29f74211acea ttype:HOME_PAGE_BANNER_VELOCITY vid:133cf4fb4c7dc886d2dabd3647f9ba49cdf23a2b56a2b9decd433093329aa56d)|uc=1|m=64299|bs=0","parentrq":"51f56a5a1740a4e8670a88b5fffff9e0","pageci":"9613d99a-ed93-11ea-974e-5ef97f0ce4b3","ampid":"MADRONA"}}],"URL":"https://svcs.ebay.com/delstats/clk/rtm?url=https%3A%2F%2Fwww.ebay.com%2Fe%2Fcharity%2Fartists-band-together&p=100003&mc=Z3VpZD01MWY1NmE2MzE3NDBhNGU4NjcwMDZlNGFmZmZmZWNkY3x1bD1lbi1VU3x0PTB8Ync9TEFSR0V8dGR0PWlpZDo0OTgwNzk1MDA4NTk4MzIzMzUxLGNsa2lkOjQ5ODA3OTUwMDg1OTgzMjMzNTB8cGxtdD0oY2lkOjQyMDQwIGdiaDogaWlkOjQ5ODA3OTUwMDg1OTgzMjMzNTEgbWlkOjY0Mjk5IHBpZDoxMDAwMDMgc2lkOi0xIHRpZDo5NGQ4ZDI5MS0zOGNkLTRiNDItOGY5Ny0yOWY3NDIxMWFjZWEgdHR5cGU6SE9NRV9QQUdFX0JBTk5FUl9WRUxPQ0lUWSB2aWQ6MTMzY2Y0ZmI0YzdkYzg4NmQyZGFiZDM2NDdmOWJhNDljZGYyM2EyYjU2YTJiOWRlY2Q0MzMwOTMzMjlhYTU2ZCl8dWM9MXxtPTY0Mjk5fGJzPTA="}},"color":"#121258"},{}],["s0-0-34-3-0-2[0]-2-match-media-0-ebay-carousel-11[1]-4[1]-6[1]-0-9-1-1-5",1,{"class":["hl-cta__arrow",null],"color":"currentColor"},{"f":1}],["s0-0-34-3-0-2[0]-2-match-media-0-ebay-carousel-11[1]-4[1]-6[1]-0-9-1-1-3",1,{"class":["hl-cta__arrow",null],"color":"currentColor"},{"f":1}],["s0-0-34-3-0-2[0]-2-match-media-0-ebay-carousel-11[1]-4[1]-6[1]-0-8",2,{"maxRows":2,"model":{"_type":"TextualDisplay","textSpans":[{"_type":"TextSpan","text":"Great deals direct from the brands you love."}]},"color":"#003147"},{}],["s0-0-34-3-0-2[0]-2-match-media-0-ebay-carousel-11[1]-4[1]-6[1]-0-6",2,{"maxRows":3,"model":{"_type":"TextualDisplay","textSpans":[{"_type":"TextSpan","text":"Shop it all at The Brand Outlet"}],"accessibilityText":"Start saving","action":{"_type":"Action","type":"NAV","trackingList":[{"actionKind":"NAV","operationId":"2481888","flushImmediately":false,"eventProperty":{"sid":"p2481888.m4518.l5349.c1","trkp":"pageci%3A9613d99a-ed93-11ea-974e-5ef97f0ce4b3%7Cparentrq%3A51f56a5a1740a4e8670a88b5fffff9e0%7Ciid%3A0"}},{"eventFamily":"HOMEPAGE","eventAction":"ACTN","actionKind":"NAVSRC","operationId":"2481888","flushImmediately":false,"eventProperty":{"moduledtl":"mi:4518|iid:0|li:5349|luid:1|c:1","ammiid":"4980795008598323353","amdata":"guid=51f56a631740a4e867006e4affffecdc|ul=en-US|t=0|bw=LARGE|tdt=iid:4980795008598323353,clkid:4980795008598323352|plmt=(cid:41127 gbh: iid:4980795008598323353 mid:62804 pid:100002 sid:-1 tid:0aed7e61-8738-4bcd-88b7-f5fe3c0cd75c ttype:HOME_PAGE_BANNER_VELOCITY vid:4b757d6803e657d5c3542f9dfe8a26bcc2754e783b680b7038e3b8dd4bd0e307)|uc=1|m=62804|bs=0","parentrq":"51f56a5a1740a4e8670a88b5fffff9e0","pageci":"9613d99a-ed93-11ea-974e-5ef97f0ce4b3","ampid":"MADRONA"}}],"URL":"https://www.ebay.com/b/Brand-Outlet/bn_7115532402"}},"color":"#003147"},{}],["s0-0-34-3-0-2[0]-2-match-media-0-ebay-carousel-11[0]-4[0]-6[0]-9-1-1-5",1,{"class":["hl-cta__arrow",null],"color":"currentColor"},{"f":1}],["s0-0-34-3-0-2[0]-2-match-media-0-ebay-carousel-11[0]-4[0]-6[0]-9-1-1-3",1,{"class":["hl-cta__arrow",null],"color":"currentColor"},{"f":1}],["s0-0-34-3-0-2[0]-2-match-media-0-ebay-carousel-11[0]-4[0]-6[0]-8",2,{"maxRows":2,"model":{"_type":"TextualDisplay","textSpans":[{"_type":"TextSpan","text":"Connect with small businesses and get exactly what you want."}]},"color":"#121258"},{}],["s0-0-34-3-0-2[0]-2-match-media-0-ebay-carousel-11[0]-4[0]-6[0]-6",2,{"maxRows":3,"model":{"_type":"TextualDisplay","textSpans":[{"_type":"TextSpan","text":"Your passion is their business"}],"accessibilityText":"Get your thing","action":{"_type":"Action","type":"NAV","trackingList":[{"actionKind":"NAV","operationId":"2481888","flushImmediately":false,"eventProperty":{"sid":"p2481888.m4518.l8658.c1","trkp":"pageci%3A9613d99a-ed93-11ea-974e-5ef97f0ce4b3%7Cparentrq%3A51f56a5a1740a4e8670a88b5fffff9e0%7Ciid%3A0"}},{"eventFamily":"HOMEPAGE","eventAction":"ACTN","actionKind":"NAVSRC","operationId":"2481888","flushImmediately":false,"eventProperty":{"moduledtl":"mi:4518|iid:0|li:8658|luid:1|c:1","ammiid":"4980795008598323355","amdata":"guid=51f56a631740a4e867006e4affffecdc|ul=en-US|t=0|bw=LARGE|tdt=iid:4980795008598323355,clkid:4980795008598323354|plmt=(cid:42238 gbh: iid:4980795008598323355 mid:64600 pid:100000 sid:-1 tid:52c32371-278e-4f97-88c3-a928f7594650 ttype:HOME_PAGE_BANNER_VELOCITY vid:73b9387bf459842eab62e1de13dadf06b28b75bd066fe037cb0e1127b091f4c1)|uc=1|m=64600|bs=0","parentrq":"51f56a5a1740a4e8670a88b5fffff9e0","pageci":"9613d99a-ed93-11ea-974e-5ef97f0ce4b3","ampid":"MADRONA"}}],"URL":"https://svcs.ebay.com/delstats/clk/rtm?url=https%3A%2F%2Fpages.ebay.com%2Ftogether%2F&p=100000&mc=Z3VpZD01MWY1NmE2MzE3NDBhNGU4NjcwMDZlNGFmZmZmZWNkY3x1bD1lbi1VU3x0PTB8Ync9TEFSR0V8dGR0PWlpZDo0OTgwNzk1MDA4NTk4MzIzMzU1LGNsa2lkOjQ5ODA3OTUwMDg1OTgzMjMzNTR8cGxtdD0oY2lkOjQyMjM4IGdiaDogaWlkOjQ5ODA3OTUwMDg1OTgzMjMzNTUgbWlkOjY0NjAwIHBpZDoxMDAwMDAgc2lkOi0xIHRpZDo1MmMzMjM3MS0yNzhlLTRmOTctODhjMy1hOTI4Zjc1OTQ2NTAgdHR5cGU6SE9NRV9QQUdFX0JBTk5FUl9WRUxPQ0lUWSB2aWQ6NzNiOTM4N2JmNDU5ODQyZWFiNjJlMWRlMTNkYWRmMDZiMjhiNzViZDA2NmZlMDM3Y2IwZTExMjdiMDkxZjRjMSl8dWM9MXxtPTY0NjAwfGJzPTA="}},"color":"#121258"},{}],["s0-0-34-3-0-2[0]-2",3,{"autoplay":3500,"noDots":true,"itemsPerSlide":"1","gap":"0","a11y":{"status":"Carousel showing banner {current_page} of {total_pages}","next":{"_type":"Action","type":"OPERATION","accessibilityText":"Go to next banner"},"previous":{"_type":"Action","type":"OPERATION","accessibilityText":"Go to previous banner"},"pause":{"_type":"Action","type":"OPERATION","accessibilityText":"Pause Banner Carousel"},"play":{"_type":"Action","type":"OPERATION","accessibilityText":"Play Banner Carousel"}},"renderBody":null,"items":[{},{},{}]},{"f":1,"w":{"displayWidth":-1,"isSmall":false,"perSlide":"1"}}],["s0-0-52",7,{"url":"https://srv.main.ebayrtm.com/rtm?RtmCmd&a=json&uf=0&g=51f56a631740a4e867006e4affffecdc&cg=0&c=1H4sIAAAAAAAAAy1PTUvDQBC951cMeGnA7M7O5GON7EE8VKnBQyr1IJQ0XUlomixtJNRf78b2Mu%2FN15t5dxu7h9I6QAJCQh9yFedMsCzWEWaIsLiyHDEMHOvUYOAoYXPxGaMpht%2B26yqZCD9aVHXbj8O5eYTXfrQd%2BAK8l%2FAJCrcq2aYhPDnX2Y3drdpRJpwJTmGxelkXb%2FfQtQcLS1sfhhCem9NwtFJ7WRErzUIzlNV3dWpvW4FTNL8SszJqBroCG9tHH%2BVMY9%2Bv271h%2FfWDiL5NvhZ59IKGWCMm2Zx4BUKc%2FZBpxtGdcymnaRJ2V11EPRzlbDz732R%2FLtVCPaRCEQmKKfgD5868kkQBAAA%3D&p=1650&di=1650&v=4&enc=UTF-8"},{"f":1,"s":{"url":"https://srv.main.ebayrtm.com/rtm?RtmCmd&a=json&uf=0&g=51f56a631740a4e867006e4affffecdc&cg=0&c=1H4sIAAAAAAAAAy1PTUvDQBC951cMeGnA7M7O5GON7EE8VKnBQyr1IJQ0XUlomixtJNRf78b2Mu%2FN15t5dxu7h9I6QAJCQh9yFedMsCzWEWaIsLiyHDEMHOvUYOAoYXPxGaMpht%2B26yqZCD9aVHXbj8O5eYTXfrQd%2BAK8l%2FAJCrcq2aYhPDnX2Y3drdpRJpwJTmGxelkXb%2FfQtQcLS1sfhhCem9NwtFJ7WRErzUIzlNV3dWpvW4FTNL8SszJqBroCG9tHH%2BVMY9%2Bv271h%2FfWDiL5NvhZ59IKGWCMm2Zx4BUKc%2FZBpxtGdcymnaRJ2V11EPRzlbDz732R%2FLtVCPaRCEQmKKfgD5868kkQBAAA%3D&p=1650&di=1650&v=4&enc=UTF-8&cb=window.HL_AD_TRACKING_CALLBACK"}}],["s0-0-34-2",8,{"model":{"key":"Flyout_0","nav":{"HomePageNavigation":{"categories-List":{"Category":[{"hoverTrksid":"m1379.l6435","label":"Motors","subcategories-List":{"SubCategoryItem":[{"items-List":{"SubItem":[{"text":"All Parts & Accessories","trksid":"m1379.l3251","url":"https://www.ebay.com/b/Auto-Parts-Accessories/6028/bn_569479"},{"text":"Car & Truck Parts","trksid":"m1379.l3252","url":"https://www.ebay.com/b/Car-Truck-Parts/6030/bn_562630"},{"text":"Motorcycle Parts","trksid":"m1379.l3253","url":"https://www.ebay.com/b/Motorcycle-Parts/10063/bn_557636"},{"text":"Automotive Tools & Supplies","trksid":"m1379.l3254","url":"https://www.ebay.com/b/Automotive-Tools-Supplies/34998/bn_1865501"},{"text":"Apparel & Merchandise","trksid":"m1379.l3255","url":"https://www.ebay.com/b/Motors-Apparel-Merchandise/6747/bn_583691"},{"text":"Motors Deals","trksid":"m1379.l3256","url":"https://www.ebay.com/deals/automotive"},{"text":"My Garage","trksid":"m1379.l3257","url":"https://www.ebay.com/g/mygarage"}]},"title":"Parts & Accessories"},{"items-List":{"SubItem":[{"text":"Cars & Trucks","trksid":"m1379.l3258","url":"https://www.ebay.com/b/Cars-and-Trucks/6001/bn_1865117"},{"text":"Classics","trksid":"m1379.l3259","url":"https://www.ebay.com/b/Classics/bn_7005623268"},{"text":"Motorcycles","trksid":"m1379.l3260","url":"https://www.ebay.com/b/Motorcycles/6024/bn_1865434"},{"text":"Powersports","trksid":"m1379.l3261","url":"https://www.ebay.com/b/Powersport-Vehicles/66466/bn_1865239"},{"text":"RVs & Campers","trksid":"m1379.l3262","url":"https://www.ebay.com/b/RVs-and-Campers/50054/bn_16581882"},{"text":"Trailers & Other Vehicles","trksid":"m1379.l3263","url":"https://www.ebay.com/b/Other-Vehicles-Trailers/6737/bn_16581863"},{"text":"Boats","trksid":"m1379.l3264","url":"https://www.ebay.com/b/Boats/26429/bn_1865510"}]},"title":"Vehicles"}]},"trksid":"m1379.l3250","url":"https://www.ebay.com/b/Auto-Parts-and-Vehicles/6000/bn_1865334"},{"hoverTrksid":"m1380.l6435","label":"Fashion","subcategories-List":{"SubCategoryItem":[{"items-List":{"SubItem":[{"text":"Women's Clothing","trksid":"m1380.l3251","url":"https://www.ebay.com/b/Womens-Clothing/15724/bn_661783"},{"text":"Women's Shoes","trksid":"m1380.l3252","url":"https://www.ebay.com/b/Womens-Shoes/3034/bn_740022"},{"text":"Men's Clothing","trksid":"m1380.l3253","url":"https://www.ebay.com/b/Mens-Clothing/1059/bn_696958"},{"text":"Men's Shoes","trksid":"m1380.l3254","url":"https://www.ebay.com/b/Mens-Shoes/93427/bn_61999"},{"text":"Handbags & Accessories","trksid":"m1380.l3255","url":"https://www.ebay.com/b/Womens-Bags-Handbags/169291/bn_738272"},{"text":"Kids & Baby","trksid":"m1380.l3256","url":"https://www.ebay.com/b/Kids-Clothing-Shoes-Accessories/171146/bn_1642843"},{"text":"Sneakers","trksid":"m1380.l3257","url":"https://www.ebay.com/b/Mens-Collectible-Sneakers/bn_7000259435"}]},"title":"Top Categories"},{"items-List":{"SubItem":[{"text":"Watches","trksid":"m1380.l3258","url":"https://www.ebay.com/b/Watches-Parts-Accessories/260324/bn_2408535"},{"text":"Luxury Watches","trksid":"m1380.l3259","url":"https://www.ebay.com/b/Luxury-Wristwatches/31387/bn_36841947"},{"text":"Jewelry","trksid":"m1380.l3260","url":"https://www.ebay.com/b/Jewelry/bn_7000259126"},{"text":"Beauty","trksid":"m1380.l3261","url":"https://www.ebay.com/b/Beauty/bn_7000259123"},{"text":"Health","trksid":"m1380.l3262","url":"https://www.ebay.com/b/Health/bn_7000259659"},{"text":"Fashion Deals","trksid":"m1380.l3263","url":"https://www.ebay.com/deals/fashion"}]},"title":"Additional Categories"}]},"trksid":"m1380.l3250","url":"https://www.ebay.com/b/Fashion/bn_7000259856"},{"hoverTrksid":"m1381.l6435","label":"Electronics","subcategories-List":{"SubCategoryItem":[{"items-List":{"SubItem":[{"text":"Cameras & Photo","trksid":"m1381.l3251","url":"https://www.ebay.com/b/Cameras-Photo/625/bn_1865546"},{"text":"Cell Phones, Smart Watches & Accessories","trksid":"m1381.l3252","url":"https://www.ebay.com/b/Cell-Phones-Smart-Watches-Accessories/15032/bn_1865441"},{"text":"Computers, Tablets & More","trksid":"m1381.l3253","url":"https://www.ebay.com/b/Computers-Tablets-Network-Hardware/58058/bn_1865247"},{"text":"Headphones & Portable Audio","trksid":"m1381.l3254","url":"https://www.ebay.com/b/Portable-Audio-Headphones/15052/bn_1642614"},{"text":"Smart Home & Surveillance","trksid":"m1381.l3255","url":"https://www.ebay.com/b/Surveillance-Smart-Home-Electronics/185067/bn_115028425"},{"text":"TV, Video & Home Audio","trksid":"m1381.l3256","url":"https://www.ebay.com/b/TV-Video-Home-Audio-Electronics/32852/bn_1648392"},{"text":"Video & PC Gaming","trksid":"m1381.l3257","url":"https://www.ebay.com/b/Video-Games-Consoles/1249/bn_1850232"}]},"title":"Top Categories"},{"items-List":{"SubItem":[{"text":"Certified Refurbished","trksid":"m1381.l3258","url":"https://www.ebay.com/b/Certified-Refurbished/bn_7040708936"},{"text":"Smart Watches","trksid":"m1381.l3259","url":"https://www.ebay.com/b/Smart-Watches/178893/bn_152365"},{"text":"iPhones","trksid":"m1381.l3260","url":"https://www.ebay.com/b/Apple-iPhone/9355/bn_319682"},{"text":"Laptops","trksid":"m1381.l3261","url":"https://www.ebay.com/b/Laptops-Netbooks/175672/bn_1648276"},{"text":"Computer Components & Parts","trksid":"m1381.l3262","url":"https://www.ebay.com/b/Computer-Components-Parts/175673/bn_1643095"},{"text":"Smart Speakers","trksid":"m1381.l3263","url":"https://www.ebay.com/b/Smart-Speakers/184435/bn_78213083"},{"text":"Car Audio, Video & GPS","trksid":"m1381.l3264","url":"https://www.ebay.com/b/Vehicle-Electronics-GPS/3270/bn_887004"}]},"title":"Additional Categories"}]},"trksid":"m1381.l3250","url":"https://www.ebay.com/b/Electronics/bn_7000259124"},{"hoverTrksid":"m1382.l6435","label":"Collectibles & Art","subcategories-List":{"SubCategoryItem":[{"items-List":{"SubItem":[{"text":"Art","trksid":"m1382.l3251","url":"https://www.ebay.com/b/Art/550/bn_1853728"},{"text":"Antiques","trksid":"m1382.l3252","url":"https://www.ebay.com/b/Antiques/20081/bn_1851017"},{"text":"Coins & Paper Money","trksid":"m1382.l3253","url":"https://www.ebay.com/b/Coins-Paper-Money/11116/bn_1857806"},{"text":"Collectibles","trksid":"m1382.l3254","url":"https://www.ebay.com/b/Collectibles/1/bn_1858810"},{"text":"Comics","trksid":"m1382.l3255","url":"https://www.ebay.com/b/Collectible-Comics/63/bn_1865459"},{"text":"Pottery & Glass","trksid":"m1382.l3256","url":"https://www.ebay.com/b/Pottery-Glass/870/bn_1851615"},{"text":"Sports Memorabilia & Apparel","trksid":"m1382.l3257","url":"https://www.ebay.com/b/Sports-Memorabilia-Fan-Shop-Sports-Cards/64482/bn_1857919"},{"text":"Sports Trading Cards","trksid":"m1382.l3258","url":"https://www.ebay.com/b/Sports-Trading-Cards-Accessories/212/bn_1859819"}]},"title":"Top Categories"},{"items-List":{"SubItem":[{"text":"Designer & Urban Vinyl","trksid":"m1382.l3259","url":"https://www.ebay.com/b/Designer-Urban-Vinyl-Action-Figures/158672/bn_221282"},{"text":"Funko Collectibles","trksid":"m1382.l3260","url":"https://www.ebay.com/b/Collectible-Funko-Bobbleheads-1970-Now/149372/bn_3017826"},{"text":"Entertainment Memorabilia","trksid":"m1382.l3261","url":"https://www.ebay.com/b/Entertainment-Memorabilia/45100/bn_1859756"},{"text":"Militaria","trksid":"m1382.l3262","url":"https://www.ebay.com/b/Militaria/13956/bn_1852614"},{"text":"Stamps","trksid":"m1382.l3263","url":"https://www.ebay.com/b/Stamps/260/bn_1865095"},{"text":"eBay Collective","trksid":"m1382.l3264","url":"https://www.ebay.com/b/eBay-Collective/bn_7116337831"},{"text":"Bullion Center","trksid":"m1382.l3265","url":"https://www.ebay.com/b/Bullion/39482/bn_1642568"},{"text":"Consignment Center","trksid":"m1382.l3266","url":"https://pages.ebay.com/rcp/consignmentcenter"}]},"title":"Additional Categories"}]},"trksid":"m1382.l3250","url":"https://www.ebay.com/b/Collectibles-Art/bn_7000259855"},{"hoverTrksid":"m1383.l6435","label":"Home & Garden","subcategories-List":{"SubCategoryItem":[{"items-List":{"SubItem":[{"text":"Tools","trksid":"m1383.l3251","url":"https://www.ebay.com/b/Tools-Workshop-Equipment/631/bn_1851815"},{"text":"Kitchen, Dining & Bar","trksid":"m1383.l3252","url":"https://www.ebay.com/b/Kitchen-Dining-Bar-Supplies/20625/bn_1865564"},{"text":"Smart Home","trksid":"m1383.l3253","url":"https://www.ebay.com/b/Surveillance-Smart-Home-Electronics/185067/bn_115028425"},{"text":"Yard, Garden & Outdoor","trksid":"m1383.l3254","url":"https://www.ebay.com/b/Yard-Garden-Outdoor-Living-Items/159912/bn_1853607"},{"text":"Vacuums","trksid":"m1383.l3255","url":"https://www.ebay.com/b/Vacuum-Cleaners/20614/bn_2310596"},{"text":"Outdoor Power Equipment","trksid":"m1383.l3256","url":"https://www.ebay.com/b/Outdoor-Power-Equipment/29518/bn_2309717"},{"text":"Home Improvement","trksid":"m1383.l3257","url":"https://www.ebay.com/b/Home-Improvement/159907/bn_1851980"},{"text":"Major Appliances","trksid":"m1383.l3266","url":"https://www.ebay.com/b/Major-Appliances-Parts-Accessories/20710/bn_1865562"}]},"title":"Top Categories"},{"items-List":{"SubItem":[{"text":"Certified Refurbished","trksid":"m1383.l3258","url":"https://www.ebay.com/b/Certified-Refurbished/bn_7040708936"},{"text":"Furniture","trksid":"m1383.l3259","url":"https://www.ebay.com/b/Home-Garden-Furniture/3197/bn_1642075"},{"text":"Bedding","trksid":"m1383.l3260","url":"https://www.ebay.com/b/Bedding/20444/bn_1864382"},{"text":"Home Décor","trksid":"m1383.l3261","url":"https://www.ebay.com/b/Home-Decor/10033/bn_1849733"},{"text":"Household & Cleaning Supplies","trksid":"m1383.l3262","url":"https://www.ebay.com/b/Household-Cleaning-Supplies/299/bn_1857080"},{"text":"Food & Beverage","trksid":"m1383.l3263","url":"https://www.ebay.com/b/Food-Beverages/14308/bn_1642947"},{"text":"Luggage & Travel","trksid":"m1383.l3264","url":"https://www.ebay.com/b/Travel/3252/bn_1848525"},{"text":"Home & Garden Deals","trksid":"m1383.l3265","url":"https://www.ebay.com/deals/home-garden"}]},"title":"Additional Categories"}]},"trksid":"m1383.l3250","url":"https://www.ebay.com/b/Home-Garden/11700/bn_1853126"},{"hoverTrksid":"m1384.l6435","label":"Sporting Goods","subcategories-List":{"SubCategoryItem":[{"items-List":{"SubItem":[{"text":"Golf","trksid":"m1384.l3251","url":"https://www.ebay.com/b/Golf-Equipment/1513/bn_1849088"},{"text":"Cycling","trksid":"m1384.l3252","url":"https://www.ebay.com/b/Cycling-Equipment/7294/bn_1848937"},{"text":"Fishing","trksid":"m1384.l3253","url":"https://www.ebay.com/b/Fishing-Equipment-Supplies/1492/bn_1851047"},{"text":"Hunting","trksid":"m1384.l3254","url":"https://www.ebay.com/b/Hunting-Equipment/7301/bn_1865054"},{"text":"Team Sports","trksid":"m1384.l3255","url":"https://www.ebay.com/b/Team-Sports/159049/bn_1865097"},{"text":"Fitness & Running","trksid":"m1384.l3256","url":"https://www.ebay.com/b/Fitness-Running-Yoga-Equipment/15273/bn_1855426"},{"text":"Outdoor Sports","trksid":"m1384.l3257","url":"https://www.ebay.com/b/Outdoor-Sports/159043/bn_1855398"}]},"title":"Top Categories"},{"items-List":{"SubItem":[{"text":"Archery","trksid":"m1384.l3258","url":"https://www.ebay.com/b/Archery-Equipment/20835/bn_1971493"},{"text":"Camping Equipment","trksid":"m1384.l3259","url":"https://www.ebay.com/b/Camping-Hiking-Equipment/16034/bn_1959887"},{"text":"Fitness Tech","trksid":"m1384.l3260","url":"https://www.ebay.com/b/Fitness-Technology/44075/bn_1944181"},{"text":"Water Sports","trksid":"m1384.l3261","url":"https://www.ebay.com/b/Water-Sports/159136/bn_1855031"},{"text":"Equestrian Equipment","trksid":"m1384.l3262","url":"https://www.ebay.com/b/Equestrian-Equipment/3153/bn_1997329"},{"text":"Electric Scooters","trksid":"m1384.l3263","url":"https://www.ebay.com/b/Electric-Scooters/47349/bn_1995803"},{"text":"Winter Sports","trksid":"m1384.l3264","url":"https://www.ebay.com/b/Winter-Sports/36259/bn_1853285"}]},"title":"Additional Categories"}]},"trksid":"m1384.l3250","url":"https://www.ebay.com/b/Sporting-Goods/888/bn_1865031"},{"hoverTrksid":"m1385.l6435","label":"Toys","subcategories-List":{"SubCategoryItem":[{"items-List":{"SubItem":[{"text":"Action Figures","trksid":"m1385.l3251","url":"https://www.ebay.com/b/Action-Figures/246/bn_1648288"},{"text":"Building Toys & LEGOs","trksid":"m1385.l3252","url":"https://www.ebay.com/b/Building-Toys/183446/bn_1865257"},{"text":"Board & Traditional Games","trksid":"m1385.l3253","url":"https://www.ebay.com/b/Games/233/bn_1849806"},{"text":"Collectible Card Games","trksid":"m1385.l3254","url":"https://www.ebay.com/b/Collectible-Card-Games-Accessories/2536/bn_1852210"},{"text":"Outdoor Toys","trksid":"m1385.l3255","url":"https://www.ebay.com/b/Outdoor-Toys-Structures/11743/bn_1849278"},{"text":"Dolls & Bears","trksid":"m1385.l3256","url":"https://www.ebay.com/b/Dolls-Teddy-Bears/237/bn_1865477"},{"text":"Preschool & Pretend Play","trksid":"m1385.l3257","url":"https://www.ebay.com/b/Preschool-Toys-Pretend-Play/19169/bn_1864380"},{"text":"Model Railroads & Trains","trksid":"m1385.l47187","url":"https://www.ebay.com/b/Model-Railroads-Trains/180250/bn_1642683"}]},"title":"Top Categories"},{"items-List":{"SubItem":[{"text":"Diecast & Toy Vehicles","trksid":"m1385.l3258","url":"https://www.ebay.com/b/Diecast-Toy-Vehicles/222/bn_1850842"},{"text":"Drones & RC Vehicles","trksid":"m1385.l3259","url":"https://www.ebay.com/b/RC-Model-Vehicles-Toys-Control-Line/2562/bn_1851704"},{"text":"STEM & Educational Toys","trksid":"m1385.l3260","url":"https://www.ebay.com/b/Educational-Toys/11731/bn_1850489"},{"text":"Toy Models & Kits","trksid":"m1385.l3261","url":"https://www.ebay.com/b/Toy-Models-Kits/1188/bn_1852447"},{"text":"Art Supplies & Crafts","trksid":"m1385.l3262","url":"https://www.ebay.com/b/Art-Craft-Supplies/14339/bn_1851051"},{"text":"Toy Deals","trksid":"m1385.l3263","url":"https://www.ebay.com/deals/other-deals/toys"}]},"title":"Additional Categories"}]},"trksid":"m1385.l3250","url":"https://www.ebay.com/b/Toys-Hobbies/220/bn_1865497"},{"hoverTrksid":"m1386.l6435","label":"Business & Industrial","subcategories-List":{"SubCategoryItem":[{"items-List":{"SubItem":[{"text":"Heavy Equipment","trksid":"m1386.l3251","url":"https://www.ebay.com/b/Heavy-Equipment/177641/bn_1511518"},{"text":"Healthcare","trksid":"m1386.l3252","url":"https://www.ebay.com/b/Healthcare-Lab-Dental/11815/bn_1851782"},{"text":"Dental","trksid":"m1386.l3253","url":"https://www.ebay.com/b/Dental/bn_7115058704"},{"text":"Construction Jobsite Supplies","trksid":"m1386.l3254","url":"https://www.ebay.com/b/Construction-Jobsite-Supplies/bn_7004249159"},{"text":"CNC, Metalworking & Manufacturing","trksid":"m1386.l3255","url":"https://www.ebay.com/b/CNC-Metalworking-Manufacturing/11804/bn_1861284"},{"text":"Restaurant & Food Service","trksid":"m1386.l3256","url":"https://www.ebay.com/b/Restaurant-Food-Service/11874/bn_1865467"},{"text":"Test, Measurement & Inspection Equipment","trksid":"m1386.l3257","url":"https://www.ebay.com/b/Test-Measurement-Inspection-Equipment/181939/bn_16566063"}]},"title":"Top Categories"},{"items-List":{"SubItem":[{"text":"Office Equipment & Supplies","trksid":"m1386.l3258","url":"https://www.ebay.com/b/Office-Equipment-Supplies/25298/bn_1856567"},{"text":"Automation Control Equipment","trksid":"m1386.l3259","url":"https://www.ebay.com/b/Industrial-Automation-Control-Equipment/42892/bn_2309506"},{"text":"Packing & Shipping","trksid":"m1386.l3260","url":"https://www.ebay.com/b/Packing-Shipping/19273/bn_1865376"},{"text":"Light Equipment & Tools","trksid":"m1386.l3261","url":"https://www.ebay.com/b/Light-Industrial-Equipment-Tools/61573/bn_1521576"},{"text":"Electrical Equipment & Supplies","trksid":"m1386.l3262","url":"https://www.ebay.com/b/Electrical-Equipment-Supplies/92074/bn_1852224"},{"text":"Heavy Equipment Attachments","trksid":"m1386.l3263","url":"https://www.ebay.com/b/Heavy-Equipment-Attachments/177647/bn_1309146"},{"text":"Heavy Equipment Parts & Accessories","trksid":"m1386.l47188","url":"https://www.ebay.com/b/Heavy-Equipment-Parts-Accessories/41489/bn_7208228"}]},"title":"Additional Categories"}]},"trksid":"m1386.l3250","url":"https://www.ebay.com/b/Business-Industrial/12576/bn_1853744"},{"hoverTrksid":"m1387.l6435","label":"Music","subcategories-List":{"SubCategoryItem":[{"items-List":{"SubItem":[{"text":"Guitars & Basses","trksid":"m1387.l3251","url":"https://www.ebay.com/b/Guitars-Basses/3858/bn_1865236"},{"text":"Drums & Percussion","trksid":"m1387.l3252","url":"https://www.ebay.com/b/Percussion-Instruments/180012/bn_1853035"},{"text":"Piano & Keyboards","trksid":"m1387.l3253","url":"https://www.ebay.com/b/Pianos-Keyboards-Organs/180010/bn_1865100"},{"text":"Brass Instruments","trksid":"m1387.l3254","url":"https://www.ebay.com/b/Brass-Instruments/16212/bn_1852469"},{"text":"Wind Instruments","trksid":"m1387.l3255","url":"https://www.ebay.com/b/Wind-Woodwind-Instruments/10181/bn_1860352"},{"text":"String Instruments","trksid":"m1387.l3256","url":"https://www.ebay.com/b/String-Instruments/180016/bn_1865268"},{"text":"All Instruments","trksid":"m1387.l3257","url":"https://www.ebay.com/b/Musical-Instruments-Gear/619/bn_1865601"}]},"title":"Top Categories"},{"items-List":{"SubItem":[{"text":"Vinyl Records","trksid":"m1387.l3258","url":"https://www.ebay.com/b/Vinyl-Music-Records/176985/bn_1860303"},{"text":"Music CDs","trksid":"m1387.l3259","url":"https://www.ebay.com/b/Music-CDs/176984/bn_221164"},{"text":"DJ Equipment","trksid":"m1387.l3260","url":"https://www.ebay.com/b/DJ-Equipment/48458/bn_16562590"},{"text":"Pro Audio Equipment","trksid":"m1387.l3261","url":"https://www.ebay.com/b/Pro-Audio-Equipment/180014/bn_1865231"},{"text":"Stage Lighting & Effects","trksid":"m1387.l3262","url":"https://www.ebay.com/b/Stage-Lighting-Effects/12922/bn_1855494"},{"text":"Tickets & Experiences","trksid":"m1387.l3263","url":"https://www.ebay.com/b/Tickets-Experiences/1305/bn_1861080"},{"text":"Vintage Instruments","trksid":"m1387.l3264","url":"https://www.ebay.com/b/Vintage-Musical-Instruments/181162/bn_7203753"},{"text":"Authorized Resellers","trksid":"m1387.l3265","url":"https://www.ebay.com/b/Authorized-Resellers-of-Musical-Instruments-and-Gear/bn_7003792621"}]},"title":"Additional Categories"}]},"trksid":"m1387.l3250","url":"https://www.ebay.com/b/Music/bn_7000710860"},{"hoverTrksid":"m1388.l6435","label":"Deals","subcategories-List":{"SubCategoryItem":[{"items-List":{"SubItem":[{"text":"Daily Deals","trksid":"m1388.l3251","url":"https://www.ebay.com/deals"},{"text":"Electronic Deals","trksid":"m1388.l3252","url":"https://www.ebay.com/deals/tech"},{"text":"Fashion Deals","trksid":"m1388.l3253","url":"https://www.ebay.com/deals/fashion"},{"text":"Home & Garden Deals","trksid":"m1388.l3254","url":"https://www.ebay.com/deals/home-garden"},{"text":"Sporting Goods Deals","trksid":"m1388.l3255","url":"https://www.ebay.com/deals/sporting-goods"},{"text":"Automotive Deals","trksid":"m1388.l3256","url":"https://www.ebay.com/deals/automotive"},{"text":"Gift Cards","trksid":"m1388.l3257","url":"https://www.ebay.com/b/Gift-Cards-Coupons/172008/bn_1858592"}]},"title":"Top Categories"},{"items-List":{"SubItem":[{"text":"Collectibles & Art Deals","trksid":"m1388.l3258","url":"https://www.ebay.com/deals/other-deals/collectibles"},{"text":"Toy Deals","trksid":"m1388.l3259","url":"https://www.ebay.com/deals/other-deals/toys"},{"text":"Travel Deals","trksid":"m1388.l3260","url":"https://www.ebay.com/deals/other-deals/luggage-travel"},{"text":"Music & Gear Deals","trksid":"m1388.l3261","url":"https://www.ebay.com/deals/other-deals/music-gear"},{"text":"Pet Supply Deals","trksid":"m1388.l3262","url":"https://www.ebay.com/deals/home-garden/pet-supplies"},{"text":"Sports Memorabilia Deals","trksid":"m1388.l3263","url":"https://www.ebay.com/deals/other-deals/sports-fan-shop"},{"text":"Coin Deals","trksid":"m1388.l3264","url":"https://www.ebay.com/deals/other-deals/coins"}]},"title":"Additional Categories"}]},"trksid":"m1388.l3250","url":"https://www.ebay.com/deals"}]}}},"catNavIds":[19392,19393,19394,19395,19396,19397,19398,19399,19400,19401,20858],"rtmUrl":"https://srv.main.ebayrtm.com/rtm?RtmCmd&a=json&uf=0&g=51f56a631740a4e867006e4affffecdc&cg=0&c=1H4sIAAAAAAAAAy1PTUvDQBC951cMeGnA7M7O5GON7EE8VKnBQyr1IJQ0XUlomixtJNRf78b2Mu%2FN15t5dxu7h9I6QAJCQh9yFedMsCzWEWaIsLiyHDEMHOvUYOAoYXPxGaMpht%2B26yqZCD9aVHXbj8O5eYTXfrQd%2BAK8l%2FAJCrcq2aYhPDnX2Y3drdpRJpwJTmGxelkXb%2FfQtQcLS1sfhhCem9NwtFJ7WRErzUIzlNV3dWpvW4FTNL8SszJqBroCG9tHH%2BVMY9%2Bv271h%2FfWDiL5NvhZ59IKGWCMm2Zx4BUKc%2FZBpxtGdcymnaRJ2V11EPRzlbDz732R%2FLtVCPaRCEQmKKfgD5868kkQBAAA%3D&p=19392:19393:19394:19395:19396:19397:19398:19399:19400:19401:20858&di=19392:19393:19394:19395:19396:19397:19398:19399:19400:19401:20858&v=4&enc=UTF-8","fallbackRtmUrl":"https://pages.ebay.com/rtm_default/1200/{{PLACEMENT_ID}}.html","roverUrl":"rover.ebay.com","isGeoCountry":false,"i18n":{"home":"Home","tooltipTitle":"Looking for your old homepage?","tooltipSubTitle":"Find updates to saved searches and sellers here.","expandCategory":"Expand:","more":"More","following":"Following","saved":"Saved"},"feedUrl":"https://www.ebay.com/feed"},"isTouchScreen":false,"enableFollowingTooltip":false,"iHeartEbayEnabled":true},{"f":1,"s":{"initialized":false,"currentTabIndex":null}}]],"t":["/highlnfe$91.1.2/src/components/hl-scandal-ad/component-browser","/highlnfe$91.1.2/src/components/atoms/hl-cta-arrow/template.marko","/highlnfe$91.1.2/src/components/atoms/hl-textual-display/component-browser","/highlnfe$91.1.2/src/components/hl-carousel/index.marko","/highlnfe$91.1.2/src/components/atoms/hl-card-header/component-browser","/onboarding-dialog$0.2.24/dist/components/onboarding-error/component-browser","/highlnfe$91.1.2/src/components/cards/hl-leaderboard-ad/index.marko","/highlnfe$91.1.2/src/components/hl-ad-tracking/index.marko","/highlnfe$91.1.2/src/components/hl-category-nav/index.marko"]},"$$":[{"l":["w",48,2,"items",0,"renderBody"],"r":{"type":"NOOP"}},{"l":["w",48,2,"items",1,"renderBody"],"r":{"type":"NOOP"}},{"l":["w",48,2,"items",2,"renderBody"],"r":{"type":"NOOP"}},{"l":["w",48,2,"items",3,"renderBody"],"r":{"type":"NOOP"}},{"l":["w",48,2,"items",4,"renderBody"],"r":{"type":"NOOP"}},{"l":["w",48,2,"items",5,"renderBody"],"r":{"type":"NOOP"}},{"l":["w",48,2,"items",6,"renderBody"],"r":{"type":"NOOP"}},{"l":["w",48,2,"items",7,"renderBody"],"r":{"type":"NOOP"}},{"l":["w",48,2,"items",8,"renderBody"],"r":{"type":"NOOP"}},{"l":["w",48,2,"items",9,"renderBody"],"r":{"type":"NOOP"}},{"l":["w",48,2,"items",10,"renderBody"],"r":{"type":"NOOP"}},{"l":["w",48,2,"items",11,"renderBody"],"r":{"type":"NOOP"}},{"l":["w",48,2,"items",12,"renderBody"],"r":{"type":"NOOP"}},{"l":["w",48,2,"items",13,"renderBody"],"r":{"type":"NOOP"}},{"l":["w",50,2,"append","renderBody"],"r":{"type":"NOOP"}},{"l":["w",52,2,"title"],"r":["w",51,2,"model"]},{"l":["w",52,2,"seeAll"],"r":["w",50,2,"model"]},{"l":["w",62,2,"title"],"r":["w",61,2,"model"]},{"l":["w",83,2,"items",0,"renderBody"],"r":{"type":"NOOP"}},{"l":["w",83,2,"items",1,"renderBody"],"r":{"type":"NOOP"}},{"l":["w",83,2,"items",2,"renderBody"],"r":{"type":"NOOP"}},{"l":["w",83,2,"items",3,"renderBody"],"r":{"type":"NOOP"}},{"l":["w",83,2,"items",4,"renderBody"],"r":{"type":"NOOP"}},{"l":["w",83,2,"items",5,"renderBody"],"r":{"type":"NOOP"}},{"l":["w",83,2,"items",6,"renderBody"],"r":{"type":"NOOP"}},{"l":["w",83,2,"items",7,"renderBody"],"r":{"type":"NOOP"}},{"l":["w",107,2,"items",0,"renderBody"],"r":{"type":"NOOP"}},{"l":["w",107,2,"items",1,"renderBody"],"r":{"type":"NOOP"}},{"l":["w",107,2,"items",2,"renderBody"],"r":{"type":"NOOP"}}]})||w.$components})()</script><img src="https://rover.ebay.com/roverimp/0/0/9?imp=2046301&amp;trknvp=cp%3D2380057%26ghi%3D98&amp;1599102872736" width="1" height="1" border="0" alt=""><script src="https://ocsrest.ebay.com/ocsrsapp/o2/inflow/inflowcomponent?input=%7B%22pageId%22%3A2387624%2C%22surveyTitle%22%3A%22Tell%20us%20what%20you%20think%22%2C%22posTop%22%3A504%7D&amp;callback=Inflow.cb"></script><script type="text/javascript" async="" src="https://cs.ns1p.net/p.js?a=c4cra1"></script><img src="https://svcs.ebay.com/delstats/imp/rtm?p=100004&amp;mc=Z3VpZD01MWY1NmE2MzE3NDBhNGU4NjcwMDZlNGFmZmZmZWNkY3x1bD1lbi1VU3x0PTB8Ync9TEFSR0V8dGR0PWlpZDo0OTgwNzk1MDA0MjMzNjk3ODQ1LGNsa2lkOjQ5ODA3OTUwMDQyMzM2OTc4NDR8cGxtdD0oY2lkOjQwNDI3IGdiaDogaWlkOjQ5ODA3OTUwMDQyMzM2OTc4NDUgbWlkOjYxNjcxIHBpZDoxMDAwMDQgc2lkOi0xIHRpZDoyYzA4ZWIyMy0xY2EzLTRkZGUtYjYyYi0yNWE4NWIwOGExN2IgdHR5cGU6SE9NRV9QQUdFX0JBTk5FUl9NU0UgdmlkOnpiczdnMjJkY25jMGpzeXRza3N4dDZ0ZGhpd3hqejdqMjZnbTVneXZlMjFhZnJzenFkM3E4YmtkbGVoamRzMWkpfHVjPTF8bT02MTY3MXxicz0w" alt="" style="position: absolute" width="1" height="1" border="0"><img src="https://svcs.ebay.com/delstats/imp/rtm?p=100000&amp;mc=Z3VpZD01MWY1NmE2MzE3NDBhNGU4NjcwMDZlNGFmZmZmZWNkY3x1bD1lbi1VU3x0PTB8Ync9TEFSR0V8dGR0PWlpZDo0OTgwNzk1MDA4NTk4MzIzMzU1LGNsa2lkOjQ5ODA3OTUwMDg1OTgzMjMzNTR8cGxtdD0oY2lkOjQyMjM4IGdiaDogaWlkOjQ5ODA3OTUwMDg1OTgzMjMzNTUgbWlkOjY0NjAwIHBpZDoxMDAwMDAgc2lkOi0xIHRpZDo1MmMzMjM3MS0yNzhlLTRmOTctODhjMy1hOTI4Zjc1OTQ2NTAgdHR5cGU6SE9NRV9QQUdFX0JBTk5FUl9WRUxPQ0lUWSB2aWQ6NzNiOTM4N2JmNDU5ODQyZWFiNjJlMWRlMTNkYWRmMDZiMjhiNzViZDA2NmZlMDM3Y2IwZTExMjdiMDkxZjRjMSl8dWM9MXxtPTY0NjAwfGJzPTA=" alt="" style="position: absolute" width="1" height="1" border="0"><script src="https://ir.ebaystatic.com/cr/v/c1/globalheader_widget_platform__v2-65ca700c30b--ie11.js" async=""></script><iframe src="javascript:false" width="0" height="0" title="" id="hiddenGpt" style="display: none;"></iframe><iframe src="javascript:false" width="0" height="0" title="" id="hiddenPulsar" data-lightweightiframe="" style="display: none;" cd_frame_id_="51213f54f2b2ead822e5c97aabd3dfe0"></iframe></body></html>
]]></system-out>
    <system-err><![CDATA[Starting ChromeDriver 85.0.4183.87 (cd6713ebf92fa1cacc0f1a598df280093af0c5d7-refs/branch-heads/4183@{#1689}) on port 7143
Only local connections are allowed.
Please see https://chromedriver.chromium.org/security-considerations for suggestions on keeping ChromeDriver safe.
ChromeDriver was started successfully.
Sep 02, 2020 11:14:31 PM org.openqa.selenium.remote.ProtocolHandshake createSession
INFO: Detected dialect: W3C
]]></system-err>
  </testcase>
</testsuite>