<?xml version="1.0" encoding="UTF-8"?>
<!-- Generated by org.testng.reporters.JUnitReportReporter -->
<testsuite hostname="MacBook-Pro-2.home" failures="0" tests="1" name="regressionTest.IFrameClassTest" time="2.308" errors="0" timestamp="2020-09-02T23:14:33 EDT" skipped="0">
  <testcase classname="regressionTest.IFrameClassTest" name="setIFrameTest" time="2.308"/>
  <system-out>
IFrameClassTest: set I Frame Test  </system-out>
</testsuite> <!-- regressionTest.IFrameClassTest -->
