<?xml version="1.0" encoding="UTF-8"?>
<!-- Generated by org.testng.reporters.JUnitReportReporter -->
<testsuite hostname="MacBook-Pro-2.home" failures="0" tests="6" name="homeTest.MotorsClassTest" time="57.761" errors="0" timestamp="2020-09-02T23:14:33 EDT" skipped="0">
  <testcase classname="homeTest.MotorsClassTest" name="setBoatVerificationTest" time="9.503"/>
  <system-out>
MotorsClassTest: set Boat Verification Test MotorsClassTest: set Boat Test  </system-out>
  <testcase classname="homeTest.MotorsClassTest" name="setClassicVerificationTest" time="9.740"/>
  <system-out>
MotorsClassTest: set Classic Verification Test MotorsClassTest: set Classic Test  </system-out>
  <testcase classname="homeTest.MotorsClassTest" name="setClassicTest" time="9.121"/>
  <system-out>
MotorsClassTest: set Classic Test  </system-out>
  <testcase classname="homeTest.MotorsClassTest" name="setMotorCycleVerificationTest" time="9.898"/>
  <system-out>
MotorsClassTest: set Motor Cycle Verification Test MotorsClassTest: set Motor Cycles Test  </system-out>
  <testcase classname="homeTest.MotorsClassTest" name="setMotorCyclesTest" time="9.958"/>
  <system-out>
MotorsClassTest: set Motor Cycles Test  </system-out>
  <testcase classname="homeTest.MotorsClassTest" name="setBoatTest" time="9.541"/>
  <system-out>
MotorsClassTest: set Boat Test  </system-out>
</testsuite> <!-- homeTest.MotorsClassTest -->
