<?xml version="1.0" encoding="UTF-8"?>
<!-- Generated by org.testng.reporters.JUnitReportReporter -->
<testsuite hostname="MacBook-Pro-2.home" failures="0" tests="2" name="homeTest.HomeClassTest" time="14.016" errors="0" timestamp="2020-09-02T23:14:33 EDT" skipped="0">
  <testcase classname="homeTest.HomeClassTest" name="setLogoSignValidationTest" time="9.115"/>
  <system-out>
HomeClassTest: set Logo Sign Validation Test HomeClassTest: set Logo Sign Test  </system-out>
  <testcase classname="homeTest.HomeClassTest" name="setLogoSignTest" time="4.901"/>
  <system-out>
HomeClassTest: set Logo Sign Test  </system-out>
</testsuite> <!-- homeTest.HomeClassTest -->
