<?xml version="1.0" encoding="UTF-8"?>
<!-- Generated by org.testng.reporters.JUnitReportReporter -->
<testsuite hostname="MacBook-Pro-2.home" failures="0" tests="2" name="regressionTest.NewWindowClassTest" time="16.609" errors="0" timestamp="2020-09-02T23:14:33 EDT" skipped="0">
  <testcase classname="regressionTest.NewWindowClassTest" name="newWindowTest" time="8.332"/>
  <system-out>
NewWindowClassTest: new Window Test NewWindowClassTest: new Window Test  </system-out>
  <testcase classname="regressionTest.NewWindowClassTest" name="newWindowVerificationTest" time="8.277"/>
  <system-out>
NewWindowClassTest: new Window Verification Test NewWindowClassTest: new Window Verification Test NewWindowClassTest: new Window Test NewWindowClassTest: new Window Test  </system-out>
</testsuite> <!-- regressionTest.NewWindowClassTest -->
